[3.206s] Invoking command in '/home/ubuntu/eco_marathon_ws/src/eco_planning': PYTHONPATH=/home/ubuntu/eco_marathon_ws/build/eco_planning/prefix_override:/usr/lib/python3/dist-packages/colcon_core/task/python/colcon_distutils_commands:/home/ubuntu/eco_marathon_ws/install/eco_planning/lib/python3.10/site-packages:${PYTHONPATH} /usr/bin/python3 -W ignore:setup.py install is deprecated -W ignore:easy_install command is deprecated setup.py egg_info --egg-base ../../build/eco_planning build --build-base /home/ubuntu/eco_marathon_ws/build/eco_planning/build install --record /home/ubuntu/eco_marathon_ws/build/eco_planning/install.log --single-version-externally-managed install_data
[3.742s] running egg_info
[3.744s] creating ../../build/eco_planning/eco_planning.egg-info
[3.745s] writing ../../build/eco_planning/eco_planning.egg-info/PKG-INFO
[3.746s] writing dependency_links to ../../build/eco_planning/eco_planning.egg-info/dependency_links.txt
[3.746s] writing entry points to ../../build/eco_planning/eco_planning.egg-info/entry_points.txt
[3.747s] writing requirements to ../../build/eco_planning/eco_planning.egg-info/requires.txt
[3.747s] writing top-level names to ../../build/eco_planning/eco_planning.egg-info/top_level.txt
[3.747s] writing manifest file '../../build/eco_planning/eco_planning.egg-info/SOURCES.txt'
[3.749s] reading manifest file '../../build/eco_planning/eco_planning.egg-info/SOURCES.txt'
[3.755s] writing manifest file '../../build/eco_planning/eco_planning.egg-info/SOURCES.txt'
[3.756s] running build
[3.758s] running build_py
[3.758s] creating /home/ubuntu/eco_marathon_ws/build/eco_planning/build
[3.758s] creating /home/ubuntu/eco_marathon_ws/build/eco_planning/build/lib
[3.758s] creating /home/ubuntu/eco_marathon_ws/build/eco_planning/build/lib/eco_planning
[3.759s] copying eco_planning/__init__.py -> /home/ubuntu/eco_marathon_ws/build/eco_planning/build/lib/eco_planning
[3.759s] running install
[3.760s] running install_lib
[3.761s] creating /home/ubuntu/eco_marathon_ws/install/eco_planning/lib/python3.10/site-packages/eco_planning
[3.762s] copying /home/ubuntu/eco_marathon_ws/build/eco_planning/build/lib/eco_planning/__init__.py -> /home/ubuntu/eco_marathon_ws/install/eco_planning/lib/python3.10/site-packages/eco_planning
[3.762s] byte-compiling /home/ubuntu/eco_marathon_ws/install/eco_planning/lib/python3.10/site-packages/eco_planning/__init__.py to __init__.cpython-310.pyc
[3.762s] running install_data
[3.762s] creating /home/ubuntu/eco_marathon_ws/install/eco_planning/share/ament_index
[3.762s] creating /home/ubuntu/eco_marathon_ws/install/eco_planning/share/ament_index/resource_index
[3.763s] creating /home/ubuntu/eco_marathon_ws/install/eco_planning/share/ament_index/resource_index/packages
[3.763s] copying resource/eco_planning -> /home/ubuntu/eco_marathon_ws/install/eco_planning/share/ament_index/resource_index/packages
[3.763s] copying package.xml -> /home/ubuntu/eco_marathon_ws/install/eco_planning/share/eco_planning
[3.763s] running install_egg_info
[3.767s] Copying ../../build/eco_planning/eco_planning.egg-info to /home/ubuntu/eco_marathon_ws/install/eco_planning/lib/python3.10/site-packages/eco_planning-0.0.0-py3.10.egg-info
[3.770s] running install_scripts
[3.811s] writing list of installed files to '/home/ubuntu/eco_marathon_ws/build/eco_planning/install.log'
[3.922s] Invoked command in '/home/ubuntu/eco_marathon_ws/src/eco_planning' returned '0': PYTHONPATH=/home/ubuntu/eco_marathon_ws/build/eco_planning/prefix_override:/usr/lib/python3/dist-packages/colcon_core/task/python/colcon_distutils_commands:/home/ubuntu/eco_marathon_ws/install/eco_planning/lib/python3.10/site-packages:${PYTHONPATH} /usr/bin/python3 -W ignore:setup.py install is deprecated -W ignore:easy_install command is deprecated setup.py egg_info --egg-base ../../build/eco_planning build --build-base /home/ubuntu/eco_marathon_ws/build/eco_planning/build install --record /home/ubuntu/eco_marathon_ws/build/eco_planning/install.log --single-version-externally-managed install_data
