-- Found ament_cmake: 1.3.11 (/opt/ros/humble/share/ament_cmake/cmake)
-- Found std_msgs: 4.8.0 (/opt/ros/humble/share/std_msgs/cmake)
-- Found rosidl_generator_c: 3.1.6 (/opt/ros/humble/share/rosidl_generator_c/cmake)
-- Found rosidl_adapter: 3.1.6 (/opt/ros/humble/share/rosidl_adapter/cmake)
-- Found rosidl_generator_cpp: 3.1.6 (/opt/ros/humble/share/rosidl_generator_cpp/cmake)
-- Using all available rosidl_typesupport_c: rosidl_typesupport_fastrtps_c;rosidl_typesupport_introspection_c
-- Using all available rosidl_typesupport_cpp: rosidl_typesupport_fastrtps_cpp;rosidl_typesupport_introspection_cpp
-- Found geometry_msgs: 4.8.0 (/opt/ros/humble/share/geometry_msgs/cmake)
-- Found ament_lint_auto: 0.12.12 (/opt/ros/humble/share/ament_lint_auto/cmake)
-- Found rosidl_default_generators: 1.2.0 (/opt/ros/humble/share/rosidl_default_generators/cmake)
-- Found ament_cmake_ros: 0.10.0 (/opt/ros/humble/share/ament_cmake_ros/cmake)
-- Using all available rosidl_typesupport_c: rosidl_typesupport_fastrtps_c;rosidl_typesupport_introspection_c
-- Using all available rosidl_typesupport_cpp: rosidl_typesupport_fastrtps_cpp;rosidl_typesupport_introspection_cpp
-- Found python_cmake_module: 0.10.0 (/opt/ros/humble/share/python_cmake_module/cmake)
-- Using PYTHON_EXECUTABLE: /usr/bin/python3
-- Using PYTHON_INCLUDE_DIRS: /usr/include/python3.10
-- Using PYTHON_LIBRARIES: /usr/lib/aarch64-linux-gnu/libpython3.10.so
-- Added test 'lint_cmake' to check CMake code style
-- Added test 'xmllint' to check XML markup files
-- Configuring done (4.5s)
-- Generating done (0.1s)
-- Build files have been written to: /home/ubuntu/eco_marathon_ws/build/eco_interfaces
[  1%] [32mBuilding C object CMakeFiles/eco_interfaces__rosidl_generator_c.dir/rosidl_generator_c/eco_interfaces/msg/detail/lane_detection__functions.c.o[0m
[  4%] Built target eco_interfaces__cpp
[  4%] [32mBuilding C object CMakeFiles/eco_interfaces__rosidl_generator_c.dir/rosidl_generator_c/eco_interfaces/msg/detail/obstacle__functions.c.o[0m
[  5%] [32mBuilding C object CMakeFiles/eco_interfaces__rosidl_generator_c.dir/rosidl_generator_c/eco_interfaces/msg/detail/obstacles__functions.c.o[0m
[  7%] Built target ament_cmake_python_copy_eco_interfaces
[  7%] [32mBuilding C object CMakeFiles/eco_interfaces__rosidl_generator_c.dir/rosidl_generator_c/eco_interfaces/msg/detail/parking_area__functions.c.o[0m
[  8%] [32mBuilding C object CMakeFiles/eco_interfaces__rosidl_generator_c.dir/rosidl_generator_c/eco_interfaces/msg/detail/system_state__functions.c.o[0m
[  9%] [32mBuilding C object CMakeFiles/eco_interfaces__rosidl_generator_c.dir/rosidl_generator_c/eco_interfaces/msg/detail/stop_sign__functions.c.o[0m
[ 11%] [34m[1mGenerating C++ type support dispatch for ROS interfaces[0m
[ 12%] [34m[1mGenerating C++ type support for eProsima Fast-RTPS[0m
[ 14%] [34m[1mGenerating C++ introspection for ROS interfaces[0m
running egg_info
writing eco_interfaces.egg-info/PKG-INFO
writing dependency_links to eco_interfaces.egg-info/dependency_links.txt
writing top-level names to eco_interfaces.egg-info/top_level.txt
reading manifest file 'eco_interfaces.egg-info/SOURCES.txt'
writing manifest file 'eco_interfaces.egg-info/SOURCES.txt'
[ 14%] Built target ament_cmake_python_build_eco_interfaces_egg
[ 16%] [32mBuilding CXX object CMakeFiles/eco_interfaces__rosidl_typesupport_cpp.dir/rosidl_typesupport_cpp/eco_interfaces/msg/obstacle__type_support.cpp.o[0m
[ 16%] [32mBuilding CXX object CMakeFiles/eco_interfaces__rosidl_typesupport_cpp.dir/rosidl_typesupport_cpp/eco_interfaces/msg/lane_detection__type_support.cpp.o[0m
[ 18%] [32mBuilding CXX object CMakeFiles/eco_interfaces__rosidl_typesupport_cpp.dir/rosidl_typesupport_cpp/eco_interfaces/msg/obstacles__type_support.cpp.o[0m
[ 21%] [32mBuilding CXX object CMakeFiles/eco_interfaces__rosidl_typesupport_cpp.dir/rosidl_typesupport_cpp/eco_interfaces/msg/parking_area__type_support.cpp.o[0m
[ 21%] [32mBuilding CXX object CMakeFiles/eco_interfaces__rosidl_typesupport_cpp.dir/rosidl_typesupport_cpp/eco_interfaces/msg/system_state__type_support.cpp.o[0m
[ 22%] [32mBuilding CXX object CMakeFiles/eco_interfaces__rosidl_typesupport_cpp.dir/rosidl_typesupport_cpp/eco_interfaces/msg/stop_sign__type_support.cpp.o[0m
[ 25%] [32mBuilding CXX object CMakeFiles/eco_interfaces__rosidl_typesupport_introspection_cpp.dir/rosidl_typesupport_introspection_cpp/eco_interfaces/msg/detail/obstacle__type_support.cpp.o[0m
[ 25%] [32mBuilding CXX object CMakeFiles/eco_interfaces__rosidl_typesupport_introspection_cpp.dir/rosidl_typesupport_introspection_cpp/eco_interfaces/msg/detail/obstacles__type_support.cpp.o[0m
[ 26%] [32mBuilding CXX object CMakeFiles/eco_interfaces__rosidl_typesupport_introspection_cpp.dir/rosidl_typesupport_introspection_cpp/eco_interfaces/msg/detail/parking_area__type_support.cpp.o[0m
[ 28%] [32mBuilding CXX object CMakeFiles/eco_interfaces__rosidl_typesupport_introspection_cpp.dir/rosidl_typesupport_introspection_cpp/eco_interfaces/msg/detail/system_state__type_support.cpp.o[0m
[ 29%] [32mBuilding CXX object CMakeFiles/eco_interfaces__rosidl_typesupport_introspection_cpp.dir/rosidl_typesupport_introspection_cpp/eco_interfaces/msg/detail/lane_detection__type_support.cpp.o[0m
[ 30%] [32mBuilding CXX object CMakeFiles/eco_interfaces__rosidl_typesupport_introspection_cpp.dir/rosidl_typesupport_introspection_cpp/eco_interfaces/msg/detail/stop_sign__type_support.cpp.o[0m
[ 32%] [32mBuilding CXX object CMakeFiles/eco_interfaces__rosidl_typesupport_fastrtps_cpp.dir/rosidl_typesupport_fastrtps_cpp/eco_interfaces/msg/detail/dds_fastrtps/lane_detection__type_support.cpp.o[0m
[ 33%] [32mBuilding CXX object CMakeFiles/eco_interfaces__rosidl_typesupport_fastrtps_cpp.dir/rosidl_typesupport_fastrtps_cpp/eco_interfaces/msg/detail/dds_fastrtps/obstacles__type_support.cpp.o[0m
[ 36%] [32mBuilding CXX object CMakeFiles/eco_interfaces__rosidl_typesupport_fastrtps_cpp.dir/rosidl_typesupport_fastrtps_cpp/eco_interfaces/msg/detail/dds_fastrtps/parking_area__type_support.cpp.o[0m
[ 36%] [32mBuilding CXX object CMakeFiles/eco_interfaces__rosidl_typesupport_fastrtps_cpp.dir/rosidl_typesupport_fastrtps_cpp/eco_interfaces/msg/detail/dds_fastrtps/obstacle__type_support.cpp.o[0m
[ 38%] [32mBuilding CXX object CMakeFiles/eco_interfaces__rosidl_typesupport_fastrtps_cpp.dir/rosidl_typesupport_fastrtps_cpp/eco_interfaces/msg/detail/dds_fastrtps/stop_sign__type_support.cpp.o[0m
[ 39%] [32mBuilding CXX object CMakeFiles/eco_interfaces__rosidl_typesupport_fastrtps_cpp.dir/rosidl_typesupport_fastrtps_cpp/eco_interfaces/msg/detail/dds_fastrtps/system_state__type_support.cpp.o[0m
