[0.094s] Invoking command in '/home/ubuntu/eco_marathon_ws/build/astra_camera_msgs': CMAKE_PREFIX_PATH=${CMAKE_PREFIX_PATH}:/home/ubuntu/eco_marathon_ws/install/eco_planning:/home/ubuntu/eco_marathon_ws/install/eco_perception:/home/ubuntu/eco_marathon_ws/install/eco_localization:/home/ubuntu/eco_marathon_ws/install/eco_control:/home/ubuntu/ros2_ws/install/vehicle_interface:/home/ubuntu/ros2_ws/install/stop_sign:/home/ubuntu/ros2_ws/install/my_robot_controller:/home/ubuntu/ros2_ws/install/lane_detection:/home/ubuntu/ros2_ws/install/control:/opt/ros/humble /home/ubuntu/.local/bin/cmake /home/ubuntu/eco_marathon_ws/src/sensors/ros2_astra_camera/astra_camera_msgs -DCMAKE_INSTALL_PREFIX=/home/ubuntu/eco_marathon_ws/install/astra_camera_msgs
[1.967s] -- The C compiler identification is GNU 11.4.0
[1.969s] -- The CXX compiler identification is GNU 11.4.0
[1.969s] -- Detecting C compiler ABI info
[1.969s] -- Detecting C compiler ABI info - done
[1.970s] -- Check for working C compiler: /usr/bin/cc - skipped
[1.970s] -- Detecting C compile features
[1.971s] -- Detecting C compile features - done
[1.971s] -- Detecting CXX compiler ABI info
[1.971s] -- Detecting CXX compiler ABI info - done
[1.971s] -- Check for working CXX compiler: /usr/bin/c++ - skipped
[1.971s] -- Detecting CXX compile features
[1.971s] -- Detecting CXX compile features - done
[1.971s] -- Found ament_cmake: 1.3.11 (/opt/ros/humble/share/ament_cmake/cmake)
[1.971s] -- Found Python3: /usr/bin/python3 (found version "3.10.12") found components: Interpreter
[1.971s] -- Found rosidl_default_generators: 1.2.0 (/opt/ros/humble/share/rosidl_default_generators/cmake)
[1.972s] -- Using all available rosidl_typesupport_c: rosidl_typesupport_fastrtps_c;rosidl_typesupport_introspection_c
[1.972s] -- Found rosidl_adapter: 3.1.6 (/opt/ros/humble/share/rosidl_adapter/cmake)
[1.972s] -- Using all available rosidl_typesupport_cpp: rosidl_typesupport_fastrtps_cpp;rosidl_typesupport_introspection_cpp
[1.972s] -- Found sensor_msgs: 4.8.0 (/opt/ros/humble/share/sensor_msgs/cmake)
[1.972s] [0mCMake Deprecation Warning at CMakeLists.txt:1 (cmake_minimum_required):
[1.972s]   Compatibility with CMake < 3.10 will be removed from a future version of
[1.972s]   CMake.
[1.972s] 
[1.973s]   Update the VERSION argument <min> value.  Or, use the <min>...<max> syntax
[1.973s]   to tell CMake that the project requires at least <min> but has been updated
[1.973s]   to work with policies introduced by <max> or earlier.
[1.973s] 
[1.973s] [0m
[3.417s] -- Found ament_cmake_ros: 0.10.0 (/opt/ros/humble/share/ament_cmake_ros/cmake)
[4.988s] -- Using all available rosidl_typesupport_c: rosidl_typesupport_fastrtps_c;rosidl_typesupport_introspection_c
[6.743s] -- Using all available rosidl_typesupport_cpp: rosidl_typesupport_fastrtps_cpp;rosidl_typesupport_introspection_cpp
[6.749s] [33mCMake Warning (dev) at /opt/ros/humble/share/rosidl_generator_py/cmake/rosidl_generator_py_generate_interfaces.cmake:20 (find_package):
[6.749s]   Policy CMP0148 is not set: The FindPythonInterp and FindPythonLibs modules
[6.749s]   are removed.  Run "cmake --help-policy CMP0148" for policy details.  Use
[6.749s]   the cmake_policy command to set the policy and suppress this warning.
[6.749s] 
[6.749s] Call Stack (most recent call first):
[6.749s]   /opt/ros/humble/share/ament_cmake_core/cmake/core/ament_execute_extensions.cmake:48 (include)
[6.750s]   /opt/ros/humble/share/rosidl_cmake/cmake/rosidl_generate_interfaces.cmake:286 (ament_execute_extensions)
[6.750s]   CMakeLists.txt:17 (rosidl_generate_interfaces)
[6.750s] This warning is for project developers.  Use -Wno-dev to suppress it.
[6.750s] [0m
[6.807s] -- Found PythonInterp: /usr/bin/python3 (found suitable version "3.10.12", minimum required is "3.6")
[6.819s] -- Found python_cmake_module: 0.10.0 (/opt/ros/humble/share/python_cmake_module/cmake)
[6.820s] [33mCMake Warning (dev) at /opt/ros/humble/share/python_cmake_module/cmake/Modules/FindPythonExtra.cmake:52 (find_package):
[6.820s]   Policy CMP0148 is not set: The FindPythonInterp and FindPythonLibs modules
[6.820s]   are removed.  Run "cmake --help-policy CMP0148" for policy details.  Use
[6.820s]   the cmake_policy command to set the policy and suppress this warning.
[6.820s] 
[6.821s] Call Stack (most recent call first):
[6.821s]   /opt/ros/humble/share/rosidl_generator_py/cmake/rosidl_generator_py_generate_interfaces.cmake:23 (find_package)
[6.821s]   /opt/ros/humble/share/ament_cmake_core/cmake/core/ament_execute_extensions.cmake:48 (include)
[6.821s]   /opt/ros/humble/share/rosidl_cmake/cmake/rosidl_generate_interfaces.cmake:286 (ament_execute_extensions)
[6.821s]   CMakeLists.txt:17 (rosidl_generate_interfaces)
[6.821s] This warning is for project developers.  Use -Wno-dev to suppress it.
[6.821s] [0m
[6.883s] [33mCMake Warning (dev) at /opt/ros/humble/share/python_cmake_module/cmake/Modules/FindPythonExtra.cmake:140 (find_package):
[6.884s]   Policy CMP0148 is not set: The FindPythonInterp and FindPythonLibs modules
[6.884s]   are removed.  Run "cmake --help-policy CMP0148" for policy details.  Use
[6.884s]   the cmake_policy command to set the policy and suppress this warning.
[6.884s] 
[6.884s] Call Stack (most recent call first):
[6.884s]   /opt/ros/humble/share/rosidl_generator_py/cmake/rosidl_generator_py_generate_interfaces.cmake:23 (find_package)
[6.884s]   /opt/ros/humble/share/ament_cmake_core/cmake/core/ament_execute_extensions.cmake:48 (include)
[6.884s]   /opt/ros/humble/share/rosidl_cmake/cmake/rosidl_generate_interfaces.cmake:286 (ament_execute_extensions)
[6.884s]   CMakeLists.txt:17 (rosidl_generate_interfaces)
[6.885s] This warning is for project developers.  Use -Wno-dev to suppress it.
[6.885s] [0m
[6.898s] -- Found PythonLibs: /usr/lib/aarch64-linux-gnu/libpython3.10.so (found suitable version "3.10.12", minimum required is "3.5")
[6.899s] -- Using PYTHON_EXECUTABLE: /usr/bin/python3
[6.899s] -- Using PYTHON_INCLUDE_DIRS: /usr/include/python3.10
[6.899s] -- Using PYTHON_LIBRARIES: /usr/lib/aarch64-linux-gnu/libpython3.10.so
[6.951s] -- Found PythonExtra: .so
[7.157s] -- Found ament_lint_auto: 0.12.12 (/opt/ros/humble/share/ament_lint_auto/cmake)
[7.277s] -- Added test 'copyright' to check source files copyright and LICENSE
[7.283s] -- Added test 'lint_cmake' to check CMake code style
[7.286s] -- Added test 'xmllint' to check XML markup files
[7.294s] -- Configuring done (7.0s)
[7.437s] -- Generating done (0.1s)
[7.465s] -- Build files have been written to: /home/ubuntu/eco_marathon_ws/build/astra_camera_msgs
[7.502s] Invoked command in '/home/ubuntu/eco_marathon_ws/build/astra_camera_msgs' returned '0': CMAKE_PREFIX_PATH=${CMAKE_PREFIX_PATH}:/home/ubuntu/eco_marathon_ws/install/eco_planning:/home/ubuntu/eco_marathon_ws/install/eco_perception:/home/ubuntu/eco_marathon_ws/install/eco_localization:/home/ubuntu/eco_marathon_ws/install/eco_control:/home/ubuntu/ros2_ws/install/vehicle_interface:/home/ubuntu/ros2_ws/install/stop_sign:/home/ubuntu/ros2_ws/install/my_robot_controller:/home/ubuntu/ros2_ws/install/lane_detection:/home/ubuntu/ros2_ws/install/control:/opt/ros/humble /home/ubuntu/.local/bin/cmake /home/ubuntu/eco_marathon_ws/src/sensors/ros2_astra_camera/astra_camera_msgs -DCMAKE_INSTALL_PREFIX=/home/ubuntu/eco_marathon_ws/install/astra_camera_msgs
[7.504s] Invoking command in '/home/ubuntu/eco_marathon_ws/build/astra_camera_msgs': CMAKE_PREFIX_PATH=${CMAKE_PREFIX_PATH}:/home/ubuntu/eco_marathon_ws/install/eco_planning:/home/ubuntu/eco_marathon_ws/install/eco_perception:/home/ubuntu/eco_marathon_ws/install/eco_localization:/home/ubuntu/eco_marathon_ws/install/eco_control:/home/ubuntu/ros2_ws/install/vehicle_interface:/home/ubuntu/ros2_ws/install/stop_sign:/home/ubuntu/ros2_ws/install/my_robot_controller:/home/ubuntu/ros2_ws/install/lane_detection:/home/ubuntu/ros2_ws/install/control:/opt/ros/humble /home/ubuntu/.local/bin/cmake --build /home/ubuntu/eco_marathon_ws/build/astra_camera_msgs -- -j8 -l8
[7.753s] [  1%] [34m[1mGenerating C code for ROS interfaces[0m
[7.765s] [  2%] [34m[1mGenerating C++ code for ROS interfaces[0m
[7.772s] [  2%] Built target ament_cmake_python_copy_astra_camera_msgs
[8.423s] running egg_info
[8.424s] creating astra_camera_msgs.egg-info
[8.425s] writing astra_camera_msgs.egg-info/PKG-INFO
[8.425s] writing dependency_links to astra_camera_msgs.egg-info/dependency_links.txt
[8.426s] writing top-level names to astra_camera_msgs.egg-info/top_level.txt
[8.426s] writing manifest file 'astra_camera_msgs.egg-info/SOURCES.txt'
[8.433s] reading manifest file 'astra_camera_msgs.egg-info/SOURCES.txt'
[8.433s] writing manifest file 'astra_camera_msgs.egg-info/SOURCES.txt'
[8.508s] [  2%] Built target ament_cmake_python_build_astra_camera_msgs_egg
[9.306s] [  2%] Built target astra_camera_msgs__cpp
[9.317s] [  3%] [34m[1mGenerating C++ type support for eProsima Fast-RTPS[0m
[9.322s] [  4%] [34m[1mGenerating C++ type support dispatch for ROS interfaces[0m
[9.322s] [  5%] [34m[1mGenerating C++ introspection for ROS interfaces[0m
[9.380s] [  6%] [32mBuilding C object CMakeFiles/astra_camera_msgs__rosidl_generator_c.dir/rosidl_generator_c/astra_camera_msgs/msg/detail/device_info__functions.c.o[0m
[9.382s] [  7%] [32mBuilding C object CMakeFiles/astra_camera_msgs__rosidl_generator_c.dir/rosidl_generator_c/astra_camera_msgs/msg/detail/metadata__functions.c.o[0m
[9.386s] [  9%] [32mBuilding C object CMakeFiles/astra_camera_msgs__rosidl_generator_c.dir/rosidl_generator_c/astra_camera_msgs/srv/detail/get_camera_info__functions.c.o[0m
[9.388s] [  9%] [32mBuilding C object CMakeFiles/astra_camera_msgs__rosidl_generator_c.dir/rosidl_generator_c/astra_camera_msgs/msg/detail/extrinsics__functions.c.o[0m
[9.392s] [ 10%] [32mBuilding C object CMakeFiles/astra_camera_msgs__rosidl_generator_c.dir/rosidl_generator_c/astra_camera_msgs/srv/detail/get_device_info__functions.c.o[0m
[9.486s] [ 11%] [32mBuilding C object CMakeFiles/astra_camera_msgs__rosidl_generator_c.dir/rosidl_generator_c/astra_camera_msgs/srv/detail/get_camera_params__functions.c.o[0m
[9.514s] [ 12%] [32mBuilding C object CMakeFiles/astra_camera_msgs__rosidl_generator_c.dir/rosidl_generator_c/astra_camera_msgs/srv/detail/get_int32__functions.c.o[0m
[9.517s] [ 13%] [32mBuilding C object CMakeFiles/astra_camera_msgs__rosidl_generator_c.dir/rosidl_generator_c/astra_camera_msgs/srv/detail/get_string__functions.c.o[0m
[9.519s] [ 14%] [32mBuilding C object CMakeFiles/astra_camera_msgs__rosidl_generator_c.dir/rosidl_generator_c/astra_camera_msgs/srv/detail/set_int32__functions.c.o[0m
[9.647s] [ 15%] [32m[1mLinking C shared library libastra_camera_msgs__rosidl_generator_c.so[0m
[9.705s] [ 15%] Built target astra_camera_msgs__rosidl_generator_c
[9.717s] [ 17%] [34m[1mGenerating C introspection for ROS interfaces[0m
[9.717s] [ 17%] [34m[1mGenerating C type support dispatch for ROS interfaces[0m
[9.720s] [ 18%] [34m[1mGenerating C type support for eProsima Fast-RTPS[0m
[10.289s] [ 21%] [32mBuilding CXX object CMakeFiles/astra_camera_msgs__rosidl_typesupport_cpp.dir/rosidl_typesupport_cpp/astra_camera_msgs/msg/metadata__type_support.cpp.o[0m
[10.289s] [ 22%] [32mBuilding CXX object CMakeFiles/astra_camera_msgs__rosidl_typesupport_cpp.dir/rosidl_typesupport_cpp/astra_camera_msgs/msg/extrinsics__type_support.cpp.o[0m
[10.290s] [ 22%] [32mBuilding CXX object CMakeFiles/astra_camera_msgs__rosidl_typesupport_cpp.dir/rosidl_typesupport_cpp/astra_camera_msgs/msg/device_info__type_support.cpp.o[0m
[10.662s] [ 23%] [32mBuilding CXX object CMakeFiles/astra_camera_msgs__rosidl_typesupport_introspection_cpp.dir/rosidl_typesupport_introspection_cpp/astra_camera_msgs/msg/detail/device_info__type_support.cpp.o[0m
[10.788s] [ 24%] [32mBuilding CXX object CMakeFiles/astra_camera_msgs__rosidl_typesupport_c.dir/rosidl_typesupport_c/astra_camera_msgs/msg/device_info__type_support.cpp.o[0m
[10.849s] [ 25%] [32mBuilding CXX object CMakeFiles/astra_camera_msgs__rosidl_typesupport_fastrtps_cpp.dir/rosidl_typesupport_fastrtps_cpp/astra_camera_msgs/msg/detail/dds_fastrtps/device_info__type_support.cpp.o[0m
[10.875s] [ 26%] [32mBuilding CXX object CMakeFiles/astra_camera_msgs__rosidl_typesupport_c.dir/rosidl_typesupport_c/astra_camera_msgs/msg/extrinsics__type_support.cpp.o[0m
[10.876s] [ 27%] [32mBuilding CXX object CMakeFiles/astra_camera_msgs__rosidl_typesupport_fastrtps_cpp.dir/rosidl_typesupport_fastrtps_cpp/astra_camera_msgs/msg/detail/dds_fastrtps/extrinsics__type_support.cpp.o[0m
[10.938s] [ 28%] [32mBuilding CXX object CMakeFiles/astra_camera_msgs__rosidl_typesupport_c.dir/rosidl_typesupport_c/astra_camera_msgs/msg/metadata__type_support.cpp.o[0m
[10.946s] [ 29%] [32mBuilding CXX object CMakeFiles/astra_camera_msgs__rosidl_typesupport_c.dir/rosidl_typesupport_c/astra_camera_msgs/srv/get_device_info__type_support.cpp.o[0m
[10.991s] [ 30%] [32mBuilding CXX object CMakeFiles/astra_camera_msgs__rosidl_typesupport_c.dir/rosidl_typesupport_c/astra_camera_msgs/srv/get_camera_info__type_support.cpp.o[0m
[11.061s] [ 31%] [32mBuilding CXX object CMakeFiles/astra_camera_msgs__rosidl_typesupport_c.dir/rosidl_typesupport_c/astra_camera_msgs/srv/get_camera_params__type_support.cpp.o[0m
[11.065s] [ 32%] [32mBuilding CXX object CMakeFiles/astra_camera_msgs__rosidl_typesupport_cpp.dir/rosidl_typesupport_cpp/astra_camera_msgs/srv/get_device_info__type_support.cpp.o[0m
[11.074s] [ 33%] [32mBuilding CXX object CMakeFiles/astra_camera_msgs__rosidl_typesupport_c.dir/rosidl_typesupport_c/astra_camera_msgs/srv/get_int32__type_support.cpp.o[0m
[11.137s] [ 34%] [32mBuilding CXX object CMakeFiles/astra_camera_msgs__rosidl_typesupport_fastrtps_cpp.dir/rosidl_typesupport_fastrtps_cpp/astra_camera_msgs/msg/detail/dds_fastrtps/metadata__type_support.cpp.o[0m
[11.142s] [ 35%] [32mBuilding CXX object CMakeFiles/astra_camera_msgs__rosidl_typesupport_c.dir/rosidl_typesupport_c/astra_camera_msgs/srv/get_string__type_support.cpp.o[0m
[11.231s] [ 36%] [32mBuilding CXX object CMakeFiles/astra_camera_msgs__rosidl_typesupport_c.dir/rosidl_typesupport_c/astra_camera_msgs/srv/set_int32__type_support.cpp.o[0m
[11.274s] [ 37%] [32mBuilding CXX object CMakeFiles/astra_camera_msgs__rosidl_typesupport_fastrtps_c.dir/rosidl_typesupport_fastrtps_c/astra_camera_msgs/msg/detail/device_info__type_support_c.cpp.o[0m
[11.335s] [ 38%] [32m[1mLinking CXX shared library libastra_camera_msgs__rosidl_typesupport_c.so[0m
[11.426s] [ 38%] Built target astra_camera_msgs__rosidl_typesupport_c
[11.435s] [ 40%] [32mBuilding CXX object CMakeFiles/astra_camera_msgs__rosidl_typesupport_fastrtps_cpp.dir/rosidl_typesupport_fastrtps_cpp/astra_camera_msgs/srv/detail/dds_fastrtps/get_device_info__type_support.cpp.o[0m
[11.446s] [ 41%] [32mBuilding C object CMakeFiles/astra_camera_msgs__rosidl_typesupport_introspection_c.dir/rosidl_typesupport_introspection_c/astra_camera_msgs/msg/detail/device_info__type_support.c.o[0m
[11.470s] [ 42%] [32mBuilding CXX object CMakeFiles/astra_camera_msgs__rosidl_typesupport_introspection_cpp.dir/rosidl_typesupport_introspection_cpp/astra_camera_msgs/msg/detail/extrinsics__type_support.cpp.o[0m
[11.530s] [ 43%] [32mBuilding C object CMakeFiles/astra_camera_msgs__rosidl_typesupport_introspection_c.dir/rosidl_typesupport_introspection_c/astra_camera_msgs/msg/detail/extrinsics__type_support.c.o[0m
[11.637s] [ 44%] [32mBuilding C object CMakeFiles/astra_camera_msgs__rosidl_typesupport_introspection_c.dir/rosidl_typesupport_introspection_c/astra_camera_msgs/msg/detail/metadata__type_support.c.o[0m
[11.669s] [ 45%] [32mBuilding CXX object CMakeFiles/astra_camera_msgs__rosidl_typesupport_cpp.dir/rosidl_typesupport_cpp/astra_camera_msgs/srv/get_camera_info__type_support.cpp.o[0m
[11.728s] [ 46%] [32mBuilding C object CMakeFiles/astra_camera_msgs__rosidl_typesupport_introspection_c.dir/rosidl_typesupport_introspection_c/astra_camera_msgs/srv/detail/get_device_info__type_support.c.o[0m
[11.742s] [ 47%] [32mBuilding C object CMakeFiles/astra_camera_msgs__rosidl_typesupport_introspection_c.dir/rosidl_typesupport_introspection_c/astra_camera_msgs/srv/detail/get_camera_info__type_support.c.o[0m
[11.802s] [ 48%] [32mBuilding CXX object CMakeFiles/astra_camera_msgs__rosidl_typesupport_fastrtps_c.dir/rosidl_typesupport_fastrtps_c/astra_camera_msgs/msg/detail/extrinsics__type_support_c.cpp.o[0m
[11.820s] [ 49%] [32mBuilding C object CMakeFiles/astra_camera_msgs__rosidl_typesupport_introspection_c.dir/rosidl_typesupport_introspection_c/astra_camera_msgs/srv/detail/get_int32__type_support.c.o[0m
[11.833s] [ 50%] [32mBuilding C object CMakeFiles/astra_camera_msgs__rosidl_typesupport_introspection_c.dir/rosidl_typesupport_introspection_c/astra_camera_msgs/srv/detail/get_camera_params__type_support.c.o[0m
[11.932s] [ 51%] [32mBuilding C object CMakeFiles/astra_camera_msgs__rosidl_typesupport_introspection_c.dir/rosidl_typesupport_introspection_c/astra_camera_msgs/srv/detail/get_string__type_support.c.o[0m
[11.964s] [ 52%] [32mBuilding C object CMakeFiles/astra_camera_msgs__rosidl_typesupport_introspection_c.dir/rosidl_typesupport_introspection_c/astra_camera_msgs/srv/detail/set_int32__type_support.c.o[0m
[11.989s] [ 53%] [32mBuilding CXX object CMakeFiles/astra_camera_msgs__rosidl_typesupport_fastrtps_cpp.dir/rosidl_typesupport_fastrtps_cpp/astra_camera_msgs/srv/detail/dds_fastrtps/get_camera_info__type_support.cpp.o[0m
[12.037s] [ 54%] [32mBuilding CXX object CMakeFiles/astra_camera_msgs__rosidl_typesupport_fastrtps_cpp.dir/rosidl_typesupport_fastrtps_cpp/astra_camera_msgs/srv/detail/dds_fastrtps/get_camera_params__type_support.cpp.o[0m
[12.048s] [ 55%] [32m[1mLinking C shared library libastra_camera_msgs__rosidl_typesupport_introspection_c.so[0m
[12.155s] [ 55%] Built target astra_camera_msgs__rosidl_typesupport_introspection_c
[12.164s] [ 56%] [32mBuilding CXX object CMakeFiles/astra_camera_msgs__rosidl_typesupport_fastrtps_cpp.dir/rosidl_typesupport_fastrtps_cpp/astra_camera_msgs/srv/detail/dds_fastrtps/get_int32__type_support.cpp.o[0m
[12.282s] [ 57%] [32mBuilding CXX object CMakeFiles/astra_camera_msgs__rosidl_typesupport_fastrtps_c.dir/rosidl_typesupport_fastrtps_c/astra_camera_msgs/msg/detail/metadata__type_support_c.cpp.o[0m
[12.314s] [ 58%] [32mBuilding CXX object CMakeFiles/astra_camera_msgs__rosidl_typesupport_cpp.dir/rosidl_typesupport_cpp/astra_camera_msgs/srv/get_camera_params__type_support.cpp.o[0m
[12.316s] [ 60%] [32mBuilding CXX object CMakeFiles/astra_camera_msgs__rosidl_typesupport_fastrtps_cpp.dir/rosidl_typesupport_fastrtps_cpp/astra_camera_msgs/srv/detail/dds_fastrtps/get_string__type_support.cpp.o[0m
[12.538s] [ 61%] [32mBuilding CXX object CMakeFiles/astra_camera_msgs__rosidl_typesupport_introspection_cpp.dir/rosidl_typesupport_introspection_cpp/astra_camera_msgs/msg/detail/metadata__type_support.cpp.o[0m
[12.547s] [ 62%] [32mBuilding CXX object CMakeFiles/astra_camera_msgs__rosidl_typesupport_fastrtps_c.dir/rosidl_typesupport_fastrtps_c/astra_camera_msgs/srv/detail/get_device_info__type_support_c.cpp.o[0m
[12.934s] [ 63%] [32mBuilding CXX object CMakeFiles/astra_camera_msgs__rosidl_typesupport_fastrtps_cpp.dir/rosidl_typesupport_fastrtps_cpp/astra_camera_msgs/srv/detail/dds_fastrtps/set_int32__type_support.cpp.o[0m
[12.943s] [ 64%] [32mBuilding CXX object CMakeFiles/astra_camera_msgs__rosidl_typesupport_cpp.dir/rosidl_typesupport_cpp/astra_camera_msgs/srv/get_int32__type_support.cpp.o[0m
[13.011s] [ 65%] [32mBuilding CXX object CMakeFiles/astra_camera_msgs__rosidl_typesupport_fastrtps_c.dir/rosidl_typesupport_fastrtps_c/astra_camera_msgs/srv/detail/get_camera_info__type_support_c.cpp.o[0m
[13.031s] [ 66%] [32mBuilding CXX object CMakeFiles/astra_camera_msgs__rosidl_typesupport_fastrtps_c.dir/rosidl_typesupport_fastrtps_c/astra_camera_msgs/srv/detail/get_camera_params__type_support_c.cpp.o[0m
[13.281s] [ 67%] [32mBuilding CXX object CMakeFiles/astra_camera_msgs__rosidl_typesupport_introspection_cpp.dir/rosidl_typesupport_introspection_cpp/astra_camera_msgs/srv/detail/get_device_info__type_support.cpp.o[0m
[13.334s] [ 68%] [32mBuilding CXX object CMakeFiles/astra_camera_msgs__rosidl_typesupport_introspection_cpp.dir/rosidl_typesupport_introspection_cpp/astra_camera_msgs/srv/detail/get_camera_info__type_support.cpp.o[0m
[13.442s] [ 69%] [32mBuilding CXX object CMakeFiles/astra_camera_msgs__rosidl_typesupport_introspection_cpp.dir/rosidl_typesupport_introspection_cpp/astra_camera_msgs/srv/detail/get_camera_params__type_support.cpp.o[0m
[13.461s] [ 70%] [32mBuilding CXX object CMakeFiles/astra_camera_msgs__rosidl_typesupport_fastrtps_c.dir/rosidl_typesupport_fastrtps_c/astra_camera_msgs/srv/detail/get_int32__type_support_c.cpp.o[0m
[13.791s] [ 71%] [32mBuilding CXX object CMakeFiles/astra_camera_msgs__rosidl_typesupport_cpp.dir/rosidl_typesupport_cpp/astra_camera_msgs/srv/get_string__type_support.cpp.o[0m
[13.875s] [ 72%] [32m[1mLinking CXX shared library libastra_camera_msgs__rosidl_typesupport_fastrtps_cpp.so[0m
[13.930s] [ 73%] [32mBuilding CXX object CMakeFiles/astra_camera_msgs__rosidl_typesupport_fastrtps_c.dir/rosidl_typesupport_fastrtps_c/astra_camera_msgs/srv/detail/get_string__type_support_c.cpp.o[0m
[14.075s] [ 74%] [32mBuilding CXX object CMakeFiles/astra_camera_msgs__rosidl_typesupport_fastrtps_c.dir/rosidl_typesupport_fastrtps_c/astra_camera_msgs/srv/detail/set_int32__type_support_c.cpp.o[0m
[14.169s] [ 74%] Built target astra_camera_msgs__rosidl_typesupport_fastrtps_cpp
[14.190s] [ 75%] [32mBuilding CXX object CMakeFiles/astra_camera_msgs__rosidl_typesupport_introspection_cpp.dir/rosidl_typesupport_introspection_cpp/astra_camera_msgs/srv/detail/get_int32__type_support.cpp.o[0m
[14.383s] [ 76%] [32mBuilding CXX object CMakeFiles/astra_camera_msgs__rosidl_typesupport_introspection_cpp.dir/rosidl_typesupport_introspection_cpp/astra_camera_msgs/srv/detail/get_string__type_support.cpp.o[0m
[14.452s] [ 77%] [32mBuilding CXX object CMakeFiles/astra_camera_msgs__rosidl_typesupport_introspection_cpp.dir/rosidl_typesupport_introspection_cpp/astra_camera_msgs/srv/detail/set_int32__type_support.cpp.o[0m
[14.488s] [ 78%] [32mBuilding CXX object CMakeFiles/astra_camera_msgs__rosidl_typesupport_cpp.dir/rosidl_typesupport_cpp/astra_camera_msgs/srv/set_int32__type_support.cpp.o[0m
[14.854s] [ 80%] [32m[1mLinking CXX shared library libastra_camera_msgs__rosidl_typesupport_fastrtps_c.so[0m
[14.993s] [ 80%] Built target astra_camera_msgs__rosidl_typesupport_fastrtps_c
[15.055s] [ 81%] [32m[1mLinking CXX shared library libastra_camera_msgs__rosidl_typesupport_cpp.so[0m
[15.112s] [ 81%] Built target astra_camera_msgs__rosidl_typesupport_cpp
[15.367s] [ 82%] [32m[1mLinking CXX shared library libastra_camera_msgs__rosidl_typesupport_introspection_cpp.so[0m
[15.504s] [ 82%] Built target astra_camera_msgs__rosidl_typesupport_introspection_cpp
[15.526s] [ 82%] Built target astra_camera_msgs
[15.553s] [ 83%] [34m[1mGenerating Python code for ROS interfaces[0m
[18.130s] [ 83%] Built target astra_camera_msgs__py
[18.156s] [ 84%] [32mBuilding C object CMakeFiles/astra_camera_msgs__rosidl_generator_py.dir/rosidl_generator_py/astra_camera_msgs/msg/_device_info_s.c.o[0m
[18.157s] [ 85%] [32mBuilding C object CMakeFiles/astra_camera_msgs__rosidl_generator_py.dir/rosidl_generator_py/astra_camera_msgs/msg/_metadata_s.c.o[0m
[18.157s] [ 88%] [32mBuilding C object CMakeFiles/astra_camera_msgs__rosidl_generator_py.dir/rosidl_generator_py/astra_camera_msgs/srv/_get_device_info_s.c.o[0m
[18.158s] [ 88%] [32mBuilding C object CMakeFiles/astra_camera_msgs__rosidl_generator_py.dir/rosidl_generator_py/astra_camera_msgs/msg/_extrinsics_s.c.o[0m
[18.158s] [ 88%] [32mBuilding C object CMakeFiles/astra_camera_msgs__rosidl_generator_py.dir/rosidl_generator_py/astra_camera_msgs/srv/_get_camera_params_s.c.o[0m
[18.158s] [ 89%] [32mBuilding C object CMakeFiles/astra_camera_msgs__rosidl_generator_py.dir/rosidl_generator_py/astra_camera_msgs/srv/_get_int32_s.c.o[0m
[18.162s] [ 90%] [32mBuilding C object CMakeFiles/astra_camera_msgs__rosidl_generator_py.dir/rosidl_generator_py/astra_camera_msgs/srv/_get_string_s.c.o[0m
[18.168s] [ 91%] [32mBuilding C object CMakeFiles/astra_camera_msgs__rosidl_generator_py.dir/rosidl_generator_py/astra_camera_msgs/srv/_get_camera_info_s.c.o[0m
[18.376s] [ 92%] [32mBuilding C object CMakeFiles/astra_camera_msgs__rosidl_generator_py.dir/rosidl_generator_py/astra_camera_msgs/srv/_set_int32_s.c.o[0m
[18.571s] [ 93%] [32m[1mLinking C shared library rosidl_generator_py/astra_camera_msgs/libastra_camera_msgs__rosidl_generator_py.so[0m
[18.646s] [ 93%] Built target astra_camera_msgs__rosidl_generator_py
[18.668s] [ 95%] [32mBuilding C object CMakeFiles/astra_camera_msgs__rosidl_typesupport_introspection_c__pyext.dir/rosidl_generator_py/astra_camera_msgs/_astra_camera_msgs_s.ep.rosidl_typesupport_introspection_c.c.o[0m
[18.668s] [ 95%] [32mBuilding C object CMakeFiles/astra_camera_msgs__rosidl_typesupport_fastrtps_c__pyext.dir/rosidl_generator_py/astra_camera_msgs/_astra_camera_msgs_s.ep.rosidl_typesupport_fastrtps_c.c.o[0m
[18.669s] [ 96%] [32mBuilding C object CMakeFiles/astra_camera_msgs__rosidl_typesupport_c__pyext.dir/rosidl_generator_py/astra_camera_msgs/_astra_camera_msgs_s.ep.rosidl_typesupport_c.c.o[0m
[18.935s] [ 97%] [32m[1mLinking C shared library rosidl_generator_py/astra_camera_msgs/astra_camera_msgs_s__rosidl_typesupport_fastrtps_c.cpython-310-aarch64-linux-gnu.so[0m
[18.935s] [ 98%] [32m[1mLinking C shared library rosidl_generator_py/astra_camera_msgs/astra_camera_msgs_s__rosidl_typesupport_c.cpython-310-aarch64-linux-gnu.so[0m
[18.945s] [100%] [32m[1mLinking C shared library rosidl_generator_py/astra_camera_msgs/astra_camera_msgs_s__rosidl_typesupport_introspection_c.cpython-310-aarch64-linux-gnu.so[0m
[18.996s] [100%] Built target astra_camera_msgs__rosidl_typesupport_c__pyext
[18.996s] [100%] Built target astra_camera_msgs__rosidl_typesupport_fastrtps_c__pyext
[19.014s] [100%] Built target astra_camera_msgs__rosidl_typesupport_introspection_c__pyext
