[3.603s] Invoking command in '/home/ubuntu/eco_marathon_ws/src/eco_perception': PYTHONPATH=/home/ubuntu/eco_marathon_ws/build/eco_perception/prefix_override:/usr/lib/python3/dist-packages/colcon_core/task/python/colcon_distutils_commands:/home/ubuntu/eco_marathon_ws/install/eco_perception/lib/python3.10/site-packages:${PYTHONPATH} /usr/bin/python3 -W ignore:setup.py install is deprecated -W ignore:easy_install command is deprecated setup.py egg_info --egg-base ../../build/eco_perception build --build-base /home/ubuntu/eco_marathon_ws/build/eco_perception/build install --record /home/ubuntu/eco_marathon_ws/build/eco_perception/install.log --single-version-externally-managed install_data
[4.157s] running egg_info
[4.159s] writing ../../build/eco_perception/eco_perception.egg-info/PKG-INFO
[4.159s] writing dependency_links to ../../build/eco_perception/eco_perception.egg-info/dependency_links.txt
[4.160s] writing entry points to ../../build/eco_perception/eco_perception.egg-info/entry_points.txt
[4.161s] writing requirements to ../../build/eco_perception/eco_perception.egg-info/requires.txt
[4.161s] writing top-level names to ../../build/eco_perception/eco_perception.egg-info/top_level.txt
[4.165s] reading manifest file '../../build/eco_perception/eco_perception.egg-info/SOURCES.txt'
[4.167s] writing manifest file '../../build/eco_perception/eco_perception.egg-info/SOURCES.txt'
[4.167s] running build
[4.167s] running build_py
[4.171s] running install
[4.171s] running install_lib
[4.176s] running install_data
[4.176s] running install_egg_info
[4.180s] removing '/home/ubuntu/eco_marathon_ws/install/eco_perception/lib/python3.10/site-packages/eco_perception-0.0.0-py3.10.egg-info' (and everything under it)
[4.180s] Copying ../../build/eco_perception/eco_perception.egg-info to /home/ubuntu/eco_marathon_ws/install/eco_perception/lib/python3.10/site-packages/eco_perception-0.0.0-py3.10.egg-info
[4.188s] running install_scripts
[4.234s] Installing lane_detection script to /home/ubuntu/eco_marathon_ws/install/eco_perception/lib/eco_perception
[4.235s] writing list of installed files to '/home/ubuntu/eco_marathon_ws/build/eco_perception/install.log'
[4.342s] Invoked command in '/home/ubuntu/eco_marathon_ws/src/eco_perception' returned '0': PYTHONPATH=/home/ubuntu/eco_marathon_ws/build/eco_perception/prefix_override:/usr/lib/python3/dist-packages/colcon_core/task/python/colcon_distutils_commands:/home/ubuntu/eco_marathon_ws/install/eco_perception/lib/python3.10/site-packages:${PYTHONPATH} /usr/bin/python3 -W ignore:setup.py install is deprecated -W ignore:easy_install command is deprecated setup.py egg_info --egg-base ../../build/eco_perception build --build-base /home/ubuntu/eco_marathon_ws/build/eco_perception/build install --record /home/ubuntu/eco_marathon_ws/build/eco_perception/install.log --single-version-externally-managed install_data
