[3.751s] Invoking command in '/home/ubuntu/eco_marathon_ws/src/eco_localization': PYTHONPATH=/home/ubuntu/eco_marathon_ws/build/eco_localization/prefix_override:/usr/lib/python3/dist-packages/colcon_core/task/python/colcon_distutils_commands:/home/ubuntu/eco_marathon_ws/install/eco_localization/lib/python3.10/site-packages:${PYTHONPATH} /usr/bin/python3 -W ignore:setup.py install is deprecated -W ignore:easy_install command is deprecated setup.py egg_info --egg-base ../../build/eco_localization build --build-base /home/ubuntu/eco_marathon_ws/build/eco_localization/build install --record /home/ubuntu/eco_marathon_ws/build/eco_localization/install.log --single-version-externally-managed install_data
[4.419s] running egg_info
[4.422s] writing ../../build/eco_localization/eco_localization.egg-info/PKG-INFO
[4.423s] writing dependency_links to ../../build/eco_localization/eco_localization.egg-info/dependency_links.txt
[4.423s] writing entry points to ../../build/eco_localization/eco_localization.egg-info/entry_points.txt
[4.423s] writing requirements to ../../build/eco_localization/eco_localization.egg-info/requires.txt
[4.424s] writing top-level names to ../../build/eco_localization/eco_localization.egg-info/top_level.txt
[4.428s] reading manifest file '../../build/eco_localization/eco_localization.egg-info/SOURCES.txt'
[4.429s] writing manifest file '../../build/eco_localization/eco_localization.egg-info/SOURCES.txt'
[4.430s] running build
[4.430s] running build_py
[4.434s] running install
[4.434s] running install_lib
[4.439s] running install_data
[4.439s] running install_egg_info
[4.447s] removing '/home/ubuntu/eco_marathon_ws/install/eco_localization/lib/python3.10/site-packages/eco_localization-0.0.0-py3.10.egg-info' (and everything under it)
[4.448s] Copying ../../build/eco_localization/eco_localization.egg-info to /home/ubuntu/eco_marathon_ws/install/eco_localization/lib/python3.10/site-packages/eco_localization-0.0.0-py3.10.egg-info
[4.450s] running install_scripts
[4.499s] writing list of installed files to '/home/ubuntu/eco_marathon_ws/build/eco_localization/install.log'
[4.593s] Invoked command in '/home/ubuntu/eco_marathon_ws/src/eco_localization' returned '0': PYTHONPATH=/home/ubuntu/eco_marathon_ws/build/eco_localization/prefix_override:/usr/lib/python3/dist-packages/colcon_core/task/python/colcon_distutils_commands:/home/ubuntu/eco_marathon_ws/install/eco_localization/lib/python3.10/site-packages:${PYTHONPATH} /usr/bin/python3 -W ignore:setup.py install is deprecated -W ignore:easy_install command is deprecated setup.py egg_info --egg-base ../../build/eco_localization build --build-base /home/ubuntu/eco_marathon_ws/build/eco_localization/build install --record /home/ubuntu/eco_marathon_ws/build/eco_localization/install.log --single-version-externally-managed install_data
