[0.384s] DEBUG:colcon:Command line arguments: ['/usr/bin/colcon', 'build']
[0.385s] DEBUG:colcon:Parsed command line arguments: Namespace(log_base=None, log_level=None, verb_name='build', build_base='build', install_base='install', merge_install=False, symlink_install=False, test_result_base=None, continue_on_error=False, executor='parallel', parallel_workers=8, event_handlers=None, ignore_user_meta=False, metas=['./colcon.meta'], base_paths=['.'], packages_ignore=None, packages_ignore_regex=None, paths=None, packages_up_to=None, packages_up_to_regex=None, packages_above=None, packages_above_and_dependencies=None, packages_above_depth=None, packages_select_by_dep=None, packages_skip_by_dep=None, packages_skip_up_to=None, packages_select_build_failed=False, packages_skip_build_finished=False, packages_select_test_failures=False, packages_skip_test_passed=False, packages_select=None, packages_skip=None, packages_select_regex=None, packages_skip_regex=None, packages_start=None, packages_end=None, allow_overriding=[], cmake_args=None, cmake_target=None, cmake_target_skip_unavailable=False, cmake_clean_cache=False, cmake_clean_first=False, cmake_force_configure=False, ament_cmake_args=None, catkin_cmake_args=None, catkin_skip_building_tests=False, mixin_files=None, mixin=None, verb_parser=<colcon_mixin.mixin.mixin_argument.MixinArgumentDecorator object at 0xffff975fc2e0>, verb_extension=<colcon_core.verb.build.BuildVerb object at 0xffff977c1210>, main=<bound method BuildVerb.main of <colcon_core.verb.build.BuildVerb object at 0xffff977c1210>>, mixin_verb=('build',))
[0.922s] Level 1:colcon.colcon_core.package_discovery:discover_packages(colcon_meta) check parameters
[0.922s] Level 1:colcon.colcon_core.package_discovery:discover_packages(recursive) check parameters
[0.922s] Level 1:colcon.colcon_core.package_discovery:discover_packages(ignore) check parameters
[0.922s] Level 1:colcon.colcon_core.package_discovery:discover_packages(path) check parameters
[0.922s] Level 1:colcon.colcon_core.package_discovery:discover_packages(colcon_meta) discover
[0.923s] Level 1:colcon.colcon_core.package_discovery:discover_packages(recursive) discover
[0.923s] INFO:colcon.colcon_core.package_discovery:Crawling recursively for packages in '/home/ubuntu/eco_marathon_ws'
[0.923s] Level 1:colcon.colcon_core.package_identification:_identify(.) by extensions ['ignore', 'ignore_ament_install']
[0.923s] Level 1:colcon.colcon_core.package_identification:_identify(.) by extension 'ignore'
[0.923s] Level 1:colcon.colcon_core.package_identification:_identify(.) by extension 'ignore_ament_install'
[0.923s] Level 1:colcon.colcon_core.package_identification:_identify(.) by extensions ['colcon_pkg']
[0.923s] Level 1:colcon.colcon_core.package_identification:_identify(.) by extension 'colcon_pkg'
[0.924s] Level 1:colcon.colcon_core.package_identification:_identify(.) by extensions ['colcon_meta']
[0.924s] Level 1:colcon.colcon_core.package_identification:_identify(.) by extension 'colcon_meta'
[0.924s] Level 1:colcon.colcon_core.package_identification:_identify(.) by extensions ['ros']
[0.924s] Level 1:colcon.colcon_core.package_identification:_identify(.) by extension 'ros'
[0.944s] Level 1:colcon.colcon_core.package_identification:_identify(.) by extensions ['cmake', 'python']
[0.944s] Level 1:colcon.colcon_core.package_identification:_identify(.) by extension 'cmake'
[0.944s] Level 1:colcon.colcon_core.package_identification:_identify(.) by extension 'python'
[0.944s] Level 1:colcon.colcon_core.package_identification:_identify(.) by extensions ['python_setup_py']
[0.944s] Level 1:colcon.colcon_core.package_identification:_identify(.) by extension 'python_setup_py'
[0.945s] Level 1:colcon.colcon_core.package_identification:_identify(build) by extensions ['ignore', 'ignore_ament_install']
[0.945s] Level 1:colcon.colcon_core.package_identification:_identify(build) by extension 'ignore'
[0.945s] Level 1:colcon.colcon_core.package_identification:_identify(build) ignored
[0.945s] Level 1:colcon.colcon_core.package_identification:_identify(install) by extensions ['ignore', 'ignore_ament_install']
[0.945s] Level 1:colcon.colcon_core.package_identification:_identify(install) by extension 'ignore'
[0.945s] Level 1:colcon.colcon_core.package_identification:_identify(install) ignored
[0.946s] Level 1:colcon.colcon_core.package_identification:_identify(log) by extensions ['ignore', 'ignore_ament_install']
[0.946s] Level 1:colcon.colcon_core.package_identification:_identify(log) by extension 'ignore'
[0.946s] Level 1:colcon.colcon_core.package_identification:_identify(log) ignored
[0.946s] Level 1:colcon.colcon_core.package_identification:_identify(src) by extensions ['ignore', 'ignore_ament_install']
[0.946s] Level 1:colcon.colcon_core.package_identification:_identify(src) by extension 'ignore'
[0.946s] Level 1:colcon.colcon_core.package_identification:_identify(src) by extension 'ignore_ament_install'
[0.946s] Level 1:colcon.colcon_core.package_identification:_identify(src) by extensions ['colcon_pkg']
[0.946s] Level 1:colcon.colcon_core.package_identification:_identify(src) by extension 'colcon_pkg'
[0.946s] Level 1:colcon.colcon_core.package_identification:_identify(src) by extensions ['colcon_meta']
[0.947s] Level 1:colcon.colcon_core.package_identification:_identify(src) by extension 'colcon_meta'
[0.947s] Level 1:colcon.colcon_core.package_identification:_identify(src) by extensions ['ros']
[0.947s] Level 1:colcon.colcon_core.package_identification:_identify(src) by extension 'ros'
[0.947s] Level 1:colcon.colcon_core.package_identification:_identify(src) by extensions ['cmake', 'python']
[0.947s] Level 1:colcon.colcon_core.package_identification:_identify(src) by extension 'cmake'
[0.947s] Level 1:colcon.colcon_core.package_identification:_identify(src) by extension 'python'
[0.947s] Level 1:colcon.colcon_core.package_identification:_identify(src) by extensions ['python_setup_py']
[0.947s] Level 1:colcon.colcon_core.package_identification:_identify(src) by extension 'python_setup_py'
[0.947s] Level 1:colcon.colcon_core.package_identification:_identify(src/eco_control) by extensions ['ignore', 'ignore_ament_install']
[0.947s] Level 1:colcon.colcon_core.package_identification:_identify(src/eco_control) by extension 'ignore'
[0.948s] Level 1:colcon.colcon_core.package_identification:_identify(src/eco_control) by extension 'ignore_ament_install'
[0.948s] Level 1:colcon.colcon_core.package_identification:_identify(src/eco_control) by extensions ['colcon_pkg']
[0.948s] Level 1:colcon.colcon_core.package_identification:_identify(src/eco_control) by extension 'colcon_pkg'
[0.948s] Level 1:colcon.colcon_core.package_identification:_identify(src/eco_control) by extensions ['colcon_meta']
[0.948s] Level 1:colcon.colcon_core.package_identification:_identify(src/eco_control) by extension 'colcon_meta'
[0.948s] Level 1:colcon.colcon_core.package_identification:_identify(src/eco_control) by extensions ['ros']
[0.948s] Level 1:colcon.colcon_core.package_identification:_identify(src/eco_control) by extension 'ros'
[0.955s] DEBUG:colcon.colcon_core.package_identification:Package 'src/eco_control' with type 'ros.ament_python' and name 'eco_control'
[0.955s] Level 1:colcon.colcon_core.package_identification:_identify(src/eco_interfaces) by extensions ['ignore', 'ignore_ament_install']
[0.955s] Level 1:colcon.colcon_core.package_identification:_identify(src/eco_interfaces) by extension 'ignore'
[0.956s] Level 1:colcon.colcon_core.package_identification:_identify(src/eco_interfaces) by extension 'ignore_ament_install'
[0.956s] Level 1:colcon.colcon_core.package_identification:_identify(src/eco_interfaces) by extensions ['colcon_pkg']
[0.956s] Level 1:colcon.colcon_core.package_identification:_identify(src/eco_interfaces) by extension 'colcon_pkg'
[0.956s] Level 1:colcon.colcon_core.package_identification:_identify(src/eco_interfaces) by extensions ['colcon_meta']
[0.956s] Level 1:colcon.colcon_core.package_identification:_identify(src/eco_interfaces) by extension 'colcon_meta'
[0.956s] Level 1:colcon.colcon_core.package_identification:_identify(src/eco_interfaces) by extensions ['ros']
[0.956s] Level 1:colcon.colcon_core.package_identification:_identify(src/eco_interfaces) by extension 'ros'
[0.958s] DEBUG:colcon.colcon_core.package_identification:Package 'src/eco_interfaces' with type 'ros.ament_cmake' and name 'eco_interfaces'
[0.958s] Level 1:colcon.colcon_core.package_identification:_identify(src/eco_localization) by extensions ['ignore', 'ignore_ament_install']
[0.958s] Level 1:colcon.colcon_core.package_identification:_identify(src/eco_localization) by extension 'ignore'
[0.958s] Level 1:colcon.colcon_core.package_identification:_identify(src/eco_localization) by extension 'ignore_ament_install'
[0.958s] Level 1:colcon.colcon_core.package_identification:_identify(src/eco_localization) by extensions ['colcon_pkg']
[0.958s] Level 1:colcon.colcon_core.package_identification:_identify(src/eco_localization) by extension 'colcon_pkg'
[0.958s] Level 1:colcon.colcon_core.package_identification:_identify(src/eco_localization) by extensions ['colcon_meta']
[0.958s] Level 1:colcon.colcon_core.package_identification:_identify(src/eco_localization) by extension 'colcon_meta'
[0.959s] Level 1:colcon.colcon_core.package_identification:_identify(src/eco_localization) by extensions ['ros']
[0.959s] Level 1:colcon.colcon_core.package_identification:_identify(src/eco_localization) by extension 'ros'
[0.960s] DEBUG:colcon.colcon_core.package_identification:Package 'src/eco_localization' with type 'ros.ament_python' and name 'eco_localization'
[0.960s] Level 1:colcon.colcon_core.package_identification:_identify(src/eco_perception) by extensions ['ignore', 'ignore_ament_install']
[0.960s] Level 1:colcon.colcon_core.package_identification:_identify(src/eco_perception) by extension 'ignore'
[0.960s] Level 1:colcon.colcon_core.package_identification:_identify(src/eco_perception) by extension 'ignore_ament_install'
[0.960s] Level 1:colcon.colcon_core.package_identification:_identify(src/eco_perception) by extensions ['colcon_pkg']
[0.960s] Level 1:colcon.colcon_core.package_identification:_identify(src/eco_perception) by extension 'colcon_pkg'
[0.961s] Level 1:colcon.colcon_core.package_identification:_identify(src/eco_perception) by extensions ['colcon_meta']
[0.961s] Level 1:colcon.colcon_core.package_identification:_identify(src/eco_perception) by extension 'colcon_meta'
[0.961s] Level 1:colcon.colcon_core.package_identification:_identify(src/eco_perception) by extensions ['ros']
[0.961s] Level 1:colcon.colcon_core.package_identification:_identify(src/eco_perception) by extension 'ros'
[0.962s] DEBUG:colcon.colcon_core.package_identification:Package 'src/eco_perception' with type 'ros.ament_python' and name 'eco_perception'
[0.962s] Level 1:colcon.colcon_core.package_identification:_identify(src/eco_planning) by extensions ['ignore', 'ignore_ament_install']
[0.962s] Level 1:colcon.colcon_core.package_identification:_identify(src/eco_planning) by extension 'ignore'
[0.963s] Level 1:colcon.colcon_core.package_identification:_identify(src/eco_planning) by extension 'ignore_ament_install'
[0.963s] Level 1:colcon.colcon_core.package_identification:_identify(src/eco_planning) by extensions ['colcon_pkg']
[0.963s] Level 1:colcon.colcon_core.package_identification:_identify(src/eco_planning) by extension 'colcon_pkg'
[0.963s] Level 1:colcon.colcon_core.package_identification:_identify(src/eco_planning) by extensions ['colcon_meta']
[0.963s] Level 1:colcon.colcon_core.package_identification:_identify(src/eco_planning) by extension 'colcon_meta'
[0.963s] Level 1:colcon.colcon_core.package_identification:_identify(src/eco_planning) by extensions ['ros']
[0.963s] Level 1:colcon.colcon_core.package_identification:_identify(src/eco_planning) by extension 'ros'
[0.964s] DEBUG:colcon.colcon_core.package_identification:Package 'src/eco_planning' with type 'ros.ament_python' and name 'eco_planning'
[0.964s] Level 1:colcon.colcon_core.package_discovery:discover_packages(recursive) using defaults
[0.964s] Level 1:colcon.colcon_core.package_discovery:discover_packages(ignore) discover
[0.965s] Level 1:colcon.colcon_core.package_discovery:discover_packages(ignore) using defaults
[0.965s] Level 1:colcon.colcon_core.package_discovery:discover_packages(path) discover
[0.965s] Level 1:colcon.colcon_core.package_discovery:discover_packages(path) using defaults
[1.048s] Level 1:colcon.colcon_core.package_discovery:discover_packages(prefix_path) check parameters
[1.048s] Level 1:colcon.colcon_core.package_discovery:discover_packages(prefix_path) discover
[1.056s] DEBUG:colcon.colcon_installed_package_information.package_discovery:Found 8 installed packages in /home/ubuntu/ros2_ws/install
[1.058s] DEBUG:colcon.colcon_installed_package_information.package_discovery:Found 274 installed packages in /opt/ros/humble
[1.060s] Level 1:colcon.colcon_core.package_discovery:discover_packages(prefix_path) using defaults
[1.143s] Level 5:colcon.colcon_core.verb:set package 'eco_control' build argument 'cmake_args' from command line to 'None'
[1.144s] Level 5:colcon.colcon_core.verb:set package 'eco_control' build argument 'cmake_target' from command line to 'None'
[1.144s] Level 5:colcon.colcon_core.verb:set package 'eco_control' build argument 'cmake_target_skip_unavailable' from command line to 'False'
[1.144s] Level 5:colcon.colcon_core.verb:set package 'eco_control' build argument 'cmake_clean_cache' from command line to 'False'
[1.144s] Level 5:colcon.colcon_core.verb:set package 'eco_control' build argument 'cmake_clean_first' from command line to 'False'
[1.144s] Level 5:colcon.colcon_core.verb:set package 'eco_control' build argument 'cmake_force_configure' from command line to 'False'
[1.144s] Level 5:colcon.colcon_core.verb:set package 'eco_control' build argument 'ament_cmake_args' from command line to 'None'
[1.144s] Level 5:colcon.colcon_core.verb:set package 'eco_control' build argument 'catkin_cmake_args' from command line to 'None'
[1.144s] Level 5:colcon.colcon_core.verb:set package 'eco_control' build argument 'catkin_skip_building_tests' from command line to 'False'
[1.144s] DEBUG:colcon.colcon_core.verb:Building package 'eco_control' with the following arguments: {'ament_cmake_args': None, 'build_base': '/home/ubuntu/eco_marathon_ws/build/eco_control', 'catkin_cmake_args': None, 'catkin_skip_building_tests': False, 'cmake_args': None, 'cmake_clean_cache': False, 'cmake_clean_first': False, 'cmake_force_configure': False, 'cmake_target': None, 'cmake_target_skip_unavailable': False, 'install_base': '/home/ubuntu/eco_marathon_ws/install/eco_control', 'merge_install': False, 'path': '/home/ubuntu/eco_marathon_ws/src/eco_control', 'symlink_install': False, 'test_result_base': None}
[1.145s] Level 5:colcon.colcon_core.verb:set package 'eco_interfaces' build argument 'cmake_args' from command line to 'None'
[1.145s] Level 5:colcon.colcon_core.verb:set package 'eco_interfaces' build argument 'cmake_target' from command line to 'None'
[1.145s] Level 5:colcon.colcon_core.verb:set package 'eco_interfaces' build argument 'cmake_target_skip_unavailable' from command line to 'False'
[1.145s] Level 5:colcon.colcon_core.verb:set package 'eco_interfaces' build argument 'cmake_clean_cache' from command line to 'False'
[1.145s] Level 5:colcon.colcon_core.verb:set package 'eco_interfaces' build argument 'cmake_clean_first' from command line to 'False'
[1.145s] Level 5:colcon.colcon_core.verb:set package 'eco_interfaces' build argument 'cmake_force_configure' from command line to 'False'
[1.145s] Level 5:colcon.colcon_core.verb:set package 'eco_interfaces' build argument 'ament_cmake_args' from command line to 'None'
[1.145s] Level 5:colcon.colcon_core.verb:set package 'eco_interfaces' build argument 'catkin_cmake_args' from command line to 'None'
[1.145s] Level 5:colcon.colcon_core.verb:set package 'eco_interfaces' build argument 'catkin_skip_building_tests' from command line to 'False'
[1.145s] DEBUG:colcon.colcon_core.verb:Building package 'eco_interfaces' with the following arguments: {'ament_cmake_args': None, 'build_base': '/home/ubuntu/eco_marathon_ws/build/eco_interfaces', 'catkin_cmake_args': None, 'catkin_skip_building_tests': False, 'cmake_args': None, 'cmake_clean_cache': False, 'cmake_clean_first': False, 'cmake_force_configure': False, 'cmake_target': None, 'cmake_target_skip_unavailable': False, 'install_base': '/home/ubuntu/eco_marathon_ws/install/eco_interfaces', 'merge_install': False, 'path': '/home/ubuntu/eco_marathon_ws/src/eco_interfaces', 'symlink_install': False, 'test_result_base': None}
[1.146s] Level 5:colcon.colcon_core.verb:set package 'eco_localization' build argument 'cmake_args' from command line to 'None'
[1.146s] Level 5:colcon.colcon_core.verb:set package 'eco_localization' build argument 'cmake_target' from command line to 'None'
[1.146s] Level 5:colcon.colcon_core.verb:set package 'eco_localization' build argument 'cmake_target_skip_unavailable' from command line to 'False'
[1.146s] Level 5:colcon.colcon_core.verb:set package 'eco_localization' build argument 'cmake_clean_cache' from command line to 'False'
[1.146s] Level 5:colcon.colcon_core.verb:set package 'eco_localization' build argument 'cmake_clean_first' from command line to 'False'
[1.146s] Level 5:colcon.colcon_core.verb:set package 'eco_localization' build argument 'cmake_force_configure' from command line to 'False'
[1.146s] Level 5:colcon.colcon_core.verb:set package 'eco_localization' build argument 'ament_cmake_args' from command line to 'None'
[1.146s] Level 5:colcon.colcon_core.verb:set package 'eco_localization' build argument 'catkin_cmake_args' from command line to 'None'
[1.146s] Level 5:colcon.colcon_core.verb:set package 'eco_localization' build argument 'catkin_skip_building_tests' from command line to 'False'
[1.146s] DEBUG:colcon.colcon_core.verb:Building package 'eco_localization' with the following arguments: {'ament_cmake_args': None, 'build_base': '/home/ubuntu/eco_marathon_ws/build/eco_localization', 'catkin_cmake_args': None, 'catkin_skip_building_tests': False, 'cmake_args': None, 'cmake_clean_cache': False, 'cmake_clean_first': False, 'cmake_force_configure': False, 'cmake_target': None, 'cmake_target_skip_unavailable': False, 'install_base': '/home/ubuntu/eco_marathon_ws/install/eco_localization', 'merge_install': False, 'path': '/home/ubuntu/eco_marathon_ws/src/eco_localization', 'symlink_install': False, 'test_result_base': None}
[1.147s] Level 5:colcon.colcon_core.verb:set package 'eco_perception' build argument 'cmake_args' from command line to 'None'
[1.147s] Level 5:colcon.colcon_core.verb:set package 'eco_perception' build argument 'cmake_target' from command line to 'None'
[1.147s] Level 5:colcon.colcon_core.verb:set package 'eco_perception' build argument 'cmake_target_skip_unavailable' from command line to 'False'
[1.147s] Level 5:colcon.colcon_core.verb:set package 'eco_perception' build argument 'cmake_clean_cache' from command line to 'False'
[1.147s] Level 5:colcon.colcon_core.verb:set package 'eco_perception' build argument 'cmake_clean_first' from command line to 'False'
[1.147s] Level 5:colcon.colcon_core.verb:set package 'eco_perception' build argument 'cmake_force_configure' from command line to 'False'
[1.147s] Level 5:colcon.colcon_core.verb:set package 'eco_perception' build argument 'ament_cmake_args' from command line to 'None'
[1.147s] Level 5:colcon.colcon_core.verb:set package 'eco_perception' build argument 'catkin_cmake_args' from command line to 'None'
[1.147s] Level 5:colcon.colcon_core.verb:set package 'eco_perception' build argument 'catkin_skip_building_tests' from command line to 'False'
[1.147s] DEBUG:colcon.colcon_core.verb:Building package 'eco_perception' with the following arguments: {'ament_cmake_args': None, 'build_base': '/home/ubuntu/eco_marathon_ws/build/eco_perception', 'catkin_cmake_args': None, 'catkin_skip_building_tests': False, 'cmake_args': None, 'cmake_clean_cache': False, 'cmake_clean_first': False, 'cmake_force_configure': False, 'cmake_target': None, 'cmake_target_skip_unavailable': False, 'install_base': '/home/ubuntu/eco_marathon_ws/install/eco_perception', 'merge_install': False, 'path': '/home/ubuntu/eco_marathon_ws/src/eco_perception', 'symlink_install': False, 'test_result_base': None}
[1.148s] Level 5:colcon.colcon_core.verb:set package 'eco_planning' build argument 'cmake_args' from command line to 'None'
[1.148s] Level 5:colcon.colcon_core.verb:set package 'eco_planning' build argument 'cmake_target' from command line to 'None'
[1.148s] Level 5:colcon.colcon_core.verb:set package 'eco_planning' build argument 'cmake_target_skip_unavailable' from command line to 'False'
[1.148s] Level 5:colcon.colcon_core.verb:set package 'eco_planning' build argument 'cmake_clean_cache' from command line to 'False'
[1.148s] Level 5:colcon.colcon_core.verb:set package 'eco_planning' build argument 'cmake_clean_first' from command line to 'False'
[1.148s] Level 5:colcon.colcon_core.verb:set package 'eco_planning' build argument 'cmake_force_configure' from command line to 'False'
[1.148s] Level 5:colcon.colcon_core.verb:set package 'eco_planning' build argument 'ament_cmake_args' from command line to 'None'
[1.148s] Level 5:colcon.colcon_core.verb:set package 'eco_planning' build argument 'catkin_cmake_args' from command line to 'None'
[1.148s] Level 5:colcon.colcon_core.verb:set package 'eco_planning' build argument 'catkin_skip_building_tests' from command line to 'False'
[1.148s] DEBUG:colcon.colcon_core.verb:Building package 'eco_planning' with the following arguments: {'ament_cmake_args': None, 'build_base': '/home/ubuntu/eco_marathon_ws/build/eco_planning', 'catkin_cmake_args': None, 'catkin_skip_building_tests': False, 'cmake_args': None, 'cmake_clean_cache': False, 'cmake_clean_first': False, 'cmake_force_configure': False, 'cmake_target': None, 'cmake_target_skip_unavailable': False, 'install_base': '/home/ubuntu/eco_marathon_ws/install/eco_planning', 'merge_install': False, 'path': '/home/ubuntu/eco_marathon_ws/src/eco_planning', 'symlink_install': False, 'test_result_base': None}
[1.148s] INFO:colcon.colcon_core.executor:Executing jobs using 'parallel' executor
[1.150s] DEBUG:colcon.colcon_parallel_executor.executor.parallel:run_until_complete
[1.151s] INFO:colcon.colcon_ros.task.ament_python.build:Building ROS package in '/home/ubuntu/eco_marathon_ws/src/eco_control' with build type 'ament_python'
[1.151s] Level 1:colcon.colcon_core.shell:create_environment_hook('eco_control', 'ament_prefix_path')
[1.163s] INFO:colcon.colcon_core.plugin_system:Skipping extension 'colcon_core.shell.bat': Not used on non-Windows systems
[1.164s] INFO:colcon.colcon_core.shell:Creating environment hook '/home/ubuntu/eco_marathon_ws/install/eco_control/share/eco_control/hook/ament_prefix_path.ps1'
[1.167s] INFO:colcon.colcon_core.shell:Creating environment descriptor '/home/ubuntu/eco_marathon_ws/install/eco_control/share/eco_control/hook/ament_prefix_path.dsv'
[1.168s] INFO:colcon.colcon_core.shell:Creating environment hook '/home/ubuntu/eco_marathon_ws/install/eco_control/share/eco_control/hook/ament_prefix_path.sh'
[1.170s] INFO:colcon.colcon_core.shell:Skip shell extension 'powershell' for command environment: Not usable outside of PowerShell
[1.170s] DEBUG:colcon.colcon_core.shell:Skip shell extension 'dsv' for command environment
[1.177s] INFO:colcon.colcon_ros.task.ament_cmake.build:Building ROS package in '/home/ubuntu/eco_marathon_ws/src/eco_interfaces' with build type 'ament_cmake'
[1.177s] INFO:colcon.colcon_cmake.task.cmake.build:Building CMake package in '/home/ubuntu/eco_marathon_ws/src/eco_interfaces'
[1.177s] INFO:colcon.colcon_core.shell:Skip shell extension 'powershell' for command environment: Not usable outside of PowerShell
[1.178s] DEBUG:colcon.colcon_core.shell:Skip shell extension 'dsv' for command environment
[1.184s] INFO:colcon.colcon_ros.task.ament_python.build:Building ROS package in '/home/ubuntu/eco_marathon_ws/src/eco_localization' with build type 'ament_python'
[1.184s] Level 1:colcon.colcon_core.shell:create_environment_hook('eco_localization', 'ament_prefix_path')
[1.185s] INFO:colcon.colcon_core.shell:Creating environment hook '/home/ubuntu/eco_marathon_ws/install/eco_localization/share/eco_localization/hook/ament_prefix_path.ps1'
[1.186s] INFO:colcon.colcon_core.shell:Creating environment descriptor '/home/ubuntu/eco_marathon_ws/install/eco_localization/share/eco_localization/hook/ament_prefix_path.dsv'
[1.187s] INFO:colcon.colcon_core.shell:Creating environment hook '/home/ubuntu/eco_marathon_ws/install/eco_localization/share/eco_localization/hook/ament_prefix_path.sh'
[1.187s] INFO:colcon.colcon_core.shell:Skip shell extension 'powershell' for command environment: Not usable outside of PowerShell
[1.188s] DEBUG:colcon.colcon_core.shell:Skip shell extension 'dsv' for command environment
[1.193s] INFO:colcon.colcon_ros.task.ament_python.build:Building ROS package in '/home/ubuntu/eco_marathon_ws/src/eco_perception' with build type 'ament_python'
[1.193s] Level 1:colcon.colcon_core.shell:create_environment_hook('eco_perception', 'ament_prefix_path')
[1.194s] INFO:colcon.colcon_core.shell:Creating environment hook '/home/ubuntu/eco_marathon_ws/install/eco_perception/share/eco_perception/hook/ament_prefix_path.ps1'
[1.195s] INFO:colcon.colcon_core.shell:Creating environment descriptor '/home/ubuntu/eco_marathon_ws/install/eco_perception/share/eco_perception/hook/ament_prefix_path.dsv'
[1.196s] INFO:colcon.colcon_core.shell:Creating environment hook '/home/ubuntu/eco_marathon_ws/install/eco_perception/share/eco_perception/hook/ament_prefix_path.sh'
[1.197s] INFO:colcon.colcon_core.shell:Skip shell extension 'powershell' for command environment: Not usable outside of PowerShell
[1.197s] DEBUG:colcon.colcon_core.shell:Skip shell extension 'dsv' for command environment
[1.202s] INFO:colcon.colcon_ros.task.ament_python.build:Building ROS package in '/home/ubuntu/eco_marathon_ws/src/eco_planning' with build type 'ament_python'
[1.203s] Level 1:colcon.colcon_core.shell:create_environment_hook('eco_planning', 'ament_prefix_path')
[1.203s] INFO:colcon.colcon_core.shell:Creating environment hook '/home/ubuntu/eco_marathon_ws/install/eco_planning/share/eco_planning/hook/ament_prefix_path.ps1'
[1.204s] INFO:colcon.colcon_core.shell:Creating environment descriptor '/home/ubuntu/eco_marathon_ws/install/eco_planning/share/eco_planning/hook/ament_prefix_path.dsv'
[1.205s] INFO:colcon.colcon_core.shell:Creating environment hook '/home/ubuntu/eco_marathon_ws/install/eco_planning/share/eco_planning/hook/ament_prefix_path.sh'
[1.206s] INFO:colcon.colcon_core.shell:Skip shell extension 'powershell' for command environment: Not usable outside of PowerShell
[1.206s] DEBUG:colcon.colcon_core.shell:Skip shell extension 'dsv' for command environment
[1.723s] INFO:colcon.colcon_core.task.python.build:Building Python package in '/home/ubuntu/eco_marathon_ws/src/eco_control'
[1.724s] INFO:colcon.colcon_core.shell:Skip shell extension 'powershell' for command environment: Not usable outside of PowerShell
[1.724s] DEBUG:colcon.colcon_core.shell:Skip shell extension 'dsv' for command environment
[1.735s] DEBUG:colcon.colcon_core.event_handler.log_command:Invoking command in '/home/ubuntu/eco_marathon_ws/build/eco_interfaces': CMAKE_PREFIX_PATH=${CMAKE_PREFIX_PATH}:/home/ubuntu/ros2_ws/install/vehicle_interface:/home/ubuntu/ros2_ws/install/stop_sign:/home/ubuntu/ros2_ws/install/my_robot_controller:/home/ubuntu/ros2_ws/install/lane_detection:/home/ubuntu/ros2_ws/install/control:/opt/ros/humble /home/ubuntu/.local/bin/cmake /home/ubuntu/eco_marathon_ws/src/eco_interfaces -DCMAKE_INSTALL_PREFIX=/home/ubuntu/eco_marathon_ws/install/eco_interfaces
[2.257s] INFO:colcon.colcon_core.task.python.build:Building Python package in '/home/ubuntu/eco_marathon_ws/src/eco_localization'
[2.259s] INFO:colcon.colcon_core.shell:Skip shell extension 'powershell' for command environment: Not usable outside of PowerShell
[2.259s] DEBUG:colcon.colcon_core.shell:Skip shell extension 'dsv' for command environment
[2.791s] INFO:colcon.colcon_core.task.python.build:Building Python package in '/home/ubuntu/eco_marathon_ws/src/eco_perception'
[2.792s] INFO:colcon.colcon_core.shell:Skip shell extension 'powershell' for command environment: Not usable outside of PowerShell
[2.792s] DEBUG:colcon.colcon_core.shell:Skip shell extension 'dsv' for command environment
[3.335s] INFO:colcon.colcon_core.task.python.build:Building Python package in '/home/ubuntu/eco_marathon_ws/src/eco_planning'
[3.336s] INFO:colcon.colcon_core.shell:Skip shell extension 'powershell' for command environment: Not usable outside of PowerShell
[3.336s] DEBUG:colcon.colcon_core.shell:Skip shell extension 'dsv' for command environment
[4.349s] DEBUG:colcon.colcon_core.event_handler.log_command:Invoked command in '/home/ubuntu/eco_marathon_ws/build/eco_interfaces' returned '0': CMAKE_PREFIX_PATH=${CMAKE_PREFIX_PATH}:/home/ubuntu/ros2_ws/install/vehicle_interface:/home/ubuntu/ros2_ws/install/stop_sign:/home/ubuntu/ros2_ws/install/my_robot_controller:/home/ubuntu/ros2_ws/install/lane_detection:/home/ubuntu/ros2_ws/install/control:/opt/ros/humble /home/ubuntu/.local/bin/cmake /home/ubuntu/eco_marathon_ws/src/eco_interfaces -DCMAKE_INSTALL_PREFIX=/home/ubuntu/eco_marathon_ws/install/eco_interfaces
[4.350s] DEBUG:colcon.colcon_core.event_handler.log_command:Invoking command in '/home/ubuntu/eco_marathon_ws/build/eco_interfaces': CMAKE_PREFIX_PATH=${CMAKE_PREFIX_PATH}:/home/ubuntu/ros2_ws/install/vehicle_interface:/home/ubuntu/ros2_ws/install/stop_sign:/home/ubuntu/ros2_ws/install/my_robot_controller:/home/ubuntu/ros2_ws/install/lane_detection:/home/ubuntu/ros2_ws/install/control:/opt/ros/humble /home/ubuntu/.local/bin/cmake --build /home/ubuntu/eco_marathon_ws/build/eco_interfaces -- -j8 -l8
[4.387s] DEBUG:colcon.colcon_core.event_handler.log_command:Invoking command in '/home/ubuntu/eco_marathon_ws/src/eco_control': PYTHONPATH=/home/ubuntu/eco_marathon_ws/build/eco_control/prefix_override:/usr/lib/python3/dist-packages/colcon_core/task/python/colcon_distutils_commands:/home/ubuntu/eco_marathon_ws/install/eco_control/lib/python3.10/site-packages:${PYTHONPATH} /usr/bin/python3 -W ignore:setup.py install is deprecated -W ignore:easy_install command is deprecated setup.py egg_info --egg-base ../../build/eco_control build --build-base /home/ubuntu/eco_marathon_ws/build/eco_control/build install --record /home/ubuntu/eco_marathon_ws/build/eco_control/install.log --single-version-externally-managed install_data
[4.397s] DEBUG:colcon.colcon_core.event_handler.log_command:Invoking command in '/home/ubuntu/eco_marathon_ws/src/eco_perception': PYTHONPATH=/home/ubuntu/eco_marathon_ws/build/eco_perception/prefix_override:/usr/lib/python3/dist-packages/colcon_core/task/python/colcon_distutils_commands:/home/ubuntu/eco_marathon_ws/install/eco_perception/lib/python3.10/site-packages:${PYTHONPATH} /usr/bin/python3 -W ignore:setup.py install is deprecated -W ignore:easy_install command is deprecated setup.py egg_info --egg-base ../../build/eco_perception build --build-base /home/ubuntu/eco_marathon_ws/build/eco_perception/build install --record /home/ubuntu/eco_marathon_ws/build/eco_perception/install.log --single-version-externally-managed install_data
[4.404s] DEBUG:colcon.colcon_core.event_handler.log_command:Invoking command in '/home/ubuntu/eco_marathon_ws/src/eco_localization': PYTHONPATH=/home/ubuntu/eco_marathon_ws/build/eco_localization/prefix_override:/usr/lib/python3/dist-packages/colcon_core/task/python/colcon_distutils_commands:/home/ubuntu/eco_marathon_ws/install/eco_localization/lib/python3.10/site-packages:${PYTHONPATH} /usr/bin/python3 -W ignore:setup.py install is deprecated -W ignore:easy_install command is deprecated setup.py egg_info --egg-base ../../build/eco_localization build --build-base /home/ubuntu/eco_marathon_ws/build/eco_localization/build install --record /home/ubuntu/eco_marathon_ws/build/eco_localization/install.log --single-version-externally-managed install_data
[4.409s] DEBUG:colcon.colcon_core.event_handler.log_command:Invoking command in '/home/ubuntu/eco_marathon_ws/src/eco_planning': PYTHONPATH=/home/ubuntu/eco_marathon_ws/build/eco_planning/prefix_override:/usr/lib/python3/dist-packages/colcon_core/task/python/colcon_distutils_commands:/home/ubuntu/eco_marathon_ws/install/eco_planning/lib/python3.10/site-packages:${PYTHONPATH} /usr/bin/python3 -W ignore:setup.py install is deprecated -W ignore:easy_install command is deprecated setup.py egg_info --egg-base ../../build/eco_planning build --build-base /home/ubuntu/eco_marathon_ws/build/eco_planning/build install --record /home/ubuntu/eco_marathon_ws/build/eco_planning/install.log --single-version-externally-managed install_data
[4.566s] DEBUG:colcon.colcon_core.event_handler.log_command:Invoked command in '/home/ubuntu/eco_marathon_ws/build/eco_interfaces' returned '0': CMAKE_PREFIX_PATH=${CMAKE_PREFIX_PATH}:/home/ubuntu/ros2_ws/install/vehicle_interface:/home/ubuntu/ros2_ws/install/stop_sign:/home/ubuntu/ros2_ws/install/my_robot_controller:/home/ubuntu/ros2_ws/install/lane_detection:/home/ubuntu/ros2_ws/install/control:/opt/ros/humble /home/ubuntu/.local/bin/cmake --build /home/ubuntu/eco_marathon_ws/build/eco_interfaces -- -j8 -l8
[4.737s] DEBUG:colcon.colcon_core.event_handler.log_command:Invoking command in '/home/ubuntu/eco_marathon_ws/build/eco_interfaces': CMAKE_PREFIX_PATH=${CMAKE_PREFIX_PATH}:/home/ubuntu/ros2_ws/install/vehicle_interface:/home/ubuntu/ros2_ws/install/stop_sign:/home/ubuntu/ros2_ws/install/my_robot_controller:/home/ubuntu/ros2_ws/install/lane_detection:/home/ubuntu/ros2_ws/install/control:/opt/ros/humble /home/ubuntu/.local/bin/cmake --install /home/ubuntu/eco_marathon_ws/build/eco_interfaces
[4.920s] Level 1:colcon.colcon_core.environment:create_environment_scripts_only(eco_interfaces)
[4.921s] DEBUG:colcon.colcon_core.event_handler.log_command:Invoked command in '/home/ubuntu/eco_marathon_ws/build/eco_interfaces' returned '0': CMAKE_PREFIX_PATH=${CMAKE_PREFIX_PATH}:/home/ubuntu/ros2_ws/install/vehicle_interface:/home/ubuntu/ros2_ws/install/stop_sign:/home/ubuntu/ros2_ws/install/my_robot_controller:/home/ubuntu/ros2_ws/install/lane_detection:/home/ubuntu/ros2_ws/install/control:/opt/ros/humble /home/ubuntu/.local/bin/cmake --install /home/ubuntu/eco_marathon_ws/build/eco_interfaces
[4.942s] Level 1:colcon.colcon_core.environment:checking '/home/ubuntu/eco_marathon_ws/install/eco_interfaces' for CMake module files
[4.944s] Level 1:colcon.colcon_core.environment:checking '/home/ubuntu/eco_marathon_ws/install/eco_interfaces' for CMake config files
[4.945s] Level 1:colcon.colcon_core.shell:create_environment_hook('eco_interfaces', 'cmake_prefix_path')
[4.946s] INFO:colcon.colcon_core.shell:Creating environment hook '/home/ubuntu/eco_marathon_ws/install/eco_interfaces/share/eco_interfaces/hook/cmake_prefix_path.ps1'
[4.948s] INFO:colcon.colcon_core.shell:Creating environment descriptor '/home/ubuntu/eco_marathon_ws/install/eco_interfaces/share/eco_interfaces/hook/cmake_prefix_path.dsv'
[4.949s] INFO:colcon.colcon_core.shell:Creating environment hook '/home/ubuntu/eco_marathon_ws/install/eco_interfaces/share/eco_interfaces/hook/cmake_prefix_path.sh'
[4.951s] Level 1:colcon.colcon_core.environment:checking '/home/ubuntu/eco_marathon_ws/install/eco_interfaces/bin'
[4.951s] Level 1:colcon.colcon_core.environment:checking '/home/ubuntu/eco_marathon_ws/install/eco_interfaces/lib/pkgconfig/eco_interfaces.pc'
[4.955s] Level 1:colcon.colcon_core.environment:checking '/home/ubuntu/eco_marathon_ws/install/eco_interfaces/lib/python3.10/site-packages'
[4.956s] Level 1:colcon.colcon_core.environment:checking '/home/ubuntu/eco_marathon_ws/install/eco_interfaces/bin'
[4.957s] INFO:colcon.colcon_core.shell:Creating package script '/home/ubuntu/eco_marathon_ws/install/eco_interfaces/share/eco_interfaces/package.ps1'
[4.959s] INFO:colcon.colcon_core.shell:Creating package descriptor '/home/ubuntu/eco_marathon_ws/install/eco_interfaces/share/eco_interfaces/package.dsv'
[4.962s] INFO:colcon.colcon_core.shell:Creating package script '/home/ubuntu/eco_marathon_ws/install/eco_interfaces/share/eco_interfaces/package.sh'
[4.965s] INFO:colcon.colcon_core.shell:Creating package script '/home/ubuntu/eco_marathon_ws/install/eco_interfaces/share/eco_interfaces/package.bash'
[4.968s] INFO:colcon.colcon_core.shell:Creating package script '/home/ubuntu/eco_marathon_ws/install/eco_interfaces/share/eco_interfaces/package.zsh'
[4.972s] Level 1:colcon.colcon_core.environment:create_file_with_runtime_dependencies(/home/ubuntu/eco_marathon_ws/install/eco_interfaces/share/colcon-core/packages/eco_interfaces)
[4.975s] Level 1:colcon.colcon_core.environment:create_environment_scripts_only(eco_interfaces)
[4.975s] Level 1:colcon.colcon_core.environment:checking '/home/ubuntu/eco_marathon_ws/install/eco_interfaces' for CMake module files
[4.977s] Level 1:colcon.colcon_core.environment:checking '/home/ubuntu/eco_marathon_ws/install/eco_interfaces' for CMake config files
[4.977s] Level 1:colcon.colcon_core.shell:create_environment_hook('eco_interfaces', 'cmake_prefix_path')
[4.978s] INFO:colcon.colcon_core.shell:Creating environment hook '/home/ubuntu/eco_marathon_ws/install/eco_interfaces/share/eco_interfaces/hook/cmake_prefix_path.ps1'
[4.979s] INFO:colcon.colcon_core.shell:Creating environment descriptor '/home/ubuntu/eco_marathon_ws/install/eco_interfaces/share/eco_interfaces/hook/cmake_prefix_path.dsv'
[4.979s] INFO:colcon.colcon_core.shell:Creating environment hook '/home/ubuntu/eco_marathon_ws/install/eco_interfaces/share/eco_interfaces/hook/cmake_prefix_path.sh'
[4.980s] Level 1:colcon.colcon_core.environment:checking '/home/ubuntu/eco_marathon_ws/install/eco_interfaces/bin'
[4.981s] Level 1:colcon.colcon_core.environment:checking '/home/ubuntu/eco_marathon_ws/install/eco_interfaces/lib/pkgconfig/eco_interfaces.pc'
[4.981s] Level 1:colcon.colcon_core.environment:checking '/home/ubuntu/eco_marathon_ws/install/eco_interfaces/lib/python3.10/site-packages'
[4.981s] Level 1:colcon.colcon_core.environment:checking '/home/ubuntu/eco_marathon_ws/install/eco_interfaces/bin'
[4.982s] INFO:colcon.colcon_core.shell:Creating package script '/home/ubuntu/eco_marathon_ws/install/eco_interfaces/share/eco_interfaces/package.ps1'
[4.983s] INFO:colcon.colcon_core.shell:Creating package descriptor '/home/ubuntu/eco_marathon_ws/install/eco_interfaces/share/eco_interfaces/package.dsv'
[4.984s] INFO:colcon.colcon_core.shell:Creating package script '/home/ubuntu/eco_marathon_ws/install/eco_interfaces/share/eco_interfaces/package.sh'
[4.985s] INFO:colcon.colcon_core.shell:Creating package script '/home/ubuntu/eco_marathon_ws/install/eco_interfaces/share/eco_interfaces/package.bash'
[4.986s] INFO:colcon.colcon_core.shell:Creating package script '/home/ubuntu/eco_marathon_ws/install/eco_interfaces/share/eco_interfaces/package.zsh'
[4.987s] Level 1:colcon.colcon_core.environment:create_file_with_runtime_dependencies(/home/ubuntu/eco_marathon_ws/install/eco_interfaces/share/colcon-core/packages/eco_interfaces)
[5.075s] Level 1:colcon.colcon_core.environment:checking '/home/ubuntu/eco_marathon_ws/install/eco_perception' for CMake module files
[5.076s] DEBUG:colcon.colcon_core.event_handler.log_command:Invoked command in '/home/ubuntu/eco_marathon_ws/src/eco_perception' returned '0': PYTHONPATH=/home/ubuntu/eco_marathon_ws/build/eco_perception/prefix_override:/usr/lib/python3/dist-packages/colcon_core/task/python/colcon_distutils_commands:/home/ubuntu/eco_marathon_ws/install/eco_perception/lib/python3.10/site-packages:${PYTHONPATH} /usr/bin/python3 -W ignore:setup.py install is deprecated -W ignore:easy_install command is deprecated setup.py egg_info --egg-base ../../build/eco_perception build --build-base /home/ubuntu/eco_marathon_ws/build/eco_perception/build install --record /home/ubuntu/eco_marathon_ws/build/eco_perception/install.log --single-version-externally-managed install_data
[5.077s] Level 1:colcon.colcon_core.environment:checking '/home/ubuntu/eco_marathon_ws/install/eco_perception' for CMake config files
[5.078s] Level 1:colcon.colcon_core.environment:checking '/home/ubuntu/eco_marathon_ws/install/eco_perception/lib'
[5.079s] Level 1:colcon.colcon_core.environment:checking '/home/ubuntu/eco_marathon_ws/install/eco_perception/bin'
[5.079s] Level 1:colcon.colcon_core.environment:checking '/home/ubuntu/eco_marathon_ws/install/eco_perception/lib/pkgconfig/eco_perception.pc'
[5.079s] Level 1:colcon.colcon_core.environment:checking '/home/ubuntu/eco_marathon_ws/install/eco_perception/lib/python3.10/site-packages'
[5.079s] Level 1:colcon.colcon_core.shell:create_environment_hook('eco_perception', 'pythonpath')
[5.080s] INFO:colcon.colcon_core.shell:Creating environment hook '/home/ubuntu/eco_marathon_ws/install/eco_perception/share/eco_perception/hook/pythonpath.ps1'
[5.081s] INFO:colcon.colcon_core.shell:Creating environment descriptor '/home/ubuntu/eco_marathon_ws/install/eco_perception/share/eco_perception/hook/pythonpath.dsv'
[5.082s] INFO:colcon.colcon_core.shell:Creating environment hook '/home/ubuntu/eco_marathon_ws/install/eco_perception/share/eco_perception/hook/pythonpath.sh'
[5.083s] Level 1:colcon.colcon_core.environment:checking '/home/ubuntu/eco_marathon_ws/install/eco_perception/bin'
[5.083s] Level 1:colcon.colcon_core.environment:create_environment_scripts_only(eco_perception)
[5.084s] INFO:colcon.colcon_core.shell:Creating package script '/home/ubuntu/eco_marathon_ws/install/eco_perception/share/eco_perception/package.ps1'
[5.085s] INFO:colcon.colcon_core.shell:Creating package descriptor '/home/ubuntu/eco_marathon_ws/install/eco_perception/share/eco_perception/package.dsv'
[5.086s] INFO:colcon.colcon_core.shell:Creating package script '/home/ubuntu/eco_marathon_ws/install/eco_perception/share/eco_perception/package.sh'
[5.087s] INFO:colcon.colcon_core.shell:Creating package script '/home/ubuntu/eco_marathon_ws/install/eco_perception/share/eco_perception/package.bash'
[5.088s] INFO:colcon.colcon_core.shell:Creating package script '/home/ubuntu/eco_marathon_ws/install/eco_perception/share/eco_perception/package.zsh'
[5.088s] Level 1:colcon.colcon_core.environment:create_file_with_runtime_dependencies(/home/ubuntu/eco_marathon_ws/install/eco_perception/share/colcon-core/packages/eco_perception)
[5.091s] Level 1:colcon.colcon_core.environment:checking '/home/ubuntu/eco_marathon_ws/install/eco_control' for CMake module files
[5.092s] DEBUG:colcon.colcon_core.event_handler.log_command:Invoked command in '/home/ubuntu/eco_marathon_ws/src/eco_control' returned '0': PYTHONPATH=/home/ubuntu/eco_marathon_ws/build/eco_control/prefix_override:/usr/lib/python3/dist-packages/colcon_core/task/python/colcon_distutils_commands:/home/ubuntu/eco_marathon_ws/install/eco_control/lib/python3.10/site-packages:${PYTHONPATH} /usr/bin/python3 -W ignore:setup.py install is deprecated -W ignore:easy_install command is deprecated setup.py egg_info --egg-base ../../build/eco_control build --build-base /home/ubuntu/eco_marathon_ws/build/eco_control/build install --record /home/ubuntu/eco_marathon_ws/build/eco_control/install.log --single-version-externally-managed install_data
[5.092s] Level 1:colcon.colcon_core.environment:checking '/home/ubuntu/eco_marathon_ws/install/eco_control' for CMake config files
[5.093s] Level 1:colcon.colcon_core.environment:checking '/home/ubuntu/eco_marathon_ws/install/eco_control/lib'
[5.094s] Level 1:colcon.colcon_core.environment:checking '/home/ubuntu/eco_marathon_ws/install/eco_control/bin'
[5.094s] Level 1:colcon.colcon_core.environment:checking '/home/ubuntu/eco_marathon_ws/install/eco_control/lib/pkgconfig/eco_control.pc'
[5.094s] Level 1:colcon.colcon_core.environment:checking '/home/ubuntu/eco_marathon_ws/install/eco_control/lib/python3.10/site-packages'
[5.094s] Level 1:colcon.colcon_core.shell:create_environment_hook('eco_control', 'pythonpath')
[5.095s] INFO:colcon.colcon_core.shell:Creating environment hook '/home/ubuntu/eco_marathon_ws/install/eco_control/share/eco_control/hook/pythonpath.ps1'
[5.096s] INFO:colcon.colcon_core.shell:Creating environment descriptor '/home/ubuntu/eco_marathon_ws/install/eco_control/share/eco_control/hook/pythonpath.dsv'
[5.097s] INFO:colcon.colcon_core.shell:Creating environment hook '/home/ubuntu/eco_marathon_ws/install/eco_control/share/eco_control/hook/pythonpath.sh'
[5.098s] Level 1:colcon.colcon_core.environment:checking '/home/ubuntu/eco_marathon_ws/install/eco_control/bin'
[5.098s] Level 1:colcon.colcon_core.environment:create_environment_scripts_only(eco_control)
[5.098s] INFO:colcon.colcon_core.shell:Creating package script '/home/ubuntu/eco_marathon_ws/install/eco_control/share/eco_control/package.ps1'
[5.099s] INFO:colcon.colcon_core.shell:Creating package descriptor '/home/ubuntu/eco_marathon_ws/install/eco_control/share/eco_control/package.dsv'
[5.100s] INFO:colcon.colcon_core.shell:Creating package script '/home/ubuntu/eco_marathon_ws/install/eco_control/share/eco_control/package.sh'
[5.101s] INFO:colcon.colcon_core.shell:Creating package script '/home/ubuntu/eco_marathon_ws/install/eco_control/share/eco_control/package.bash'
[5.102s] INFO:colcon.colcon_core.shell:Creating package script '/home/ubuntu/eco_marathon_ws/install/eco_control/share/eco_control/package.zsh'
[5.102s] Level 1:colcon.colcon_core.environment:create_file_with_runtime_dependencies(/home/ubuntu/eco_marathon_ws/install/eco_control/share/colcon-core/packages/eco_control)
[5.107s] Level 1:colcon.colcon_core.environment:checking '/home/ubuntu/eco_marathon_ws/install/eco_localization' for CMake module files
[5.108s] DEBUG:colcon.colcon_core.event_handler.log_command:Invoked command in '/home/ubuntu/eco_marathon_ws/src/eco_localization' returned '0': PYTHONPATH=/home/ubuntu/eco_marathon_ws/build/eco_localization/prefix_override:/usr/lib/python3/dist-packages/colcon_core/task/python/colcon_distutils_commands:/home/ubuntu/eco_marathon_ws/install/eco_localization/lib/python3.10/site-packages:${PYTHONPATH} /usr/bin/python3 -W ignore:setup.py install is deprecated -W ignore:easy_install command is deprecated setup.py egg_info --egg-base ../../build/eco_localization build --build-base /home/ubuntu/eco_marathon_ws/build/eco_localization/build install --record /home/ubuntu/eco_marathon_ws/build/eco_localization/install.log --single-version-externally-managed install_data
[5.109s] Level 1:colcon.colcon_core.environment:checking '/home/ubuntu/eco_marathon_ws/install/eco_localization' for CMake config files
[5.110s] Level 1:colcon.colcon_core.environment:checking '/home/ubuntu/eco_marathon_ws/install/eco_localization/lib'
[5.110s] Level 1:colcon.colcon_core.environment:checking '/home/ubuntu/eco_marathon_ws/install/eco_localization/bin'
[5.111s] Level 1:colcon.colcon_core.environment:checking '/home/ubuntu/eco_marathon_ws/install/eco_localization/lib/pkgconfig/eco_localization.pc'
[5.111s] Level 1:colcon.colcon_core.environment:checking '/home/ubuntu/eco_marathon_ws/install/eco_localization/lib/python3.10/site-packages'
[5.111s] Level 1:colcon.colcon_core.shell:create_environment_hook('eco_localization', 'pythonpath')
[5.112s] INFO:colcon.colcon_core.shell:Creating environment hook '/home/ubuntu/eco_marathon_ws/install/eco_localization/share/eco_localization/hook/pythonpath.ps1'
[5.115s] INFO:colcon.colcon_core.shell:Creating environment descriptor '/home/ubuntu/eco_marathon_ws/install/eco_localization/share/eco_localization/hook/pythonpath.dsv'
[5.116s] INFO:colcon.colcon_core.shell:Creating environment hook '/home/ubuntu/eco_marathon_ws/install/eco_localization/share/eco_localization/hook/pythonpath.sh'
[5.117s] Level 1:colcon.colcon_core.environment:checking '/home/ubuntu/eco_marathon_ws/install/eco_localization/bin'
[5.117s] Level 1:colcon.colcon_core.environment:create_environment_scripts_only(eco_localization)
[5.118s] INFO:colcon.colcon_core.shell:Creating package script '/home/ubuntu/eco_marathon_ws/install/eco_localization/share/eco_localization/package.ps1'
[5.119s] INFO:colcon.colcon_core.shell:Creating package descriptor '/home/ubuntu/eco_marathon_ws/install/eco_localization/share/eco_localization/package.dsv'
[5.119s] INFO:colcon.colcon_core.shell:Creating package script '/home/ubuntu/eco_marathon_ws/install/eco_localization/share/eco_localization/package.sh'
[5.120s] INFO:colcon.colcon_core.shell:Creating package script '/home/ubuntu/eco_marathon_ws/install/eco_localization/share/eco_localization/package.bash'
[5.121s] INFO:colcon.colcon_core.shell:Creating package script '/home/ubuntu/eco_marathon_ws/install/eco_localization/share/eco_localization/package.zsh'
[5.121s] Level 1:colcon.colcon_core.environment:create_file_with_runtime_dependencies(/home/ubuntu/eco_marathon_ws/install/eco_localization/share/colcon-core/packages/eco_localization)
[5.123s] Level 1:colcon.colcon_core.environment:checking '/home/ubuntu/eco_marathon_ws/install/eco_planning' for CMake module files
[5.125s] DEBUG:colcon.colcon_core.event_handler.log_command:Invoked command in '/home/ubuntu/eco_marathon_ws/src/eco_planning' returned '0': PYTHONPATH=/home/ubuntu/eco_marathon_ws/build/eco_planning/prefix_override:/usr/lib/python3/dist-packages/colcon_core/task/python/colcon_distutils_commands:/home/ubuntu/eco_marathon_ws/install/eco_planning/lib/python3.10/site-packages:${PYTHONPATH} /usr/bin/python3 -W ignore:setup.py install is deprecated -W ignore:easy_install command is deprecated setup.py egg_info --egg-base ../../build/eco_planning build --build-base /home/ubuntu/eco_marathon_ws/build/eco_planning/build install --record /home/ubuntu/eco_marathon_ws/build/eco_planning/install.log --single-version-externally-managed install_data
[5.125s] Level 1:colcon.colcon_core.environment:checking '/home/ubuntu/eco_marathon_ws/install/eco_planning' for CMake config files
[5.126s] Level 1:colcon.colcon_core.environment:checking '/home/ubuntu/eco_marathon_ws/install/eco_planning/lib'
[5.126s] Level 1:colcon.colcon_core.environment:checking '/home/ubuntu/eco_marathon_ws/install/eco_planning/bin'
[5.126s] Level 1:colcon.colcon_core.environment:checking '/home/ubuntu/eco_marathon_ws/install/eco_planning/lib/pkgconfig/eco_planning.pc'
[5.127s] Level 1:colcon.colcon_core.environment:checking '/home/ubuntu/eco_marathon_ws/install/eco_planning/lib/python3.10/site-packages'
[5.127s] Level 1:colcon.colcon_core.shell:create_environment_hook('eco_planning', 'pythonpath')
[5.128s] INFO:colcon.colcon_core.shell:Creating environment hook '/home/ubuntu/eco_marathon_ws/install/eco_planning/share/eco_planning/hook/pythonpath.ps1'
[5.129s] INFO:colcon.colcon_core.shell:Creating environment descriptor '/home/ubuntu/eco_marathon_ws/install/eco_planning/share/eco_planning/hook/pythonpath.dsv'
[5.130s] INFO:colcon.colcon_core.shell:Creating environment hook '/home/ubuntu/eco_marathon_ws/install/eco_planning/share/eco_planning/hook/pythonpath.sh'
[5.131s] Level 1:colcon.colcon_core.environment:checking '/home/ubuntu/eco_marathon_ws/install/eco_planning/bin'
[5.131s] Level 1:colcon.colcon_core.environment:create_environment_scripts_only(eco_planning)
[5.132s] INFO:colcon.colcon_core.shell:Creating package script '/home/ubuntu/eco_marathon_ws/install/eco_planning/share/eco_planning/package.ps1'
[5.133s] INFO:colcon.colcon_core.shell:Creating package descriptor '/home/ubuntu/eco_marathon_ws/install/eco_planning/share/eco_planning/package.dsv'
[5.134s] INFO:colcon.colcon_core.shell:Creating package script '/home/ubuntu/eco_marathon_ws/install/eco_planning/share/eco_planning/package.sh'
[5.135s] INFO:colcon.colcon_core.shell:Creating package script '/home/ubuntu/eco_marathon_ws/install/eco_planning/share/eco_planning/package.bash'
[5.136s] INFO:colcon.colcon_core.shell:Creating package script '/home/ubuntu/eco_marathon_ws/install/eco_planning/share/eco_planning/package.zsh'
[5.137s] Level 1:colcon.colcon_core.environment:create_file_with_runtime_dependencies(/home/ubuntu/eco_marathon_ws/install/eco_planning/share/colcon-core/packages/eco_planning)
[5.138s] DEBUG:colcon.colcon_parallel_executor.executor.parallel:closing loop
[5.140s] DEBUG:colcon.colcon_parallel_executor.executor.parallel:loop closed
[5.140s] DEBUG:colcon.colcon_parallel_executor.executor.parallel:run_until_complete finished with '0'
[5.140s] DEBUG:colcon.colcon_core.event_reactor:joining thread
[5.159s] INFO:colcon.colcon_core.plugin_system:Skipping extension 'colcon_notification.desktop_notification.terminal_notifier': Not used on non-Darwin systems
[5.159s] INFO:colcon.colcon_core.plugin_system:Skipping extension 'colcon_notification.desktop_notification.win32': Not used on non-Windows systems
[5.159s] INFO:colcon.colcon_notification.desktop_notification:Sending desktop notification using 'notify2'
[5.234s] DEBUG:colcon.colcon_core.event_reactor:joined thread
[5.235s] INFO:colcon.colcon_core.shell:Creating prefix script '/home/ubuntu/eco_marathon_ws/install/local_setup.ps1'
[5.239s] INFO:colcon.colcon_core.shell:Creating prefix util module '/home/ubuntu/eco_marathon_ws/install/_local_setup_util_ps1.py'
[5.243s] INFO:colcon.colcon_core.shell:Creating prefix chain script '/home/ubuntu/eco_marathon_ws/install/setup.ps1'
[5.248s] INFO:colcon.colcon_core.shell:Creating prefix script '/home/ubuntu/eco_marathon_ws/install/local_setup.sh'
[5.251s] INFO:colcon.colcon_core.shell:Creating prefix util module '/home/ubuntu/eco_marathon_ws/install/_local_setup_util_sh.py'
[5.252s] INFO:colcon.colcon_core.shell:Creating prefix chain script '/home/ubuntu/eco_marathon_ws/install/setup.sh'
[5.256s] INFO:colcon.colcon_core.shell:Creating prefix script '/home/ubuntu/eco_marathon_ws/install/local_setup.bash'
[5.258s] INFO:colcon.colcon_core.shell:Creating prefix chain script '/home/ubuntu/eco_marathon_ws/install/setup.bash'
[5.261s] INFO:colcon.colcon_core.shell:Creating prefix script '/home/ubuntu/eco_marathon_ws/install/local_setup.zsh'
[5.263s] INFO:colcon.colcon_core.shell:Creating prefix chain script '/home/ubuntu/eco_marathon_ws/install/setup.zsh'
