running egg_info
creating ../../build/eco_planning/eco_planning.egg-info
writing ../../build/eco_planning/eco_planning.egg-info/PKG-INFO
writing dependency_links to ../../build/eco_planning/eco_planning.egg-info/dependency_links.txt
writing entry points to ../../build/eco_planning/eco_planning.egg-info/entry_points.txt
writing requirements to ../../build/eco_planning/eco_planning.egg-info/requires.txt
writing top-level names to ../../build/eco_planning/eco_planning.egg-info/top_level.txt
writing manifest file '../../build/eco_planning/eco_planning.egg-info/SOURCES.txt'
reading manifest file '../../build/eco_planning/eco_planning.egg-info/SOURCES.txt'
writing manifest file '../../build/eco_planning/eco_planning.egg-info/SOURCES.txt'
running build
running build_py
creating /home/ubuntu/eco_marathon_ws/build/eco_planning/build
creating /home/ubuntu/eco_marathon_ws/build/eco_planning/build/lib
creating /home/ubuntu/eco_marathon_ws/build/eco_planning/build/lib/eco_planning
copying eco_planning/__init__.py -> /home/ubuntu/eco_marathon_ws/build/eco_planning/build/lib/eco_planning
running install
running install_lib
creating /home/ubuntu/eco_marathon_ws/install/eco_planning/lib/python3.10/site-packages/eco_planning
copying /home/ubuntu/eco_marathon_ws/build/eco_planning/build/lib/eco_planning/__init__.py -> /home/ubuntu/eco_marathon_ws/install/eco_planning/lib/python3.10/site-packages/eco_planning
byte-compiling /home/ubuntu/eco_marathon_ws/install/eco_planning/lib/python3.10/site-packages/eco_planning/__init__.py to __init__.cpython-310.pyc
running install_data
creating /home/ubuntu/eco_marathon_ws/install/eco_planning/share/ament_index
creating /home/ubuntu/eco_marathon_ws/install/eco_planning/share/ament_index/resource_index
creating /home/ubuntu/eco_marathon_ws/install/eco_planning/share/ament_index/resource_index/packages
copying resource/eco_planning -> /home/ubuntu/eco_marathon_ws/install/eco_planning/share/ament_index/resource_index/packages
copying package.xml -> /home/ubuntu/eco_marathon_ws/install/eco_planning/share/eco_planning
running install_egg_info
Copying ../../build/eco_planning/eco_planning.egg-info to /home/ubuntu/eco_marathon_ws/install/eco_planning/lib/python3.10/site-packages/eco_planning-0.0.0-py3.10.egg-info
running install_scripts
writing list of installed files to '/home/ubuntu/eco_marathon_ws/build/eco_planning/install.log'
