[3.661s] Invoking command in '/home/ubuntu/eco_marathon_ws/src/eco_planning': PYTHONPATH=/home/ubuntu/eco_marathon_ws/build/eco_planning/prefix_override:/usr/lib/python3/dist-packages/colcon_core/task/python/colcon_distutils_commands:/home/ubuntu/eco_marathon_ws/install/eco_planning/lib/python3.10/site-packages:${PYTHONPATH} /usr/bin/python3 -W ignore:setup.py install is deprecated -W ignore:easy_install command is deprecated setup.py egg_info --egg-base ../../build/eco_planning build --build-base /home/ubuntu/eco_marathon_ws/build/eco_planning/build install --record /home/ubuntu/eco_marathon_ws/build/eco_planning/install.log --single-version-externally-managed install_data
[4.223s] running egg_info
[4.224s] creating ../../build/eco_planning/eco_planning.egg-info
[4.225s] writing ../../build/eco_planning/eco_planning.egg-info/PKG-INFO
[4.227s] writing dependency_links to ../../build/eco_planning/eco_planning.egg-info/dependency_links.txt
[4.228s] writing entry points to ../../build/eco_planning/eco_planning.egg-info/entry_points.txt
[4.228s] writing requirements to ../../build/eco_planning/eco_planning.egg-info/requires.txt
[4.228s] writing top-level names to ../../build/eco_planning/eco_planning.egg-info/top_level.txt
[4.228s] writing manifest file '../../build/eco_planning/eco_planning.egg-info/SOURCES.txt'
[4.232s] reading manifest file '../../build/eco_planning/eco_planning.egg-info/SOURCES.txt'
[4.238s] writing manifest file '../../build/eco_planning/eco_planning.egg-info/SOURCES.txt'
[4.238s] running build
[4.239s] running build_py
[4.239s] creating /home/ubuntu/eco_marathon_ws/build/eco_planning/build
[4.239s] creating /home/ubuntu/eco_marathon_ws/build/eco_planning/build/lib
[4.240s] creating /home/ubuntu/eco_marathon_ws/build/eco_planning/build/lib/eco_planning
[4.240s] copying eco_planning/__init__.py -> /home/ubuntu/eco_marathon_ws/build/eco_planning/build/lib/eco_planning
[4.240s] running install
[4.241s] running install_lib
[4.246s] creating /home/ubuntu/eco_marathon_ws/install/eco_planning/lib/python3.10/site-packages/eco_planning
[4.261s] copying /home/ubuntu/eco_marathon_ws/build/eco_planning/build/lib/eco_planning/__init__.py -> /home/ubuntu/eco_marathon_ws/install/eco_planning/lib/python3.10/site-packages/eco_planning
[4.261s] byte-compiling /home/ubuntu/eco_marathon_ws/install/eco_planning/lib/python3.10/site-packages/eco_planning/__init__.py to __init__.cpython-310.pyc
[4.262s] running install_data
[4.270s] creating /home/ubuntu/eco_marathon_ws/install/eco_planning/share/ament_index
[4.270s] creating /home/ubuntu/eco_marathon_ws/install/eco_planning/share/ament_index/resource_index
[4.271s] creating /home/ubuntu/eco_marathon_ws/install/eco_planning/share/ament_index/resource_index/packages
[4.271s] copying resource/eco_planning -> /home/ubuntu/eco_marathon_ws/install/eco_planning/share/ament_index/resource_index/packages
[4.272s] copying package.xml -> /home/ubuntu/eco_marathon_ws/install/eco_planning/share/eco_planning
[4.272s] running install_egg_info
[4.272s] Copying ../../build/eco_planning/eco_planning.egg-info to /home/ubuntu/eco_marathon_ws/install/eco_planning/lib/python3.10/site-packages/eco_planning-0.0.0-py3.10.egg-info
[4.272s] running install_scripts
[4.314s] writing list of installed files to '/home/ubuntu/eco_marathon_ws/build/eco_planning/install.log'
[4.399s] Invoked command in '/home/ubuntu/eco_marathon_ws/src/eco_planning' returned '0': PYTHONPATH=/home/ubuntu/eco_marathon_ws/build/eco_planning/prefix_override:/usr/lib/python3/dist-packages/colcon_core/task/python/colcon_distutils_commands:/home/ubuntu/eco_marathon_ws/install/eco_planning/lib/python3.10/site-packages:${PYTHONPATH} /usr/bin/python3 -W ignore:setup.py install is deprecated -W ignore:easy_install command is deprecated setup.py egg_info --egg-base ../../build/eco_planning build --build-base /home/ubuntu/eco_marathon_ws/build/eco_planning/build install --record /home/ubuntu/eco_marathon_ws/build/eco_planning/install.log --single-version-externally-managed install_data
