[3.645s] Invoking command in '/home/ubuntu/eco_marathon_ws/src/eco_localization': PYTHONPATH=/home/ubuntu/eco_marathon_ws/build/eco_localization/prefix_override:/usr/lib/python3/dist-packages/colcon_core/task/python/colcon_distutils_commands:/home/ubuntu/eco_marathon_ws/install/eco_localization/lib/python3.10/site-packages:${PYTHONPATH} /usr/bin/python3 -W ignore:setup.py install is deprecated -W ignore:easy_install command is deprecated setup.py egg_info --egg-base ../../build/eco_localization build --build-base /home/ubuntu/eco_marathon_ws/build/eco_localization/build install --record /home/ubuntu/eco_marathon_ws/build/eco_localization/install.log --single-version-externally-managed install_data
[4.861s] running egg_info
[4.876s] writing ../../build/eco_localization/eco_localization.egg-info/PKG-INFO
[4.877s] writing dependency_links to ../../build/eco_localization/eco_localization.egg-info/dependency_links.txt
[4.877s] writing entry points to ../../build/eco_localization/eco_localization.egg-info/entry_points.txt
[4.879s] writing requirements to ../../build/eco_localization/eco_localization.egg-info/requires.txt
[4.880s] writing top-level names to ../../build/eco_localization/eco_localization.egg-info/top_level.txt
[4.884s] reading manifest file '../../build/eco_localization/eco_localization.egg-info/SOURCES.txt'
[4.886s] writing manifest file '../../build/eco_localization/eco_localization.egg-info/SOURCES.txt'
[4.912s] running build
[4.912s] running build_py
[4.915s] running install
[4.916s] running install_lib
[4.920s] running install_data
[4.921s] running install_egg_info
[4.950s] removing '/home/ubuntu/eco_marathon_ws/install/eco_localization/lib/python3.10/site-packages/eco_localization-0.0.0-py3.10.egg-info' (and everything under it)
[4.950s] Copying ../../build/eco_localization/eco_localization.egg-info to /home/ubuntu/eco_marathon_ws/install/eco_localization/lib/python3.10/site-packages/eco_localization-0.0.0-py3.10.egg-info
[4.953s] running install_scripts
[5.079s] writing list of installed files to '/home/ubuntu/eco_marathon_ws/build/eco_localization/install.log'
[5.308s] Invoked command in '/home/ubuntu/eco_marathon_ws/src/eco_localization' returned '0': PYTHONPATH=/home/ubuntu/eco_marathon_ws/build/eco_localization/prefix_override:/usr/lib/python3/dist-packages/colcon_core/task/python/colcon_distutils_commands:/home/ubuntu/eco_marathon_ws/install/eco_localization/lib/python3.10/site-packages:${PYTHONPATH} /usr/bin/python3 -W ignore:setup.py install is deprecated -W ignore:easy_install command is deprecated setup.py egg_info --egg-base ../../build/eco_localization build --build-base /home/ubuntu/eco_marathon_ws/build/eco_localization/build install --record /home/ubuntu/eco_marathon_ws/build/eco_localization/install.log --single-version-externally-managed install_data
