[0.240s] DEBUG:colcon:Command line arguments: ['/usr/bin/colcon', 'build', '--packages-select', 'eco_perception']
[0.240s] DEBUG:colcon:Parsed command line arguments: Namespace(log_base=None, log_level=None, verb_name='build', build_base='build', install_base='install', merge_install=False, symlink_install=False, test_result_base=None, continue_on_error=False, executor='parallel', parallel_workers=8, event_handlers=None, ignore_user_meta=False, metas=['./colcon.meta'], base_paths=['.'], packages_ignore=None, packages_ignore_regex=None, paths=None, packages_up_to=None, packages_up_to_regex=None, packages_above=None, packages_above_and_dependencies=None, packages_above_depth=None, packages_select_by_dep=None, packages_skip_by_dep=None, packages_skip_up_to=None, packages_select_build_failed=False, packages_skip_build_finished=False, packages_select_test_failures=False, packages_skip_test_passed=False, packages_select=['eco_perception'], packages_skip=None, packages_select_regex=None, packages_skip_regex=None, packages_start=None, packages_end=None, allow_overriding=[], cmake_args=None, cmake_target=None, cmake_target_skip_unavailable=False, cmake_clean_cache=False, cmake_clean_first=False, cmake_force_configure=False, ament_cmake_args=None, catkin_cmake_args=None, catkin_skip_building_tests=False, mixin_files=None, mixin=None, verb_parser=<colcon_mixin.mixin.mixin_argument.MixinArgumentDecorator object at 0xffff952653f0>, verb_extension=<colcon_core.verb.build.BuildVerb object at 0xffff954163b0>, main=<bound method BuildVerb.main of <colcon_core.verb.build.BuildVerb object at 0xffff954163b0>>, mixin_verb=('build',))
[0.593s] Level 1:colcon.colcon_core.package_discovery:discover_packages(colcon_meta) check parameters
[0.593s] Level 1:colcon.colcon_core.package_discovery:discover_packages(recursive) check parameters
[0.593s] Level 1:colcon.colcon_core.package_discovery:discover_packages(ignore) check parameters
[0.594s] Level 1:colcon.colcon_core.package_discovery:discover_packages(path) check parameters
[0.594s] Level 1:colcon.colcon_core.package_discovery:discover_packages(colcon_meta) discover
[0.594s] Level 1:colcon.colcon_core.package_discovery:discover_packages(recursive) discover
[0.594s] INFO:colcon.colcon_core.package_discovery:Crawling recursively for packages in '/home/ubuntu/eco_marathon_ws'
[0.594s] Level 1:colcon.colcon_core.package_identification:_identify(.) by extensions ['ignore', 'ignore_ament_install']
[0.595s] Level 1:colcon.colcon_core.package_identification:_identify(.) by extension 'ignore'
[0.595s] Level 1:colcon.colcon_core.package_identification:_identify(.) by extension 'ignore_ament_install'
[0.595s] Level 1:colcon.colcon_core.package_identification:_identify(.) by extensions ['colcon_pkg']
[0.595s] Level 1:colcon.colcon_core.package_identification:_identify(.) by extension 'colcon_pkg'
[0.595s] Level 1:colcon.colcon_core.package_identification:_identify(.) by extensions ['colcon_meta']
[0.595s] Level 1:colcon.colcon_core.package_identification:_identify(.) by extension 'colcon_meta'
[0.595s] Level 1:colcon.colcon_core.package_identification:_identify(.) by extensions ['ros']
[0.595s] Level 1:colcon.colcon_core.package_identification:_identify(.) by extension 'ros'
[0.617s] Level 1:colcon.colcon_core.package_identification:_identify(.) by extensions ['cmake', 'python']
[0.617s] Level 1:colcon.colcon_core.package_identification:_identify(.) by extension 'cmake'
[0.617s] Level 1:colcon.colcon_core.package_identification:_identify(.) by extension 'python'
[0.617s] Level 1:colcon.colcon_core.package_identification:_identify(.) by extensions ['python_setup_py']
[0.617s] Level 1:colcon.colcon_core.package_identification:_identify(.) by extension 'python_setup_py'
[0.618s] Level 1:colcon.colcon_core.package_identification:_identify(build) by extensions ['ignore', 'ignore_ament_install']
[0.618s] Level 1:colcon.colcon_core.package_identification:_identify(build) by extension 'ignore'
[0.618s] Level 1:colcon.colcon_core.package_identification:_identify(build) ignored
[0.618s] Level 1:colcon.colcon_core.package_identification:_identify(install) by extensions ['ignore', 'ignore_ament_install']
[0.618s] Level 1:colcon.colcon_core.package_identification:_identify(install) by extension 'ignore'
[0.619s] Level 1:colcon.colcon_core.package_identification:_identify(install) ignored
[0.619s] Level 1:colcon.colcon_core.package_identification:_identify(log) by extensions ['ignore', 'ignore_ament_install']
[0.619s] Level 1:colcon.colcon_core.package_identification:_identify(log) by extension 'ignore'
[0.619s] Level 1:colcon.colcon_core.package_identification:_identify(log) ignored
[0.619s] Level 1:colcon.colcon_core.package_identification:_identify(models) by extensions ['ignore', 'ignore_ament_install']
[0.619s] Level 1:colcon.colcon_core.package_identification:_identify(models) by extension 'ignore'
[0.619s] Level 1:colcon.colcon_core.package_identification:_identify(models) by extension 'ignore_ament_install'
[0.620s] Level 1:colcon.colcon_core.package_identification:_identify(models) by extensions ['colcon_pkg']
[0.620s] Level 1:colcon.colcon_core.package_identification:_identify(models) by extension 'colcon_pkg'
[0.620s] Level 1:colcon.colcon_core.package_identification:_identify(models) by extensions ['colcon_meta']
[0.620s] Level 1:colcon.colcon_core.package_identification:_identify(models) by extension 'colcon_meta'
[0.620s] Level 1:colcon.colcon_core.package_identification:_identify(models) by extensions ['ros']
[0.620s] Level 1:colcon.colcon_core.package_identification:_identify(models) by extension 'ros'
[0.620s] Level 1:colcon.colcon_core.package_identification:_identify(models) by extensions ['cmake', 'python']
[0.620s] Level 1:colcon.colcon_core.package_identification:_identify(models) by extension 'cmake'
[0.620s] Level 1:colcon.colcon_core.package_identification:_identify(models) by extension 'python'
[0.620s] Level 1:colcon.colcon_core.package_identification:_identify(models) by extensions ['python_setup_py']
[0.620s] Level 1:colcon.colcon_core.package_identification:_identify(models) by extension 'python_setup_py'
[0.621s] Level 1:colcon.colcon_core.package_identification:_identify(src) by extensions ['ignore', 'ignore_ament_install']
[0.621s] Level 1:colcon.colcon_core.package_identification:_identify(src) by extension 'ignore'
[0.621s] Level 1:colcon.colcon_core.package_identification:_identify(src) by extension 'ignore_ament_install'
[0.621s] Level 1:colcon.colcon_core.package_identification:_identify(src) by extensions ['colcon_pkg']
[0.621s] Level 1:colcon.colcon_core.package_identification:_identify(src) by extension 'colcon_pkg'
[0.621s] Level 1:colcon.colcon_core.package_identification:_identify(src) by extensions ['colcon_meta']
[0.621s] Level 1:colcon.colcon_core.package_identification:_identify(src) by extension 'colcon_meta'
[0.621s] Level 1:colcon.colcon_core.package_identification:_identify(src) by extensions ['ros']
[0.621s] Level 1:colcon.colcon_core.package_identification:_identify(src) by extension 'ros'
[0.621s] Level 1:colcon.colcon_core.package_identification:_identify(src) by extensions ['cmake', 'python']
[0.621s] Level 1:colcon.colcon_core.package_identification:_identify(src) by extension 'cmake'
[0.622s] Level 1:colcon.colcon_core.package_identification:_identify(src) by extension 'python'
[0.622s] Level 1:colcon.colcon_core.package_identification:_identify(src) by extensions ['python_setup_py']
[0.622s] Level 1:colcon.colcon_core.package_identification:_identify(src) by extension 'python_setup_py'
[0.622s] Level 1:colcon.colcon_core.package_identification:_identify(src/eco_control) by extensions ['ignore', 'ignore_ament_install']
[0.622s] Level 1:colcon.colcon_core.package_identification:_identify(src/eco_control) by extension 'ignore'
[0.622s] Level 1:colcon.colcon_core.package_identification:_identify(src/eco_control) by extension 'ignore_ament_install'
[0.622s] Level 1:colcon.colcon_core.package_identification:_identify(src/eco_control) by extensions ['colcon_pkg']
[0.622s] Level 1:colcon.colcon_core.package_identification:_identify(src/eco_control) by extension 'colcon_pkg'
[0.622s] Level 1:colcon.colcon_core.package_identification:_identify(src/eco_control) by extensions ['colcon_meta']
[0.622s] Level 1:colcon.colcon_core.package_identification:_identify(src/eco_control) by extension 'colcon_meta'
[0.623s] Level 1:colcon.colcon_core.package_identification:_identify(src/eco_control) by extensions ['ros']
[0.623s] Level 1:colcon.colcon_core.package_identification:_identify(src/eco_control) by extension 'ros'
[0.627s] DEBUG:colcon.colcon_core.package_identification:Package 'src/eco_control' with type 'ros.ament_python' and name 'eco_control'
[0.628s] Level 1:colcon.colcon_core.package_identification:_identify(src/eco_interfaces) by extensions ['ignore', 'ignore_ament_install']
[0.628s] Level 1:colcon.colcon_core.package_identification:_identify(src/eco_interfaces) by extension 'ignore'
[0.628s] Level 1:colcon.colcon_core.package_identification:_identify(src/eco_interfaces) by extension 'ignore_ament_install'
[0.628s] Level 1:colcon.colcon_core.package_identification:_identify(src/eco_interfaces) by extensions ['colcon_pkg']
[0.628s] Level 1:colcon.colcon_core.package_identification:_identify(src/eco_interfaces) by extension 'colcon_pkg'
[0.628s] Level 1:colcon.colcon_core.package_identification:_identify(src/eco_interfaces) by extensions ['colcon_meta']
[0.628s] Level 1:colcon.colcon_core.package_identification:_identify(src/eco_interfaces) by extension 'colcon_meta'
[0.628s] Level 1:colcon.colcon_core.package_identification:_identify(src/eco_interfaces) by extensions ['ros']
[0.628s] Level 1:colcon.colcon_core.package_identification:_identify(src/eco_interfaces) by extension 'ros'
[0.630s] DEBUG:colcon.colcon_core.package_identification:Package 'src/eco_interfaces' with type 'ros.ament_cmake' and name 'eco_interfaces'
[0.630s] Level 1:colcon.colcon_core.package_identification:_identify(src/eco_localization) by extensions ['ignore', 'ignore_ament_install']
[0.630s] Level 1:colcon.colcon_core.package_identification:_identify(src/eco_localization) by extension 'ignore'
[0.631s] Level 1:colcon.colcon_core.package_identification:_identify(src/eco_localization) by extension 'ignore_ament_install'
[0.631s] Level 1:colcon.colcon_core.package_identification:_identify(src/eco_localization) by extensions ['colcon_pkg']
[0.631s] Level 1:colcon.colcon_core.package_identification:_identify(src/eco_localization) by extension 'colcon_pkg'
[0.631s] Level 1:colcon.colcon_core.package_identification:_identify(src/eco_localization) by extensions ['colcon_meta']
[0.631s] Level 1:colcon.colcon_core.package_identification:_identify(src/eco_localization) by extension 'colcon_meta'
[0.631s] Level 1:colcon.colcon_core.package_identification:_identify(src/eco_localization) by extensions ['ros']
[0.631s] Level 1:colcon.colcon_core.package_identification:_identify(src/eco_localization) by extension 'ros'
[0.633s] DEBUG:colcon.colcon_core.package_identification:Package 'src/eco_localization' with type 'ros.ament_python' and name 'eco_localization'
[0.633s] Level 1:colcon.colcon_core.package_identification:_identify(src/eco_perception) by extensions ['ignore', 'ignore_ament_install']
[0.633s] Level 1:colcon.colcon_core.package_identification:_identify(src/eco_perception) by extension 'ignore'
[0.633s] Level 1:colcon.colcon_core.package_identification:_identify(src/eco_perception) by extension 'ignore_ament_install'
[0.634s] Level 1:colcon.colcon_core.package_identification:_identify(src/eco_perception) by extensions ['colcon_pkg']
[0.634s] Level 1:colcon.colcon_core.package_identification:_identify(src/eco_perception) by extension 'colcon_pkg'
[0.634s] Level 1:colcon.colcon_core.package_identification:_identify(src/eco_perception) by extensions ['colcon_meta']
[0.634s] Level 1:colcon.colcon_core.package_identification:_identify(src/eco_perception) by extension 'colcon_meta'
[0.634s] Level 1:colcon.colcon_core.package_identification:_identify(src/eco_perception) by extensions ['ros']
[0.634s] Level 1:colcon.colcon_core.package_identification:_identify(src/eco_perception) by extension 'ros'
[0.635s] DEBUG:colcon.colcon_core.package_identification:Package 'src/eco_perception' with type 'ros.ament_python' and name 'eco_perception'
[0.636s] Level 1:colcon.colcon_core.package_identification:_identify(src/eco_planning) by extensions ['ignore', 'ignore_ament_install']
[0.636s] Level 1:colcon.colcon_core.package_identification:_identify(src/eco_planning) by extension 'ignore'
[0.636s] Level 1:colcon.colcon_core.package_identification:_identify(src/eco_planning) by extension 'ignore_ament_install'
[0.636s] Level 1:colcon.colcon_core.package_identification:_identify(src/eco_planning) by extensions ['colcon_pkg']
[0.636s] Level 1:colcon.colcon_core.package_identification:_identify(src/eco_planning) by extension 'colcon_pkg'
[0.636s] Level 1:colcon.colcon_core.package_identification:_identify(src/eco_planning) by extensions ['colcon_meta']
[0.636s] Level 1:colcon.colcon_core.package_identification:_identify(src/eco_planning) by extension 'colcon_meta'
[0.636s] Level 1:colcon.colcon_core.package_identification:_identify(src/eco_planning) by extensions ['ros']
[0.636s] Level 1:colcon.colcon_core.package_identification:_identify(src/eco_planning) by extension 'ros'
[0.638s] DEBUG:colcon.colcon_core.package_identification:Package 'src/eco_planning' with type 'ros.ament_python' and name 'eco_planning'
[0.638s] Level 1:colcon.colcon_core.package_identification:_identify(src/sensors) by extensions ['ignore', 'ignore_ament_install']
[0.638s] Level 1:colcon.colcon_core.package_identification:_identify(src/sensors) by extension 'ignore'
[0.638s] Level 1:colcon.colcon_core.package_identification:_identify(src/sensors) by extension 'ignore_ament_install'
[0.638s] Level 1:colcon.colcon_core.package_identification:_identify(src/sensors) by extensions ['colcon_pkg']
[0.638s] Level 1:colcon.colcon_core.package_identification:_identify(src/sensors) by extension 'colcon_pkg'
[0.638s] Level 1:colcon.colcon_core.package_identification:_identify(src/sensors) by extensions ['colcon_meta']
[0.638s] Level 1:colcon.colcon_core.package_identification:_identify(src/sensors) by extension 'colcon_meta'
[0.639s] Level 1:colcon.colcon_core.package_identification:_identify(src/sensors) by extensions ['ros']
[0.639s] Level 1:colcon.colcon_core.package_identification:_identify(src/sensors) by extension 'ros'
[0.639s] Level 1:colcon.colcon_core.package_identification:_identify(src/sensors) by extensions ['cmake', 'python']
[0.639s] Level 1:colcon.colcon_core.package_identification:_identify(src/sensors) by extension 'cmake'
[0.639s] Level 1:colcon.colcon_core.package_identification:_identify(src/sensors) by extension 'python'
[0.639s] Level 1:colcon.colcon_core.package_identification:_identify(src/sensors) by extensions ['python_setup_py']
[0.639s] Level 1:colcon.colcon_core.package_identification:_identify(src/sensors) by extension 'python_setup_py'
[0.639s] Level 1:colcon.colcon_core.package_identification:_identify(src/sensors/ros2_astra_camera) by extensions ['ignore', 'ignore_ament_install']
[0.639s] Level 1:colcon.colcon_core.package_identification:_identify(src/sensors/ros2_astra_camera) by extension 'ignore'
[0.640s] Level 1:colcon.colcon_core.package_identification:_identify(src/sensors/ros2_astra_camera) by extension 'ignore_ament_install'
[0.640s] Level 1:colcon.colcon_core.package_identification:_identify(src/sensors/ros2_astra_camera) by extensions ['colcon_pkg']
[0.640s] Level 1:colcon.colcon_core.package_identification:_identify(src/sensors/ros2_astra_camera) by extension 'colcon_pkg'
[0.640s] Level 1:colcon.colcon_core.package_identification:_identify(src/sensors/ros2_astra_camera) by extensions ['colcon_meta']
[0.640s] Level 1:colcon.colcon_core.package_identification:_identify(src/sensors/ros2_astra_camera) by extension 'colcon_meta'
[0.640s] Level 1:colcon.colcon_core.package_identification:_identify(src/sensors/ros2_astra_camera) by extensions ['ros']
[0.640s] Level 1:colcon.colcon_core.package_identification:_identify(src/sensors/ros2_astra_camera) by extension 'ros'
[0.640s] Level 1:colcon.colcon_core.package_identification:_identify(src/sensors/ros2_astra_camera) by extensions ['cmake', 'python']
[0.640s] Level 1:colcon.colcon_core.package_identification:_identify(src/sensors/ros2_astra_camera) by extension 'cmake'
[0.640s] Level 1:colcon.colcon_core.package_identification:_identify(src/sensors/ros2_astra_camera) by extension 'python'
[0.640s] Level 1:colcon.colcon_core.package_identification:_identify(src/sensors/ros2_astra_camera) by extensions ['python_setup_py']
[0.640s] Level 1:colcon.colcon_core.package_identification:_identify(src/sensors/ros2_astra_camera) by extension 'python_setup_py'
[0.641s] Level 1:colcon.colcon_core.package_identification:_identify(src/sensors/ros2_astra_camera/astra_camera) by extensions ['ignore', 'ignore_ament_install']
[0.641s] Level 1:colcon.colcon_core.package_identification:_identify(src/sensors/ros2_astra_camera/astra_camera) by extension 'ignore'
[0.641s] Level 1:colcon.colcon_core.package_identification:_identify(src/sensors/ros2_astra_camera/astra_camera) by extension 'ignore_ament_install'
[0.641s] Level 1:colcon.colcon_core.package_identification:_identify(src/sensors/ros2_astra_camera/astra_camera) by extensions ['colcon_pkg']
[0.641s] Level 1:colcon.colcon_core.package_identification:_identify(src/sensors/ros2_astra_camera/astra_camera) by extension 'colcon_pkg'
[0.641s] Level 1:colcon.colcon_core.package_identification:_identify(src/sensors/ros2_astra_camera/astra_camera) by extensions ['colcon_meta']
[0.641s] Level 1:colcon.colcon_core.package_identification:_identify(src/sensors/ros2_astra_camera/astra_camera) by extension 'colcon_meta'
[0.641s] Level 1:colcon.colcon_core.package_identification:_identify(src/sensors/ros2_astra_camera/astra_camera) by extensions ['ros']
[0.641s] Level 1:colcon.colcon_core.package_identification:_identify(src/sensors/ros2_astra_camera/astra_camera) by extension 'ros'
[0.645s] DEBUG:colcon.colcon_core.package_identification:Package 'src/sensors/ros2_astra_camera/astra_camera' with type 'ros.ament_cmake' and name 'astra_camera'
[0.645s] Level 1:colcon.colcon_core.package_identification:_identify(src/sensors/ros2_astra_camera/astra_camera_msgs) by extensions ['ignore', 'ignore_ament_install']
[0.645s] Level 1:colcon.colcon_core.package_identification:_identify(src/sensors/ros2_astra_camera/astra_camera_msgs) by extension 'ignore'
[0.645s] Level 1:colcon.colcon_core.package_identification:_identify(src/sensors/ros2_astra_camera/astra_camera_msgs) by extension 'ignore_ament_install'
[0.646s] Level 1:colcon.colcon_core.package_identification:_identify(src/sensors/ros2_astra_camera/astra_camera_msgs) by extensions ['colcon_pkg']
[0.646s] Level 1:colcon.colcon_core.package_identification:_identify(src/sensors/ros2_astra_camera/astra_camera_msgs) by extension 'colcon_pkg'
[0.646s] Level 1:colcon.colcon_core.package_identification:_identify(src/sensors/ros2_astra_camera/astra_camera_msgs) by extensions ['colcon_meta']
[0.646s] Level 1:colcon.colcon_core.package_identification:_identify(src/sensors/ros2_astra_camera/astra_camera_msgs) by extension 'colcon_meta'
[0.646s] Level 1:colcon.colcon_core.package_identification:_identify(src/sensors/ros2_astra_camera/astra_camera_msgs) by extensions ['ros']
[0.646s] Level 1:colcon.colcon_core.package_identification:_identify(src/sensors/ros2_astra_camera/astra_camera_msgs) by extension 'ros'
[0.647s] DEBUG:colcon.colcon_core.package_identification:Package 'src/sensors/ros2_astra_camera/astra_camera_msgs' with type 'ros.ament_cmake' and name 'astra_camera_msgs'
[0.647s] Level 1:colcon.colcon_core.package_discovery:discover_packages(recursive) using defaults
[0.647s] Level 1:colcon.colcon_core.package_discovery:discover_packages(ignore) discover
[0.647s] Level 1:colcon.colcon_core.package_discovery:discover_packages(ignore) using defaults
[0.647s] Level 1:colcon.colcon_core.package_discovery:discover_packages(path) discover
[0.647s] Level 1:colcon.colcon_core.package_discovery:discover_packages(path) using defaults
[0.721s] INFO:colcon.colcon_core.package_selection:Skipping not selected package 'astra_camera_msgs' in 'src/sensors/ros2_astra_camera/astra_camera_msgs'
[0.722s] INFO:colcon.colcon_core.package_selection:Skipping not selected package 'eco_control' in 'src/eco_control'
[0.722s] INFO:colcon.colcon_core.package_selection:Skipping not selected package 'eco_interfaces' in 'src/eco_interfaces'
[0.722s] INFO:colcon.colcon_core.package_selection:Skipping not selected package 'eco_localization' in 'src/eco_localization'
[0.722s] INFO:colcon.colcon_core.package_selection:Skipping not selected package 'eco_planning' in 'src/eco_planning'
[0.722s] INFO:colcon.colcon_core.package_selection:Skipping not selected package 'astra_camera' in 'src/sensors/ros2_astra_camera/astra_camera'
[0.723s] Level 1:colcon.colcon_core.package_discovery:discover_packages(prefix_path) check parameters
[0.723s] Level 1:colcon.colcon_core.package_discovery:discover_packages(prefix_path) discover
[0.727s] DEBUG:colcon.colcon_installed_package_information.package_discovery:Found 7 installed packages in /home/ubuntu/eco_marathon_ws/install
[0.729s] DEBUG:colcon.colcon_installed_package_information.package_discovery:Found 8 installed packages in /home/ubuntu/ros2_ws/install
[0.731s] DEBUG:colcon.colcon_installed_package_information.package_discovery:Found 274 installed packages in /opt/ros/humble
[0.734s] Level 1:colcon.colcon_core.package_discovery:discover_packages(prefix_path) using defaults
[0.806s] Level 5:colcon.colcon_core.verb:set package 'eco_perception' build argument 'cmake_args' from command line to 'None'
[0.806s] Level 5:colcon.colcon_core.verb:set package 'eco_perception' build argument 'cmake_target' from command line to 'None'
[0.806s] Level 5:colcon.colcon_core.verb:set package 'eco_perception' build argument 'cmake_target_skip_unavailable' from command line to 'False'
[0.806s] Level 5:colcon.colcon_core.verb:set package 'eco_perception' build argument 'cmake_clean_cache' from command line to 'False'
[0.806s] Level 5:colcon.colcon_core.verb:set package 'eco_perception' build argument 'cmake_clean_first' from command line to 'False'
[0.806s] Level 5:colcon.colcon_core.verb:set package 'eco_perception' build argument 'cmake_force_configure' from command line to 'False'
[0.806s] Level 5:colcon.colcon_core.verb:set package 'eco_perception' build argument 'ament_cmake_args' from command line to 'None'
[0.807s] Level 5:colcon.colcon_core.verb:set package 'eco_perception' build argument 'catkin_cmake_args' from command line to 'None'
[0.807s] Level 5:colcon.colcon_core.verb:set package 'eco_perception' build argument 'catkin_skip_building_tests' from command line to 'False'
[0.807s] DEBUG:colcon.colcon_core.verb:Building package 'eco_perception' with the following arguments: {'ament_cmake_args': None, 'build_base': '/home/ubuntu/eco_marathon_ws/build/eco_perception', 'catkin_cmake_args': None, 'catkin_skip_building_tests': False, 'cmake_args': None, 'cmake_clean_cache': False, 'cmake_clean_first': False, 'cmake_force_configure': False, 'cmake_target': None, 'cmake_target_skip_unavailable': False, 'install_base': '/home/ubuntu/eco_marathon_ws/install/eco_perception', 'merge_install': False, 'path': '/home/ubuntu/eco_marathon_ws/src/eco_perception', 'symlink_install': False, 'test_result_base': None}
[0.807s] INFO:colcon.colcon_core.executor:Executing jobs using 'parallel' executor
[0.809s] DEBUG:colcon.colcon_parallel_executor.executor.parallel:run_until_complete
[0.810s] INFO:colcon.colcon_ros.task.ament_python.build:Building ROS package in '/home/ubuntu/eco_marathon_ws/src/eco_perception' with build type 'ament_python'
[0.810s] Level 1:colcon.colcon_core.shell:create_environment_hook('eco_perception', 'ament_prefix_path')
[0.815s] INFO:colcon.colcon_core.plugin_system:Skipping extension 'colcon_core.shell.bat': Not used on non-Windows systems
[0.815s] INFO:colcon.colcon_core.shell:Creating environment hook '/home/ubuntu/eco_marathon_ws/install/eco_perception/share/eco_perception/hook/ament_prefix_path.ps1'
[0.817s] INFO:colcon.colcon_core.shell:Creating environment descriptor '/home/ubuntu/eco_marathon_ws/install/eco_perception/share/eco_perception/hook/ament_prefix_path.dsv'
[0.817s] INFO:colcon.colcon_core.shell:Creating environment hook '/home/ubuntu/eco_marathon_ws/install/eco_perception/share/eco_perception/hook/ament_prefix_path.sh'
[0.819s] INFO:colcon.colcon_core.shell:Skip shell extension 'powershell' for command environment: Not usable outside of PowerShell
[0.819s] DEBUG:colcon.colcon_core.shell:Skip shell extension 'dsv' for command environment
[1.411s] INFO:colcon.colcon_core.task.python.build:Building Python package in '/home/ubuntu/eco_marathon_ws/src/eco_perception'
[1.412s] INFO:colcon.colcon_core.shell:Skip shell extension 'powershell' for command environment: Not usable outside of PowerShell
[1.413s] DEBUG:colcon.colcon_core.shell:Skip shell extension 'dsv' for command environment
[2.334s] DEBUG:colcon.colcon_core.event_handler.log_command:Invoking command in '/home/ubuntu/eco_marathon_ws/src/eco_perception': PYTHONPATH=/home/ubuntu/eco_marathon_ws/build/eco_perception/prefix_override:/usr/lib/python3/dist-packages/colcon_core/task/python/colcon_distutils_commands:/home/ubuntu/eco_marathon_ws/install/eco_perception/lib/python3.10/site-packages:${PYTHONPATH} /usr/bin/python3 -W ignore:setup.py install is deprecated -W ignore:easy_install command is deprecated setup.py egg_info --egg-base ../../build/eco_perception build --build-base /home/ubuntu/eco_marathon_ws/build/eco_perception/build install --record /home/ubuntu/eco_marathon_ws/build/eco_perception/install.log --single-version-externally-managed install_data
[2.998s] DEBUG:colcon.colcon_core.event_handler.log_command:Invoked command in '/home/ubuntu/eco_marathon_ws/src/eco_perception' returned '0': PYTHONPATH=/home/ubuntu/eco_marathon_ws/build/eco_perception/prefix_override:/usr/lib/python3/dist-packages/colcon_core/task/python/colcon_distutils_commands:/home/ubuntu/eco_marathon_ws/install/eco_perception/lib/python3.10/site-packages:${PYTHONPATH} /usr/bin/python3 -W ignore:setup.py install is deprecated -W ignore:easy_install command is deprecated setup.py egg_info --egg-base ../../build/eco_perception build --build-base /home/ubuntu/eco_marathon_ws/build/eco_perception/build install --record /home/ubuntu/eco_marathon_ws/build/eco_perception/install.log --single-version-externally-managed install_data
[3.008s] Level 1:colcon.colcon_core.environment:checking '/home/ubuntu/eco_marathon_ws/install/eco_perception' for CMake module files
[3.010s] Level 1:colcon.colcon_core.environment:checking '/home/ubuntu/eco_marathon_ws/install/eco_perception' for CMake config files
[3.013s] Level 1:colcon.colcon_core.environment:checking '/home/ubuntu/eco_marathon_ws/install/eco_perception/lib'
[3.014s] Level 1:colcon.colcon_core.environment:checking '/home/ubuntu/eco_marathon_ws/install/eco_perception/bin'
[3.014s] Level 1:colcon.colcon_core.environment:checking '/home/ubuntu/eco_marathon_ws/install/eco_perception/lib/pkgconfig/eco_perception.pc'
[3.015s] Level 1:colcon.colcon_core.environment:checking '/home/ubuntu/eco_marathon_ws/install/eco_perception/lib/python3.10/site-packages'
[3.015s] Level 1:colcon.colcon_core.shell:create_environment_hook('eco_perception', 'pythonpath')
[3.016s] INFO:colcon.colcon_core.shell:Creating environment hook '/home/ubuntu/eco_marathon_ws/install/eco_perception/share/eco_perception/hook/pythonpath.ps1'
[3.019s] INFO:colcon.colcon_core.shell:Creating environment descriptor '/home/ubuntu/eco_marathon_ws/install/eco_perception/share/eco_perception/hook/pythonpath.dsv'
[3.020s] INFO:colcon.colcon_core.shell:Creating environment hook '/home/ubuntu/eco_marathon_ws/install/eco_perception/share/eco_perception/hook/pythonpath.sh'
[3.023s] Level 1:colcon.colcon_core.environment:checking '/home/ubuntu/eco_marathon_ws/install/eco_perception/bin'
[3.024s] Level 1:colcon.colcon_core.environment:create_environment_scripts_only(eco_perception)
[3.025s] INFO:colcon.colcon_core.shell:Creating package script '/home/ubuntu/eco_marathon_ws/install/eco_perception/share/eco_perception/package.ps1'
[3.028s] INFO:colcon.colcon_core.shell:Creating package descriptor '/home/ubuntu/eco_marathon_ws/install/eco_perception/share/eco_perception/package.dsv'
[3.032s] INFO:colcon.colcon_core.shell:Creating package script '/home/ubuntu/eco_marathon_ws/install/eco_perception/share/eco_perception/package.sh'
[3.036s] INFO:colcon.colcon_core.shell:Creating package script '/home/ubuntu/eco_marathon_ws/install/eco_perception/share/eco_perception/package.bash'
[3.039s] INFO:colcon.colcon_core.shell:Creating package script '/home/ubuntu/eco_marathon_ws/install/eco_perception/share/eco_perception/package.zsh'
[3.042s] Level 1:colcon.colcon_core.environment:create_file_with_runtime_dependencies(/home/ubuntu/eco_marathon_ws/install/eco_perception/share/colcon-core/packages/eco_perception)
[3.044s] DEBUG:colcon.colcon_parallel_executor.executor.parallel:closing loop
[3.045s] DEBUG:colcon.colcon_parallel_executor.executor.parallel:loop closed
[3.046s] DEBUG:colcon.colcon_parallel_executor.executor.parallel:run_until_complete finished with '0'
[3.046s] DEBUG:colcon.colcon_core.event_reactor:joining thread
[3.072s] INFO:colcon.colcon_core.plugin_system:Skipping extension 'colcon_notification.desktop_notification.terminal_notifier': Not used on non-Darwin systems
[3.073s] INFO:colcon.colcon_core.plugin_system:Skipping extension 'colcon_notification.desktop_notification.win32': Not used on non-Windows systems
[3.073s] INFO:colcon.colcon_notification.desktop_notification:Sending desktop notification using 'notify2'
[3.117s] DEBUG:colcon.colcon_core.event_reactor:joined thread
[3.119s] INFO:colcon.colcon_core.shell:Creating prefix script '/home/ubuntu/eco_marathon_ws/install/local_setup.ps1'
[3.124s] INFO:colcon.colcon_core.shell:Creating prefix util module '/home/ubuntu/eco_marathon_ws/install/_local_setup_util_ps1.py'
[3.131s] INFO:colcon.colcon_core.shell:Creating prefix chain script '/home/ubuntu/eco_marathon_ws/install/setup.ps1'
[3.139s] INFO:colcon.colcon_core.shell:Creating prefix script '/home/ubuntu/eco_marathon_ws/install/local_setup.sh'
[3.141s] INFO:colcon.colcon_core.shell:Creating prefix util module '/home/ubuntu/eco_marathon_ws/install/_local_setup_util_sh.py'
[3.144s] INFO:colcon.colcon_core.shell:Creating prefix chain script '/home/ubuntu/eco_marathon_ws/install/setup.sh'
[3.151s] INFO:colcon.colcon_core.shell:Creating prefix script '/home/ubuntu/eco_marathon_ws/install/local_setup.bash'
[3.152s] INFO:colcon.colcon_core.shell:Creating prefix chain script '/home/ubuntu/eco_marathon_ws/install/setup.bash'
[3.158s] INFO:colcon.colcon_core.shell:Creating prefix script '/home/ubuntu/eco_marathon_ws/install/local_setup.zsh'
[3.160s] INFO:colcon.colcon_core.shell:Creating prefix chain script '/home/ubuntu/eco_marathon_ws/install/setup.zsh'
