running egg_info
creating ../../build/eco_control/eco_control.egg-info
writing ../../build/eco_control/eco_control.egg-info/PKG-INFO
writing dependency_links to ../../build/eco_control/eco_control.egg-info/dependency_links.txt
writing entry points to ../../build/eco_control/eco_control.egg-info/entry_points.txt
writing requirements to ../../build/eco_control/eco_control.egg-info/requires.txt
writing top-level names to ../../build/eco_control/eco_control.egg-info/top_level.txt
writing manifest file '../../build/eco_control/eco_control.egg-info/SOURCES.txt'
reading manifest file '../../build/eco_control/eco_control.egg-info/SOURCES.txt'
writing manifest file '../../build/eco_control/eco_control.egg-info/SOURCES.txt'
running build
running build_py
creating /home/ubuntu/eco_marathon_ws/build/eco_control/build
creating /home/ubuntu/eco_marathon_ws/build/eco_control/build/lib
creating /home/ubuntu/eco_marathon_ws/build/eco_control/build/lib/eco_control
copying eco_control/__init__.py -> /home/ubuntu/eco_marathon_ws/build/eco_control/build/lib/eco_control
running install
running install_lib
creating /home/ubuntu/eco_marathon_ws/install/eco_control/lib/python3.10/site-packages/eco_control
copying /home/ubuntu/eco_marathon_ws/build/eco_control/build/lib/eco_control/__init__.py -> /home/ubuntu/eco_marathon_ws/install/eco_control/lib/python3.10/site-packages/eco_control
byte-compiling /home/ubuntu/eco_marathon_ws/install/eco_control/lib/python3.10/site-packages/eco_control/__init__.py to __init__.cpython-310.pyc
running install_data
creating /home/ubuntu/eco_marathon_ws/install/eco_control/share/ament_index
creating /home/ubuntu/eco_marathon_ws/install/eco_control/share/ament_index/resource_index
creating /home/ubuntu/eco_marathon_ws/install/eco_control/share/ament_index/resource_index/packages
copying resource/eco_control -> /home/ubuntu/eco_marathon_ws/install/eco_control/share/ament_index/resource_index/packages
copying package.xml -> /home/ubuntu/eco_marathon_ws/install/eco_control/share/eco_control
running install_egg_info
Copying ../../build/eco_control/eco_control.egg-info to /home/ubuntu/eco_marathon_ws/install/eco_control/lib/python3.10/site-packages/eco_control-0.0.0-py3.10.egg-info
running install_scripts
writing list of installed files to '/home/ubuntu/eco_marathon_ws/build/eco_control/install.log'
