[3.235s] Invoking command in '/home/ubuntu/eco_marathon_ws/src/eco_control': PYTHONPATH=/home/ubuntu/eco_marathon_ws/build/eco_control/prefix_override:/usr/lib/python3/dist-packages/colcon_core/task/python/colcon_distutils_commands:/home/ubuntu/eco_marathon_ws/install/eco_control/lib/python3.10/site-packages:${PYTHONPATH} /usr/bin/python3 -W ignore:setup.py install is deprecated -W ignore:easy_install command is deprecated setup.py egg_info --egg-base ../../build/eco_control build --build-base /home/ubuntu/eco_marathon_ws/build/eco_control/build install --record /home/ubuntu/eco_marathon_ws/build/eco_control/install.log --single-version-externally-managed install_data
[3.774s] running egg_info
[3.775s] creating ../../build/eco_control/eco_control.egg-info
[3.776s] writing ../../build/eco_control/eco_control.egg-info/PKG-INFO
[3.777s] writing dependency_links to ../../build/eco_control/eco_control.egg-info/dependency_links.txt
[3.777s] writing entry points to ../../build/eco_control/eco_control.egg-info/entry_points.txt
[3.777s] writing requirements to ../../build/eco_control/eco_control.egg-info/requires.txt
[3.777s] writing top-level names to ../../build/eco_control/eco_control.egg-info/top_level.txt
[3.777s] writing manifest file '../../build/eco_control/eco_control.egg-info/SOURCES.txt'
[3.781s] reading manifest file '../../build/eco_control/eco_control.egg-info/SOURCES.txt'
[3.786s] writing manifest file '../../build/eco_control/eco_control.egg-info/SOURCES.txt'
[3.786s] running build
[3.786s] running build_py
[3.787s] creating /home/ubuntu/eco_marathon_ws/build/eco_control/build
[3.787s] creating /home/ubuntu/eco_marathon_ws/build/eco_control/build/lib
[3.787s] creating /home/ubuntu/eco_marathon_ws/build/eco_control/build/lib/eco_control
[3.788s] copying eco_control/__init__.py -> /home/ubuntu/eco_marathon_ws/build/eco_control/build/lib/eco_control
[3.789s] running install
[3.790s] running install_lib
[3.792s] creating /home/ubuntu/eco_marathon_ws/install/eco_control/lib/python3.10/site-packages/eco_control
[3.792s] copying /home/ubuntu/eco_marathon_ws/build/eco_control/build/lib/eco_control/__init__.py -> /home/ubuntu/eco_marathon_ws/install/eco_control/lib/python3.10/site-packages/eco_control
[3.793s] byte-compiling /home/ubuntu/eco_marathon_ws/install/eco_control/lib/python3.10/site-packages/eco_control/__init__.py to __init__.cpython-310.pyc
[3.793s] running install_data
[3.793s] creating /home/ubuntu/eco_marathon_ws/install/eco_control/share/ament_index
[3.793s] creating /home/ubuntu/eco_marathon_ws/install/eco_control/share/ament_index/resource_index
[3.794s] creating /home/ubuntu/eco_marathon_ws/install/eco_control/share/ament_index/resource_index/packages
[3.795s] copying resource/eco_control -> /home/ubuntu/eco_marathon_ws/install/eco_control/share/ament_index/resource_index/packages
[3.795s] copying package.xml -> /home/ubuntu/eco_marathon_ws/install/eco_control/share/eco_control
[3.795s] running install_egg_info
[3.800s] Copying ../../build/eco_control/eco_control.egg-info to /home/ubuntu/eco_marathon_ws/install/eco_control/lib/python3.10/site-packages/eco_control-0.0.0-py3.10.egg-info
[3.805s] running install_scripts
[3.841s] writing list of installed files to '/home/ubuntu/eco_marathon_ws/build/eco_control/install.log'
[3.940s] Invoked command in '/home/ubuntu/eco_marathon_ws/src/eco_control' returned '0': PYTHONPATH=/home/ubuntu/eco_marathon_ws/build/eco_control/prefix_override:/usr/lib/python3/dist-packages/colcon_core/task/python/colcon_distutils_commands:/home/ubuntu/eco_marathon_ws/install/eco_control/lib/python3.10/site-packages:${PYTHONPATH} /usr/bin/python3 -W ignore:setup.py install is deprecated -W ignore:easy_install command is deprecated setup.py egg_info --egg-base ../../build/eco_control build --build-base /home/ubuntu/eco_marathon_ws/build/eco_control/build install --record /home/ubuntu/eco_marathon_ws/build/eco_control/install.log --single-version-externally-managed install_data
