running develop
running egg_info
creating eco_localization.egg-info
writing eco_localization.egg-info/PKG-INFO
writing dependency_links to eco_localization.egg-info/dependency_links.txt
writing entry points to eco_localization.egg-info/entry_points.txt
writing requirements to eco_localization.egg-info/requires.txt
writing top-level names to eco_localization.egg-info/top_level.txt
writing manifest file 'eco_localization.egg-info/SOURCES.txt'
reading manifest file 'eco_localization.egg-info/SOURCES.txt'
writing manifest file 'eco_localization.egg-info/SOURCES.txt'
running build_ext
Creating /home/ubuntu/eco_marathon_ws/install/eco_localization/lib/python3.10/site-packages/eco-localization.egg-link (link to .)

Installed /home/ubuntu/eco_marathon_ws/build/eco_localization
running symlink_data
creating /home/ubuntu/eco_marathon_ws/install/eco_localization/share/ament_index
creating /home/ubuntu/eco_marathon_ws/install/eco_localization/share/ament_index/resource_index
creating /home/ubuntu/eco_marathon_ws/install/eco_localization/share/ament_index/resource_index/packages
symbolically linking /home/ubuntu/eco_marathon_ws/build/eco_localization/resource/eco_localization -> /home/ubuntu/eco_marathon_ws/install/eco_localization/share/ament_index/resource_index/packages
symbolically linking /home/ubuntu/eco_marathon_ws/build/eco_localization/package.xml -> /home/ubuntu/eco_marathon_ws/install/eco_localization/share/eco_localization
