[2.981s] Invoking command in '/home/ubuntu/eco_marathon_ws/build/eco_localization': PYTHONPATH=/home/ubuntu/eco_marathon_ws/build/eco_localization/prefix_override:/usr/lib/python3/dist-packages/colcon_core/task/python/colcon_distutils_commands:/home/ubuntu/eco_marathon_ws/install/eco_localization/lib/python3.10/site-packages:${PYTHONPATH} /usr/bin/python3 -W ignore:setup.py install is deprecated -W ignore:easy_install command is deprecated setup.py develop --editable --build-directory /home/ubuntu/eco_marathon_ws/build/eco_localization/build --no-deps symlink_data
[3.529s] running develop
[3.841s] running egg_info
[3.841s] creating eco_localization.egg-info
[3.841s] writing eco_localization.egg-info/PKG-INFO
[3.842s] writing dependency_links to eco_localization.egg-info/dependency_links.txt
[3.842s] writing entry points to eco_localization.egg-info/entry_points.txt
[3.842s] writing requirements to eco_localization.egg-info/requires.txt
[3.842s] writing top-level names to eco_localization.egg-info/top_level.txt
[3.842s] writing manifest file 'eco_localization.egg-info/SOURCES.txt'
[3.846s] reading manifest file 'eco_localization.egg-info/SOURCES.txt'
[3.847s] writing manifest file 'eco_localization.egg-info/SOURCES.txt'
[3.851s] running build_ext
[3.851s] Creating /home/ubuntu/eco_marathon_ws/install/eco_localization/lib/python3.10/site-packages/eco-localization.egg-link (link to .)
[3.853s] 
[3.853s] Installed /home/ubuntu/eco_marathon_ws/build/eco_localization
[3.854s] running symlink_data
[3.854s] creating /home/ubuntu/eco_marathon_ws/install/eco_localization/share/ament_index
[3.854s] creating /home/ubuntu/eco_marathon_ws/install/eco_localization/share/ament_index/resource_index
[3.854s] creating /home/ubuntu/eco_marathon_ws/install/eco_localization/share/ament_index/resource_index/packages
[3.854s] symbolically linking /home/ubuntu/eco_marathon_ws/build/eco_localization/resource/eco_localization -> /home/ubuntu/eco_marathon_ws/install/eco_localization/share/ament_index/resource_index/packages
[3.855s] symbolically linking /home/ubuntu/eco_marathon_ws/build/eco_localization/package.xml -> /home/ubuntu/eco_marathon_ws/install/eco_localization/share/eco_localization
[3.958s] Invoked command in '/home/ubuntu/eco_marathon_ws/build/eco_localization' returned '0': PYTHONPATH=/home/ubuntu/eco_marathon_ws/build/eco_localization/prefix_override:/usr/lib/python3/dist-packages/colcon_core/task/python/colcon_distutils_commands:/home/ubuntu/eco_marathon_ws/install/eco_localization/lib/python3.10/site-packages:${PYTHONPATH} /usr/bin/python3 -W ignore:setup.py install is deprecated -W ignore:easy_install command is deprecated setup.py develop --editable --build-directory /home/ubuntu/eco_marathon_ws/build/eco_localization/build --no-deps symlink_data
