[0.235s] DEBUG:colcon:Command line arguments: ['/usr/bin/colcon', 'build']
[0.235s] DEBUG:colcon:Parsed command line arguments: Namespace(log_base=None, log_level=None, verb_name='build', build_base='build', install_base='install', merge_install=False, symlink_install=False, test_result_base=None, continue_on_error=False, executor='parallel', parallel_workers=8, event_handlers=None, ignore_user_meta=False, metas=['./colcon.meta'], base_paths=['.'], packages_ignore=None, packages_ignore_regex=None, paths=None, packages_up_to=None, packages_up_to_regex=None, packages_above=None, packages_above_and_dependencies=None, packages_above_depth=None, packages_select_by_dep=None, packages_skip_by_dep=None, packages_skip_up_to=None, packages_select_build_failed=False, packages_skip_build_finished=False, packages_select_test_failures=False, packages_skip_test_passed=False, packages_select=None, packages_skip=None, packages_select_regex=None, packages_skip_regex=None, packages_start=None, packages_end=None, allow_overriding=[], cmake_args=None, cmake_target=None, cmake_target_skip_unavailable=False, cmake_clean_cache=False, cmake_clean_first=False, cmake_force_configure=False, ament_cmake_args=None, catkin_cmake_args=None, catkin_skip_building_tests=False, mixin_files=None, mixin=None, verb_parser=<colcon_mixin.mixin.mixin_argument.MixinArgumentDecorator object at 0xffffb7b3d150>, verb_extension=<colcon_core.verb.build.BuildVerb object at 0xffffb7cf2110>, main=<bound method BuildVerb.main of <colcon_core.verb.build.BuildVerb object at 0xffffb7cf2110>>, mixin_verb=('build',))
[0.584s] Level 1:colcon.colcon_core.package_discovery:discover_packages(colcon_meta) check parameters
[0.584s] Level 1:colcon.colcon_core.package_discovery:discover_packages(recursive) check parameters
[0.585s] Level 1:colcon.colcon_core.package_discovery:discover_packages(ignore) check parameters
[0.585s] Level 1:colcon.colcon_core.package_discovery:discover_packages(path) check parameters
[0.585s] Level 1:colcon.colcon_core.package_discovery:discover_packages(colcon_meta) discover
[0.585s] Level 1:colcon.colcon_core.package_discovery:discover_packages(recursive) discover
[0.585s] INFO:colcon.colcon_core.package_discovery:Crawling recursively for packages in '/home/ubuntu/eco_marathon_ws'
[0.586s] Level 1:colcon.colcon_core.package_identification:_identify(.) by extensions ['ignore', 'ignore_ament_install']
[0.586s] Level 1:colcon.colcon_core.package_identification:_identify(.) by extension 'ignore'
[0.586s] Level 1:colcon.colcon_core.package_identification:_identify(.) by extension 'ignore_ament_install'
[0.586s] Level 1:colcon.colcon_core.package_identification:_identify(.) by extensions ['colcon_pkg']
[0.586s] Level 1:colcon.colcon_core.package_identification:_identify(.) by extension 'colcon_pkg'
[0.586s] Level 1:colcon.colcon_core.package_identification:_identify(.) by extensions ['colcon_meta']
[0.586s] Level 1:colcon.colcon_core.package_identification:_identify(.) by extension 'colcon_meta'
[0.586s] Level 1:colcon.colcon_core.package_identification:_identify(.) by extensions ['ros']
[0.586s] Level 1:colcon.colcon_core.package_identification:_identify(.) by extension 'ros'
[0.608s] Level 1:colcon.colcon_core.package_identification:_identify(.) by extensions ['cmake', 'python']
[0.608s] Level 1:colcon.colcon_core.package_identification:_identify(.) by extension 'cmake'
[0.608s] Level 1:colcon.colcon_core.package_identification:_identify(.) by extension 'python'
[0.608s] Level 1:colcon.colcon_core.package_identification:_identify(.) by extensions ['python_setup_py']
[0.608s] Level 1:colcon.colcon_core.package_identification:_identify(.) by extension 'python_setup_py'
[0.609s] Level 1:colcon.colcon_core.package_identification:_identify(build) by extensions ['ignore', 'ignore_ament_install']
[0.609s] Level 1:colcon.colcon_core.package_identification:_identify(build) by extension 'ignore'
[0.609s] Level 1:colcon.colcon_core.package_identification:_identify(build) ignored
[0.609s] Level 1:colcon.colcon_core.package_identification:_identify(install) by extensions ['ignore', 'ignore_ament_install']
[0.609s] Level 1:colcon.colcon_core.package_identification:_identify(install) by extension 'ignore'
[0.610s] Level 1:colcon.colcon_core.package_identification:_identify(install) ignored
[0.610s] Level 1:colcon.colcon_core.package_identification:_identify(log) by extensions ['ignore', 'ignore_ament_install']
[0.610s] Level 1:colcon.colcon_core.package_identification:_identify(log) by extension 'ignore'
[0.610s] Level 1:colcon.colcon_core.package_identification:_identify(log) ignored
[0.610s] Level 1:colcon.colcon_core.package_identification:_identify(src) by extensions ['ignore', 'ignore_ament_install']
[0.610s] Level 1:colcon.colcon_core.package_identification:_identify(src) by extension 'ignore'
[0.610s] Level 1:colcon.colcon_core.package_identification:_identify(src) by extension 'ignore_ament_install'
[0.611s] Level 1:colcon.colcon_core.package_identification:_identify(src) by extensions ['colcon_pkg']
[0.611s] Level 1:colcon.colcon_core.package_identification:_identify(src) by extension 'colcon_pkg'
[0.611s] Level 1:colcon.colcon_core.package_identification:_identify(src) by extensions ['colcon_meta']
[0.611s] Level 1:colcon.colcon_core.package_identification:_identify(src) by extension 'colcon_meta'
[0.611s] Level 1:colcon.colcon_core.package_identification:_identify(src) by extensions ['ros']
[0.611s] Level 1:colcon.colcon_core.package_identification:_identify(src) by extension 'ros'
[0.611s] Level 1:colcon.colcon_core.package_identification:_identify(src) by extensions ['cmake', 'python']
[0.611s] Level 1:colcon.colcon_core.package_identification:_identify(src) by extension 'cmake'
[0.611s] Level 1:colcon.colcon_core.package_identification:_identify(src) by extension 'python'
[0.611s] Level 1:colcon.colcon_core.package_identification:_identify(src) by extensions ['python_setup_py']
[0.611s] Level 1:colcon.colcon_core.package_identification:_identify(src) by extension 'python_setup_py'
[0.612s] Level 1:colcon.colcon_core.package_identification:_identify(src/eco_control) by extensions ['ignore', 'ignore_ament_install']
[0.612s] Level 1:colcon.colcon_core.package_identification:_identify(src/eco_control) by extension 'ignore'
[0.612s] Level 1:colcon.colcon_core.package_identification:_identify(src/eco_control) by extension 'ignore_ament_install'
[0.612s] Level 1:colcon.colcon_core.package_identification:_identify(src/eco_control) by extensions ['colcon_pkg']
[0.612s] Level 1:colcon.colcon_core.package_identification:_identify(src/eco_control) by extension 'colcon_pkg'
[0.612s] Level 1:colcon.colcon_core.package_identification:_identify(src/eco_control) by extensions ['colcon_meta']
[0.612s] Level 1:colcon.colcon_core.package_identification:_identify(src/eco_control) by extension 'colcon_meta'
[0.612s] Level 1:colcon.colcon_core.package_identification:_identify(src/eco_control) by extensions ['ros']
[0.612s] Level 1:colcon.colcon_core.package_identification:_identify(src/eco_control) by extension 'ros'
[0.617s] DEBUG:colcon.colcon_core.package_identification:Package 'src/eco_control' with type 'ros.ament_python' and name 'eco_control'
[0.617s] Level 1:colcon.colcon_core.package_identification:_identify(src/eco_interfaces) by extensions ['ignore', 'ignore_ament_install']
[0.618s] Level 1:colcon.colcon_core.package_identification:_identify(src/eco_interfaces) by extension 'ignore'
[0.618s] Level 1:colcon.colcon_core.package_identification:_identify(src/eco_interfaces) by extension 'ignore_ament_install'
[0.618s] Level 1:colcon.colcon_core.package_identification:_identify(src/eco_interfaces) by extensions ['colcon_pkg']
[0.618s] Level 1:colcon.colcon_core.package_identification:_identify(src/eco_interfaces) by extension 'colcon_pkg'
[0.618s] Level 1:colcon.colcon_core.package_identification:_identify(src/eco_interfaces) by extensions ['colcon_meta']
[0.618s] Level 1:colcon.colcon_core.package_identification:_identify(src/eco_interfaces) by extension 'colcon_meta'
[0.618s] Level 1:colcon.colcon_core.package_identification:_identify(src/eco_interfaces) by extensions ['ros']
[0.618s] Level 1:colcon.colcon_core.package_identification:_identify(src/eco_interfaces) by extension 'ros'
[0.620s] DEBUG:colcon.colcon_core.package_identification:Package 'src/eco_interfaces' with type 'ros.ament_cmake' and name 'eco_interfaces'
[0.620s] Level 1:colcon.colcon_core.package_identification:_identify(src/eco_localization) by extensions ['ignore', 'ignore_ament_install']
[0.620s] Level 1:colcon.colcon_core.package_identification:_identify(src/eco_localization) by extension 'ignore'
[0.620s] Level 1:colcon.colcon_core.package_identification:_identify(src/eco_localization) by extension 'ignore_ament_install'
[0.620s] Level 1:colcon.colcon_core.package_identification:_identify(src/eco_localization) by extensions ['colcon_pkg']
[0.620s] Level 1:colcon.colcon_core.package_identification:_identify(src/eco_localization) by extension 'colcon_pkg'
[0.621s] Level 1:colcon.colcon_core.package_identification:_identify(src/eco_localization) by extensions ['colcon_meta']
[0.621s] Level 1:colcon.colcon_core.package_identification:_identify(src/eco_localization) by extension 'colcon_meta'
[0.621s] Level 1:colcon.colcon_core.package_identification:_identify(src/eco_localization) by extensions ['ros']
[0.621s] Level 1:colcon.colcon_core.package_identification:_identify(src/eco_localization) by extension 'ros'
[0.622s] DEBUG:colcon.colcon_core.package_identification:Package 'src/eco_localization' with type 'ros.ament_python' and name 'eco_localization'
[0.622s] Level 1:colcon.colcon_core.package_identification:_identify(src/eco_perception) by extensions ['ignore', 'ignore_ament_install']
[0.623s] Level 1:colcon.colcon_core.package_identification:_identify(src/eco_perception) by extension 'ignore'
[0.623s] Level 1:colcon.colcon_core.package_identification:_identify(src/eco_perception) by extension 'ignore_ament_install'
[0.623s] Level 1:colcon.colcon_core.package_identification:_identify(src/eco_perception) by extensions ['colcon_pkg']
[0.623s] Level 1:colcon.colcon_core.package_identification:_identify(src/eco_perception) by extension 'colcon_pkg'
[0.623s] Level 1:colcon.colcon_core.package_identification:_identify(src/eco_perception) by extensions ['colcon_meta']
[0.623s] Level 1:colcon.colcon_core.package_identification:_identify(src/eco_perception) by extension 'colcon_meta'
[0.623s] Level 1:colcon.colcon_core.package_identification:_identify(src/eco_perception) by extensions ['ros']
[0.623s] Level 1:colcon.colcon_core.package_identification:_identify(src/eco_perception) by extension 'ros'
[0.625s] DEBUG:colcon.colcon_core.package_identification:Package 'src/eco_perception' with type 'ros.ament_python' and name 'eco_perception'
[0.625s] Level 1:colcon.colcon_core.package_identification:_identify(src/eco_planning) by extensions ['ignore', 'ignore_ament_install']
[0.625s] Level 1:colcon.colcon_core.package_identification:_identify(src/eco_planning) by extension 'ignore'
[0.625s] Level 1:colcon.colcon_core.package_identification:_identify(src/eco_planning) by extension 'ignore_ament_install'
[0.625s] Level 1:colcon.colcon_core.package_identification:_identify(src/eco_planning) by extensions ['colcon_pkg']
[0.625s] Level 1:colcon.colcon_core.package_identification:_identify(src/eco_planning) by extension 'colcon_pkg'
[0.625s] Level 1:colcon.colcon_core.package_identification:_identify(src/eco_planning) by extensions ['colcon_meta']
[0.625s] Level 1:colcon.colcon_core.package_identification:_identify(src/eco_planning) by extension 'colcon_meta'
[0.626s] Level 1:colcon.colcon_core.package_identification:_identify(src/eco_planning) by extensions ['ros']
[0.626s] Level 1:colcon.colcon_core.package_identification:_identify(src/eco_planning) by extension 'ros'
[0.627s] DEBUG:colcon.colcon_core.package_identification:Package 'src/eco_planning' with type 'ros.ament_python' and name 'eco_planning'
[0.627s] Level 1:colcon.colcon_core.package_identification:_identify(src/sensors) by extensions ['ignore', 'ignore_ament_install']
[0.627s] Level 1:colcon.colcon_core.package_identification:_identify(src/sensors) by extension 'ignore'
[0.627s] Level 1:colcon.colcon_core.package_identification:_identify(src/sensors) by extension 'ignore_ament_install'
[0.628s] Level 1:colcon.colcon_core.package_identification:_identify(src/sensors) by extensions ['colcon_pkg']
[0.628s] Level 1:colcon.colcon_core.package_identification:_identify(src/sensors) by extension 'colcon_pkg'
[0.628s] Level 1:colcon.colcon_core.package_identification:_identify(src/sensors) by extensions ['colcon_meta']
[0.628s] Level 1:colcon.colcon_core.package_identification:_identify(src/sensors) by extension 'colcon_meta'
[0.628s] Level 1:colcon.colcon_core.package_identification:_identify(src/sensors) by extensions ['ros']
[0.628s] Level 1:colcon.colcon_core.package_identification:_identify(src/sensors) by extension 'ros'
[0.628s] Level 1:colcon.colcon_core.package_identification:_identify(src/sensors) by extensions ['cmake', 'python']
[0.628s] Level 1:colcon.colcon_core.package_identification:_identify(src/sensors) by extension 'cmake'
[0.628s] Level 1:colcon.colcon_core.package_identification:_identify(src/sensors) by extension 'python'
[0.628s] Level 1:colcon.colcon_core.package_identification:_identify(src/sensors) by extensions ['python_setup_py']
[0.628s] Level 1:colcon.colcon_core.package_identification:_identify(src/sensors) by extension 'python_setup_py'
[0.629s] Level 1:colcon.colcon_core.package_identification:_identify(src/sensors/ros2_astra_camera) by extensions ['ignore', 'ignore_ament_install']
[0.629s] Level 1:colcon.colcon_core.package_identification:_identify(src/sensors/ros2_astra_camera) by extension 'ignore'
[0.629s] Level 1:colcon.colcon_core.package_identification:_identify(src/sensors/ros2_astra_camera) by extension 'ignore_ament_install'
[0.629s] Level 1:colcon.colcon_core.package_identification:_identify(src/sensors/ros2_astra_camera) by extensions ['colcon_pkg']
[0.629s] Level 1:colcon.colcon_core.package_identification:_identify(src/sensors/ros2_astra_camera) by extension 'colcon_pkg'
[0.629s] Level 1:colcon.colcon_core.package_identification:_identify(src/sensors/ros2_astra_camera) by extensions ['colcon_meta']
[0.629s] Level 1:colcon.colcon_core.package_identification:_identify(src/sensors/ros2_astra_camera) by extension 'colcon_meta'
[0.629s] Level 1:colcon.colcon_core.package_identification:_identify(src/sensors/ros2_astra_camera) by extensions ['ros']
[0.629s] Level 1:colcon.colcon_core.package_identification:_identify(src/sensors/ros2_astra_camera) by extension 'ros'
[0.629s] Level 1:colcon.colcon_core.package_identification:_identify(src/sensors/ros2_astra_camera) by extensions ['cmake', 'python']
[0.630s] Level 1:colcon.colcon_core.package_identification:_identify(src/sensors/ros2_astra_camera) by extension 'cmake'
[0.630s] Level 1:colcon.colcon_core.package_identification:_identify(src/sensors/ros2_astra_camera) by extension 'python'
[0.630s] Level 1:colcon.colcon_core.package_identification:_identify(src/sensors/ros2_astra_camera) by extensions ['python_setup_py']
[0.630s] Level 1:colcon.colcon_core.package_identification:_identify(src/sensors/ros2_astra_camera) by extension 'python_setup_py'
[0.630s] Level 1:colcon.colcon_core.package_identification:_identify(src/sensors/ros2_astra_camera/astra_camera) by extensions ['ignore', 'ignore_ament_install']
[0.630s] Level 1:colcon.colcon_core.package_identification:_identify(src/sensors/ros2_astra_camera/astra_camera) by extension 'ignore'
[0.630s] Level 1:colcon.colcon_core.package_identification:_identify(src/sensors/ros2_astra_camera/astra_camera) by extension 'ignore_ament_install'
[0.630s] Level 1:colcon.colcon_core.package_identification:_identify(src/sensors/ros2_astra_camera/astra_camera) by extensions ['colcon_pkg']
[0.630s] Level 1:colcon.colcon_core.package_identification:_identify(src/sensors/ros2_astra_camera/astra_camera) by extension 'colcon_pkg'
[0.630s] Level 1:colcon.colcon_core.package_identification:_identify(src/sensors/ros2_astra_camera/astra_camera) by extensions ['colcon_meta']
[0.631s] Level 1:colcon.colcon_core.package_identification:_identify(src/sensors/ros2_astra_camera/astra_camera) by extension 'colcon_meta'
[0.631s] Level 1:colcon.colcon_core.package_identification:_identify(src/sensors/ros2_astra_camera/astra_camera) by extensions ['ros']
[0.631s] Level 1:colcon.colcon_core.package_identification:_identify(src/sensors/ros2_astra_camera/astra_camera) by extension 'ros'
[0.634s] DEBUG:colcon.colcon_core.package_identification:Package 'src/sensors/ros2_astra_camera/astra_camera' with type 'ros.ament_cmake' and name 'astra_camera'
[0.635s] Level 1:colcon.colcon_core.package_identification:_identify(src/sensors/ros2_astra_camera/astra_camera_msgs) by extensions ['ignore', 'ignore_ament_install']
[0.635s] Level 1:colcon.colcon_core.package_identification:_identify(src/sensors/ros2_astra_camera/astra_camera_msgs) by extension 'ignore'
[0.635s] Level 1:colcon.colcon_core.package_identification:_identify(src/sensors/ros2_astra_camera/astra_camera_msgs) by extension 'ignore_ament_install'
[0.635s] Level 1:colcon.colcon_core.package_identification:_identify(src/sensors/ros2_astra_camera/astra_camera_msgs) by extensions ['colcon_pkg']
[0.635s] Level 1:colcon.colcon_core.package_identification:_identify(src/sensors/ros2_astra_camera/astra_camera_msgs) by extension 'colcon_pkg'
[0.635s] Level 1:colcon.colcon_core.package_identification:_identify(src/sensors/ros2_astra_camera/astra_camera_msgs) by extensions ['colcon_meta']
[0.635s] Level 1:colcon.colcon_core.package_identification:_identify(src/sensors/ros2_astra_camera/astra_camera_msgs) by extension 'colcon_meta'
[0.635s] Level 1:colcon.colcon_core.package_identification:_identify(src/sensors/ros2_astra_camera/astra_camera_msgs) by extensions ['ros']
[0.635s] Level 1:colcon.colcon_core.package_identification:_identify(src/sensors/ros2_astra_camera/astra_camera_msgs) by extension 'ros'
[0.636s] DEBUG:colcon.colcon_core.package_identification:Package 'src/sensors/ros2_astra_camera/astra_camera_msgs' with type 'ros.ament_cmake' and name 'astra_camera_msgs'
[0.637s] Level 1:colcon.colcon_core.package_discovery:discover_packages(recursive) using defaults
[0.637s] Level 1:colcon.colcon_core.package_discovery:discover_packages(ignore) discover
[0.637s] Level 1:colcon.colcon_core.package_discovery:discover_packages(ignore) using defaults
[0.637s] Level 1:colcon.colcon_core.package_discovery:discover_packages(path) discover
[0.637s] Level 1:colcon.colcon_core.package_discovery:discover_packages(path) using defaults
[0.712s] Level 1:colcon.colcon_core.package_discovery:discover_packages(prefix_path) check parameters
[0.712s] Level 1:colcon.colcon_core.package_discovery:discover_packages(prefix_path) discover
[0.715s] WARNING:colcon.colcon_ros.prefix_path.ament:The path '/home/ubuntu/eco_marathon_ws/install/astra_camera' in the environment variable AMENT_PREFIX_PATH doesn't exist
[0.716s] WARNING:colcon.colcon_ros.prefix_path.catkin:The path '/home/ubuntu/eco_marathon_ws/install/astra_camera' in the environment variable CMAKE_PREFIX_PATH doesn't exist
[0.717s] DEBUG:colcon.colcon_installed_package_information.package_discovery:Found 6 installed packages in /home/ubuntu/eco_marathon_ws/install
[0.718s] DEBUG:colcon.colcon_installed_package_information.package_discovery:Found 8 installed packages in /home/ubuntu/ros2_ws/install
[0.721s] DEBUG:colcon.colcon_installed_package_information.package_discovery:Found 274 installed packages in /opt/ros/humble
[0.723s] Level 1:colcon.colcon_core.package_discovery:discover_packages(prefix_path) using defaults
[0.794s] Level 5:colcon.colcon_core.verb:set package 'astra_camera_msgs' build argument 'cmake_args' from command line to 'None'
[0.794s] Level 5:colcon.colcon_core.verb:set package 'astra_camera_msgs' build argument 'cmake_target' from command line to 'None'
[0.794s] Level 5:colcon.colcon_core.verb:set package 'astra_camera_msgs' build argument 'cmake_target_skip_unavailable' from command line to 'False'
[0.794s] Level 5:colcon.colcon_core.verb:set package 'astra_camera_msgs' build argument 'cmake_clean_cache' from command line to 'False'
[0.794s] Level 5:colcon.colcon_core.verb:set package 'astra_camera_msgs' build argument 'cmake_clean_first' from command line to 'False'
[0.794s] Level 5:colcon.colcon_core.verb:set package 'astra_camera_msgs' build argument 'cmake_force_configure' from command line to 'False'
[0.795s] Level 5:colcon.colcon_core.verb:set package 'astra_camera_msgs' build argument 'ament_cmake_args' from command line to 'None'
[0.795s] Level 5:colcon.colcon_core.verb:set package 'astra_camera_msgs' build argument 'catkin_cmake_args' from command line to 'None'
[0.795s] Level 5:colcon.colcon_core.verb:set package 'astra_camera_msgs' build argument 'catkin_skip_building_tests' from command line to 'False'
[0.795s] DEBUG:colcon.colcon_core.verb:Building package 'astra_camera_msgs' with the following arguments: {'ament_cmake_args': None, 'build_base': '/home/ubuntu/eco_marathon_ws/build/astra_camera_msgs', 'catkin_cmake_args': None, 'catkin_skip_building_tests': False, 'cmake_args': None, 'cmake_clean_cache': False, 'cmake_clean_first': False, 'cmake_force_configure': False, 'cmake_target': None, 'cmake_target_skip_unavailable': False, 'install_base': '/home/ubuntu/eco_marathon_ws/install/astra_camera_msgs', 'merge_install': False, 'path': '/home/ubuntu/eco_marathon_ws/src/sensors/ros2_astra_camera/astra_camera_msgs', 'symlink_install': False, 'test_result_base': None}
[0.795s] Level 5:colcon.colcon_core.verb:set package 'eco_control' build argument 'cmake_args' from command line to 'None'
[0.796s] Level 5:colcon.colcon_core.verb:set package 'eco_control' build argument 'cmake_target' from command line to 'None'
[0.796s] Level 5:colcon.colcon_core.verb:set package 'eco_control' build argument 'cmake_target_skip_unavailable' from command line to 'False'
[0.796s] Level 5:colcon.colcon_core.verb:set package 'eco_control' build argument 'cmake_clean_cache' from command line to 'False'
[0.796s] Level 5:colcon.colcon_core.verb:set package 'eco_control' build argument 'cmake_clean_first' from command line to 'False'
[0.796s] Level 5:colcon.colcon_core.verb:set package 'eco_control' build argument 'cmake_force_configure' from command line to 'False'
[0.796s] Level 5:colcon.colcon_core.verb:set package 'eco_control' build argument 'ament_cmake_args' from command line to 'None'
[0.796s] Level 5:colcon.colcon_core.verb:set package 'eco_control' build argument 'catkin_cmake_args' from command line to 'None'
[0.796s] Level 5:colcon.colcon_core.verb:set package 'eco_control' build argument 'catkin_skip_building_tests' from command line to 'False'
[0.796s] DEBUG:colcon.colcon_core.verb:Building package 'eco_control' with the following arguments: {'ament_cmake_args': None, 'build_base': '/home/ubuntu/eco_marathon_ws/build/eco_control', 'catkin_cmake_args': None, 'catkin_skip_building_tests': False, 'cmake_args': None, 'cmake_clean_cache': False, 'cmake_clean_first': False, 'cmake_force_configure': False, 'cmake_target': None, 'cmake_target_skip_unavailable': False, 'install_base': '/home/ubuntu/eco_marathon_ws/install/eco_control', 'merge_install': False, 'path': '/home/ubuntu/eco_marathon_ws/src/eco_control', 'symlink_install': False, 'test_result_base': None}
[0.797s] Level 5:colcon.colcon_core.verb:set package 'eco_interfaces' build argument 'cmake_args' from command line to 'None'
[0.797s] Level 5:colcon.colcon_core.verb:set package 'eco_interfaces' build argument 'cmake_target' from command line to 'None'
[0.797s] Level 5:colcon.colcon_core.verb:set package 'eco_interfaces' build argument 'cmake_target_skip_unavailable' from command line to 'False'
[0.797s] Level 5:colcon.colcon_core.verb:set package 'eco_interfaces' build argument 'cmake_clean_cache' from command line to 'False'
[0.797s] Level 5:colcon.colcon_core.verb:set package 'eco_interfaces' build argument 'cmake_clean_first' from command line to 'False'
[0.797s] Level 5:colcon.colcon_core.verb:set package 'eco_interfaces' build argument 'cmake_force_configure' from command line to 'False'
[0.797s] Level 5:colcon.colcon_core.verb:set package 'eco_interfaces' build argument 'ament_cmake_args' from command line to 'None'
[0.797s] Level 5:colcon.colcon_core.verb:set package 'eco_interfaces' build argument 'catkin_cmake_args' from command line to 'None'
[0.797s] Level 5:colcon.colcon_core.verb:set package 'eco_interfaces' build argument 'catkin_skip_building_tests' from command line to 'False'
[0.797s] DEBUG:colcon.colcon_core.verb:Building package 'eco_interfaces' with the following arguments: {'ament_cmake_args': None, 'build_base': '/home/ubuntu/eco_marathon_ws/build/eco_interfaces', 'catkin_cmake_args': None, 'catkin_skip_building_tests': False, 'cmake_args': None, 'cmake_clean_cache': False, 'cmake_clean_first': False, 'cmake_force_configure': False, 'cmake_target': None, 'cmake_target_skip_unavailable': False, 'install_base': '/home/ubuntu/eco_marathon_ws/install/eco_interfaces', 'merge_install': False, 'path': '/home/ubuntu/eco_marathon_ws/src/eco_interfaces', 'symlink_install': False, 'test_result_base': None}
[0.798s] Level 5:colcon.colcon_core.verb:set package 'eco_localization' build argument 'cmake_args' from command line to 'None'
[0.798s] Level 5:colcon.colcon_core.verb:set package 'eco_localization' build argument 'cmake_target' from command line to 'None'
[0.798s] Level 5:colcon.colcon_core.verb:set package 'eco_localization' build argument 'cmake_target_skip_unavailable' from command line to 'False'
[0.798s] Level 5:colcon.colcon_core.verb:set package 'eco_localization' build argument 'cmake_clean_cache' from command line to 'False'
[0.798s] Level 5:colcon.colcon_core.verb:set package 'eco_localization' build argument 'cmake_clean_first' from command line to 'False'
[0.798s] Level 5:colcon.colcon_core.verb:set package 'eco_localization' build argument 'cmake_force_configure' from command line to 'False'
[0.798s] Level 5:colcon.colcon_core.verb:set package 'eco_localization' build argument 'ament_cmake_args' from command line to 'None'
[0.798s] Level 5:colcon.colcon_core.verb:set package 'eco_localization' build argument 'catkin_cmake_args' from command line to 'None'
[0.798s] Level 5:colcon.colcon_core.verb:set package 'eco_localization' build argument 'catkin_skip_building_tests' from command line to 'False'
[0.798s] DEBUG:colcon.colcon_core.verb:Building package 'eco_localization' with the following arguments: {'ament_cmake_args': None, 'build_base': '/home/ubuntu/eco_marathon_ws/build/eco_localization', 'catkin_cmake_args': None, 'catkin_skip_building_tests': False, 'cmake_args': None, 'cmake_clean_cache': False, 'cmake_clean_first': False, 'cmake_force_configure': False, 'cmake_target': None, 'cmake_target_skip_unavailable': False, 'install_base': '/home/ubuntu/eco_marathon_ws/install/eco_localization', 'merge_install': False, 'path': '/home/ubuntu/eco_marathon_ws/src/eco_localization', 'symlink_install': False, 'test_result_base': None}
[0.799s] Level 5:colcon.colcon_core.verb:set package 'eco_perception' build argument 'cmake_args' from command line to 'None'
[0.799s] Level 5:colcon.colcon_core.verb:set package 'eco_perception' build argument 'cmake_target' from command line to 'None'
[0.799s] Level 5:colcon.colcon_core.verb:set package 'eco_perception' build argument 'cmake_target_skip_unavailable' from command line to 'False'
[0.799s] Level 5:colcon.colcon_core.verb:set package 'eco_perception' build argument 'cmake_clean_cache' from command line to 'False'
[0.799s] Level 5:colcon.colcon_core.verb:set package 'eco_perception' build argument 'cmake_clean_first' from command line to 'False'
[0.799s] Level 5:colcon.colcon_core.verb:set package 'eco_perception' build argument 'cmake_force_configure' from command line to 'False'
[0.799s] Level 5:colcon.colcon_core.verb:set package 'eco_perception' build argument 'ament_cmake_args' from command line to 'None'
[0.799s] Level 5:colcon.colcon_core.verb:set package 'eco_perception' build argument 'catkin_cmake_args' from command line to 'None'
[0.799s] Level 5:colcon.colcon_core.verb:set package 'eco_perception' build argument 'catkin_skip_building_tests' from command line to 'False'
[0.799s] DEBUG:colcon.colcon_core.verb:Building package 'eco_perception' with the following arguments: {'ament_cmake_args': None, 'build_base': '/home/ubuntu/eco_marathon_ws/build/eco_perception', 'catkin_cmake_args': None, 'catkin_skip_building_tests': False, 'cmake_args': None, 'cmake_clean_cache': False, 'cmake_clean_first': False, 'cmake_force_configure': False, 'cmake_target': None, 'cmake_target_skip_unavailable': False, 'install_base': '/home/ubuntu/eco_marathon_ws/install/eco_perception', 'merge_install': False, 'path': '/home/ubuntu/eco_marathon_ws/src/eco_perception', 'symlink_install': False, 'test_result_base': None}
[0.800s] Level 5:colcon.colcon_core.verb:set package 'eco_planning' build argument 'cmake_args' from command line to 'None'
[0.800s] Level 5:colcon.colcon_core.verb:set package 'eco_planning' build argument 'cmake_target' from command line to 'None'
[0.800s] Level 5:colcon.colcon_core.verb:set package 'eco_planning' build argument 'cmake_target_skip_unavailable' from command line to 'False'
[0.800s] Level 5:colcon.colcon_core.verb:set package 'eco_planning' build argument 'cmake_clean_cache' from command line to 'False'
[0.800s] Level 5:colcon.colcon_core.verb:set package 'eco_planning' build argument 'cmake_clean_first' from command line to 'False'
[0.800s] Level 5:colcon.colcon_core.verb:set package 'eco_planning' build argument 'cmake_force_configure' from command line to 'False'
[0.800s] Level 5:colcon.colcon_core.verb:set package 'eco_planning' build argument 'ament_cmake_args' from command line to 'None'
[0.800s] Level 5:colcon.colcon_core.verb:set package 'eco_planning' build argument 'catkin_cmake_args' from command line to 'None'
[0.800s] Level 5:colcon.colcon_core.verb:set package 'eco_planning' build argument 'catkin_skip_building_tests' from command line to 'False'
[0.800s] DEBUG:colcon.colcon_core.verb:Building package 'eco_planning' with the following arguments: {'ament_cmake_args': None, 'build_base': '/home/ubuntu/eco_marathon_ws/build/eco_planning', 'catkin_cmake_args': None, 'catkin_skip_building_tests': False, 'cmake_args': None, 'cmake_clean_cache': False, 'cmake_clean_first': False, 'cmake_force_configure': False, 'cmake_target': None, 'cmake_target_skip_unavailable': False, 'install_base': '/home/ubuntu/eco_marathon_ws/install/eco_planning', 'merge_install': False, 'path': '/home/ubuntu/eco_marathon_ws/src/eco_planning', 'symlink_install': False, 'test_result_base': None}
[0.801s] Level 5:colcon.colcon_core.verb:set package 'astra_camera' build argument 'cmake_args' from command line to 'None'
[0.801s] Level 5:colcon.colcon_core.verb:set package 'astra_camera' build argument 'cmake_target' from command line to 'None'
[0.801s] Level 5:colcon.colcon_core.verb:set package 'astra_camera' build argument 'cmake_target_skip_unavailable' from command line to 'False'
[0.801s] Level 5:colcon.colcon_core.verb:set package 'astra_camera' build argument 'cmake_clean_cache' from command line to 'False'
[0.801s] Level 5:colcon.colcon_core.verb:set package 'astra_camera' build argument 'cmake_clean_first' from command line to 'False'
[0.801s] Level 5:colcon.colcon_core.verb:set package 'astra_camera' build argument 'cmake_force_configure' from command line to 'False'
[0.801s] Level 5:colcon.colcon_core.verb:set package 'astra_camera' build argument 'ament_cmake_args' from command line to 'None'
[0.801s] Level 5:colcon.colcon_core.verb:set package 'astra_camera' build argument 'catkin_cmake_args' from command line to 'None'
[0.801s] Level 5:colcon.colcon_core.verb:set package 'astra_camera' build argument 'catkin_skip_building_tests' from command line to 'False'
[0.801s] DEBUG:colcon.colcon_core.verb:Building package 'astra_camera' with the following arguments: {'ament_cmake_args': None, 'build_base': '/home/ubuntu/eco_marathon_ws/build/astra_camera', 'catkin_cmake_args': None, 'catkin_skip_building_tests': False, 'cmake_args': None, 'cmake_clean_cache': False, 'cmake_clean_first': False, 'cmake_force_configure': False, 'cmake_target': None, 'cmake_target_skip_unavailable': False, 'install_base': '/home/ubuntu/eco_marathon_ws/install/astra_camera', 'merge_install': False, 'path': '/home/ubuntu/eco_marathon_ws/src/sensors/ros2_astra_camera/astra_camera', 'symlink_install': False, 'test_result_base': None}
[0.801s] INFO:colcon.colcon_core.executor:Executing jobs using 'parallel' executor
[0.804s] DEBUG:colcon.colcon_parallel_executor.executor.parallel:run_until_complete
[0.804s] INFO:colcon.colcon_ros.task.ament_cmake.build:Building ROS package in '/home/ubuntu/eco_marathon_ws/src/sensors/ros2_astra_camera/astra_camera_msgs' with build type 'ament_cmake'
[0.805s] INFO:colcon.colcon_cmake.task.cmake.build:Building CMake package in '/home/ubuntu/eco_marathon_ws/src/sensors/ros2_astra_camera/astra_camera_msgs'
[0.809s] INFO:colcon.colcon_core.plugin_system:Skipping extension 'colcon_core.shell.bat': Not used on non-Windows systems
[0.810s] INFO:colcon.colcon_core.shell:Skip shell extension 'powershell' for command environment: Not usable outside of PowerShell
[0.810s] DEBUG:colcon.colcon_core.shell:Skip shell extension 'dsv' for command environment
[0.818s] INFO:colcon.colcon_ros.task.ament_python.build:Building ROS package in '/home/ubuntu/eco_marathon_ws/src/eco_control' with build type 'ament_python'
[0.818s] Level 1:colcon.colcon_core.shell:create_environment_hook('eco_control', 'ament_prefix_path')
[0.819s] INFO:colcon.colcon_core.shell:Creating environment hook '/home/ubuntu/eco_marathon_ws/install/eco_control/share/eco_control/hook/ament_prefix_path.ps1'
[0.820s] INFO:colcon.colcon_core.shell:Creating environment descriptor '/home/ubuntu/eco_marathon_ws/install/eco_control/share/eco_control/hook/ament_prefix_path.dsv'
[0.821s] INFO:colcon.colcon_core.shell:Creating environment hook '/home/ubuntu/eco_marathon_ws/install/eco_control/share/eco_control/hook/ament_prefix_path.sh'
[0.823s] INFO:colcon.colcon_core.shell:Skip shell extension 'powershell' for command environment: Not usable outside of PowerShell
[0.823s] DEBUG:colcon.colcon_core.shell:Skip shell extension 'dsv' for command environment
[0.830s] INFO:colcon.colcon_ros.task.ament_cmake.build:Building ROS package in '/home/ubuntu/eco_marathon_ws/src/eco_interfaces' with build type 'ament_cmake'
[0.831s] INFO:colcon.colcon_cmake.task.cmake.build:Building CMake package in '/home/ubuntu/eco_marathon_ws/src/eco_interfaces'
[0.831s] INFO:colcon.colcon_core.shell:Skip shell extension 'powershell' for command environment: Not usable outside of PowerShell
[0.831s] DEBUG:colcon.colcon_core.shell:Skip shell extension 'dsv' for command environment
[0.839s] INFO:colcon.colcon_ros.task.ament_python.build:Building ROS package in '/home/ubuntu/eco_marathon_ws/src/eco_localization' with build type 'ament_python'
[0.840s] Level 1:colcon.colcon_core.shell:create_environment_hook('eco_localization', 'ament_prefix_path')
[0.840s] INFO:colcon.colcon_core.shell:Creating environment hook '/home/ubuntu/eco_marathon_ws/install/eco_localization/share/eco_localization/hook/ament_prefix_path.ps1'
[0.841s] INFO:colcon.colcon_core.shell:Creating environment descriptor '/home/ubuntu/eco_marathon_ws/install/eco_localization/share/eco_localization/hook/ament_prefix_path.dsv'
[0.842s] INFO:colcon.colcon_core.shell:Creating environment hook '/home/ubuntu/eco_marathon_ws/install/eco_localization/share/eco_localization/hook/ament_prefix_path.sh'
[0.843s] INFO:colcon.colcon_core.shell:Skip shell extension 'powershell' for command environment: Not usable outside of PowerShell
[0.843s] DEBUG:colcon.colcon_core.shell:Skip shell extension 'dsv' for command environment
[0.851s] INFO:colcon.colcon_ros.task.ament_python.build:Building ROS package in '/home/ubuntu/eco_marathon_ws/src/eco_perception' with build type 'ament_python'
[0.851s] Level 1:colcon.colcon_core.shell:create_environment_hook('eco_perception', 'ament_prefix_path')
[0.852s] INFO:colcon.colcon_core.shell:Creating environment hook '/home/ubuntu/eco_marathon_ws/install/eco_perception/share/eco_perception/hook/ament_prefix_path.ps1'
[0.853s] INFO:colcon.colcon_core.shell:Creating environment descriptor '/home/ubuntu/eco_marathon_ws/install/eco_perception/share/eco_perception/hook/ament_prefix_path.dsv'
[0.854s] INFO:colcon.colcon_core.shell:Creating environment hook '/home/ubuntu/eco_marathon_ws/install/eco_perception/share/eco_perception/hook/ament_prefix_path.sh'
[0.855s] INFO:colcon.colcon_core.shell:Skip shell extension 'powershell' for command environment: Not usable outside of PowerShell
[0.856s] DEBUG:colcon.colcon_core.shell:Skip shell extension 'dsv' for command environment
[0.863s] INFO:colcon.colcon_ros.task.ament_python.build:Building ROS package in '/home/ubuntu/eco_marathon_ws/src/eco_planning' with build type 'ament_python'
[0.863s] Level 1:colcon.colcon_core.shell:create_environment_hook('eco_planning', 'ament_prefix_path')
[0.864s] INFO:colcon.colcon_core.shell:Creating environment hook '/home/ubuntu/eco_marathon_ws/install/eco_planning/share/eco_planning/hook/ament_prefix_path.ps1'
[0.865s] INFO:colcon.colcon_core.shell:Creating environment descriptor '/home/ubuntu/eco_marathon_ws/install/eco_planning/share/eco_planning/hook/ament_prefix_path.dsv'
[0.866s] INFO:colcon.colcon_core.shell:Creating environment hook '/home/ubuntu/eco_marathon_ws/install/eco_planning/share/eco_planning/hook/ament_prefix_path.sh'
[0.868s] INFO:colcon.colcon_core.shell:Skip shell extension 'powershell' for command environment: Not usable outside of PowerShell
[0.868s] DEBUG:colcon.colcon_core.shell:Skip shell extension 'dsv' for command environment
[0.884s] DEBUG:colcon.colcon_core.event_handler.log_command:Invoking command in '/home/ubuntu/eco_marathon_ws/build/astra_camera_msgs': CMAKE_PREFIX_PATH=${CMAKE_PREFIX_PATH}:/home/ubuntu/eco_marathon_ws/install/eco_planning:/home/ubuntu/eco_marathon_ws/install/eco_perception:/home/ubuntu/eco_marathon_ws/install/eco_localization:/home/ubuntu/eco_marathon_ws/install/eco_control:/home/ubuntu/ros2_ws/install/vehicle_interface:/home/ubuntu/ros2_ws/install/stop_sign:/home/ubuntu/ros2_ws/install/my_robot_controller:/home/ubuntu/ros2_ws/install/lane_detection:/home/ubuntu/ros2_ws/install/control:/opt/ros/humble /home/ubuntu/.local/bin/cmake --build /home/ubuntu/eco_marathon_ws/build/astra_camera_msgs -- -j8 -l8
[1.464s] INFO:colcon.colcon_core.task.python.build:Building Python package in '/home/ubuntu/eco_marathon_ws/src/eco_control'
[1.464s] INFO:colcon.colcon_core.shell:Skip shell extension 'powershell' for command environment: Not usable outside of PowerShell
[1.464s] DEBUG:colcon.colcon_core.shell:Skip shell extension 'dsv' for command environment
[1.479s] DEBUG:colcon.colcon_core.event_handler.log_command:Invoking command in '/home/ubuntu/eco_marathon_ws/build/eco_interfaces': CMAKE_PREFIX_PATH=${CMAKE_PREFIX_PATH}:/home/ubuntu/eco_marathon_ws/install/eco_planning:/home/ubuntu/eco_marathon_ws/install/eco_perception:/home/ubuntu/eco_marathon_ws/install/eco_localization:/home/ubuntu/eco_marathon_ws/install/eco_control:/home/ubuntu/ros2_ws/install/vehicle_interface:/home/ubuntu/ros2_ws/install/stop_sign:/home/ubuntu/ros2_ws/install/my_robot_controller:/home/ubuntu/ros2_ws/install/lane_detection:/home/ubuntu/ros2_ws/install/control:/opt/ros/humble /home/ubuntu/.local/bin/cmake --build /home/ubuntu/eco_marathon_ws/build/eco_interfaces -- -j8 -l8
[2.068s] INFO:colcon.colcon_core.task.python.build:Building Python package in '/home/ubuntu/eco_marathon_ws/src/eco_localization'
[2.069s] INFO:colcon.colcon_core.shell:Skip shell extension 'powershell' for command environment: Not usable outside of PowerShell
[2.069s] DEBUG:colcon.colcon_core.shell:Skip shell extension 'dsv' for command environment
[2.660s] INFO:colcon.colcon_core.task.python.build:Building Python package in '/home/ubuntu/eco_marathon_ws/src/eco_perception'
[2.661s] INFO:colcon.colcon_core.shell:Skip shell extension 'powershell' for command environment: Not usable outside of PowerShell
[2.661s] DEBUG:colcon.colcon_core.shell:Skip shell extension 'dsv' for command environment
[3.267s] INFO:colcon.colcon_core.task.python.build:Building Python package in '/home/ubuntu/eco_marathon_ws/src/eco_planning'
[3.269s] INFO:colcon.colcon_core.shell:Skip shell extension 'powershell' for command environment: Not usable outside of PowerShell
[3.269s] DEBUG:colcon.colcon_core.shell:Skip shell extension 'dsv' for command environment
[3.288s] DEBUG:colcon.colcon_core.event_handler.log_command:Invoked command in '/home/ubuntu/eco_marathon_ws/build/astra_camera_msgs' returned '0': CMAKE_PREFIX_PATH=${CMAKE_PREFIX_PATH}:/home/ubuntu/eco_marathon_ws/install/eco_planning:/home/ubuntu/eco_marathon_ws/install/eco_perception:/home/ubuntu/eco_marathon_ws/install/eco_localization:/home/ubuntu/eco_marathon_ws/install/eco_control:/home/ubuntu/ros2_ws/install/vehicle_interface:/home/ubuntu/ros2_ws/install/stop_sign:/home/ubuntu/ros2_ws/install/my_robot_controller:/home/ubuntu/ros2_ws/install/lane_detection:/home/ubuntu/ros2_ws/install/control:/opt/ros/humble /home/ubuntu/.local/bin/cmake --build /home/ubuntu/eco_marathon_ws/build/astra_camera_msgs -- -j8 -l8
[3.463s] DEBUG:colcon.colcon_core.event_handler.log_command:Invoking command in '/home/ubuntu/eco_marathon_ws/build/astra_camera_msgs': CMAKE_PREFIX_PATH=${CMAKE_PREFIX_PATH}:/home/ubuntu/eco_marathon_ws/install/eco_planning:/home/ubuntu/eco_marathon_ws/install/eco_perception:/home/ubuntu/eco_marathon_ws/install/eco_localization:/home/ubuntu/eco_marathon_ws/install/eco_control:/home/ubuntu/ros2_ws/install/vehicle_interface:/home/ubuntu/ros2_ws/install/stop_sign:/home/ubuntu/ros2_ws/install/my_robot_controller:/home/ubuntu/ros2_ws/install/lane_detection:/home/ubuntu/ros2_ws/install/control:/opt/ros/humble /home/ubuntu/.local/bin/cmake --install /home/ubuntu/eco_marathon_ws/build/astra_camera_msgs
[3.912s] Level 1:colcon.colcon_core.environment:create_environment_scripts_only(astra_camera_msgs)
[3.918s] Level 1:colcon.colcon_core.environment:checking '/home/ubuntu/eco_marathon_ws/install/astra_camera_msgs' for CMake module files
[3.919s] Level 1:colcon.colcon_core.environment:checking '/home/ubuntu/eco_marathon_ws/install/astra_camera_msgs' for CMake config files
[3.923s] Level 1:colcon.colcon_core.shell:create_environment_hook('astra_camera_msgs', 'cmake_prefix_path')
[3.923s] INFO:colcon.colcon_core.shell:Creating environment hook '/home/ubuntu/eco_marathon_ws/install/astra_camera_msgs/share/astra_camera_msgs/hook/cmake_prefix_path.ps1'
[3.926s] DEBUG:colcon.colcon_core.event_handler.log_command:Invoked command in '/home/ubuntu/eco_marathon_ws/build/astra_camera_msgs' returned '0': CMAKE_PREFIX_PATH=${CMAKE_PREFIX_PATH}:/home/ubuntu/eco_marathon_ws/install/eco_planning:/home/ubuntu/eco_marathon_ws/install/eco_perception:/home/ubuntu/eco_marathon_ws/install/eco_localization:/home/ubuntu/eco_marathon_ws/install/eco_control:/home/ubuntu/ros2_ws/install/vehicle_interface:/home/ubuntu/ros2_ws/install/stop_sign:/home/ubuntu/ros2_ws/install/my_robot_controller:/home/ubuntu/ros2_ws/install/lane_detection:/home/ubuntu/ros2_ws/install/control:/opt/ros/humble /home/ubuntu/.local/bin/cmake --install /home/ubuntu/eco_marathon_ws/build/astra_camera_msgs
[3.926s] INFO:colcon.colcon_core.shell:Creating environment descriptor '/home/ubuntu/eco_marathon_ws/install/astra_camera_msgs/share/astra_camera_msgs/hook/cmake_prefix_path.dsv'
[3.928s] INFO:colcon.colcon_core.shell:Creating environment hook '/home/ubuntu/eco_marathon_ws/install/astra_camera_msgs/share/astra_camera_msgs/hook/cmake_prefix_path.sh'
[3.930s] Level 1:colcon.colcon_core.environment:checking '/home/ubuntu/eco_marathon_ws/install/astra_camera_msgs/lib'
[3.931s] Level 1:colcon.colcon_core.shell:create_environment_hook('astra_camera_msgs', 'ld_library_path_lib')
[3.931s] INFO:colcon.colcon_core.shell:Creating environment hook '/home/ubuntu/eco_marathon_ws/install/astra_camera_msgs/share/astra_camera_msgs/hook/ld_library_path_lib.ps1'
[3.932s] INFO:colcon.colcon_core.shell:Creating environment descriptor '/home/ubuntu/eco_marathon_ws/install/astra_camera_msgs/share/astra_camera_msgs/hook/ld_library_path_lib.dsv'
[3.933s] INFO:colcon.colcon_core.shell:Creating environment hook '/home/ubuntu/eco_marathon_ws/install/astra_camera_msgs/share/astra_camera_msgs/hook/ld_library_path_lib.sh'
[3.934s] Level 1:colcon.colcon_core.environment:checking '/home/ubuntu/eco_marathon_ws/install/astra_camera_msgs/bin'
[3.935s] Level 1:colcon.colcon_core.environment:checking '/home/ubuntu/eco_marathon_ws/install/astra_camera_msgs/lib/pkgconfig/astra_camera_msgs.pc'
[3.935s] Level 1:colcon.colcon_core.environment:checking '/home/ubuntu/eco_marathon_ws/install/astra_camera_msgs/lib/python3.10/site-packages'
[3.936s] Level 1:colcon.colcon_core.environment:checking '/home/ubuntu/eco_marathon_ws/install/astra_camera_msgs/bin'
[3.936s] INFO:colcon.colcon_core.shell:Creating package script '/home/ubuntu/eco_marathon_ws/install/astra_camera_msgs/share/astra_camera_msgs/package.ps1'
[3.938s] INFO:colcon.colcon_core.shell:Creating package descriptor '/home/ubuntu/eco_marathon_ws/install/astra_camera_msgs/share/astra_camera_msgs/package.dsv'
[3.940s] INFO:colcon.colcon_core.shell:Creating package script '/home/ubuntu/eco_marathon_ws/install/astra_camera_msgs/share/astra_camera_msgs/package.sh'
[3.941s] INFO:colcon.colcon_core.shell:Creating package script '/home/ubuntu/eco_marathon_ws/install/astra_camera_msgs/share/astra_camera_msgs/package.bash'
[3.943s] INFO:colcon.colcon_core.shell:Creating package script '/home/ubuntu/eco_marathon_ws/install/astra_camera_msgs/share/astra_camera_msgs/package.zsh'
[3.944s] Level 1:colcon.colcon_core.environment:create_file_with_runtime_dependencies(/home/ubuntu/eco_marathon_ws/install/astra_camera_msgs/share/colcon-core/packages/astra_camera_msgs)
[3.945s] Level 1:colcon.colcon_core.environment:create_environment_scripts_only(astra_camera_msgs)
[3.946s] Level 1:colcon.colcon_core.environment:checking '/home/ubuntu/eco_marathon_ws/install/astra_camera_msgs' for CMake module files
[3.948s] Level 1:colcon.colcon_core.environment:checking '/home/ubuntu/eco_marathon_ws/install/astra_camera_msgs' for CMake config files
[3.950s] Level 1:colcon.colcon_core.shell:create_environment_hook('astra_camera_msgs', 'cmake_prefix_path')
[3.950s] INFO:colcon.colcon_core.shell:Creating environment hook '/home/ubuntu/eco_marathon_ws/install/astra_camera_msgs/share/astra_camera_msgs/hook/cmake_prefix_path.ps1'
[3.951s] INFO:colcon.colcon_core.shell:Creating environment descriptor '/home/ubuntu/eco_marathon_ws/install/astra_camera_msgs/share/astra_camera_msgs/hook/cmake_prefix_path.dsv'
[3.952s] INFO:colcon.colcon_core.shell:Creating environment hook '/home/ubuntu/eco_marathon_ws/install/astra_camera_msgs/share/astra_camera_msgs/hook/cmake_prefix_path.sh'
[3.954s] Level 1:colcon.colcon_core.environment:checking '/home/ubuntu/eco_marathon_ws/install/astra_camera_msgs/lib'
[3.954s] Level 1:colcon.colcon_core.shell:create_environment_hook('astra_camera_msgs', 'ld_library_path_lib')
[3.954s] INFO:colcon.colcon_core.shell:Creating environment hook '/home/ubuntu/eco_marathon_ws/install/astra_camera_msgs/share/astra_camera_msgs/hook/ld_library_path_lib.ps1'
[3.955s] INFO:colcon.colcon_core.shell:Creating environment descriptor '/home/ubuntu/eco_marathon_ws/install/astra_camera_msgs/share/astra_camera_msgs/hook/ld_library_path_lib.dsv'
[3.956s] INFO:colcon.colcon_core.shell:Creating environment hook '/home/ubuntu/eco_marathon_ws/install/astra_camera_msgs/share/astra_camera_msgs/hook/ld_library_path_lib.sh'
[3.957s] Level 1:colcon.colcon_core.environment:checking '/home/ubuntu/eco_marathon_ws/install/astra_camera_msgs/bin'
[3.957s] Level 1:colcon.colcon_core.environment:checking '/home/ubuntu/eco_marathon_ws/install/astra_camera_msgs/lib/pkgconfig/astra_camera_msgs.pc'
[3.958s] Level 1:colcon.colcon_core.environment:checking '/home/ubuntu/eco_marathon_ws/install/astra_camera_msgs/lib/python3.10/site-packages'
[3.958s] Level 1:colcon.colcon_core.environment:checking '/home/ubuntu/eco_marathon_ws/install/astra_camera_msgs/bin'
[3.959s] INFO:colcon.colcon_core.shell:Creating package script '/home/ubuntu/eco_marathon_ws/install/astra_camera_msgs/share/astra_camera_msgs/package.ps1'
[3.961s] INFO:colcon.colcon_core.shell:Creating package descriptor '/home/ubuntu/eco_marathon_ws/install/astra_camera_msgs/share/astra_camera_msgs/package.dsv'
[3.963s] INFO:colcon.colcon_core.shell:Creating package script '/home/ubuntu/eco_marathon_ws/install/astra_camera_msgs/share/astra_camera_msgs/package.sh'
[3.964s] INFO:colcon.colcon_core.shell:Creating package script '/home/ubuntu/eco_marathon_ws/install/astra_camera_msgs/share/astra_camera_msgs/package.bash'
[3.965s] INFO:colcon.colcon_core.shell:Creating package script '/home/ubuntu/eco_marathon_ws/install/astra_camera_msgs/share/astra_camera_msgs/package.zsh'
[3.966s] Level 1:colcon.colcon_core.environment:create_file_with_runtime_dependencies(/home/ubuntu/eco_marathon_ws/install/astra_camera_msgs/share/colcon-core/packages/astra_camera_msgs)
[3.969s] INFO:colcon.colcon_ros.task.ament_cmake.build:Building ROS package in '/home/ubuntu/eco_marathon_ws/src/sensors/ros2_astra_camera/astra_camera' with build type 'ament_cmake'
[3.969s] INFO:colcon.colcon_cmake.task.cmake.build:Building CMake package in '/home/ubuntu/eco_marathon_ws/src/sensors/ros2_astra_camera/astra_camera'
[3.970s] INFO:colcon.colcon_core.shell:Skip shell extension 'powershell' for command environment: Not usable outside of PowerShell
[3.970s] DEBUG:colcon.colcon_core.shell:Skip shell extension 'dsv' for command environment
[4.002s] DEBUG:colcon.colcon_core.event_handler.log_command:Invoking command in '/home/ubuntu/eco_marathon_ws/build/astra_camera': CMAKE_PREFIX_PATH=/home/ubuntu/eco_marathon_ws/install/astra_camera_msgs:/home/ubuntu/eco_marathon_ws/install/eco_interfaces:/home/ubuntu/eco_marathon_ws/install/astra_camera:/home/ubuntu/ros2_ws/install/sn_interfaces:/home/ubuntu/ros2_ws/install/astra_camera:/home/ubuntu/ros2_ws/install/astra_camera_msgs:/home/ubuntu/eco_marathon_ws/install/eco_planning:/home/ubuntu/eco_marathon_ws/install/eco_perception:/home/ubuntu/eco_marathon_ws/install/eco_localization:/home/ubuntu/eco_marathon_ws/install/eco_control:/home/ubuntu/ros2_ws/install/vehicle_interface:/home/ubuntu/ros2_ws/install/stop_sign:/home/ubuntu/ros2_ws/install/my_robot_controller:/home/ubuntu/ros2_ws/install/lane_detection:/home/ubuntu/ros2_ws/install/control:/opt/ros/humble LD_LIBRARY_PATH=/home/ubuntu/eco_marathon_ws/install/astra_camera_msgs/lib:/home/ubuntu/eco_marathon_ws/install/astra_camera/lib:/home/ubuntu/ros2_ws/install/sn_interfaces/lib:/home/ubuntu/ros2_ws/install/astra_camera/lib:/home/ubuntu/ros2_ws/install/astra_camera_msgs/lib:/opt/ros/humble/opt/rviz_ogre_vendor/lib:/opt/ros/humble/lib/aarch64-linux-gnu:/opt/ros/humble/lib:/usr/local/cuda-12.6/lib64 /home/ubuntu/.local/bin/cmake --build /home/ubuntu/eco_marathon_ws/build/astra_camera -- -j8 -l8
[4.485s] DEBUG:colcon.colcon_core.event_handler.log_command:Invoking command in '/home/ubuntu/eco_marathon_ws/src/eco_localization': PYTHONPATH=/home/ubuntu/eco_marathon_ws/build/eco_localization/prefix_override:/usr/lib/python3/dist-packages/colcon_core/task/python/colcon_distutils_commands:/home/ubuntu/eco_marathon_ws/install/eco_localization/lib/python3.10/site-packages:${PYTHONPATH} /usr/bin/python3 -W ignore:setup.py install is deprecated -W ignore:easy_install command is deprecated setup.py egg_info --egg-base ../../build/eco_localization build --build-base /home/ubuntu/eco_marathon_ws/build/eco_localization/build install --record /home/ubuntu/eco_marathon_ws/build/eco_localization/install.log --single-version-externally-managed install_data
[4.671s] DEBUG:colcon.colcon_core.event_handler.log_command:Invoking command in '/home/ubuntu/eco_marathon_ws/src/eco_control': PYTHONPATH=/home/ubuntu/eco_marathon_ws/build/eco_control/prefix_override:/usr/lib/python3/dist-packages/colcon_core/task/python/colcon_distutils_commands:/home/ubuntu/eco_marathon_ws/install/eco_control/lib/python3.10/site-packages:${PYTHONPATH} /usr/bin/python3 -W ignore:setup.py install is deprecated -W ignore:easy_install command is deprecated setup.py egg_info --egg-base ../../build/eco_control build --build-base /home/ubuntu/eco_marathon_ws/build/eco_control/build install --record /home/ubuntu/eco_marathon_ws/build/eco_control/install.log --single-version-externally-managed install_data
[4.726s] DEBUG:colcon.colcon_core.event_handler.log_command:Invoking command in '/home/ubuntu/eco_marathon_ws/src/eco_perception': PYTHONPATH=/home/ubuntu/eco_marathon_ws/build/eco_perception/prefix_override:/usr/lib/python3/dist-packages/colcon_core/task/python/colcon_distutils_commands:/home/ubuntu/eco_marathon_ws/install/eco_perception/lib/python3.10/site-packages:${PYTHONPATH} /usr/bin/python3 -W ignore:setup.py install is deprecated -W ignore:easy_install command is deprecated setup.py egg_info --egg-base ../../build/eco_perception build --build-base /home/ubuntu/eco_marathon_ws/build/eco_perception/build install --record /home/ubuntu/eco_marathon_ws/build/eco_perception/install.log --single-version-externally-managed install_data
[4.880s] DEBUG:colcon.colcon_core.event_handler.log_command:Invoking command in '/home/ubuntu/eco_marathon_ws/src/eco_planning': PYTHONPATH=/home/ubuntu/eco_marathon_ws/build/eco_planning/prefix_override:/usr/lib/python3/dist-packages/colcon_core/task/python/colcon_distutils_commands:/home/ubuntu/eco_marathon_ws/install/eco_planning/lib/python3.10/site-packages:${PYTHONPATH} /usr/bin/python3 -W ignore:setup.py install is deprecated -W ignore:easy_install command is deprecated setup.py egg_info --egg-base ../../build/eco_planning build --build-base /home/ubuntu/eco_marathon_ws/build/eco_planning/build install --record /home/ubuntu/eco_marathon_ws/build/eco_planning/install.log --single-version-externally-managed install_data
[5.895s] Level 1:colcon.colcon_core.environment:checking '/home/ubuntu/eco_marathon_ws/install/eco_control' for CMake module files
[5.898s] DEBUG:colcon.colcon_core.event_handler.log_command:Invoked command in '/home/ubuntu/eco_marathon_ws/src/eco_control' returned '0': PYTHONPATH=/home/ubuntu/eco_marathon_ws/build/eco_control/prefix_override:/usr/lib/python3/dist-packages/colcon_core/task/python/colcon_distutils_commands:/home/ubuntu/eco_marathon_ws/install/eco_control/lib/python3.10/site-packages:${PYTHONPATH} /usr/bin/python3 -W ignore:setup.py install is deprecated -W ignore:easy_install command is deprecated setup.py egg_info --egg-base ../../build/eco_control build --build-base /home/ubuntu/eco_marathon_ws/build/eco_control/build install --record /home/ubuntu/eco_marathon_ws/build/eco_control/install.log --single-version-externally-managed install_data
[5.900s] Level 1:colcon.colcon_core.environment:checking '/home/ubuntu/eco_marathon_ws/install/eco_control' for CMake config files
[5.902s] Level 1:colcon.colcon_core.environment:checking '/home/ubuntu/eco_marathon_ws/install/eco_control/lib'
[5.902s] Level 1:colcon.colcon_core.environment:checking '/home/ubuntu/eco_marathon_ws/install/eco_control/bin'
[5.902s] Level 1:colcon.colcon_core.environment:checking '/home/ubuntu/eco_marathon_ws/install/eco_control/lib/pkgconfig/eco_control.pc'
[5.903s] Level 1:colcon.colcon_core.environment:checking '/home/ubuntu/eco_marathon_ws/install/eco_control/lib/python3.10/site-packages'
[5.903s] Level 1:colcon.colcon_core.shell:create_environment_hook('eco_control', 'pythonpath')
[5.903s] INFO:colcon.colcon_core.shell:Creating environment hook '/home/ubuntu/eco_marathon_ws/install/eco_control/share/eco_control/hook/pythonpath.ps1'
[5.907s] INFO:colcon.colcon_core.shell:Creating environment descriptor '/home/ubuntu/eco_marathon_ws/install/eco_control/share/eco_control/hook/pythonpath.dsv'
[5.909s] INFO:colcon.colcon_core.shell:Creating environment hook '/home/ubuntu/eco_marathon_ws/install/eco_control/share/eco_control/hook/pythonpath.sh'
[5.912s] Level 1:colcon.colcon_core.environment:checking '/home/ubuntu/eco_marathon_ws/install/eco_control/bin'
[5.913s] Level 1:colcon.colcon_core.environment:create_environment_scripts_only(eco_control)
[5.914s] INFO:colcon.colcon_core.shell:Creating package script '/home/ubuntu/eco_marathon_ws/install/eco_control/share/eco_control/package.ps1'
[5.917s] INFO:colcon.colcon_core.shell:Creating package descriptor '/home/ubuntu/eco_marathon_ws/install/eco_control/share/eco_control/package.dsv'
[5.920s] INFO:colcon.colcon_core.shell:Creating package script '/home/ubuntu/eco_marathon_ws/install/eco_control/share/eco_control/package.sh'
[5.921s] INFO:colcon.colcon_core.shell:Creating package script '/home/ubuntu/eco_marathon_ws/install/eco_control/share/eco_control/package.bash'
[5.927s] INFO:colcon.colcon_core.shell:Creating package script '/home/ubuntu/eco_marathon_ws/install/eco_control/share/eco_control/package.zsh'
[5.929s] Level 1:colcon.colcon_core.environment:create_file_with_runtime_dependencies(/home/ubuntu/eco_marathon_ws/install/eco_control/share/colcon-core/packages/eco_control)
[6.102s] Level 1:colcon.colcon_core.environment:checking '/home/ubuntu/eco_marathon_ws/install/eco_perception' for CMake module files
[6.103s] DEBUG:colcon.colcon_core.event_handler.log_command:Invoked command in '/home/ubuntu/eco_marathon_ws/src/eco_perception' returned '0': PYTHONPATH=/home/ubuntu/eco_marathon_ws/build/eco_perception/prefix_override:/usr/lib/python3/dist-packages/colcon_core/task/python/colcon_distutils_commands:/home/ubuntu/eco_marathon_ws/install/eco_perception/lib/python3.10/site-packages:${PYTHONPATH} /usr/bin/python3 -W ignore:setup.py install is deprecated -W ignore:easy_install command is deprecated setup.py egg_info --egg-base ../../build/eco_perception build --build-base /home/ubuntu/eco_marathon_ws/build/eco_perception/build install --record /home/ubuntu/eco_marathon_ws/build/eco_perception/install.log --single-version-externally-managed install_data
[6.104s] Level 1:colcon.colcon_core.environment:checking '/home/ubuntu/eco_marathon_ws/install/eco_perception' for CMake config files
[6.106s] Level 1:colcon.colcon_core.environment:checking '/home/ubuntu/eco_marathon_ws/install/eco_perception/lib'
[6.106s] Level 1:colcon.colcon_core.environment:checking '/home/ubuntu/eco_marathon_ws/install/eco_perception/bin'
[6.106s] Level 1:colcon.colcon_core.environment:checking '/home/ubuntu/eco_marathon_ws/install/eco_perception/lib/pkgconfig/eco_perception.pc'
[6.107s] Level 1:colcon.colcon_core.environment:checking '/home/ubuntu/eco_marathon_ws/install/eco_perception/lib/python3.10/site-packages'
[6.107s] Level 1:colcon.colcon_core.shell:create_environment_hook('eco_perception', 'pythonpath')
[6.107s] INFO:colcon.colcon_core.shell:Creating environment hook '/home/ubuntu/eco_marathon_ws/install/eco_perception/share/eco_perception/hook/pythonpath.ps1'
[6.109s] INFO:colcon.colcon_core.shell:Creating environment descriptor '/home/ubuntu/eco_marathon_ws/install/eco_perception/share/eco_perception/hook/pythonpath.dsv'
[6.111s] INFO:colcon.colcon_core.shell:Creating environment hook '/home/ubuntu/eco_marathon_ws/install/eco_perception/share/eco_perception/hook/pythonpath.sh'
[6.113s] Level 1:colcon.colcon_core.environment:checking '/home/ubuntu/eco_marathon_ws/install/eco_perception/bin'
[6.113s] Level 1:colcon.colcon_core.environment:create_environment_scripts_only(eco_perception)
[6.114s] INFO:colcon.colcon_core.shell:Creating package script '/home/ubuntu/eco_marathon_ws/install/eco_perception/share/eco_perception/package.ps1'
[6.131s] INFO:colcon.colcon_core.shell:Creating package descriptor '/home/ubuntu/eco_marathon_ws/install/eco_perception/share/eco_perception/package.dsv'
[6.133s] INFO:colcon.colcon_core.shell:Creating package script '/home/ubuntu/eco_marathon_ws/install/eco_perception/share/eco_perception/package.sh'
[6.135s] INFO:colcon.colcon_core.shell:Creating package script '/home/ubuntu/eco_marathon_ws/install/eco_perception/share/eco_perception/package.bash'
[6.140s] INFO:colcon.colcon_core.shell:Creating package script '/home/ubuntu/eco_marathon_ws/install/eco_perception/share/eco_perception/package.zsh'
[6.142s] Level 1:colcon.colcon_core.environment:create_file_with_runtime_dependencies(/home/ubuntu/eco_marathon_ws/install/eco_perception/share/colcon-core/packages/eco_perception)
[6.147s] Level 1:colcon.colcon_core.environment:checking '/home/ubuntu/eco_marathon_ws/install/eco_localization' for CMake module files
[6.148s] DEBUG:colcon.colcon_core.event_handler.log_command:Invoked command in '/home/ubuntu/eco_marathon_ws/src/eco_localization' returned '0': PYTHONPATH=/home/ubuntu/eco_marathon_ws/build/eco_localization/prefix_override:/usr/lib/python3/dist-packages/colcon_core/task/python/colcon_distutils_commands:/home/ubuntu/eco_marathon_ws/install/eco_localization/lib/python3.10/site-packages:${PYTHONPATH} /usr/bin/python3 -W ignore:setup.py install is deprecated -W ignore:easy_install command is deprecated setup.py egg_info --egg-base ../../build/eco_localization build --build-base /home/ubuntu/eco_marathon_ws/build/eco_localization/build install --record /home/ubuntu/eco_marathon_ws/build/eco_localization/install.log --single-version-externally-managed install_data
[6.149s] Level 1:colcon.colcon_core.environment:checking '/home/ubuntu/eco_marathon_ws/install/eco_localization' for CMake config files
[6.153s] Level 1:colcon.colcon_core.environment:checking '/home/ubuntu/eco_marathon_ws/install/eco_localization/lib'
[6.154s] Level 1:colcon.colcon_core.environment:checking '/home/ubuntu/eco_marathon_ws/install/eco_localization/bin'
[6.157s] Level 1:colcon.colcon_core.environment:checking '/home/ubuntu/eco_marathon_ws/install/eco_localization/lib/pkgconfig/eco_localization.pc'
[6.162s] Level 1:colcon.colcon_core.environment:checking '/home/ubuntu/eco_marathon_ws/install/eco_localization/lib/python3.10/site-packages'
[6.165s] Level 1:colcon.colcon_core.shell:create_environment_hook('eco_localization', 'pythonpath')
[6.175s] INFO:colcon.colcon_core.shell:Creating environment hook '/home/ubuntu/eco_marathon_ws/install/eco_localization/share/eco_localization/hook/pythonpath.ps1'
[6.186s] INFO:colcon.colcon_core.shell:Creating environment descriptor '/home/ubuntu/eco_marathon_ws/install/eco_localization/share/eco_localization/hook/pythonpath.dsv'
[6.194s] INFO:colcon.colcon_core.shell:Creating environment hook '/home/ubuntu/eco_marathon_ws/install/eco_localization/share/eco_localization/hook/pythonpath.sh'
[6.199s] Level 1:colcon.colcon_core.environment:checking '/home/ubuntu/eco_marathon_ws/install/eco_localization/bin'
[6.200s] Level 1:colcon.colcon_core.environment:create_environment_scripts_only(eco_localization)
[6.202s] INFO:colcon.colcon_core.shell:Creating package script '/home/ubuntu/eco_marathon_ws/install/eco_localization/share/eco_localization/package.ps1'
[6.214s] INFO:colcon.colcon_core.shell:Creating package descriptor '/home/ubuntu/eco_marathon_ws/install/eco_localization/share/eco_localization/package.dsv'
[6.216s] INFO:colcon.colcon_core.shell:Creating package script '/home/ubuntu/eco_marathon_ws/install/eco_localization/share/eco_localization/package.sh'
[6.217s] INFO:colcon.colcon_core.shell:Creating package script '/home/ubuntu/eco_marathon_ws/install/eco_localization/share/eco_localization/package.bash'
[6.218s] INFO:colcon.colcon_core.shell:Creating package script '/home/ubuntu/eco_marathon_ws/install/eco_localization/share/eco_localization/package.zsh'
[6.235s] Level 1:colcon.colcon_core.environment:create_file_with_runtime_dependencies(/home/ubuntu/eco_marathon_ws/install/eco_localization/share/colcon-core/packages/eco_localization)
[6.552s] Level 1:colcon.colcon_core.environment:checking '/home/ubuntu/eco_marathon_ws/install/eco_planning' for CMake module files
[6.554s] DEBUG:colcon.colcon_core.event_handler.log_command:Invoked command in '/home/ubuntu/eco_marathon_ws/src/eco_planning' returned '0': PYTHONPATH=/home/ubuntu/eco_marathon_ws/build/eco_planning/prefix_override:/usr/lib/python3/dist-packages/colcon_core/task/python/colcon_distutils_commands:/home/ubuntu/eco_marathon_ws/install/eco_planning/lib/python3.10/site-packages:${PYTHONPATH} /usr/bin/python3 -W ignore:setup.py install is deprecated -W ignore:easy_install command is deprecated setup.py egg_info --egg-base ../../build/eco_planning build --build-base /home/ubuntu/eco_marathon_ws/build/eco_planning/build install --record /home/ubuntu/eco_marathon_ws/build/eco_planning/install.log --single-version-externally-managed install_data
[6.554s] Level 1:colcon.colcon_core.environment:checking '/home/ubuntu/eco_marathon_ws/install/eco_planning' for CMake config files
[6.556s] Level 1:colcon.colcon_core.environment:checking '/home/ubuntu/eco_marathon_ws/install/eco_planning/lib'
[6.556s] Level 1:colcon.colcon_core.environment:checking '/home/ubuntu/eco_marathon_ws/install/eco_planning/bin'
[6.556s] Level 1:colcon.colcon_core.environment:checking '/home/ubuntu/eco_marathon_ws/install/eco_planning/lib/pkgconfig/eco_planning.pc'
[6.557s] Level 1:colcon.colcon_core.environment:checking '/home/ubuntu/eco_marathon_ws/install/eco_planning/lib/python3.10/site-packages'
[6.557s] Level 1:colcon.colcon_core.shell:create_environment_hook('eco_planning', 'pythonpath')
[6.558s] INFO:colcon.colcon_core.shell:Creating environment hook '/home/ubuntu/eco_marathon_ws/install/eco_planning/share/eco_planning/hook/pythonpath.ps1'
[6.559s] INFO:colcon.colcon_core.shell:Creating environment descriptor '/home/ubuntu/eco_marathon_ws/install/eco_planning/share/eco_planning/hook/pythonpath.dsv'
[6.560s] INFO:colcon.colcon_core.shell:Creating environment hook '/home/ubuntu/eco_marathon_ws/install/eco_planning/share/eco_planning/hook/pythonpath.sh'
[6.562s] Level 1:colcon.colcon_core.environment:checking '/home/ubuntu/eco_marathon_ws/install/eco_planning/bin'
[6.563s] Level 1:colcon.colcon_core.environment:create_environment_scripts_only(eco_planning)
[6.564s] INFO:colcon.colcon_core.shell:Creating package script '/home/ubuntu/eco_marathon_ws/install/eco_planning/share/eco_planning/package.ps1'
[6.573s] INFO:colcon.colcon_core.shell:Creating package descriptor '/home/ubuntu/eco_marathon_ws/install/eco_planning/share/eco_planning/package.dsv'
[6.577s] INFO:colcon.colcon_core.shell:Creating package script '/home/ubuntu/eco_marathon_ws/install/eco_planning/share/eco_planning/package.sh'
[6.592s] INFO:colcon.colcon_core.shell:Creating package script '/home/ubuntu/eco_marathon_ws/install/eco_planning/share/eco_planning/package.bash'
[6.594s] INFO:colcon.colcon_core.shell:Creating package script '/home/ubuntu/eco_marathon_ws/install/eco_planning/share/eco_planning/package.zsh'
[6.595s] Level 1:colcon.colcon_core.environment:create_file_with_runtime_dependencies(/home/ubuntu/eco_marathon_ws/install/eco_planning/share/colcon-core/packages/eco_planning)
[16.014s] DEBUG:colcon.colcon_core.event_handler.log_command:Invoked command in '/home/ubuntu/eco_marathon_ws/build/eco_interfaces' returned '0': CMAKE_PREFIX_PATH=${CMAKE_PREFIX_PATH}:/home/ubuntu/eco_marathon_ws/install/eco_planning:/home/ubuntu/eco_marathon_ws/install/eco_perception:/home/ubuntu/eco_marathon_ws/install/eco_localization:/home/ubuntu/eco_marathon_ws/install/eco_control:/home/ubuntu/ros2_ws/install/vehicle_interface:/home/ubuntu/ros2_ws/install/stop_sign:/home/ubuntu/ros2_ws/install/my_robot_controller:/home/ubuntu/ros2_ws/install/lane_detection:/home/ubuntu/ros2_ws/install/control:/opt/ros/humble /home/ubuntu/.local/bin/cmake --build /home/ubuntu/eco_marathon_ws/build/eco_interfaces -- -j8 -l8
[16.037s] DEBUG:colcon.colcon_core.event_handler.log_command:Invoking command in '/home/ubuntu/eco_marathon_ws/build/eco_interfaces': CMAKE_PREFIX_PATH=${CMAKE_PREFIX_PATH}:/home/ubuntu/eco_marathon_ws/install/eco_planning:/home/ubuntu/eco_marathon_ws/install/eco_perception:/home/ubuntu/eco_marathon_ws/install/eco_localization:/home/ubuntu/eco_marathon_ws/install/eco_control:/home/ubuntu/ros2_ws/install/vehicle_interface:/home/ubuntu/ros2_ws/install/stop_sign:/home/ubuntu/ros2_ws/install/my_robot_controller:/home/ubuntu/ros2_ws/install/lane_detection:/home/ubuntu/ros2_ws/install/control:/opt/ros/humble /home/ubuntu/.local/bin/cmake --install /home/ubuntu/eco_marathon_ws/build/eco_interfaces
[16.739s] Level 1:colcon.colcon_core.environment:create_environment_scripts_only(eco_interfaces)
[16.740s] Level 1:colcon.colcon_core.environment:checking '/home/ubuntu/eco_marathon_ws/install/eco_interfaces' for CMake module files
[16.742s] Level 1:colcon.colcon_core.environment:checking '/home/ubuntu/eco_marathon_ws/install/eco_interfaces' for CMake config files
[16.743s] Level 1:colcon.colcon_core.shell:create_environment_hook('eco_interfaces', 'cmake_prefix_path')
[16.744s] INFO:colcon.colcon_core.shell:Creating environment hook '/home/ubuntu/eco_marathon_ws/install/eco_interfaces/share/eco_interfaces/hook/cmake_prefix_path.ps1'
[16.745s] INFO:colcon.colcon_core.shell:Creating environment descriptor '/home/ubuntu/eco_marathon_ws/install/eco_interfaces/share/eco_interfaces/hook/cmake_prefix_path.dsv'
[16.746s] INFO:colcon.colcon_core.shell:Creating environment hook '/home/ubuntu/eco_marathon_ws/install/eco_interfaces/share/eco_interfaces/hook/cmake_prefix_path.sh'
[16.748s] DEBUG:colcon.colcon_core.event_handler.log_command:Invoked command in '/home/ubuntu/eco_marathon_ws/build/eco_interfaces' returned '0': CMAKE_PREFIX_PATH=${CMAKE_PREFIX_PATH}:/home/ubuntu/eco_marathon_ws/install/eco_planning:/home/ubuntu/eco_marathon_ws/install/eco_perception:/home/ubuntu/eco_marathon_ws/install/eco_localization:/home/ubuntu/eco_marathon_ws/install/eco_control:/home/ubuntu/ros2_ws/install/vehicle_interface:/home/ubuntu/ros2_ws/install/stop_sign:/home/ubuntu/ros2_ws/install/my_robot_controller:/home/ubuntu/ros2_ws/install/lane_detection:/home/ubuntu/ros2_ws/install/control:/opt/ros/humble /home/ubuntu/.local/bin/cmake --install /home/ubuntu/eco_marathon_ws/build/eco_interfaces
[16.749s] Level 1:colcon.colcon_core.environment:checking '/home/ubuntu/eco_marathon_ws/install/eco_interfaces/lib'
[16.750s] Level 1:colcon.colcon_core.shell:create_environment_hook('eco_interfaces', 'ld_library_path_lib')
[16.750s] INFO:colcon.colcon_core.shell:Creating environment hook '/home/ubuntu/eco_marathon_ws/install/eco_interfaces/share/eco_interfaces/hook/ld_library_path_lib.ps1'
[16.751s] INFO:colcon.colcon_core.shell:Creating environment descriptor '/home/ubuntu/eco_marathon_ws/install/eco_interfaces/share/eco_interfaces/hook/ld_library_path_lib.dsv'
[16.752s] INFO:colcon.colcon_core.shell:Creating environment hook '/home/ubuntu/eco_marathon_ws/install/eco_interfaces/share/eco_interfaces/hook/ld_library_path_lib.sh'
[16.753s] Level 1:colcon.colcon_core.environment:checking '/home/ubuntu/eco_marathon_ws/install/eco_interfaces/bin'
[16.754s] Level 1:colcon.colcon_core.environment:checking '/home/ubuntu/eco_marathon_ws/install/eco_interfaces/lib/pkgconfig/eco_interfaces.pc'
[16.754s] Level 1:colcon.colcon_core.environment:checking '/home/ubuntu/eco_marathon_ws/install/eco_interfaces/lib/python3.10/site-packages'
[16.755s] Level 1:colcon.colcon_core.environment:checking '/home/ubuntu/eco_marathon_ws/install/eco_interfaces/bin'
[16.756s] INFO:colcon.colcon_core.shell:Creating package script '/home/ubuntu/eco_marathon_ws/install/eco_interfaces/share/eco_interfaces/package.ps1'
[16.758s] INFO:colcon.colcon_core.shell:Creating package descriptor '/home/ubuntu/eco_marathon_ws/install/eco_interfaces/share/eco_interfaces/package.dsv'
[16.759s] INFO:colcon.colcon_core.shell:Creating package script '/home/ubuntu/eco_marathon_ws/install/eco_interfaces/share/eco_interfaces/package.sh'
[16.764s] INFO:colcon.colcon_core.shell:Creating package script '/home/ubuntu/eco_marathon_ws/install/eco_interfaces/share/eco_interfaces/package.bash'
[16.766s] INFO:colcon.colcon_core.shell:Creating package script '/home/ubuntu/eco_marathon_ws/install/eco_interfaces/share/eco_interfaces/package.zsh'
[16.768s] Level 1:colcon.colcon_core.environment:create_file_with_runtime_dependencies(/home/ubuntu/eco_marathon_ws/install/eco_interfaces/share/colcon-core/packages/eco_interfaces)
[16.770s] Level 1:colcon.colcon_core.environment:create_environment_scripts_only(eco_interfaces)
[16.771s] Level 1:colcon.colcon_core.environment:checking '/home/ubuntu/eco_marathon_ws/install/eco_interfaces' for CMake module files
[16.773s] Level 1:colcon.colcon_core.environment:checking '/home/ubuntu/eco_marathon_ws/install/eco_interfaces' for CMake config files
[16.774s] Level 1:colcon.colcon_core.shell:create_environment_hook('eco_interfaces', 'cmake_prefix_path')
[16.775s] INFO:colcon.colcon_core.shell:Creating environment hook '/home/ubuntu/eco_marathon_ws/install/eco_interfaces/share/eco_interfaces/hook/cmake_prefix_path.ps1'
[16.777s] INFO:colcon.colcon_core.shell:Creating environment descriptor '/home/ubuntu/eco_marathon_ws/install/eco_interfaces/share/eco_interfaces/hook/cmake_prefix_path.dsv'
[16.778s] INFO:colcon.colcon_core.shell:Creating environment hook '/home/ubuntu/eco_marathon_ws/install/eco_interfaces/share/eco_interfaces/hook/cmake_prefix_path.sh'
[16.780s] Level 1:colcon.colcon_core.environment:checking '/home/ubuntu/eco_marathon_ws/install/eco_interfaces/lib'
[16.780s] Level 1:colcon.colcon_core.shell:create_environment_hook('eco_interfaces', 'ld_library_path_lib')
[16.781s] INFO:colcon.colcon_core.shell:Creating environment hook '/home/ubuntu/eco_marathon_ws/install/eco_interfaces/share/eco_interfaces/hook/ld_library_path_lib.ps1'
[16.783s] INFO:colcon.colcon_core.shell:Creating environment descriptor '/home/ubuntu/eco_marathon_ws/install/eco_interfaces/share/eco_interfaces/hook/ld_library_path_lib.dsv'
[16.784s] INFO:colcon.colcon_core.shell:Creating environment hook '/home/ubuntu/eco_marathon_ws/install/eco_interfaces/share/eco_interfaces/hook/ld_library_path_lib.sh'
[16.785s] Level 1:colcon.colcon_core.environment:checking '/home/ubuntu/eco_marathon_ws/install/eco_interfaces/bin'
[16.785s] Level 1:colcon.colcon_core.environment:checking '/home/ubuntu/eco_marathon_ws/install/eco_interfaces/lib/pkgconfig/eco_interfaces.pc'
[16.786s] Level 1:colcon.colcon_core.environment:checking '/home/ubuntu/eco_marathon_ws/install/eco_interfaces/lib/python3.10/site-packages'
[16.786s] Level 1:colcon.colcon_core.environment:checking '/home/ubuntu/eco_marathon_ws/install/eco_interfaces/bin'
[16.787s] INFO:colcon.colcon_core.shell:Creating package script '/home/ubuntu/eco_marathon_ws/install/eco_interfaces/share/eco_interfaces/package.ps1'
[16.789s] INFO:colcon.colcon_core.shell:Creating package descriptor '/home/ubuntu/eco_marathon_ws/install/eco_interfaces/share/eco_interfaces/package.dsv'
[16.791s] INFO:colcon.colcon_core.shell:Creating package script '/home/ubuntu/eco_marathon_ws/install/eco_interfaces/share/eco_interfaces/package.sh'
[16.793s] INFO:colcon.colcon_core.shell:Creating package script '/home/ubuntu/eco_marathon_ws/install/eco_interfaces/share/eco_interfaces/package.bash'
[16.799s] INFO:colcon.colcon_core.shell:Creating package script '/home/ubuntu/eco_marathon_ws/install/eco_interfaces/share/eco_interfaces/package.zsh'
[16.800s] Level 1:colcon.colcon_core.environment:create_file_with_runtime_dependencies(/home/ubuntu/eco_marathon_ws/install/eco_interfaces/share/colcon-core/packages/eco_interfaces)
[107.027s] DEBUG:colcon.colcon_core.event_handler.log_command:Invoked command in '/home/ubuntu/eco_marathon_ws/build/astra_camera' returned '0': CMAKE_PREFIX_PATH=/home/ubuntu/eco_marathon_ws/install/astra_camera_msgs:/home/ubuntu/eco_marathon_ws/install/eco_interfaces:/home/ubuntu/eco_marathon_ws/install/astra_camera:/home/ubuntu/ros2_ws/install/sn_interfaces:/home/ubuntu/ros2_ws/install/astra_camera:/home/ubuntu/ros2_ws/install/astra_camera_msgs:/home/ubuntu/eco_marathon_ws/install/eco_planning:/home/ubuntu/eco_marathon_ws/install/eco_perception:/home/ubuntu/eco_marathon_ws/install/eco_localization:/home/ubuntu/eco_marathon_ws/install/eco_control:/home/ubuntu/ros2_ws/install/vehicle_interface:/home/ubuntu/ros2_ws/install/stop_sign:/home/ubuntu/ros2_ws/install/my_robot_controller:/home/ubuntu/ros2_ws/install/lane_detection:/home/ubuntu/ros2_ws/install/control:/opt/ros/humble LD_LIBRARY_PATH=/home/ubuntu/eco_marathon_ws/install/astra_camera_msgs/lib:/home/ubuntu/eco_marathon_ws/install/astra_camera/lib:/home/ubuntu/ros2_ws/install/sn_interfaces/lib:/home/ubuntu/ros2_ws/install/astra_camera/lib:/home/ubuntu/ros2_ws/install/astra_camera_msgs/lib:/opt/ros/humble/opt/rviz_ogre_vendor/lib:/opt/ros/humble/lib/aarch64-linux-gnu:/opt/ros/humble/lib:/usr/local/cuda-12.6/lib64 /home/ubuntu/.local/bin/cmake --build /home/ubuntu/eco_marathon_ws/build/astra_camera -- -j8 -l8
[107.030s] DEBUG:colcon.colcon_core.event_handler.log_command:Invoking command in '/home/ubuntu/eco_marathon_ws/build/astra_camera': CMAKE_PREFIX_PATH=/home/ubuntu/eco_marathon_ws/install/astra_camera_msgs:/home/ubuntu/eco_marathon_ws/install/eco_interfaces:/home/ubuntu/eco_marathon_ws/install/astra_camera:/home/ubuntu/ros2_ws/install/sn_interfaces:/home/ubuntu/ros2_ws/install/astra_camera:/home/ubuntu/ros2_ws/install/astra_camera_msgs:/home/ubuntu/eco_marathon_ws/install/eco_planning:/home/ubuntu/eco_marathon_ws/install/eco_perception:/home/ubuntu/eco_marathon_ws/install/eco_localization:/home/ubuntu/eco_marathon_ws/install/eco_control:/home/ubuntu/ros2_ws/install/vehicle_interface:/home/ubuntu/ros2_ws/install/stop_sign:/home/ubuntu/ros2_ws/install/my_robot_controller:/home/ubuntu/ros2_ws/install/lane_detection:/home/ubuntu/ros2_ws/install/control:/opt/ros/humble LD_LIBRARY_PATH=/home/ubuntu/eco_marathon_ws/install/astra_camera_msgs/lib:/home/ubuntu/eco_marathon_ws/install/astra_camera/lib:/home/ubuntu/ros2_ws/install/sn_interfaces/lib:/home/ubuntu/ros2_ws/install/astra_camera/lib:/home/ubuntu/ros2_ws/install/astra_camera_msgs/lib:/opt/ros/humble/opt/rviz_ogre_vendor/lib:/opt/ros/humble/lib/aarch64-linux-gnu:/opt/ros/humble/lib:/usr/local/cuda-12.6/lib64 /home/ubuntu/.local/bin/cmake --install /home/ubuntu/eco_marathon_ws/build/astra_camera
[107.353s] Level 1:colcon.colcon_core.environment:create_environment_scripts_only(astra_camera)
[107.354s] Level 1:colcon.colcon_core.environment:checking '/home/ubuntu/eco_marathon_ws/install/astra_camera' for CMake module files
[107.357s] Level 1:colcon.colcon_core.environment:checking '/home/ubuntu/eco_marathon_ws/install/astra_camera' for CMake config files
[107.365s] Level 1:colcon.colcon_core.shell:create_environment_hook('astra_camera', 'cmake_prefix_path')
[107.367s] INFO:colcon.colcon_core.shell:Creating environment hook '/home/ubuntu/eco_marathon_ws/install/astra_camera/share/astra_camera/hook/cmake_prefix_path.ps1'
[107.368s] DEBUG:colcon.colcon_core.event_handler.log_command:Invoked command in '/home/ubuntu/eco_marathon_ws/build/astra_camera' returned '0': CMAKE_PREFIX_PATH=/home/ubuntu/eco_marathon_ws/install/astra_camera_msgs:/home/ubuntu/eco_marathon_ws/install/eco_interfaces:/home/ubuntu/eco_marathon_ws/install/astra_camera:/home/ubuntu/ros2_ws/install/sn_interfaces:/home/ubuntu/ros2_ws/install/astra_camera:/home/ubuntu/ros2_ws/install/astra_camera_msgs:/home/ubuntu/eco_marathon_ws/install/eco_planning:/home/ubuntu/eco_marathon_ws/install/eco_perception:/home/ubuntu/eco_marathon_ws/install/eco_localization:/home/ubuntu/eco_marathon_ws/install/eco_control:/home/ubuntu/ros2_ws/install/vehicle_interface:/home/ubuntu/ros2_ws/install/stop_sign:/home/ubuntu/ros2_ws/install/my_robot_controller:/home/ubuntu/ros2_ws/install/lane_detection:/home/ubuntu/ros2_ws/install/control:/opt/ros/humble LD_LIBRARY_PATH=/home/ubuntu/eco_marathon_ws/install/astra_camera_msgs/lib:/home/ubuntu/eco_marathon_ws/install/astra_camera/lib:/home/ubuntu/ros2_ws/install/sn_interfaces/lib:/home/ubuntu/ros2_ws/install/astra_camera/lib:/home/ubuntu/ros2_ws/install/astra_camera_msgs/lib:/opt/ros/humble/opt/rviz_ogre_vendor/lib:/opt/ros/humble/lib/aarch64-linux-gnu:/opt/ros/humble/lib:/usr/local/cuda-12.6/lib64 /home/ubuntu/.local/bin/cmake --install /home/ubuntu/eco_marathon_ws/build/astra_camera
[107.371s] INFO:colcon.colcon_core.shell:Creating environment descriptor '/home/ubuntu/eco_marathon_ws/install/astra_camera/share/astra_camera/hook/cmake_prefix_path.dsv'
[107.373s] INFO:colcon.colcon_core.shell:Creating environment hook '/home/ubuntu/eco_marathon_ws/install/astra_camera/share/astra_camera/hook/cmake_prefix_path.sh'
[107.375s] Level 1:colcon.colcon_core.environment:checking '/home/ubuntu/eco_marathon_ws/install/astra_camera/lib'
[107.375s] Level 1:colcon.colcon_core.shell:create_environment_hook('astra_camera', 'ld_library_path_lib')
[107.376s] INFO:colcon.colcon_core.shell:Creating environment hook '/home/ubuntu/eco_marathon_ws/install/astra_camera/share/astra_camera/hook/ld_library_path_lib.ps1'
[107.378s] INFO:colcon.colcon_core.shell:Creating environment descriptor '/home/ubuntu/eco_marathon_ws/install/astra_camera/share/astra_camera/hook/ld_library_path_lib.dsv'
[107.379s] INFO:colcon.colcon_core.shell:Creating environment hook '/home/ubuntu/eco_marathon_ws/install/astra_camera/share/astra_camera/hook/ld_library_path_lib.sh'
[107.381s] Level 1:colcon.colcon_core.environment:checking '/home/ubuntu/eco_marathon_ws/install/astra_camera/bin'
[107.381s] Level 1:colcon.colcon_core.environment:checking '/home/ubuntu/eco_marathon_ws/install/astra_camera/lib/pkgconfig/astra_camera.pc'
[107.382s] Level 1:colcon.colcon_core.environment:checking '/home/ubuntu/eco_marathon_ws/install/astra_camera/lib/python3.10/site-packages'
[107.383s] Level 1:colcon.colcon_core.environment:checking '/home/ubuntu/eco_marathon_ws/install/astra_camera/bin'
[107.384s] INFO:colcon.colcon_core.shell:Creating package script '/home/ubuntu/eco_marathon_ws/install/astra_camera/share/astra_camera/package.ps1'
[107.386s] INFO:colcon.colcon_core.shell:Creating package descriptor '/home/ubuntu/eco_marathon_ws/install/astra_camera/share/astra_camera/package.dsv'
[107.388s] INFO:colcon.colcon_core.shell:Creating package script '/home/ubuntu/eco_marathon_ws/install/astra_camera/share/astra_camera/package.sh'
[107.390s] INFO:colcon.colcon_core.shell:Creating package script '/home/ubuntu/eco_marathon_ws/install/astra_camera/share/astra_camera/package.bash'
[107.391s] INFO:colcon.colcon_core.shell:Creating package script '/home/ubuntu/eco_marathon_ws/install/astra_camera/share/astra_camera/package.zsh'
[107.393s] Level 1:colcon.colcon_core.environment:create_file_with_runtime_dependencies(/home/ubuntu/eco_marathon_ws/install/astra_camera/share/colcon-core/packages/astra_camera)
[107.395s] Level 1:colcon.colcon_core.environment:create_environment_scripts_only(astra_camera)
[107.396s] Level 1:colcon.colcon_core.environment:checking '/home/ubuntu/eco_marathon_ws/install/astra_camera' for CMake module files
[107.398s] Level 1:colcon.colcon_core.environment:checking '/home/ubuntu/eco_marathon_ws/install/astra_camera' for CMake config files
[107.401s] Level 1:colcon.colcon_core.shell:create_environment_hook('astra_camera', 'cmake_prefix_path')
[107.402s] INFO:colcon.colcon_core.shell:Creating environment hook '/home/ubuntu/eco_marathon_ws/install/astra_camera/share/astra_camera/hook/cmake_prefix_path.ps1'
[107.403s] INFO:colcon.colcon_core.shell:Creating environment descriptor '/home/ubuntu/eco_marathon_ws/install/astra_camera/share/astra_camera/hook/cmake_prefix_path.dsv'
[107.405s] INFO:colcon.colcon_core.shell:Creating environment hook '/home/ubuntu/eco_marathon_ws/install/astra_camera/share/astra_camera/hook/cmake_prefix_path.sh'
[107.407s] Level 1:colcon.colcon_core.environment:checking '/home/ubuntu/eco_marathon_ws/install/astra_camera/lib'
[107.407s] Level 1:colcon.colcon_core.shell:create_environment_hook('astra_camera', 'ld_library_path_lib')
[107.408s] INFO:colcon.colcon_core.shell:Creating environment hook '/home/ubuntu/eco_marathon_ws/install/astra_camera/share/astra_camera/hook/ld_library_path_lib.ps1'
[107.409s] INFO:colcon.colcon_core.shell:Creating environment descriptor '/home/ubuntu/eco_marathon_ws/install/astra_camera/share/astra_camera/hook/ld_library_path_lib.dsv'
[107.411s] INFO:colcon.colcon_core.shell:Creating environment hook '/home/ubuntu/eco_marathon_ws/install/astra_camera/share/astra_camera/hook/ld_library_path_lib.sh'
[107.414s] Level 1:colcon.colcon_core.environment:checking '/home/ubuntu/eco_marathon_ws/install/astra_camera/bin'
[107.415s] Level 1:colcon.colcon_core.environment:checking '/home/ubuntu/eco_marathon_ws/install/astra_camera/lib/pkgconfig/astra_camera.pc'
[107.416s] Level 1:colcon.colcon_core.environment:checking '/home/ubuntu/eco_marathon_ws/install/astra_camera/lib/python3.10/site-packages'
[107.416s] Level 1:colcon.colcon_core.environment:checking '/home/ubuntu/eco_marathon_ws/install/astra_camera/bin'
[107.418s] INFO:colcon.colcon_core.shell:Creating package script '/home/ubuntu/eco_marathon_ws/install/astra_camera/share/astra_camera/package.ps1'
[107.421s] INFO:colcon.colcon_core.shell:Creating package descriptor '/home/ubuntu/eco_marathon_ws/install/astra_camera/share/astra_camera/package.dsv'
[107.423s] INFO:colcon.colcon_core.shell:Creating package script '/home/ubuntu/eco_marathon_ws/install/astra_camera/share/astra_camera/package.sh'
[107.424s] INFO:colcon.colcon_core.shell:Creating package script '/home/ubuntu/eco_marathon_ws/install/astra_camera/share/astra_camera/package.bash'
[107.426s] INFO:colcon.colcon_core.shell:Creating package script '/home/ubuntu/eco_marathon_ws/install/astra_camera/share/astra_camera/package.zsh'
[107.428s] Level 1:colcon.colcon_core.environment:create_file_with_runtime_dependencies(/home/ubuntu/eco_marathon_ws/install/astra_camera/share/colcon-core/packages/astra_camera)
[107.429s] DEBUG:colcon.colcon_parallel_executor.executor.parallel:closing loop
[107.430s] DEBUG:colcon.colcon_parallel_executor.executor.parallel:loop closed
[107.431s] DEBUG:colcon.colcon_parallel_executor.executor.parallel:run_until_complete finished with '0'
[107.431s] DEBUG:colcon.colcon_core.event_reactor:joining thread
[107.458s] INFO:colcon.colcon_core.plugin_system:Skipping extension 'colcon_notification.desktop_notification.terminal_notifier': Not used on non-Darwin systems
[107.459s] INFO:colcon.colcon_core.plugin_system:Skipping extension 'colcon_notification.desktop_notification.win32': Not used on non-Windows systems
[107.459s] INFO:colcon.colcon_notification.desktop_notification:Sending desktop notification using 'notify2'
[107.515s] DEBUG:colcon.colcon_core.event_reactor:joined thread
[107.516s] INFO:colcon.colcon_core.shell:Creating prefix script '/home/ubuntu/eco_marathon_ws/install/local_setup.ps1'
[107.519s] INFO:colcon.colcon_core.shell:Creating prefix util module '/home/ubuntu/eco_marathon_ws/install/_local_setup_util_ps1.py'
[107.523s] INFO:colcon.colcon_core.shell:Creating prefix chain script '/home/ubuntu/eco_marathon_ws/install/setup.ps1'
[107.527s] INFO:colcon.colcon_core.shell:Creating prefix script '/home/ubuntu/eco_marathon_ws/install/local_setup.sh'
[107.528s] INFO:colcon.colcon_core.shell:Creating prefix util module '/home/ubuntu/eco_marathon_ws/install/_local_setup_util_sh.py'
[107.529s] INFO:colcon.colcon_core.shell:Creating prefix chain script '/home/ubuntu/eco_marathon_ws/install/setup.sh'
[107.533s] INFO:colcon.colcon_core.shell:Creating prefix script '/home/ubuntu/eco_marathon_ws/install/local_setup.bash'
[107.534s] INFO:colcon.colcon_core.shell:Creating prefix chain script '/home/ubuntu/eco_marathon_ws/install/setup.bash'
[107.539s] INFO:colcon.colcon_core.shell:Creating prefix script '/home/ubuntu/eco_marathon_ws/install/local_setup.zsh'
[107.541s] INFO:colcon.colcon_core.shell:Creating prefix chain script '/home/ubuntu/eco_marathon_ws/install/setup.zsh'
