-- The C compiler identification is GNU 11.4.0
-- The CXX compiler identification is GNU 11.4.0
-- Detecting C compiler ABI info
-- Detecting C compiler ABI info - done
-- Check for working C compiler: /usr/bin/cc - skipped
-- Detecting C compile features
-- Detecting C compile features - done
-- Detecting CXX compiler ABI info
-- Detecting CXX compiler ABI info - done
-- Check for working CXX compiler: /usr/bin/c++ - skipped
-- Detecting CXX compile features
-- Detecting CXX compile features - done
-- Found ament_cmake: 1.3.11 (/opt/ros/humble/share/ament_cmake/cmake)
-- Found Python3: /usr/bin/python3 (found version "3.10.12") found components: Interpreter
-- Found std_msgs: 4.8.0 (/opt/ros/humble/share/std_msgs/cmake)
-- Found rosidl_generator_c: 3.1.6 (/opt/ros/humble/share/rosidl_generator_c/cmake)
-- Found rosidl_adapter: 3.1.6 (/opt/ros/humble/share/rosidl_adapter/cmake)
-- Found rosidl_generator_cpp: 3.1.6 (/opt/ros/humble/share/rosidl_generator_cpp/cmake)
-- Using all available rosidl_typesupport_c: rosidl_typesupport_fastrtps_c;rosidl_typesupport_introspection_c
-- Using all available rosidl_typesupport_cpp: rosidl_typesupport_fastrtps_cpp;rosidl_typesupport_introspection_cpp
-- Found geometry_msgs: 4.8.0 (/opt/ros/humble/share/geometry_msgs/cmake)
-- Found ament_lint_auto: 0.12.12 (/opt/ros/humble/share/ament_lint_auto/cmake)
-- Found rosidl_default_generators: 1.2.0 (/opt/ros/humble/share/rosidl_default_generators/cmake)
-- Found ament_cmake_ros: 0.10.0 (/opt/ros/humble/share/ament_cmake_ros/cmake)
-- Using all available rosidl_typesupport_c: rosidl_typesupport_fastrtps_c;rosidl_typesupport_introspection_c
-- Using all available rosidl_typesupport_cpp: rosidl_typesupport_fastrtps_cpp;rosidl_typesupport_introspection_cpp
-- Found PythonInterp: /usr/bin/python3 (found suitable version "3.10.12", minimum required is "3.6")
-- Found python_cmake_module: 0.10.0 (/opt/ros/humble/share/python_cmake_module/cmake)
-- Found PythonLibs: /usr/lib/aarch64-linux-gnu/libpython3.10.so (found suitable version "3.10.12", minimum required is "3.5")
-- Using PYTHON_EXECUTABLE: /usr/bin/python3
-- Using PYTHON_INCLUDE_DIRS: /usr/include/python3.10
-- Using PYTHON_LIBRARIES: /usr/lib/aarch64-linux-gnu/libpython3.10.so
-- Found PythonExtra: .so
-- Added test 'lint_cmake' to check CMake code style
-- Added test 'xmllint' to check XML markup files
-- Configuring done (5.8s)
-- Generating done (0.1s)
-- Build files have been written to: /home/ubuntu/eco_marathon_ws/build/eco_interfaces
[  1%] [34m[1mGenerating C code for ROS interfaces[0m
[  2%] [34m[1mGenerating C++ code for ROS interfaces[0m
[  2%] Built target ament_cmake_python_copy_eco_interfaces
running egg_info
creating eco_interfaces.egg-info
writing eco_interfaces.egg-info/PKG-INFO
writing dependency_links to eco_interfaces.egg-info/dependency_links.txt
writing top-level names to eco_interfaces.egg-info/top_level.txt
writing manifest file 'eco_interfaces.egg-info/SOURCES.txt'
reading manifest file 'eco_interfaces.egg-info/SOURCES.txt'
writing manifest file 'eco_interfaces.egg-info/SOURCES.txt'
[  2%] Built target ament_cmake_python_build_eco_interfaces_egg
[  4%] [32mBuilding C object CMakeFiles/eco_interfaces__rosidl_generator_c.dir/rosidl_generator_c/eco_interfaces/msg/detail/lane_detection__functions.c.o[0m
[  5%] [32mBuilding C object CMakeFiles/eco_interfaces__rosidl_generator_c.dir/rosidl_generator_c/eco_interfaces/msg/detail/obstacle__functions.c.o[0m
[  7%] [32mBuilding C object CMakeFiles/eco_interfaces__rosidl_generator_c.dir/rosidl_generator_c/eco_interfaces/msg/detail/obstacles__functions.c.o[0m
[  8%] [32mBuilding C object CMakeFiles/eco_interfaces__rosidl_generator_c.dir/rosidl_generator_c/eco_interfaces/msg/detail/parking_area__functions.c.o[0m
[  9%] [32mBuilding C object CMakeFiles/eco_interfaces__rosidl_generator_c.dir/rosidl_generator_c/eco_interfaces/msg/detail/stop_sign__functions.c.o[0m
[ 11%] [32mBuilding C object CMakeFiles/eco_interfaces__rosidl_generator_c.dir/rosidl_generator_c/eco_interfaces/msg/detail/system_state__functions.c.o[0m
[ 11%] Built target eco_interfaces__cpp
