[2.949s] Invoking command in '/home/ubuntu/eco_marathon_ws/build/eco_perception': PYTHONPATH=/home/ubuntu/eco_marathon_ws/build/eco_perception/prefix_override:/usr/lib/python3/dist-packages/colcon_core/task/python/colcon_distutils_commands:/home/ubuntu/eco_marathon_ws/install/eco_perception/lib/python3.10/site-packages:${PYTHONPATH} /usr/bin/python3 -W ignore:setup.py install is deprecated -W ignore:easy_install command is deprecated setup.py develop --editable --build-directory /home/ubuntu/eco_marathon_ws/build/eco_perception/build --no-deps symlink_data
[3.528s] running develop
[3.837s] running egg_info
[3.838s] creating eco_perception.egg-info
[3.838s] writing eco_perception.egg-info/PKG-INFO
[3.838s] writing dependency_links to eco_perception.egg-info/dependency_links.txt
[3.839s] writing entry points to eco_perception.egg-info/entry_points.txt
[3.839s] writing requirements to eco_perception.egg-info/requires.txt
[3.839s] writing top-level names to eco_perception.egg-info/top_level.txt
[3.840s] writing manifest file 'eco_perception.egg-info/SOURCES.txt'
[3.844s] reading manifest file 'eco_perception.egg-info/SOURCES.txt'
[3.844s] writing manifest file 'eco_perception.egg-info/SOURCES.txt'
[3.847s] running build_ext
[3.848s] Creating /home/ubuntu/eco_marathon_ws/install/eco_perception/lib/python3.10/site-packages/eco-perception.egg-link (link to .)
[3.850s] 
[3.850s] Installed /home/ubuntu/eco_marathon_ws/build/eco_perception
[3.851s] running symlink_data
[3.851s] creating /home/ubuntu/eco_marathon_ws/install/eco_perception/share/ament_index
[3.851s] creating /home/ubuntu/eco_marathon_ws/install/eco_perception/share/ament_index/resource_index
[3.851s] creating /home/ubuntu/eco_marathon_ws/install/eco_perception/share/ament_index/resource_index/packages
[3.851s] symbolically linking /home/ubuntu/eco_marathon_ws/build/eco_perception/resource/eco_perception -> /home/ubuntu/eco_marathon_ws/install/eco_perception/share/ament_index/resource_index/packages
[3.852s] symbolically linking /home/ubuntu/eco_marathon_ws/build/eco_perception/package.xml -> /home/ubuntu/eco_marathon_ws/install/eco_perception/share/eco_perception
[3.968s] Invoked command in '/home/ubuntu/eco_marathon_ws/build/eco_perception' returned '0': PYTHONPATH=/home/ubuntu/eco_marathon_ws/build/eco_perception/prefix_override:/usr/lib/python3/dist-packages/colcon_core/task/python/colcon_distutils_commands:/home/ubuntu/eco_marathon_ws/install/eco_perception/lib/python3.10/site-packages:${PYTHONPATH} /usr/bin/python3 -W ignore:setup.py install is deprecated -W ignore:easy_install command is deprecated setup.py develop --editable --build-directory /home/ubuntu/eco_marathon_ws/build/eco_perception/build --no-deps symlink_data
