[0.592s] Invoking command in '/home/ubuntu/eco_marathon_ws/build/eco_interfaces': CMAKE_PREFIX_PATH=${CMAKE_PREFIX_PATH}:/home/ubuntu/eco_marathon_ws/install/eco_planning:/home/ubuntu/eco_marathon_ws/install/eco_perception:/home/ubuntu/eco_marathon_ws/install/eco_localization:/home/ubuntu/eco_marathon_ws/install/eco_control:/home/ubuntu/ros2_ws/install/vehicle_interface:/home/ubuntu/ros2_ws/install/stop_sign:/home/ubuntu/ros2_ws/install/my_robot_controller:/home/ubuntu/ros2_ws/install/lane_detection:/home/ubuntu/ros2_ws/install/control:/opt/ros/humble /home/ubuntu/.local/bin/cmake /home/ubuntu/eco_marathon_ws/src/eco_interfaces -DAMENT_CMAKE_SYMLINK_INSTALL=1 -DCMAKE_INSTALL_PREFIX=/home/ubuntu/eco_marathon_ws/install/eco_interfaces
[1.714s] -- Found ament_cmake: 1.3.11 (/opt/ros/humble/share/ament_cmake/cmake)
[1.714s] -- Override CMake install command with custom implementation using symlinks instead of copying resources
[1.715s] -- Found std_msgs: 4.8.0 (/opt/ros/humble/share/std_msgs/cmake)
[1.716s] -- Found rosidl_generator_c: 3.1.6 (/opt/ros/humble/share/rosidl_generator_c/cmake)
[1.716s] -- Found rosidl_adapter: 3.1.6 (/opt/ros/humble/share/rosidl_adapter/cmake)
[1.717s] -- Found rosidl_generator_cpp: 3.1.6 (/opt/ros/humble/share/rosidl_generator_cpp/cmake)
[1.717s] -- Using all available rosidl_typesupport_c: rosidl_typesupport_fastrtps_c;rosidl_typesupport_introspection_c
[1.717s] -- Using all available rosidl_typesupport_cpp: rosidl_typesupport_fastrtps_cpp;rosidl_typesupport_introspection_cpp
[1.718s] -- Found geometry_msgs: 4.8.0 (/opt/ros/humble/share/geometry_msgs/cmake)
[1.719s] -- Found ament_lint_auto: 0.12.12 (/opt/ros/humble/share/ament_lint_auto/cmake)
[1.719s] -- Added test 'lint_cmake' to check CMake code style
[1.719s] -- Added test 'xmllint' to check XML markup files
[1.719s] -- Configuring done (0.8s)
[1.719s] -- Generating done (0.0s)
[1.719s] -- Build files have been written to: /home/ubuntu/eco_marathon_ws/build/eco_interfaces
[1.720s] [0mCMake Deprecation Warning at CMakeLists.txt:1 (cmake_minimum_required):
[1.720s]   Compatibility with CMake < 3.10 will be removed from a future version of
[1.720s]   CMake.
[1.720s] 
[1.720s]   Update the VERSION argument <min> value.  Or, use the <min>...<max> syntax
[1.720s]   to tell CMake that the project requires at least <min> but has been updated
[1.720s]   to work with policies introduced by <max> or earlier.
[1.721s] 
[1.721s] [0m
[2.266s] Invoked command in '/home/ubuntu/eco_marathon_ws/build/eco_interfaces' returned '0': CMAKE_PREFIX_PATH=${CMAKE_PREFIX_PATH}:/home/ubuntu/eco_marathon_ws/install/eco_planning:/home/ubuntu/eco_marathon_ws/install/eco_perception:/home/ubuntu/eco_marathon_ws/install/eco_localization:/home/ubuntu/eco_marathon_ws/install/eco_control:/home/ubuntu/ros2_ws/install/vehicle_interface:/home/ubuntu/ros2_ws/install/stop_sign:/home/ubuntu/ros2_ws/install/my_robot_controller:/home/ubuntu/ros2_ws/install/lane_detection:/home/ubuntu/ros2_ws/install/control:/opt/ros/humble /home/ubuntu/.local/bin/cmake /home/ubuntu/eco_marathon_ws/src/eco_interfaces -DAMENT_CMAKE_SYMLINK_INSTALL=1 -DCMAKE_INSTALL_PREFIX=/home/ubuntu/eco_marathon_ws/install/eco_interfaces
[2.270s] Invoking command in '/home/ubuntu/eco_marathon_ws/build/eco_interfaces': CMAKE_PREFIX_PATH=${CMAKE_PREFIX_PATH}:/home/ubuntu/eco_marathon_ws/install/eco_planning:/home/ubuntu/eco_marathon_ws/install/eco_perception:/home/ubuntu/eco_marathon_ws/install/eco_localization:/home/ubuntu/eco_marathon_ws/install/eco_control:/home/ubuntu/ros2_ws/install/vehicle_interface:/home/ubuntu/ros2_ws/install/stop_sign:/home/ubuntu/ros2_ws/install/my_robot_controller:/home/ubuntu/ros2_ws/install/lane_detection:/home/ubuntu/ros2_ws/install/control:/opt/ros/humble /home/ubuntu/.local/bin/cmake --build /home/ubuntu/eco_marathon_ws/build/eco_interfaces -- -j8 -l8
[2.469s] Invoked command in '/home/ubuntu/eco_marathon_ws/build/eco_interfaces' returned '0': CMAKE_PREFIX_PATH=${CMAKE_PREFIX_PATH}:/home/ubuntu/eco_marathon_ws/install/eco_planning:/home/ubuntu/eco_marathon_ws/install/eco_perception:/home/ubuntu/eco_marathon_ws/install/eco_localization:/home/ubuntu/eco_marathon_ws/install/eco_control:/home/ubuntu/ros2_ws/install/vehicle_interface:/home/ubuntu/ros2_ws/install/stop_sign:/home/ubuntu/ros2_ws/install/my_robot_controller:/home/ubuntu/ros2_ws/install/lane_detection:/home/ubuntu/ros2_ws/install/control:/opt/ros/humble /home/ubuntu/.local/bin/cmake --build /home/ubuntu/eco_marathon_ws/build/eco_interfaces -- -j8 -l8
[2.645s] Invoking command in '/home/ubuntu/eco_marathon_ws/build/eco_interfaces': CMAKE_PREFIX_PATH=${CMAKE_PREFIX_PATH}:/home/ubuntu/eco_marathon_ws/install/eco_planning:/home/ubuntu/eco_marathon_ws/install/eco_perception:/home/ubuntu/eco_marathon_ws/install/eco_localization:/home/ubuntu/eco_marathon_ws/install/eco_control:/home/ubuntu/ros2_ws/install/vehicle_interface:/home/ubuntu/ros2_ws/install/stop_sign:/home/ubuntu/ros2_ws/install/my_robot_controller:/home/ubuntu/ros2_ws/install/lane_detection:/home/ubuntu/ros2_ws/install/control:/opt/ros/humble /home/ubuntu/.local/bin/cmake --install /home/ubuntu/eco_marathon_ws/build/eco_interfaces
[2.807s] -- Install configuration: ""
[2.809s] -- Execute custom install script
[2.810s] -- Symlinking: /home/ubuntu/eco_marathon_ws/install/eco_interfaces/share/ament_index/resource_index/package_run_dependencies/eco_interfaces
[2.817s] -- Symlinking: /home/ubuntu/eco_marathon_ws/install/eco_interfaces/share/ament_index/resource_index/parent_prefix_path/eco_interfaces
[2.823s] -- Symlinking: /home/ubuntu/eco_marathon_ws/install/eco_interfaces/share/eco_interfaces/environment/ament_prefix_path.sh
[2.835s] -- Symlinking: /home/ubuntu/eco_marathon_ws/install/eco_interfaces/share/eco_interfaces/environment/ament_prefix_path.dsv
[2.842s] -- Symlinking: /home/ubuntu/eco_marathon_ws/install/eco_interfaces/share/eco_interfaces/environment/path.sh
[2.848s] -- Symlinking: /home/ubuntu/eco_marathon_ws/install/eco_interfaces/share/eco_interfaces/environment/path.dsv
[2.855s] -- Symlinking: /home/ubuntu/eco_marathon_ws/install/eco_interfaces/share/eco_interfaces/local_setup.bash
[2.862s] -- Symlinking: /home/ubuntu/eco_marathon_ws/install/eco_interfaces/share/eco_interfaces/local_setup.sh
[2.868s] -- Symlinking: /home/ubuntu/eco_marathon_ws/install/eco_interfaces/share/eco_interfaces/local_setup.zsh
[2.875s] -- Symlinking: /home/ubuntu/eco_marathon_ws/install/eco_interfaces/share/eco_interfaces/local_setup.dsv
[2.882s] -- Symlinking: /home/ubuntu/eco_marathon_ws/install/eco_interfaces/share/eco_interfaces/package.dsv
[2.889s] -- Symlinking: /home/ubuntu/eco_marathon_ws/install/eco_interfaces/share/ament_index/resource_index/packages/eco_interfaces
[2.896s] -- Symlinking: /home/ubuntu/eco_marathon_ws/install/eco_interfaces/share/eco_interfaces/cmake/eco_interfacesConfig.cmake
[2.903s] -- Symlinking: /home/ubuntu/eco_marathon_ws/install/eco_interfaces/share/eco_interfaces/cmake/eco_interfacesConfig-version.cmake
[2.910s] -- Symlinking: /home/ubuntu/eco_marathon_ws/install/eco_interfaces/share/eco_interfaces/package.xml
[2.920s] Invoked command in '/home/ubuntu/eco_marathon_ws/build/eco_interfaces' returned '0': CMAKE_PREFIX_PATH=${CMAKE_PREFIX_PATH}:/home/ubuntu/eco_marathon_ws/install/eco_planning:/home/ubuntu/eco_marathon_ws/install/eco_perception:/home/ubuntu/eco_marathon_ws/install/eco_localization:/home/ubuntu/eco_marathon_ws/install/eco_control:/home/ubuntu/ros2_ws/install/vehicle_interface:/home/ubuntu/ros2_ws/install/stop_sign:/home/ubuntu/ros2_ws/install/my_robot_controller:/home/ubuntu/ros2_ws/install/lane_detection:/home/ubuntu/ros2_ws/install/control:/opt/ros/humble /home/ubuntu/.local/bin/cmake --install /home/ubuntu/eco_marathon_ws/build/eco_interfaces
