[0.065s] Invoking command in '/home/ubuntu/eco_marathon_ws/build/astra_camera_msgs': CMAKE_PREFIX_PATH=/opt/ros/humble /usr/bin/cmake /home/ubuntu/eco_marathon_ws/src/sensors/ros2_astra_camera/astra_camera_msgs -DCMAKE_BUILD_TYPE=Release -DAMENT_CMAKE_SYMLINK_INSTALL=1 -DCMAKE_INSTALL_PREFIX=/home/ubuntu/eco_marathon_ws/install/astra_camera_msgs
[2.202s] -- The C compiler identification is GNU 11.4.0
[2.204s] -- The CXX compiler identification is GNU 11.4.0
[2.204s] -- Detecting C compiler ABI info
[2.205s] -- Detecting C compiler ABI info - done
[2.205s] -- Check for working C compiler: /usr/bin/cc - skipped
[2.205s] -- Detecting C compile features
[2.206s] -- Detecting C compile features - done
[2.207s] -- Detecting CXX compiler ABI info
[2.207s] -- Detecting CXX compiler ABI info - done
[2.208s] -- Check for working CXX compiler: /usr/bin/c++ - skipped
[2.209s] -- Detecting CXX compile features
[2.210s] -- Detecting CXX compile features - done
[2.211s] -- Found ament_cmake: 1.3.11 (/opt/ros/humble/share/ament_cmake/cmake)
[2.211s] -- Found Python3: /usr/bin/python3 (found version "3.10.12") found components: Interpreter 
[2.211s] -- Override CMake install command with custom implementation using symlinks instead of copying resources
[2.212s] -- Found rosidl_default_generators: 1.2.0 (/opt/ros/humble/share/rosidl_default_generators/cmake)
[2.212s] -- Using all available rosidl_typesupport_c: rosidl_typesupport_fastrtps_c;rosidl_typesupport_introspection_c
[2.212s] -- Found rosidl_adapter: 3.1.6 (/opt/ros/humble/share/rosidl_adapter/cmake)
[2.213s] -- Using all available rosidl_typesupport_cpp: rosidl_typesupport_fastrtps_cpp;rosidl_typesupport_introspection_cpp
[2.213s] -- Found sensor_msgs: 4.8.0 (/opt/ros/humble/share/sensor_msgs/cmake)
[2.213s] -- Found ament_cmake_ros: 0.10.0 (/opt/ros/humble/share/ament_cmake_ros/cmake)
[2.552s] -- Using all available rosidl_typesupport_c: rosidl_typesupport_fastrtps_c;rosidl_typesupport_introspection_c
[3.448s] -- Using all available rosidl_typesupport_cpp: rosidl_typesupport_fastrtps_cpp;rosidl_typesupport_introspection_cpp
[3.493s] -- Found PythonInterp: /usr/bin/python3 (found suitable version "3.10.12", minimum required is "3.6") 
[3.495s] -- Found python_cmake_module: 0.10.0 (/opt/ros/humble/share/python_cmake_module/cmake)
[3.552s] -- Found PythonLibs: /usr/lib/aarch64-linux-gnu/libpython3.10.so (found suitable version "3.10.12", minimum required is "3.5") 
[3.553s] -- Using PYTHON_EXECUTABLE: /usr/bin/python3
[3.553s] -- Using PYTHON_INCLUDE_DIRS: /usr/include/python3.10
[3.553s] -- Using PYTHON_LIBRARIES: /usr/lib/aarch64-linux-gnu/libpython3.10.so
[3.594s] -- Found PythonExtra: .so  
[3.751s] -- Found ament_lint_auto: 0.12.12 (/opt/ros/humble/share/ament_lint_auto/cmake)
[3.786s] -- Added test 'copyright' to check source files copyright and LICENSE
[3.790s] -- Added test 'lint_cmake' to check CMake code style
[3.792s] -- Added test 'xmllint' to check XML markup files
[3.799s] -- Configuring done
[3.907s] -- Generating done
[3.938s] -- Build files have been written to: /home/ubuntu/eco_marathon_ws/build/astra_camera_msgs
[3.978s] Invoked command in '/home/ubuntu/eco_marathon_ws/build/astra_camera_msgs' returned '0': CMAKE_PREFIX_PATH=/opt/ros/humble /usr/bin/cmake /home/ubuntu/eco_marathon_ws/src/sensors/ros2_astra_camera/astra_camera_msgs -DCMAKE_BUILD_TYPE=Release -DAMENT_CMAKE_SYMLINK_INSTALL=1 -DCMAKE_INSTALL_PREFIX=/home/ubuntu/eco_marathon_ws/install/astra_camera_msgs
[3.982s] Invoking command in '/home/ubuntu/eco_marathon_ws/build/astra_camera_msgs': CMAKE_PREFIX_PATH=/opt/ros/humble /usr/bin/cmake --build /home/ubuntu/eco_marathon_ws/build/astra_camera_msgs -- -j8 -l8
[4.060s] [  1%] [34m[1mGenerating C code for ROS interfaces[0m
[4.079s] [  2%] [34m[1mGenerating C++ code for ROS interfaces[0m
[4.095s] [  2%] Built target ament_cmake_python_symlink_astra_camera_msgs
[4.540s] running egg_info
[4.541s] creating astra_camera_msgs.egg-info
[4.541s] writing astra_camera_msgs.egg-info/PKG-INFO
[4.542s] writing dependency_links to astra_camera_msgs.egg-info/dependency_links.txt
[4.542s] writing top-level names to astra_camera_msgs.egg-info/top_level.txt
[4.543s] writing manifest file 'astra_camera_msgs.egg-info/SOURCES.txt'
[4.546s] reading manifest file 'astra_camera_msgs.egg-info/SOURCES.txt'
[4.547s] writing manifest file 'astra_camera_msgs.egg-info/SOURCES.txt'
[4.618s] [  2%] Built target ament_cmake_python_build_astra_camera_msgs_egg
[5.555s] [  2%] Built target astra_camera_msgs__cpp
[5.575s] [  3%] [34m[1mGenerating C++ type support dispatch for ROS interfaces[0m
[5.581s] [  4%] [34m[1mGenerating C++ type support for eProsima Fast-RTPS[0m
[5.587s] [  5%] [34m[1mGenerating C++ introspection for ROS interfaces[0m
[5.663s] [  8%] [32mBuilding C object CMakeFiles/astra_camera_msgs__rosidl_generator_c.dir/rosidl_generator_c/astra_camera_msgs/srv/detail/get_camera_info__functions.c.o[0m
[5.664s] [  8%] [32mBuilding C object CMakeFiles/astra_camera_msgs__rosidl_generator_c.dir/rosidl_generator_c/astra_camera_msgs/msg/detail/metadata__functions.c.o[0m
[5.664s] [  8%] [32mBuilding C object CMakeFiles/astra_camera_msgs__rosidl_generator_c.dir/rosidl_generator_c/astra_camera_msgs/msg/detail/device_info__functions.c.o[0m
[5.667s] [  9%] [32mBuilding C object CMakeFiles/astra_camera_msgs__rosidl_generator_c.dir/rosidl_generator_c/astra_camera_msgs/srv/detail/get_device_info__functions.c.o[0m
[5.668s] [ 10%] [32mBuilding C object CMakeFiles/astra_camera_msgs__rosidl_generator_c.dir/rosidl_generator_c/astra_camera_msgs/msg/detail/extrinsics__functions.c.o[0m
[5.862s] [ 11%] [32mBuilding C object CMakeFiles/astra_camera_msgs__rosidl_generator_c.dir/rosidl_generator_c/astra_camera_msgs/srv/detail/get_camera_params__functions.c.o[0m
[5.873s] [ 12%] [32mBuilding C object CMakeFiles/astra_camera_msgs__rosidl_generator_c.dir/rosidl_generator_c/astra_camera_msgs/srv/detail/get_int32__functions.c.o[0m
[5.887s] [ 13%] [32mBuilding C object CMakeFiles/astra_camera_msgs__rosidl_generator_c.dir/rosidl_generator_c/astra_camera_msgs/srv/detail/get_string__functions.c.o[0m
[6.005s] [ 14%] [32mBuilding C object CMakeFiles/astra_camera_msgs__rosidl_generator_c.dir/rosidl_generator_c/astra_camera_msgs/srv/detail/set_int32__functions.c.o[0m
[6.288s] [ 15%] [32m[1mLinking C shared library libastra_camera_msgs__rosidl_generator_c.so[0m
[6.352s] [ 15%] Built target astra_camera_msgs__rosidl_generator_c
[6.370s] [ 17%] [34m[1mGenerating C type support for eProsima Fast-RTPS[0m
[6.371s] [ 17%] [34m[1mGenerating C introspection for ROS interfaces[0m
[6.379s] [ 18%] [34m[1mGenerating C type support dispatch for ROS interfaces[0m
[6.550s] [ 21%] [32mBuilding CXX object CMakeFiles/astra_camera_msgs__rosidl_typesupport_cpp.dir/rosidl_typesupport_cpp/astra_camera_msgs/msg/device_info__type_support.cpp.o[0m
[6.550s] [ 22%] [32mBuilding CXX object CMakeFiles/astra_camera_msgs__rosidl_typesupport_cpp.dir/rosidl_typesupport_cpp/astra_camera_msgs/msg/extrinsics__type_support.cpp.o[0m
[6.550s] [ 21%] [32mBuilding CXX object CMakeFiles/astra_camera_msgs__rosidl_typesupport_cpp.dir/rosidl_typesupport_cpp/astra_camera_msgs/msg/metadata__type_support.cpp.o[0m
[6.993s] [ 23%] [32mBuilding CXX object CMakeFiles/astra_camera_msgs__rosidl_typesupport_introspection_cpp.dir/rosidl_typesupport_introspection_cpp/astra_camera_msgs/msg/detail/device_info__type_support.cpp.o[0m
[7.128s] [ 24%] [32mBuilding CXX object CMakeFiles/astra_camera_msgs__rosidl_typesupport_cpp.dir/rosidl_typesupport_cpp/astra_camera_msgs/srv/get_device_info__type_support.cpp.o[0m
[7.152s] [ 25%] [32mBuilding CXX object CMakeFiles/astra_camera_msgs__rosidl_typesupport_cpp.dir/rosidl_typesupport_cpp/astra_camera_msgs/srv/get_camera_info__type_support.cpp.o[0m
[7.167s] [ 26%] [32mBuilding CXX object CMakeFiles/astra_camera_msgs__rosidl_typesupport_fastrtps_cpp.dir/rosidl_typesupport_fastrtps_cpp/astra_camera_msgs/msg/detail/dds_fastrtps/device_info__type_support.cpp.o[0m
[7.249s] [ 27%] [32mBuilding CXX object CMakeFiles/astra_camera_msgs__rosidl_typesupport_cpp.dir/rosidl_typesupport_cpp/astra_camera_msgs/srv/get_camera_params__type_support.cpp.o[0m
[7.462s] [ 28%] [32mBuilding CXX object CMakeFiles/astra_camera_msgs__rosidl_typesupport_c.dir/rosidl_typesupport_c/astra_camera_msgs/msg/device_info__type_support.cpp.o[0m
[7.531s] [ 29%] [32mBuilding CXX object CMakeFiles/astra_camera_msgs__rosidl_typesupport_c.dir/rosidl_typesupport_c/astra_camera_msgs/msg/extrinsics__type_support.cpp.o[0m
[7.600s] [ 30%] [32mBuilding CXX object CMakeFiles/astra_camera_msgs__rosidl_typesupport_c.dir/rosidl_typesupport_c/astra_camera_msgs/msg/metadata__type_support.cpp.o[0m
[7.669s] [ 31%] [32mBuilding CXX object CMakeFiles/astra_camera_msgs__rosidl_typesupport_c.dir/rosidl_typesupport_c/astra_camera_msgs/srv/get_device_info__type_support.cpp.o[0m
[7.740s] [ 32%] [32mBuilding CXX object CMakeFiles/astra_camera_msgs__rosidl_typesupport_c.dir/rosidl_typesupport_c/astra_camera_msgs/srv/get_camera_info__type_support.cpp.o[0m
[7.752s] [ 33%] [32mBuilding CXX object CMakeFiles/astra_camera_msgs__rosidl_typesupport_c.dir/rosidl_typesupport_c/astra_camera_msgs/srv/get_camera_params__type_support.cpp.o[0m
[7.815s] [ 34%] [32mBuilding CXX object CMakeFiles/astra_camera_msgs__rosidl_typesupport_c.dir/rosidl_typesupport_c/astra_camera_msgs/srv/get_int32__type_support.cpp.o[0m
[7.856s] [ 35%] [32mBuilding CXX object CMakeFiles/astra_camera_msgs__rosidl_typesupport_c.dir/rosidl_typesupport_c/astra_camera_msgs/srv/get_string__type_support.cpp.o[0m
[7.902s] [ 36%] [32mBuilding C object CMakeFiles/astra_camera_msgs__rosidl_typesupport_introspection_c.dir/rosidl_typesupport_introspection_c/astra_camera_msgs/msg/detail/device_info__type_support.c.o[0m
[7.904s] [ 37%] [32mBuilding CXX object CMakeFiles/astra_camera_msgs__rosidl_typesupport_c.dir/rosidl_typesupport_c/astra_camera_msgs/srv/set_int32__type_support.cpp.o[0m
[7.909s] [ 38%] [32mBuilding CXX object CMakeFiles/astra_camera_msgs__rosidl_typesupport_introspection_cpp.dir/rosidl_typesupport_introspection_cpp/astra_camera_msgs/msg/detail/extrinsics__type_support.cpp.o[0m
[7.927s] [ 40%] [32mBuilding C object CMakeFiles/astra_camera_msgs__rosidl_typesupport_introspection_c.dir/rosidl_typesupport_introspection_c/astra_camera_msgs/msg/detail/metadata__type_support.c.o[0m
[7.934s] [ 41%] [32mBuilding CXX object CMakeFiles/astra_camera_msgs__rosidl_typesupport_fastrtps_c.dir/rosidl_typesupport_fastrtps_c/astra_camera_msgs/msg/detail/device_info__type_support_c.cpp.o[0m
[7.941s] [ 42%] [32mBuilding C object CMakeFiles/astra_camera_msgs__rosidl_typesupport_introspection_c.dir/rosidl_typesupport_introspection_c/astra_camera_msgs/msg/detail/extrinsics__type_support.c.o[0m
[7.973s] [ 43%] [32m[1mLinking CXX shared library libastra_camera_msgs__rosidl_typesupport_c.so[0m
[8.016s] [ 44%] [32mBuilding CXX object CMakeFiles/astra_camera_msgs__rosidl_typesupport_cpp.dir/rosidl_typesupport_cpp/astra_camera_msgs/srv/get_int32__type_support.cpp.o[0m
[8.018s] [ 45%] [32mBuilding C object CMakeFiles/astra_camera_msgs__rosidl_typesupport_introspection_c.dir/rosidl_typesupport_introspection_c/astra_camera_msgs/srv/detail/get_device_info__type_support.c.o[0m
[8.031s] [ 46%] [32mBuilding CXX object CMakeFiles/astra_camera_msgs__rosidl_typesupport_fastrtps_c.dir/rosidl_typesupport_fastrtps_c/astra_camera_msgs/msg/detail/extrinsics__type_support_c.cpp.o[0m
[8.057s] [ 46%] Built target astra_camera_msgs__rosidl_typesupport_c
[8.075s] [ 47%] [32mBuilding CXX object CMakeFiles/astra_camera_msgs__rosidl_typesupport_fastrtps_c.dir/rosidl_typesupport_fastrtps_c/astra_camera_msgs/msg/detail/metadata__type_support_c.cpp.o[0m
[8.090s] [ 48%] [32mBuilding C object CMakeFiles/astra_camera_msgs__rosidl_typesupport_introspection_c.dir/rosidl_typesupport_introspection_c/astra_camera_msgs/srv/detail/get_camera_info__type_support.c.o[0m
[8.143s] [ 49%] [32mBuilding C object CMakeFiles/astra_camera_msgs__rosidl_typesupport_introspection_c.dir/rosidl_typesupport_introspection_c/astra_camera_msgs/srv/detail/get_camera_params__type_support.c.o[0m
[8.217s] [ 50%] [32mBuilding C object CMakeFiles/astra_camera_msgs__rosidl_typesupport_introspection_c.dir/rosidl_typesupport_introspection_c/astra_camera_msgs/srv/detail/get_int32__type_support.c.o[0m
[8.295s] [ 51%] [32mBuilding CXX object CMakeFiles/astra_camera_msgs__rosidl_typesupport_fastrtps_cpp.dir/rosidl_typesupport_fastrtps_cpp/astra_camera_msgs/msg/detail/dds_fastrtps/extrinsics__type_support.cpp.o[0m
[8.339s] [ 52%] [32mBuilding C object CMakeFiles/astra_camera_msgs__rosidl_typesupport_introspection_c.dir/rosidl_typesupport_introspection_c/astra_camera_msgs/srv/detail/get_string__type_support.c.o[0m
[8.433s] [ 53%] [32mBuilding CXX object CMakeFiles/astra_camera_msgs__rosidl_typesupport_introspection_cpp.dir/rosidl_typesupport_introspection_cpp/astra_camera_msgs/msg/detail/metadata__type_support.cpp.o[0m
[8.445s] [ 54%] [32mBuilding C object CMakeFiles/astra_camera_msgs__rosidl_typesupport_introspection_c.dir/rosidl_typesupport_introspection_c/astra_camera_msgs/srv/detail/set_int32__type_support.c.o[0m
[8.614s] [ 55%] [32m[1mLinking C shared library libastra_camera_msgs__rosidl_typesupport_introspection_c.so[0m
[8.685s] [ 56%] [32mBuilding CXX object CMakeFiles/astra_camera_msgs__rosidl_typesupport_cpp.dir/rosidl_typesupport_cpp/astra_camera_msgs/srv/get_string__type_support.cpp.o[0m
[8.773s] [ 56%] Built target astra_camera_msgs__rosidl_typesupport_introspection_c
[8.792s] [ 57%] [32mBuilding CXX object CMakeFiles/astra_camera_msgs__rosidl_typesupport_cpp.dir/rosidl_typesupport_cpp/astra_camera_msgs/srv/set_int32__type_support.cpp.o[0m
[8.875s] [ 58%] [32mBuilding CXX object CMakeFiles/astra_camera_msgs__rosidl_typesupport_introspection_cpp.dir/rosidl_typesupport_introspection_cpp/astra_camera_msgs/srv/detail/get_device_info__type_support.cpp.o[0m
[8.890s] [ 60%] [32mBuilding CXX object CMakeFiles/astra_camera_msgs__rosidl_typesupport_fastrtps_c.dir/rosidl_typesupport_fastrtps_c/astra_camera_msgs/srv/detail/get_device_info__type_support_c.cpp.o[0m
[8.945s] [ 61%] [32mBuilding CXX object CMakeFiles/astra_camera_msgs__rosidl_typesupport_fastrtps_c.dir/rosidl_typesupport_fastrtps_c/astra_camera_msgs/srv/detail/get_camera_info__type_support_c.cpp.o[0m
[9.036s] [ 62%] [32mBuilding CXX object CMakeFiles/astra_camera_msgs__rosidl_typesupport_fastrtps_c.dir/rosidl_typesupport_fastrtps_c/astra_camera_msgs/srv/detail/get_camera_params__type_support_c.cpp.o[0m
[9.276s] [ 63%] [32mBuilding CXX object CMakeFiles/astra_camera_msgs__rosidl_typesupport_fastrtps_cpp.dir/rosidl_typesupport_fastrtps_cpp/astra_camera_msgs/msg/detail/dds_fastrtps/metadata__type_support.cpp.o[0m
[9.299s] [ 64%] [32mBuilding CXX object CMakeFiles/astra_camera_msgs__rosidl_typesupport_introspection_cpp.dir/rosidl_typesupport_introspection_cpp/astra_camera_msgs/srv/detail/get_camera_info__type_support.cpp.o[0m
[9.374s] [ 65%] [32mBuilding CXX object CMakeFiles/astra_camera_msgs__rosidl_typesupport_introspection_cpp.dir/rosidl_typesupport_introspection_cpp/astra_camera_msgs/srv/detail/get_camera_params__type_support.cpp.o[0m
[9.629s] [ 66%] [32m[1mLinking CXX shared library libastra_camera_msgs__rosidl_typesupport_cpp.so[0m
[9.724s] [ 66%] Built target astra_camera_msgs__rosidl_typesupport_cpp
[9.744s] [ 67%] [32mBuilding CXX object CMakeFiles/astra_camera_msgs__rosidl_typesupport_introspection_cpp.dir/rosidl_typesupport_introspection_cpp/astra_camera_msgs/srv/detail/get_int32__type_support.cpp.o[0m
[9.802s] [ 68%] [32mBuilding CXX object CMakeFiles/astra_camera_msgs__rosidl_typesupport_fastrtps_c.dir/rosidl_typesupport_fastrtps_c/astra_camera_msgs/srv/detail/get_int32__type_support_c.cpp.o[0m
[9.821s] [ 69%] [32mBuilding CXX object CMakeFiles/astra_camera_msgs__rosidl_typesupport_introspection_cpp.dir/rosidl_typesupport_introspection_cpp/astra_camera_msgs/srv/detail/get_string__type_support.cpp.o[0m
[9.872s] [ 70%] [32mBuilding CXX object CMakeFiles/astra_camera_msgs__rosidl_typesupport_fastrtps_c.dir/rosidl_typesupport_fastrtps_c/astra_camera_msgs/srv/detail/get_string__type_support_c.cpp.o[0m
[10.062s] [ 71%] [32mBuilding CXX object CMakeFiles/astra_camera_msgs__rosidl_typesupport_fastrtps_c.dir/rosidl_typesupport_fastrtps_c/astra_camera_msgs/srv/detail/set_int32__type_support_c.cpp.o[0m
[10.247s] [ 72%] [32mBuilding CXX object CMakeFiles/astra_camera_msgs__rosidl_typesupport_fastrtps_cpp.dir/rosidl_typesupport_fastrtps_cpp/astra_camera_msgs/srv/detail/dds_fastrtps/get_device_info__type_support.cpp.o[0m
[10.327s] [ 73%] [32mBuilding CXX object CMakeFiles/astra_camera_msgs__rosidl_typesupport_introspection_cpp.dir/rosidl_typesupport_introspection_cpp/astra_camera_msgs/srv/detail/set_int32__type_support.cpp.o[0m
[10.441s] [ 74%] [32mBuilding CXX object CMakeFiles/astra_camera_msgs__rosidl_typesupport_fastrtps_cpp.dir/rosidl_typesupport_fastrtps_cpp/astra_camera_msgs/srv/detail/dds_fastrtps/get_camera_info__type_support.cpp.o[0m
[10.731s] [ 75%] [32mBuilding CXX object CMakeFiles/astra_camera_msgs__rosidl_typesupport_fastrtps_cpp.dir/rosidl_typesupport_fastrtps_cpp/astra_camera_msgs/srv/detail/dds_fastrtps/get_camera_params__type_support.cpp.o[0m
[10.741s] [ 76%] [32mBuilding CXX object CMakeFiles/astra_camera_msgs__rosidl_typesupport_fastrtps_cpp.dir/rosidl_typesupport_fastrtps_cpp/astra_camera_msgs/srv/detail/dds_fastrtps/get_int32__type_support.cpp.o[0m
[10.818s] [ 77%] [32mBuilding CXX object CMakeFiles/astra_camera_msgs__rosidl_typesupport_fastrtps_cpp.dir/rosidl_typesupport_fastrtps_cpp/astra_camera_msgs/srv/detail/dds_fastrtps/get_string__type_support.cpp.o[0m
[10.967s] [ 78%] [32mBuilding CXX object CMakeFiles/astra_camera_msgs__rosidl_typesupport_fastrtps_cpp.dir/rosidl_typesupport_fastrtps_cpp/astra_camera_msgs/srv/detail/dds_fastrtps/set_int32__type_support.cpp.o[0m
[11.035s] [ 80%] [32m[1mLinking CXX shared library libastra_camera_msgs__rosidl_typesupport_fastrtps_c.so[0m
[11.237s] [ 80%] Built target astra_camera_msgs__rosidl_typesupport_fastrtps_c
[11.324s] [ 81%] [32m[1mLinking CXX shared library libastra_camera_msgs__rosidl_typesupport_introspection_cpp.so[0m
[11.477s] [ 81%] Built target astra_camera_msgs__rosidl_typesupport_introspection_cpp
[12.061s] [ 82%] [32m[1mLinking CXX shared library libastra_camera_msgs__rosidl_typesupport_fastrtps_cpp.so[0m
[12.216s] [ 82%] Built target astra_camera_msgs__rosidl_typesupport_fastrtps_cpp
[12.255s] [ 82%] Built target astra_camera_msgs
[12.294s] [ 83%] [34m[1mGenerating Python code for ROS interfaces[0m
[14.757s] [ 83%] Built target astra_camera_msgs__py
[14.803s] [ 87%] [32mBuilding C object CMakeFiles/astra_camera_msgs__rosidl_generator_py.dir/rosidl_generator_py/astra_camera_msgs/srv/_get_camera_info_s.c.o[0m
[14.804s] [ 88%] [32mBuilding C object CMakeFiles/astra_camera_msgs__rosidl_generator_py.dir/rosidl_generator_py/astra_camera_msgs/msg/_extrinsics_s.c.o[0m
[14.804s] [ 88%] [32mBuilding C object CMakeFiles/astra_camera_msgs__rosidl_generator_py.dir/rosidl_generator_py/astra_camera_msgs/srv/_get_int32_s.c.o[0m
[14.805s] [ 88%] [32mBuilding C object CMakeFiles/astra_camera_msgs__rosidl_generator_py.dir/rosidl_generator_py/astra_camera_msgs/srv/_get_camera_params_s.c.o[0m
[14.805s] [ 88%] [32mBuilding C object CMakeFiles/astra_camera_msgs__rosidl_generator_py.dir/rosidl_generator_py/astra_camera_msgs/msg/_metadata_s.c.o[0m
[14.810s] [ 89%] [32mBuilding C object CMakeFiles/astra_camera_msgs__rosidl_generator_py.dir/rosidl_generator_py/astra_camera_msgs/srv/_get_string_s.c.o[0m
[14.814s] [ 90%] [32mBuilding C object CMakeFiles/astra_camera_msgs__rosidl_generator_py.dir/rosidl_generator_py/astra_camera_msgs/msg/_device_info_s.c.o[0m
[14.819s] [ 91%] [32mBuilding C object CMakeFiles/astra_camera_msgs__rosidl_generator_py.dir/rosidl_generator_py/astra_camera_msgs/srv/_get_device_info_s.c.o[0m
[15.050s] [ 92%] [32mBuilding C object CMakeFiles/astra_camera_msgs__rosidl_generator_py.dir/rosidl_generator_py/astra_camera_msgs/srv/_set_int32_s.c.o[0m
[15.327s] [ 93%] [32m[1mLinking C shared library rosidl_generator_py/astra_camera_msgs/libastra_camera_msgs__rosidl_generator_py.so[0m
[15.404s] [ 93%] Built target astra_camera_msgs__rosidl_generator_py
[15.447s] [ 96%] [32mBuilding C object CMakeFiles/astra_camera_msgs__rosidl_typesupport_introspection_c__pyext.dir/rosidl_generator_py/astra_camera_msgs/_astra_camera_msgs_s.ep.rosidl_typesupport_introspection_c.c.o[0m
[15.447s] [ 96%] [32mBuilding C object CMakeFiles/astra_camera_msgs__rosidl_typesupport_c__pyext.dir/rosidl_generator_py/astra_camera_msgs/_astra_camera_msgs_s.ep.rosidl_typesupport_c.c.o[0m
[15.447s] [ 96%] [32mBuilding C object CMakeFiles/astra_camera_msgs__rosidl_typesupport_fastrtps_c__pyext.dir/rosidl_generator_py/astra_camera_msgs/_astra_camera_msgs_s.ep.rosidl_typesupport_fastrtps_c.c.o[0m
[16.032s] [100%] [32m[1mLinking C shared library rosidl_generator_py/astra_camera_msgs/astra_camera_msgs_s__rosidl_typesupport_fastrtps_c.cpython-310-aarch64-linux-gnu.so[0m
[16.032s] [100%] [32m[1mLinking C shared library rosidl_generator_py/astra_camera_msgs/astra_camera_msgs_s__rosidl_typesupport_c.cpython-310-aarch64-linux-gnu.so[0m
[16.032s] [100%] [32m[1mLinking C shared library rosidl_generator_py/astra_camera_msgs/astra_camera_msgs_s__rosidl_typesupport_introspection_c.cpython-310-aarch64-linux-gnu.so[0m
[16.111s] [100%] Built target astra_camera_msgs__rosidl_typesupport_introspection_c__pyext
[16.111s] [100%] Built target astra_camera_msgs__rosidl_typesupport_fastrtps_c__pyext
[16.112s] [100%] Built target astra_camera_msgs__rosidl_typesupport_c__pyext
[16.144s] Invoked command in '/home/ubuntu/eco_marathon_ws/build/astra_camera_msgs' returned '0': CMAKE_PREFIX_PATH=/opt/ros/humble /usr/bin/cmake --build /home/ubuntu/eco_marathon_ws/build/astra_camera_msgs -- -j8 -l8
[16.148s] Invoking command in '/home/ubuntu/eco_marathon_ws/build/astra_camera_msgs': CMAKE_PREFIX_PATH=/opt/ros/humble /usr/bin/cmake --install /home/ubuntu/eco_marathon_ws/build/astra_camera_msgs
[16.166s] -- Install configuration: "Release"
[16.168s] -- Execute custom install script
[16.169s] -- Symlinking: /home/ubuntu/eco_marathon_ws/install/astra_camera_msgs/share/ament_index/resource_index/rosidl_interfaces/astra_camera_msgs
[16.190s] -- Symlinking: /home/ubuntu/eco_marathon_ws/install/astra_camera_msgs/include/astra_camera_msgs/astra_camera_msgs/msg/detail/device_info__functions.h
[16.209s] -- Symlinking: /home/ubuntu/eco_marathon_ws/install/astra_camera_msgs/include/astra_camera_msgs/astra_camera_msgs/msg/detail/device_info__struct.h
[16.224s] -- Symlinking: /home/ubuntu/eco_marathon_ws/install/astra_camera_msgs/include/astra_camera_msgs/astra_camera_msgs/msg/detail/device_info__type_support.h
[16.242s] -- Symlinking: /home/ubuntu/eco_marathon_ws/install/astra_camera_msgs/include/astra_camera_msgs/astra_camera_msgs/msg/detail/extrinsics__functions.h
[16.257s] -- Symlinking: /home/ubuntu/eco_marathon_ws/install/astra_camera_msgs/include/astra_camera_msgs/astra_camera_msgs/msg/detail/extrinsics__struct.h
[16.272s] -- Symlinking: /home/ubuntu/eco_marathon_ws/install/astra_camera_msgs/include/astra_camera_msgs/astra_camera_msgs/msg/detail/extrinsics__type_support.h
[16.286s] -- Symlinking: /home/ubuntu/eco_marathon_ws/install/astra_camera_msgs/include/astra_camera_msgs/astra_camera_msgs/msg/detail/metadata__functions.h
[16.307s] -- Symlinking: /home/ubuntu/eco_marathon_ws/install/astra_camera_msgs/include/astra_camera_msgs/astra_camera_msgs/msg/detail/metadata__struct.h
[16.322s] -- Symlinking: /home/ubuntu/eco_marathon_ws/install/astra_camera_msgs/include/astra_camera_msgs/astra_camera_msgs/msg/detail/metadata__type_support.h
[16.337s] -- Symlinking: /home/ubuntu/eco_marathon_ws/install/astra_camera_msgs/include/astra_camera_msgs/astra_camera_msgs/msg/device_info.h
[16.352s] -- Symlinking: /home/ubuntu/eco_marathon_ws/install/astra_camera_msgs/include/astra_camera_msgs/astra_camera_msgs/msg/extrinsics.h
[16.366s] -- Symlinking: /home/ubuntu/eco_marathon_ws/install/astra_camera_msgs/include/astra_camera_msgs/astra_camera_msgs/msg/metadata.h
[16.384s] -- Symlinking: /home/ubuntu/eco_marathon_ws/install/astra_camera_msgs/include/astra_camera_msgs/astra_camera_msgs/msg/rosidl_generator_c__visibility_control.h
[16.400s] -- Symlinking: /home/ubuntu/eco_marathon_ws/install/astra_camera_msgs/include/astra_camera_msgs/astra_camera_msgs/srv/detail/get_camera_info__functions.h
[16.419s] -- Symlinking: /home/ubuntu/eco_marathon_ws/install/astra_camera_msgs/include/astra_camera_msgs/astra_camera_msgs/srv/detail/get_camera_info__struct.h
[16.435s] -- Symlinking: /home/ubuntu/eco_marathon_ws/install/astra_camera_msgs/include/astra_camera_msgs/astra_camera_msgs/srv/detail/get_camera_info__type_support.h
[16.449s] -- Symlinking: /home/ubuntu/eco_marathon_ws/install/astra_camera_msgs/include/astra_camera_msgs/astra_camera_msgs/srv/detail/get_camera_params__functions.h
[16.466s] -- Symlinking: /home/ubuntu/eco_marathon_ws/install/astra_camera_msgs/include/astra_camera_msgs/astra_camera_msgs/srv/detail/get_camera_params__struct.h
[16.481s] -- Symlinking: /home/ubuntu/eco_marathon_ws/install/astra_camera_msgs/include/astra_camera_msgs/astra_camera_msgs/srv/detail/get_camera_params__type_support.h
[16.498s] -- Symlinking: /home/ubuntu/eco_marathon_ws/install/astra_camera_msgs/include/astra_camera_msgs/astra_camera_msgs/srv/detail/get_device_info__functions.h
[16.514s] -- Symlinking: /home/ubuntu/eco_marathon_ws/install/astra_camera_msgs/include/astra_camera_msgs/astra_camera_msgs/srv/detail/get_device_info__struct.h
[16.529s] -- Symlinking: /home/ubuntu/eco_marathon_ws/install/astra_camera_msgs/include/astra_camera_msgs/astra_camera_msgs/srv/detail/get_device_info__type_support.h
[16.546s] -- Symlinking: /home/ubuntu/eco_marathon_ws/install/astra_camera_msgs/include/astra_camera_msgs/astra_camera_msgs/srv/detail/get_int32__functions.h
[16.562s] -- Symlinking: /home/ubuntu/eco_marathon_ws/install/astra_camera_msgs/include/astra_camera_msgs/astra_camera_msgs/srv/detail/get_int32__struct.h
[16.579s] -- Symlinking: /home/ubuntu/eco_marathon_ws/install/astra_camera_msgs/include/astra_camera_msgs/astra_camera_msgs/srv/detail/get_int32__type_support.h
[16.596s] -- Symlinking: /home/ubuntu/eco_marathon_ws/install/astra_camera_msgs/include/astra_camera_msgs/astra_camera_msgs/srv/detail/get_string__functions.h
[16.612s] -- Symlinking: /home/ubuntu/eco_marathon_ws/install/astra_camera_msgs/include/astra_camera_msgs/astra_camera_msgs/srv/detail/get_string__struct.h
[16.633s] -- Symlinking: /home/ubuntu/eco_marathon_ws/install/astra_camera_msgs/include/astra_camera_msgs/astra_camera_msgs/srv/detail/get_string__type_support.h
[16.647s] -- Symlinking: /home/ubuntu/eco_marathon_ws/install/astra_camera_msgs/include/astra_camera_msgs/astra_camera_msgs/srv/detail/set_int32__functions.h
[16.666s] -- Symlinking: /home/ubuntu/eco_marathon_ws/install/astra_camera_msgs/include/astra_camera_msgs/astra_camera_msgs/srv/detail/set_int32__struct.h
[16.681s] -- Symlinking: /home/ubuntu/eco_marathon_ws/install/astra_camera_msgs/include/astra_camera_msgs/astra_camera_msgs/srv/detail/set_int32__type_support.h
[16.700s] -- Symlinking: /home/ubuntu/eco_marathon_ws/install/astra_camera_msgs/include/astra_camera_msgs/astra_camera_msgs/srv/get_camera_info.h
[16.717s] -- Symlinking: /home/ubuntu/eco_marathon_ws/install/astra_camera_msgs/include/astra_camera_msgs/astra_camera_msgs/srv/get_camera_params.h
[16.736s] -- Symlinking: /home/ubuntu/eco_marathon_ws/install/astra_camera_msgs/include/astra_camera_msgs/astra_camera_msgs/srv/get_device_info.h
[16.754s] -- Symlinking: /home/ubuntu/eco_marathon_ws/install/astra_camera_msgs/include/astra_camera_msgs/astra_camera_msgs/srv/get_int32.h
[16.770s] -- Symlinking: /home/ubuntu/eco_marathon_ws/install/astra_camera_msgs/include/astra_camera_msgs/astra_camera_msgs/srv/get_string.h
[16.791s] -- Symlinking: /home/ubuntu/eco_marathon_ws/install/astra_camera_msgs/include/astra_camera_msgs/astra_camera_msgs/srv/set_int32.h
[16.811s] -- Symlinking: /home/ubuntu/eco_marathon_ws/install/astra_camera_msgs/share/astra_camera_msgs/environment/library_path.sh
[16.827s] -- Symlinking: /home/ubuntu/eco_marathon_ws/install/astra_camera_msgs/share/astra_camera_msgs/environment/library_path.dsv
[16.846s] -- Symlinking: /home/ubuntu/eco_marathon_ws/install/astra_camera_msgs/include/astra_camera_msgs/astra_camera_msgs/msg/detail/device_info__rosidl_typesupport_fastrtps_c.h
[16.862s] -- Symlinking: /home/ubuntu/eco_marathon_ws/install/astra_camera_msgs/include/astra_camera_msgs/astra_camera_msgs/msg/detail/extrinsics__rosidl_typesupport_fastrtps_c.h
[16.877s] -- Symlinking: /home/ubuntu/eco_marathon_ws/install/astra_camera_msgs/include/astra_camera_msgs/astra_camera_msgs/msg/detail/metadata__rosidl_typesupport_fastrtps_c.h
[16.894s] -- Symlinking: /home/ubuntu/eco_marathon_ws/install/astra_camera_msgs/include/astra_camera_msgs/astra_camera_msgs/msg/rosidl_typesupport_fastrtps_c__visibility_control.h
[16.910s] -- Symlinking: /home/ubuntu/eco_marathon_ws/install/astra_camera_msgs/include/astra_camera_msgs/astra_camera_msgs/srv/detail/get_camera_info__rosidl_typesupport_fastrtps_c.h
[16.926s] -- Symlinking: /home/ubuntu/eco_marathon_ws/install/astra_camera_msgs/include/astra_camera_msgs/astra_camera_msgs/srv/detail/get_camera_params__rosidl_typesupport_fastrtps_c.h
[16.943s] -- Symlinking: /home/ubuntu/eco_marathon_ws/install/astra_camera_msgs/include/astra_camera_msgs/astra_camera_msgs/srv/detail/get_device_info__rosidl_typesupport_fastrtps_c.h
[16.958s] -- Symlinking: /home/ubuntu/eco_marathon_ws/install/astra_camera_msgs/include/astra_camera_msgs/astra_camera_msgs/srv/detail/get_int32__rosidl_typesupport_fastrtps_c.h
[16.973s] -- Symlinking: /home/ubuntu/eco_marathon_ws/install/astra_camera_msgs/include/astra_camera_msgs/astra_camera_msgs/srv/detail/get_string__rosidl_typesupport_fastrtps_c.h
[16.991s] -- Symlinking: /home/ubuntu/eco_marathon_ws/install/astra_camera_msgs/include/astra_camera_msgs/astra_camera_msgs/srv/detail/set_int32__rosidl_typesupport_fastrtps_c.h
[17.009s] -- Symlinking: /home/ubuntu/eco_marathon_ws/install/astra_camera_msgs/include/astra_camera_msgs/astra_camera_msgs/msg/detail/device_info__rosidl_typesupport_introspection_c.h
[17.025s] -- Symlinking: /home/ubuntu/eco_marathon_ws/install/astra_camera_msgs/include/astra_camera_msgs/astra_camera_msgs/msg/detail/extrinsics__rosidl_typesupport_introspection_c.h
[17.041s] -- Symlinking: /home/ubuntu/eco_marathon_ws/install/astra_camera_msgs/include/astra_camera_msgs/astra_camera_msgs/msg/detail/metadata__rosidl_typesupport_introspection_c.h
[17.058s] -- Symlinking: /home/ubuntu/eco_marathon_ws/install/astra_camera_msgs/include/astra_camera_msgs/astra_camera_msgs/msg/rosidl_typesupport_introspection_c__visibility_control.h
[17.073s] -- Symlinking: /home/ubuntu/eco_marathon_ws/install/astra_camera_msgs/include/astra_camera_msgs/astra_camera_msgs/srv/detail/get_camera_info__rosidl_typesupport_introspection_c.h
[17.089s] -- Symlinking: /home/ubuntu/eco_marathon_ws/install/astra_camera_msgs/include/astra_camera_msgs/astra_camera_msgs/srv/detail/get_camera_params__rosidl_typesupport_introspection_c.h
[17.107s] -- Symlinking: /home/ubuntu/eco_marathon_ws/install/astra_camera_msgs/include/astra_camera_msgs/astra_camera_msgs/srv/detail/get_device_info__rosidl_typesupport_introspection_c.h
[17.123s] -- Symlinking: /home/ubuntu/eco_marathon_ws/install/astra_camera_msgs/include/astra_camera_msgs/astra_camera_msgs/srv/detail/get_int32__rosidl_typesupport_introspection_c.h
[17.143s] -- Symlinking: /home/ubuntu/eco_marathon_ws/install/astra_camera_msgs/include/astra_camera_msgs/astra_camera_msgs/srv/detail/get_string__rosidl_typesupport_introspection_c.h
[17.159s] -- Symlinking: /home/ubuntu/eco_marathon_ws/install/astra_camera_msgs/include/astra_camera_msgs/astra_camera_msgs/srv/detail/set_int32__rosidl_typesupport_introspection_c.h
[17.178s] -- Symlinking: /home/ubuntu/eco_marathon_ws/install/astra_camera_msgs/include/astra_camera_msgs/astra_camera_msgs/msg/detail/device_info__builder.hpp
[17.195s] -- Symlinking: /home/ubuntu/eco_marathon_ws/install/astra_camera_msgs/include/astra_camera_msgs/astra_camera_msgs/msg/detail/device_info__struct.hpp
[17.210s] -- Symlinking: /home/ubuntu/eco_marathon_ws/install/astra_camera_msgs/include/astra_camera_msgs/astra_camera_msgs/msg/detail/device_info__traits.hpp
[17.228s] -- Symlinking: /home/ubuntu/eco_marathon_ws/install/astra_camera_msgs/include/astra_camera_msgs/astra_camera_msgs/msg/detail/device_info__type_support.hpp
[17.242s] -- Symlinking: /home/ubuntu/eco_marathon_ws/install/astra_camera_msgs/include/astra_camera_msgs/astra_camera_msgs/msg/detail/extrinsics__builder.hpp
[17.260s] -- Symlinking: /home/ubuntu/eco_marathon_ws/install/astra_camera_msgs/include/astra_camera_msgs/astra_camera_msgs/msg/detail/extrinsics__struct.hpp
[17.275s] -- Symlinking: /home/ubuntu/eco_marathon_ws/install/astra_camera_msgs/include/astra_camera_msgs/astra_camera_msgs/msg/detail/extrinsics__traits.hpp
[17.293s] -- Symlinking: /home/ubuntu/eco_marathon_ws/install/astra_camera_msgs/include/astra_camera_msgs/astra_camera_msgs/msg/detail/extrinsics__type_support.hpp
[17.309s] -- Symlinking: /home/ubuntu/eco_marathon_ws/install/astra_camera_msgs/include/astra_camera_msgs/astra_camera_msgs/msg/detail/metadata__builder.hpp
[17.326s] -- Symlinking: /home/ubuntu/eco_marathon_ws/install/astra_camera_msgs/include/astra_camera_msgs/astra_camera_msgs/msg/detail/metadata__struct.hpp
[17.341s] -- Symlinking: /home/ubuntu/eco_marathon_ws/install/astra_camera_msgs/include/astra_camera_msgs/astra_camera_msgs/msg/detail/metadata__traits.hpp
[17.358s] -- Symlinking: /home/ubuntu/eco_marathon_ws/install/astra_camera_msgs/include/astra_camera_msgs/astra_camera_msgs/msg/detail/metadata__type_support.hpp
[17.373s] -- Symlinking: /home/ubuntu/eco_marathon_ws/install/astra_camera_msgs/include/astra_camera_msgs/astra_camera_msgs/msg/device_info.hpp
[17.390s] -- Symlinking: /home/ubuntu/eco_marathon_ws/install/astra_camera_msgs/include/astra_camera_msgs/astra_camera_msgs/msg/extrinsics.hpp
[17.406s] -- Symlinking: /home/ubuntu/eco_marathon_ws/install/astra_camera_msgs/include/astra_camera_msgs/astra_camera_msgs/msg/metadata.hpp
[17.422s] -- Symlinking: /home/ubuntu/eco_marathon_ws/install/astra_camera_msgs/include/astra_camera_msgs/astra_camera_msgs/msg/rosidl_generator_cpp__visibility_control.hpp
[17.438s] -- Symlinking: /home/ubuntu/eco_marathon_ws/install/astra_camera_msgs/include/astra_camera_msgs/astra_camera_msgs/srv/detail/get_camera_info__builder.hpp
[17.457s] -- Symlinking: /home/ubuntu/eco_marathon_ws/install/astra_camera_msgs/include/astra_camera_msgs/astra_camera_msgs/srv/detail/get_camera_info__struct.hpp
[17.472s] -- Symlinking: /home/ubuntu/eco_marathon_ws/install/astra_camera_msgs/include/astra_camera_msgs/astra_camera_msgs/srv/detail/get_camera_info__traits.hpp
[17.488s] -- Symlinking: /home/ubuntu/eco_marathon_ws/install/astra_camera_msgs/include/astra_camera_msgs/astra_camera_msgs/srv/detail/get_camera_info__type_support.hpp
[17.503s] -- Symlinking: /home/ubuntu/eco_marathon_ws/install/astra_camera_msgs/include/astra_camera_msgs/astra_camera_msgs/srv/detail/get_camera_params__builder.hpp
[17.521s] -- Symlinking: /home/ubuntu/eco_marathon_ws/install/astra_camera_msgs/include/astra_camera_msgs/astra_camera_msgs/srv/detail/get_camera_params__struct.hpp
[17.537s] -- Symlinking: /home/ubuntu/eco_marathon_ws/install/astra_camera_msgs/include/astra_camera_msgs/astra_camera_msgs/srv/detail/get_camera_params__traits.hpp
[17.552s] -- Symlinking: /home/ubuntu/eco_marathon_ws/install/astra_camera_msgs/include/astra_camera_msgs/astra_camera_msgs/srv/detail/get_camera_params__type_support.hpp
[17.566s] -- Symlinking: /home/ubuntu/eco_marathon_ws/install/astra_camera_msgs/include/astra_camera_msgs/astra_camera_msgs/srv/detail/get_device_info__builder.hpp
[17.584s] -- Symlinking: /home/ubuntu/eco_marathon_ws/install/astra_camera_msgs/include/astra_camera_msgs/astra_camera_msgs/srv/detail/get_device_info__struct.hpp
[17.599s] -- Symlinking: /home/ubuntu/eco_marathon_ws/install/astra_camera_msgs/include/astra_camera_msgs/astra_camera_msgs/srv/detail/get_device_info__traits.hpp
[17.617s] -- Symlinking: /home/ubuntu/eco_marathon_ws/install/astra_camera_msgs/include/astra_camera_msgs/astra_camera_msgs/srv/detail/get_device_info__type_support.hpp
[17.634s] -- Symlinking: /home/ubuntu/eco_marathon_ws/install/astra_camera_msgs/include/astra_camera_msgs/astra_camera_msgs/srv/detail/get_int32__builder.hpp
[17.649s] -- Symlinking: /home/ubuntu/eco_marathon_ws/install/astra_camera_msgs/include/astra_camera_msgs/astra_camera_msgs/srv/detail/get_int32__struct.hpp
[17.666s] -- Symlinking: /home/ubuntu/eco_marathon_ws/install/astra_camera_msgs/include/astra_camera_msgs/astra_camera_msgs/srv/detail/get_int32__traits.hpp
[17.683s] -- Symlinking: /home/ubuntu/eco_marathon_ws/install/astra_camera_msgs/include/astra_camera_msgs/astra_camera_msgs/srv/detail/get_int32__type_support.hpp
[17.698s] -- Symlinking: /home/ubuntu/eco_marathon_ws/install/astra_camera_msgs/include/astra_camera_msgs/astra_camera_msgs/srv/detail/get_string__builder.hpp
[17.715s] -- Symlinking: /home/ubuntu/eco_marathon_ws/install/astra_camera_msgs/include/astra_camera_msgs/astra_camera_msgs/srv/detail/get_string__struct.hpp
[17.730s] -- Symlinking: /home/ubuntu/eco_marathon_ws/install/astra_camera_msgs/include/astra_camera_msgs/astra_camera_msgs/srv/detail/get_string__traits.hpp
[17.746s] -- Symlinking: /home/ubuntu/eco_marathon_ws/install/astra_camera_msgs/include/astra_camera_msgs/astra_camera_msgs/srv/detail/get_string__type_support.hpp
[17.762s] -- Symlinking: /home/ubuntu/eco_marathon_ws/install/astra_camera_msgs/include/astra_camera_msgs/astra_camera_msgs/srv/detail/set_int32__builder.hpp
[17.778s] -- Symlinking: /home/ubuntu/eco_marathon_ws/install/astra_camera_msgs/include/astra_camera_msgs/astra_camera_msgs/srv/detail/set_int32__struct.hpp
[17.793s] -- Symlinking: /home/ubuntu/eco_marathon_ws/install/astra_camera_msgs/include/astra_camera_msgs/astra_camera_msgs/srv/detail/set_int32__traits.hpp
[17.809s] -- Symlinking: /home/ubuntu/eco_marathon_ws/install/astra_camera_msgs/include/astra_camera_msgs/astra_camera_msgs/srv/detail/set_int32__type_support.hpp
[17.833s] -- Symlinking: /home/ubuntu/eco_marathon_ws/install/astra_camera_msgs/include/astra_camera_msgs/astra_camera_msgs/srv/get_camera_info.hpp
[17.851s] -- Symlinking: /home/ubuntu/eco_marathon_ws/install/astra_camera_msgs/include/astra_camera_msgs/astra_camera_msgs/srv/get_camera_params.hpp
[17.866s] -- Symlinking: /home/ubuntu/eco_marathon_ws/install/astra_camera_msgs/include/astra_camera_msgs/astra_camera_msgs/srv/get_device_info.hpp
[17.883s] -- Symlinking: /home/ubuntu/eco_marathon_ws/install/astra_camera_msgs/include/astra_camera_msgs/astra_camera_msgs/srv/get_int32.hpp
[17.898s] -- Symlinking: /home/ubuntu/eco_marathon_ws/install/astra_camera_msgs/include/astra_camera_msgs/astra_camera_msgs/srv/get_string.hpp
[17.916s] -- Symlinking: /home/ubuntu/eco_marathon_ws/install/astra_camera_msgs/include/astra_camera_msgs/astra_camera_msgs/srv/set_int32.hpp
[17.932s] -- Symlinking: /home/ubuntu/eco_marathon_ws/install/astra_camera_msgs/include/astra_camera_msgs/astra_camera_msgs/msg/detail/device_info__rosidl_typesupport_fastrtps_cpp.hpp
[17.950s] -- Symlinking: /home/ubuntu/eco_marathon_ws/install/astra_camera_msgs/include/astra_camera_msgs/astra_camera_msgs/msg/detail/extrinsics__rosidl_typesupport_fastrtps_cpp.hpp
[17.967s] -- Symlinking: /home/ubuntu/eco_marathon_ws/install/astra_camera_msgs/include/astra_camera_msgs/astra_camera_msgs/msg/detail/metadata__rosidl_typesupport_fastrtps_cpp.hpp
[17.981s] -- Symlinking: /home/ubuntu/eco_marathon_ws/install/astra_camera_msgs/include/astra_camera_msgs/astra_camera_msgs/msg/rosidl_typesupport_fastrtps_cpp__visibility_control.h
[17.997s] -- Symlinking: /home/ubuntu/eco_marathon_ws/install/astra_camera_msgs/include/astra_camera_msgs/astra_camera_msgs/srv/detail/get_camera_info__rosidl_typesupport_fastrtps_cpp.hpp
[18.015s] -- Symlinking: /home/ubuntu/eco_marathon_ws/install/astra_camera_msgs/include/astra_camera_msgs/astra_camera_msgs/srv/detail/get_camera_params__rosidl_typesupport_fastrtps_cpp.hpp
[18.031s] -- Symlinking: /home/ubuntu/eco_marathon_ws/install/astra_camera_msgs/include/astra_camera_msgs/astra_camera_msgs/srv/detail/get_device_info__rosidl_typesupport_fastrtps_cpp.hpp
[18.048s] -- Symlinking: /home/ubuntu/eco_marathon_ws/install/astra_camera_msgs/include/astra_camera_msgs/astra_camera_msgs/srv/detail/get_int32__rosidl_typesupport_fastrtps_cpp.hpp
[18.063s] -- Symlinking: /home/ubuntu/eco_marathon_ws/install/astra_camera_msgs/include/astra_camera_msgs/astra_camera_msgs/srv/detail/get_string__rosidl_typesupport_fastrtps_cpp.hpp
[18.079s] -- Symlinking: /home/ubuntu/eco_marathon_ws/install/astra_camera_msgs/include/astra_camera_msgs/astra_camera_msgs/srv/detail/set_int32__rosidl_typesupport_fastrtps_cpp.hpp
[18.096s] -- Symlinking: /home/ubuntu/eco_marathon_ws/install/astra_camera_msgs/include/astra_camera_msgs/astra_camera_msgs/msg/detail/device_info__rosidl_typesupport_introspection_cpp.hpp
[18.118s] -- Symlinking: /home/ubuntu/eco_marathon_ws/install/astra_camera_msgs/include/astra_camera_msgs/astra_camera_msgs/msg/detail/extrinsics__rosidl_typesupport_introspection_cpp.hpp
[18.134s] -- Symlinking: /home/ubuntu/eco_marathon_ws/install/astra_camera_msgs/include/astra_camera_msgs/astra_camera_msgs/msg/detail/metadata__rosidl_typesupport_introspection_cpp.hpp
[18.150s] -- Symlinking: /home/ubuntu/eco_marathon_ws/install/astra_camera_msgs/include/astra_camera_msgs/astra_camera_msgs/srv/detail/get_camera_info__rosidl_typesupport_introspection_cpp.hpp
[18.166s] -- Symlinking: /home/ubuntu/eco_marathon_ws/install/astra_camera_msgs/include/astra_camera_msgs/astra_camera_msgs/srv/detail/get_camera_params__rosidl_typesupport_introspection_cpp.hpp
[18.181s] -- Symlinking: /home/ubuntu/eco_marathon_ws/install/astra_camera_msgs/include/astra_camera_msgs/astra_camera_msgs/srv/detail/get_device_info__rosidl_typesupport_introspection_cpp.hpp
[18.197s] -- Symlinking: /home/ubuntu/eco_marathon_ws/install/astra_camera_msgs/include/astra_camera_msgs/astra_camera_msgs/srv/detail/get_int32__rosidl_typesupport_introspection_cpp.hpp
[18.218s] -- Symlinking: /home/ubuntu/eco_marathon_ws/install/astra_camera_msgs/include/astra_camera_msgs/astra_camera_msgs/srv/detail/get_string__rosidl_typesupport_introspection_cpp.hpp
[18.234s] -- Symlinking: /home/ubuntu/eco_marathon_ws/install/astra_camera_msgs/include/astra_camera_msgs/astra_camera_msgs/srv/detail/set_int32__rosidl_typesupport_introspection_cpp.hpp
[18.250s] -- Symlinking: /home/ubuntu/eco_marathon_ws/install/astra_camera_msgs/share/astra_camera_msgs/environment/pythonpath.sh
[18.265s] -- Symlinking: /home/ubuntu/eco_marathon_ws/install/astra_camera_msgs/share/astra_camera_msgs/environment/pythonpath.dsv
[18.282s] -- Symlinking: /home/ubuntu/eco_marathon_ws/install/astra_camera_msgs/local/lib/python3.10/dist-packages/astra_camera_msgs-1.0.1-py3.10.egg-info/PKG-INFO
[18.299s] -- Symlinking: /home/ubuntu/eco_marathon_ws/install/astra_camera_msgs/local/lib/python3.10/dist-packages/astra_camera_msgs-1.0.1-py3.10.egg-info/SOURCES.txt
[18.313s] -- Symlinking: /home/ubuntu/eco_marathon_ws/install/astra_camera_msgs/local/lib/python3.10/dist-packages/astra_camera_msgs-1.0.1-py3.10.egg-info/dependency_links.txt
[18.329s] -- Symlinking: /home/ubuntu/eco_marathon_ws/install/astra_camera_msgs/local/lib/python3.10/dist-packages/astra_camera_msgs-1.0.1-py3.10.egg-info/top_level.txt
[18.349s] -- Symlinking: /home/ubuntu/eco_marathon_ws/install/astra_camera_msgs/local/lib/python3.10/dist-packages/astra_camera_msgs/__init__.py
[18.364s] -- Symlinking: /home/ubuntu/eco_marathon_ws/install/astra_camera_msgs/local/lib/python3.10/dist-packages/astra_camera_msgs/_astra_camera_msgs_s.ep.rosidl_typesupport_c.c
[18.378s] -- Symlinking: /home/ubuntu/eco_marathon_ws/install/astra_camera_msgs/local/lib/python3.10/dist-packages/astra_camera_msgs/_astra_camera_msgs_s.ep.rosidl_typesupport_fastrtps_c.c
[18.392s] -- Symlinking: /home/ubuntu/eco_marathon_ws/install/astra_camera_msgs/local/lib/python3.10/dist-packages/astra_camera_msgs/_astra_camera_msgs_s.ep.rosidl_typesupport_introspection_c.c
[18.406s] -- Symlinking: /home/ubuntu/eco_marathon_ws/install/astra_camera_msgs/local/lib/python3.10/dist-packages/astra_camera_msgs/astra_camera_msgs_s__rosidl_typesupport_c.cpython-310-aarch64-linux-gnu.so
[18.424s] -- Symlinking: /home/ubuntu/eco_marathon_ws/install/astra_camera_msgs/local/lib/python3.10/dist-packages/astra_camera_msgs/astra_camera_msgs_s__rosidl_typesupport_fastrtps_c.cpython-310-aarch64-linux-gnu.so
[18.437s] -- Symlinking: /home/ubuntu/eco_marathon_ws/install/astra_camera_msgs/local/lib/python3.10/dist-packages/astra_camera_msgs/astra_camera_msgs_s__rosidl_typesupport_introspection_c.cpython-310-aarch64-linux-gnu.so
[18.453s] -- Symlinking: /home/ubuntu/eco_marathon_ws/install/astra_camera_msgs/local/lib/python3.10/dist-packages/astra_camera_msgs/libastra_camera_msgs__rosidl_generator_py.so
[18.469s] -- Symlinking: /home/ubuntu/eco_marathon_ws/install/astra_camera_msgs/local/lib/python3.10/dist-packages/astra_camera_msgs/msg/__init__.py
[18.484s] -- Symlinking: /home/ubuntu/eco_marathon_ws/install/astra_camera_msgs/local/lib/python3.10/dist-packages/astra_camera_msgs/msg/_device_info.py
[18.500s] -- Symlinking: /home/ubuntu/eco_marathon_ws/install/astra_camera_msgs/local/lib/python3.10/dist-packages/astra_camera_msgs/msg/_device_info_s.c
[18.516s] -- Symlinking: /home/ubuntu/eco_marathon_ws/install/astra_camera_msgs/local/lib/python3.10/dist-packages/astra_camera_msgs/msg/_extrinsics.py
[18.531s] -- Symlinking: /home/ubuntu/eco_marathon_ws/install/astra_camera_msgs/local/lib/python3.10/dist-packages/astra_camera_msgs/msg/_extrinsics_s.c
[18.547s] -- Symlinking: /home/ubuntu/eco_marathon_ws/install/astra_camera_msgs/local/lib/python3.10/dist-packages/astra_camera_msgs/msg/_metadata.py
[18.562s] -- Symlinking: /home/ubuntu/eco_marathon_ws/install/astra_camera_msgs/local/lib/python3.10/dist-packages/astra_camera_msgs/msg/_metadata_s.c
[18.578s] -- Symlinking: /home/ubuntu/eco_marathon_ws/install/astra_camera_msgs/local/lib/python3.10/dist-packages/astra_camera_msgs/srv/__init__.py
[18.593s] -- Symlinking: /home/ubuntu/eco_marathon_ws/install/astra_camera_msgs/local/lib/python3.10/dist-packages/astra_camera_msgs/srv/_get_camera_info.py
[18.609s] -- Symlinking: /home/ubuntu/eco_marathon_ws/install/astra_camera_msgs/local/lib/python3.10/dist-packages/astra_camera_msgs/srv/_get_camera_info_s.c
[18.626s] -- Symlinking: /home/ubuntu/eco_marathon_ws/install/astra_camera_msgs/local/lib/python3.10/dist-packages/astra_camera_msgs/srv/_get_camera_params.py
[18.644s] -- Symlinking: /home/ubuntu/eco_marathon_ws/install/astra_camera_msgs/local/lib/python3.10/dist-packages/astra_camera_msgs/srv/_get_camera_params_s.c
[18.660s] -- Symlinking: /home/ubuntu/eco_marathon_ws/install/astra_camera_msgs/local/lib/python3.10/dist-packages/astra_camera_msgs/srv/_get_device_info.py
[18.676s] -- Symlinking: /home/ubuntu/eco_marathon_ws/install/astra_camera_msgs/local/lib/python3.10/dist-packages/astra_camera_msgs/srv/_get_device_info_s.c
[18.692s] -- Symlinking: /home/ubuntu/eco_marathon_ws/install/astra_camera_msgs/local/lib/python3.10/dist-packages/astra_camera_msgs/srv/_get_int32.py
[18.708s] -- Symlinking: /home/ubuntu/eco_marathon_ws/install/astra_camera_msgs/local/lib/python3.10/dist-packages/astra_camera_msgs/srv/_get_int32_s.c
[18.726s] -- Symlinking: /home/ubuntu/eco_marathon_ws/install/astra_camera_msgs/local/lib/python3.10/dist-packages/astra_camera_msgs/srv/_get_string.py
[18.743s] -- Symlinking: /home/ubuntu/eco_marathon_ws/install/astra_camera_msgs/local/lib/python3.10/dist-packages/astra_camera_msgs/srv/_get_string_s.c
[18.758s] -- Symlinking: /home/ubuntu/eco_marathon_ws/install/astra_camera_msgs/local/lib/python3.10/dist-packages/astra_camera_msgs/srv/_set_int32.py
[18.779s] -- Symlinking: /home/ubuntu/eco_marathon_ws/install/astra_camera_msgs/local/lib/python3.10/dist-packages/astra_camera_msgs/srv/_set_int32_s.c
[18.797s] -- Up-to-date symlink: /home/ubuntu/eco_marathon_ws/install/astra_camera_msgs/local/lib/python3.10/dist-packages/astra_camera_msgs/astra_camera_msgs_s__rosidl_typesupport_fastrtps_c.cpython-310-aarch64-linux-gnu.so
[18.798s] -- Up-to-date symlink: /home/ubuntu/eco_marathon_ws/install/astra_camera_msgs/local/lib/python3.10/dist-packages/astra_camera_msgs/astra_camera_msgs_s__rosidl_typesupport_introspection_c.cpython-310-aarch64-linux-gnu.so
[18.799s] -- Up-to-date symlink: /home/ubuntu/eco_marathon_ws/install/astra_camera_msgs/local/lib/python3.10/dist-packages/astra_camera_msgs/astra_camera_msgs_s__rosidl_typesupport_c.cpython-310-aarch64-linux-gnu.so
[18.799s] -- Symlinking: /home/ubuntu/eco_marathon_ws/install/astra_camera_msgs/share/astra_camera_msgs/msg/DeviceInfo.idl
[18.816s] -- Symlinking: /home/ubuntu/eco_marathon_ws/install/astra_camera_msgs/share/astra_camera_msgs/msg/Extrinsics.idl
[18.834s] -- Symlinking: /home/ubuntu/eco_marathon_ws/install/astra_camera_msgs/share/astra_camera_msgs/msg/Metadata.idl
[18.850s] -- Symlinking: /home/ubuntu/eco_marathon_ws/install/astra_camera_msgs/share/astra_camera_msgs/srv/GetDeviceInfo.idl
[18.866s] -- Symlinking: /home/ubuntu/eco_marathon_ws/install/astra_camera_msgs/share/astra_camera_msgs/srv/GetCameraInfo.idl
[18.881s] -- Symlinking: /home/ubuntu/eco_marathon_ws/install/astra_camera_msgs/share/astra_camera_msgs/srv/GetCameraParams.idl
[18.898s] -- Symlinking: /home/ubuntu/eco_marathon_ws/install/astra_camera_msgs/share/astra_camera_msgs/srv/GetInt32.idl
[18.913s] -- Symlinking: /home/ubuntu/eco_marathon_ws/install/astra_camera_msgs/share/astra_camera_msgs/srv/GetString.idl
[18.929s] -- Symlinking: /home/ubuntu/eco_marathon_ws/install/astra_camera_msgs/share/astra_camera_msgs/srv/SetInt32.idl
[18.946s] -- Symlinking: /home/ubuntu/eco_marathon_ws/install/astra_camera_msgs/share/astra_camera_msgs/msg/DeviceInfo.msg
[18.962s] -- Symlinking: /home/ubuntu/eco_marathon_ws/install/astra_camera_msgs/share/astra_camera_msgs/msg/Extrinsics.msg
[18.977s] -- Symlinking: /home/ubuntu/eco_marathon_ws/install/astra_camera_msgs/share/astra_camera_msgs/msg/Metadata.msg
[18.993s] -- Symlinking: /home/ubuntu/eco_marathon_ws/install/astra_camera_msgs/share/astra_camera_msgs/srv/GetDeviceInfo.srv
[19.009s] -- Symlinking: /home/ubuntu/eco_marathon_ws/install/astra_camera_msgs/share/astra_camera_msgs/srv/GetDeviceInfo_Request.msg
[19.026s] -- Symlinking: /home/ubuntu/eco_marathon_ws/install/astra_camera_msgs/share/astra_camera_msgs/srv/GetDeviceInfo_Response.msg
[19.041s] -- Symlinking: /home/ubuntu/eco_marathon_ws/install/astra_camera_msgs/share/astra_camera_msgs/srv/GetCameraInfo.srv
[19.057s] -- Symlinking: /home/ubuntu/eco_marathon_ws/install/astra_camera_msgs/share/astra_camera_msgs/srv/GetCameraInfo_Request.msg
[19.073s] -- Symlinking: /home/ubuntu/eco_marathon_ws/install/astra_camera_msgs/share/astra_camera_msgs/srv/GetCameraInfo_Response.msg
[19.094s] -- Symlinking: /home/ubuntu/eco_marathon_ws/install/astra_camera_msgs/share/astra_camera_msgs/srv/GetCameraParams.srv
[19.115s] -- Symlinking: /home/ubuntu/eco_marathon_ws/install/astra_camera_msgs/share/astra_camera_msgs/srv/GetCameraParams_Request.msg
[19.132s] -- Symlinking: /home/ubuntu/eco_marathon_ws/install/astra_camera_msgs/share/astra_camera_msgs/srv/GetCameraParams_Response.msg
[19.148s] -- Symlinking: /home/ubuntu/eco_marathon_ws/install/astra_camera_msgs/share/astra_camera_msgs/srv/GetInt32.srv
[19.164s] -- Symlinking: /home/ubuntu/eco_marathon_ws/install/astra_camera_msgs/share/astra_camera_msgs/srv/GetInt32_Request.msg
[19.180s] -- Symlinking: /home/ubuntu/eco_marathon_ws/install/astra_camera_msgs/share/astra_camera_msgs/srv/GetInt32_Response.msg
[19.196s] -- Symlinking: /home/ubuntu/eco_marathon_ws/install/astra_camera_msgs/share/astra_camera_msgs/srv/GetString.srv
[19.211s] -- Symlinking: /home/ubuntu/eco_marathon_ws/install/astra_camera_msgs/share/astra_camera_msgs/srv/GetString_Request.msg
[19.226s] -- Symlinking: /home/ubuntu/eco_marathon_ws/install/astra_camera_msgs/share/astra_camera_msgs/srv/GetString_Response.msg
[19.242s] -- Symlinking: /home/ubuntu/eco_marathon_ws/install/astra_camera_msgs/share/astra_camera_msgs/srv/SetInt32.srv
[19.258s] -- Symlinking: /home/ubuntu/eco_marathon_ws/install/astra_camera_msgs/share/astra_camera_msgs/srv/SetInt32_Request.msg
[19.274s] -- Symlinking: /home/ubuntu/eco_marathon_ws/install/astra_camera_msgs/share/astra_camera_msgs/srv/SetInt32_Response.msg
[19.290s] -- Symlinking: /home/ubuntu/eco_marathon_ws/install/astra_camera_msgs/share/ament_index/resource_index/package_run_dependencies/astra_camera_msgs
[19.306s] -- Symlinking: /home/ubuntu/eco_marathon_ws/install/astra_camera_msgs/share/ament_index/resource_index/parent_prefix_path/astra_camera_msgs
[19.323s] -- Symlinking: /home/ubuntu/eco_marathon_ws/install/astra_camera_msgs/share/astra_camera_msgs/environment/ament_prefix_path.sh
[19.339s] -- Symlinking: /home/ubuntu/eco_marathon_ws/install/astra_camera_msgs/share/astra_camera_msgs/environment/ament_prefix_path.dsv
[19.354s] -- Symlinking: /home/ubuntu/eco_marathon_ws/install/astra_camera_msgs/share/astra_camera_msgs/environment/path.sh
[19.372s] -- Symlinking: /home/ubuntu/eco_marathon_ws/install/astra_camera_msgs/share/astra_camera_msgs/environment/path.dsv
[19.387s] -- Symlinking: /home/ubuntu/eco_marathon_ws/install/astra_camera_msgs/share/astra_camera_msgs/local_setup.bash
[19.404s] -- Symlinking: /home/ubuntu/eco_marathon_ws/install/astra_camera_msgs/share/astra_camera_msgs/local_setup.sh
[19.420s] -- Symlinking: /home/ubuntu/eco_marathon_ws/install/astra_camera_msgs/share/astra_camera_msgs/local_setup.zsh
[19.436s] -- Symlinking: /home/ubuntu/eco_marathon_ws/install/astra_camera_msgs/share/astra_camera_msgs/local_setup.dsv
[19.452s] -- Symlinking: /home/ubuntu/eco_marathon_ws/install/astra_camera_msgs/share/astra_camera_msgs/package.dsv
[19.469s] -- Symlinking: /home/ubuntu/eco_marathon_ws/install/astra_camera_msgs/share/ament_index/resource_index/packages/astra_camera_msgs
[19.484s] -- Symlinking: /home/ubuntu/eco_marathon_ws/install/astra_camera_msgs/share/astra_camera_msgs/cmake/rosidl_cmake-extras.cmake
[19.499s] -- Symlinking: /home/ubuntu/eco_marathon_ws/install/astra_camera_msgs/share/astra_camera_msgs/cmake/ament_cmake_export_dependencies-extras.cmake
[19.516s] -- Symlinking: /home/ubuntu/eco_marathon_ws/install/astra_camera_msgs/share/astra_camera_msgs/cmake/ament_cmake_export_include_directories-extras.cmake
[19.532s] -- Symlinking: /home/ubuntu/eco_marathon_ws/install/astra_camera_msgs/share/astra_camera_msgs/cmake/ament_cmake_export_libraries-extras.cmake
[19.551s] -- Symlinking: /home/ubuntu/eco_marathon_ws/install/astra_camera_msgs/share/astra_camera_msgs/cmake/ament_cmake_export_targets-extras.cmake
[19.568s] -- Symlinking: /home/ubuntu/eco_marathon_ws/install/astra_camera_msgs/share/astra_camera_msgs/cmake/rosidl_cmake_export_typesupport_targets-extras.cmake
[19.584s] -- Symlinking: /home/ubuntu/eco_marathon_ws/install/astra_camera_msgs/share/astra_camera_msgs/cmake/rosidl_cmake_export_typesupport_libraries-extras.cmake
[19.600s] -- Symlinking: /home/ubuntu/eco_marathon_ws/install/astra_camera_msgs/share/astra_camera_msgs/cmake/astra_camera_msgsConfig.cmake
[19.617s] -- Symlinking: /home/ubuntu/eco_marathon_ws/install/astra_camera_msgs/share/astra_camera_msgs/cmake/astra_camera_msgsConfig-version.cmake
[19.633s] -- Symlinking: /home/ubuntu/eco_marathon_ws/install/astra_camera_msgs/share/astra_camera_msgs/package.xml
[19.649s] -- Installing: /home/ubuntu/eco_marathon_ws/install/astra_camera_msgs/lib/libastra_camera_msgs__rosidl_generator_c.so
[19.651s] -- Set runtime path of "/home/ubuntu/eco_marathon_ws/install/astra_camera_msgs/lib/libastra_camera_msgs__rosidl_generator_c.so" to ""
[19.651s] -- Installing: /home/ubuntu/eco_marathon_ws/install/astra_camera_msgs/lib/libastra_camera_msgs__rosidl_typesupport_fastrtps_c.so
[19.653s] -- Set runtime path of "/home/ubuntu/eco_marathon_ws/install/astra_camera_msgs/lib/libastra_camera_msgs__rosidl_typesupport_fastrtps_c.so" to ""
[19.653s] -- Installing: /home/ubuntu/eco_marathon_ws/install/astra_camera_msgs/lib/libastra_camera_msgs__rosidl_typesupport_introspection_c.so
[19.654s] -- Set runtime path of "/home/ubuntu/eco_marathon_ws/install/astra_camera_msgs/lib/libastra_camera_msgs__rosidl_typesupport_introspection_c.so" to ""
[19.655s] -- Installing: /home/ubuntu/eco_marathon_ws/install/astra_camera_msgs/lib/libastra_camera_msgs__rosidl_typesupport_c.so
[19.656s] -- Set runtime path of "/home/ubuntu/eco_marathon_ws/install/astra_camera_msgs/lib/libastra_camera_msgs__rosidl_typesupport_c.so" to ""
[19.657s] -- Installing: /home/ubuntu/eco_marathon_ws/install/astra_camera_msgs/lib/libastra_camera_msgs__rosidl_typesupport_fastrtps_cpp.so
[19.658s] -- Set runtime path of "/home/ubuntu/eco_marathon_ws/install/astra_camera_msgs/lib/libastra_camera_msgs__rosidl_typesupport_fastrtps_cpp.so" to ""
[19.659s] -- Installing: /home/ubuntu/eco_marathon_ws/install/astra_camera_msgs/lib/libastra_camera_msgs__rosidl_typesupport_introspection_cpp.so
[19.660s] -- Set runtime path of "/home/ubuntu/eco_marathon_ws/install/astra_camera_msgs/lib/libastra_camera_msgs__rosidl_typesupport_introspection_cpp.so" to ""
[19.661s] -- Installing: /home/ubuntu/eco_marathon_ws/install/astra_camera_msgs/lib/libastra_camera_msgs__rosidl_typesupport_cpp.so
[19.662s] -- Set runtime path of "/home/ubuntu/eco_marathon_ws/install/astra_camera_msgs/lib/libastra_camera_msgs__rosidl_typesupport_cpp.so" to ""
[19.752s] Listing '/home/ubuntu/eco_marathon_ws/install/astra_camera_msgs/local/lib/python3.10/dist-packages/astra_camera_msgs'...
[19.753s] Compiling '/home/ubuntu/eco_marathon_ws/install/astra_camera_msgs/local/lib/python3.10/dist-packages/astra_camera_msgs/__init__.py'...
[19.753s] Listing '/home/ubuntu/eco_marathon_ws/install/astra_camera_msgs/local/lib/python3.10/dist-packages/astra_camera_msgs/msg'...
[19.753s] Compiling '/home/ubuntu/eco_marathon_ws/install/astra_camera_msgs/local/lib/python3.10/dist-packages/astra_camera_msgs/msg/__init__.py'...
[19.753s] Compiling '/home/ubuntu/eco_marathon_ws/install/astra_camera_msgs/local/lib/python3.10/dist-packages/astra_camera_msgs/msg/_device_info.py'...
[19.753s] Compiling '/home/ubuntu/eco_marathon_ws/install/astra_camera_msgs/local/lib/python3.10/dist-packages/astra_camera_msgs/msg/_extrinsics.py'...
[19.753s] Compiling '/home/ubuntu/eco_marathon_ws/install/astra_camera_msgs/local/lib/python3.10/dist-packages/astra_camera_msgs/msg/_metadata.py'...
[19.753s] Listing '/home/ubuntu/eco_marathon_ws/install/astra_camera_msgs/local/lib/python3.10/dist-packages/astra_camera_msgs/srv'...
[19.754s] Compiling '/home/ubuntu/eco_marathon_ws/install/astra_camera_msgs/local/lib/python3.10/dist-packages/astra_camera_msgs/srv/__init__.py'...
[19.754s] Compiling '/home/ubuntu/eco_marathon_ws/install/astra_camera_msgs/local/lib/python3.10/dist-packages/astra_camera_msgs/srv/_get_camera_info.py'...
[19.754s] Compiling '/home/ubuntu/eco_marathon_ws/install/astra_camera_msgs/local/lib/python3.10/dist-packages/astra_camera_msgs/srv/_get_camera_params.py'...
[19.754s] Compiling '/home/ubuntu/eco_marathon_ws/install/astra_camera_msgs/local/lib/python3.10/dist-packages/astra_camera_msgs/srv/_get_device_info.py'...
[19.754s] Compiling '/home/ubuntu/eco_marathon_ws/install/astra_camera_msgs/local/lib/python3.10/dist-packages/astra_camera_msgs/srv/_get_int32.py'...
[19.754s] Compiling '/home/ubuntu/eco_marathon_ws/install/astra_camera_msgs/local/lib/python3.10/dist-packages/astra_camera_msgs/srv/_get_string.py'...
[19.754s] Compiling '/home/ubuntu/eco_marathon_ws/install/astra_camera_msgs/local/lib/python3.10/dist-packages/astra_camera_msgs/srv/_set_int32.py'...
[19.764s] -- Installing: /home/ubuntu/eco_marathon_ws/install/astra_camera_msgs/lib/libastra_camera_msgs__rosidl_generator_py.so
[19.764s] -- Set runtime path of "/home/ubuntu/eco_marathon_ws/install/astra_camera_msgs/lib/libastra_camera_msgs__rosidl_generator_py.so" to ""
[19.765s] -- Installing: /home/ubuntu/eco_marathon_ws/install/astra_camera_msgs/share/astra_camera_msgs/cmake/export_astra_camera_msgs__rosidl_generator_cExport.cmake
[19.765s] -- Installing: /home/ubuntu/eco_marathon_ws/install/astra_camera_msgs/share/astra_camera_msgs/cmake/export_astra_camera_msgs__rosidl_generator_cExport-release.cmake
[19.766s] -- Installing: /home/ubuntu/eco_marathon_ws/install/astra_camera_msgs/share/astra_camera_msgs/cmake/export_astra_camera_msgs__rosidl_typesupport_fastrtps_cExport.cmake
[19.766s] -- Installing: /home/ubuntu/eco_marathon_ws/install/astra_camera_msgs/share/astra_camera_msgs/cmake/export_astra_camera_msgs__rosidl_typesupport_fastrtps_cExport-release.cmake
[19.767s] -- Installing: /home/ubuntu/eco_marathon_ws/install/astra_camera_msgs/share/astra_camera_msgs/cmake/astra_camera_msgs__rosidl_typesupport_introspection_cExport.cmake
[19.767s] -- Installing: /home/ubuntu/eco_marathon_ws/install/astra_camera_msgs/share/astra_camera_msgs/cmake/astra_camera_msgs__rosidl_typesupport_introspection_cExport-release.cmake
[19.768s] -- Installing: /home/ubuntu/eco_marathon_ws/install/astra_camera_msgs/share/astra_camera_msgs/cmake/astra_camera_msgs__rosidl_typesupport_cExport.cmake
[19.768s] -- Installing: /home/ubuntu/eco_marathon_ws/install/astra_camera_msgs/share/astra_camera_msgs/cmake/astra_camera_msgs__rosidl_typesupport_cExport-release.cmake
[19.769s] -- Installing: /home/ubuntu/eco_marathon_ws/install/astra_camera_msgs/share/astra_camera_msgs/cmake/export_astra_camera_msgs__rosidl_generator_cppExport.cmake
[19.770s] -- Installing: /home/ubuntu/eco_marathon_ws/install/astra_camera_msgs/share/astra_camera_msgs/cmake/export_astra_camera_msgs__rosidl_typesupport_fastrtps_cppExport.cmake
[19.770s] -- Installing: /home/ubuntu/eco_marathon_ws/install/astra_camera_msgs/share/astra_camera_msgs/cmake/export_astra_camera_msgs__rosidl_typesupport_fastrtps_cppExport-release.cmake
[19.771s] -- Installing: /home/ubuntu/eco_marathon_ws/install/astra_camera_msgs/share/astra_camera_msgs/cmake/astra_camera_msgs__rosidl_typesupport_introspection_cppExport.cmake
[19.771s] -- Installing: /home/ubuntu/eco_marathon_ws/install/astra_camera_msgs/share/astra_camera_msgs/cmake/astra_camera_msgs__rosidl_typesupport_introspection_cppExport-release.cmake
[19.772s] -- Installing: /home/ubuntu/eco_marathon_ws/install/astra_camera_msgs/share/astra_camera_msgs/cmake/astra_camera_msgs__rosidl_typesupport_cppExport.cmake
[19.772s] -- Installing: /home/ubuntu/eco_marathon_ws/install/astra_camera_msgs/share/astra_camera_msgs/cmake/astra_camera_msgs__rosidl_typesupport_cppExport-release.cmake
[19.773s] -- Installing: /home/ubuntu/eco_marathon_ws/install/astra_camera_msgs/share/astra_camera_msgs/cmake/export_astra_camera_msgs__rosidl_generator_pyExport.cmake
[19.773s] -- Installing: /home/ubuntu/eco_marathon_ws/install/astra_camera_msgs/share/astra_camera_msgs/cmake/export_astra_camera_msgs__rosidl_generator_pyExport-release.cmake
[19.783s] Invoked command in '/home/ubuntu/eco_marathon_ws/build/astra_camera_msgs' returned '0': CMAKE_PREFIX_PATH=/opt/ros/humble /usr/bin/cmake --install /home/ubuntu/eco_marathon_ws/build/astra_camera_msgs
