[3.220s] Invoking command in '/home/ubuntu/eco_marathon_ws/src/eco_localization': PYTHONPATH=/home/ubuntu/eco_marathon_ws/build/eco_localization/prefix_override:/usr/lib/python3/dist-packages/colcon_core/task/python/colcon_distutils_commands:/home/ubuntu/eco_marathon_ws/install/eco_localization/lib/python3.10/site-packages:${PYTHONPATH} /usr/bin/python3 -W ignore:setup.py install is deprecated -W ignore:easy_install command is deprecated setup.py egg_info --egg-base ../../build/eco_localization build --build-base /home/ubuntu/eco_marathon_ws/build/eco_localization/build install --record /home/ubuntu/eco_marathon_ws/build/eco_localization/install.log --single-version-externally-managed install_data
[3.771s] running egg_info
[3.773s] creating ../../build/eco_localization/eco_localization.egg-info
[3.773s] writing ../../build/eco_localization/eco_localization.egg-info/PKG-INFO
[3.773s] writing dependency_links to ../../build/eco_localization/eco_localization.egg-info/dependency_links.txt
[3.778s] writing entry points to ../../build/eco_localization/eco_localization.egg-info/entry_points.txt
[3.778s] writing requirements to ../../build/eco_localization/eco_localization.egg-info/requires.txt
[3.779s] writing top-level names to ../../build/eco_localization/eco_localization.egg-info/top_level.txt
[3.779s] writing manifest file '../../build/eco_localization/eco_localization.egg-info/SOURCES.txt'
[3.780s] reading manifest file '../../build/eco_localization/eco_localization.egg-info/SOURCES.txt'
[3.783s] writing manifest file '../../build/eco_localization/eco_localization.egg-info/SOURCES.txt'
[3.783s] running build
[3.784s] running build_py
[3.784s] creating /home/ubuntu/eco_marathon_ws/build/eco_localization/build
[3.785s] creating /home/ubuntu/eco_marathon_ws/build/eco_localization/build/lib
[3.785s] creating /home/ubuntu/eco_marathon_ws/build/eco_localization/build/lib/eco_localization
[3.785s] copying eco_localization/__init__.py -> /home/ubuntu/eco_marathon_ws/build/eco_localization/build/lib/eco_localization
[3.785s] running install
[3.785s] running install_lib
[3.785s] creating /home/ubuntu/eco_marathon_ws/install/eco_localization/lib/python3.10/site-packages/eco_localization
[3.788s] copying /home/ubuntu/eco_marathon_ws/build/eco_localization/build/lib/eco_localization/__init__.py -> /home/ubuntu/eco_marathon_ws/install/eco_localization/lib/python3.10/site-packages/eco_localization
[3.789s] byte-compiling /home/ubuntu/eco_marathon_ws/install/eco_localization/lib/python3.10/site-packages/eco_localization/__init__.py to __init__.cpython-310.pyc
[3.789s] running install_data
[3.789s] creating /home/ubuntu/eco_marathon_ws/install/eco_localization/share/ament_index
[3.790s] creating /home/ubuntu/eco_marathon_ws/install/eco_localization/share/ament_index/resource_index
[3.790s] creating /home/ubuntu/eco_marathon_ws/install/eco_localization/share/ament_index/resource_index/packages
[3.791s] copying resource/eco_localization -> /home/ubuntu/eco_marathon_ws/install/eco_localization/share/ament_index/resource_index/packages
[3.792s] copying package.xml -> /home/ubuntu/eco_marathon_ws/install/eco_localization/share/eco_localization
[3.792s] running install_egg_info
[3.792s] Copying ../../build/eco_localization/eco_localization.egg-info to /home/ubuntu/eco_marathon_ws/install/eco_localization/lib/python3.10/site-packages/eco_localization-0.0.0-py3.10.egg-info
[3.792s] running install_scripts
[3.836s] writing list of installed files to '/home/ubuntu/eco_marathon_ws/build/eco_localization/install.log'
[3.924s] Invoked command in '/home/ubuntu/eco_marathon_ws/src/eco_localization' returned '0': PYTHONPATH=/home/ubuntu/eco_marathon_ws/build/eco_localization/prefix_override:/usr/lib/python3/dist-packages/colcon_core/task/python/colcon_distutils_commands:/home/ubuntu/eco_marathon_ws/install/eco_localization/lib/python3.10/site-packages:${PYTHONPATH} /usr/bin/python3 -W ignore:setup.py install is deprecated -W ignore:easy_install command is deprecated setup.py egg_info --egg-base ../../build/eco_localization build --build-base /home/ubuntu/eco_marathon_ws/build/eco_localization/build install --record /home/ubuntu/eco_marathon_ws/build/eco_localization/install.log --single-version-externally-managed install_data
