running develop
running egg_info
creating eco_planning.egg-info
writing eco_planning.egg-info/PKG-INFO
writing dependency_links to eco_planning.egg-info/dependency_links.txt
writing entry points to eco_planning.egg-info/entry_points.txt
writing requirements to eco_planning.egg-info/requires.txt
writing top-level names to eco_planning.egg-info/top_level.txt
writing manifest file 'eco_planning.egg-info/SOURCES.txt'
reading manifest file 'eco_planning.egg-info/SOURCES.txt'
writing manifest file 'eco_planning.egg-info/SOURCES.txt'
running build_ext
Creating /home/ubuntu/eco_marathon_ws/install/eco_planning/lib/python3.10/site-packages/eco-planning.egg-link (link to .)

Installed /home/ubuntu/eco_marathon_ws/build/eco_planning
running symlink_data
creating /home/ubuntu/eco_marathon_ws/install/eco_planning/share/ament_index
creating /home/ubuntu/eco_marathon_ws/install/eco_planning/share/ament_index/resource_index
creating /home/ubuntu/eco_marathon_ws/install/eco_planning/share/ament_index/resource_index/packages
symbolically linking /home/ubuntu/eco_marathon_ws/build/eco_planning/resource/eco_planning -> /home/ubuntu/eco_marathon_ws/install/eco_planning/share/ament_index/resource_index/packages
symbolically linking /home/ubuntu/eco_marathon_ws/build/eco_planning/package.xml -> /home/ubuntu/eco_marathon_ws/install/eco_planning/share/eco_planning
