[3.026s] Invoking command in '/home/ubuntu/eco_marathon_ws/build/eco_planning': PYTHONPATH=/home/ubuntu/eco_marathon_ws/build/eco_planning/prefix_override:/usr/lib/python3/dist-packages/colcon_core/task/python/colcon_distutils_commands:/home/ubuntu/eco_marathon_ws/install/eco_planning/lib/python3.10/site-packages:${PYTHONPATH} /usr/bin/python3 -W ignore:setup.py install is deprecated -W ignore:easy_install command is deprecated setup.py develop --editable --build-directory /home/ubuntu/eco_marathon_ws/build/eco_planning/build --no-deps symlink_data
[3.561s] running develop
[3.870s] running egg_info
[3.870s] creating eco_planning.egg-info
[3.871s] writing eco_planning.egg-info/PKG-INFO
[3.871s] writing dependency_links to eco_planning.egg-info/dependency_links.txt
[3.872s] writing entry points to eco_planning.egg-info/entry_points.txt
[3.872s] writing requirements to eco_planning.egg-info/requires.txt
[3.872s] writing top-level names to eco_planning.egg-info/top_level.txt
[3.873s] writing manifest file 'eco_planning.egg-info/SOURCES.txt'
[3.876s] reading manifest file 'eco_planning.egg-info/SOURCES.txt'
[3.877s] writing manifest file 'eco_planning.egg-info/SOURCES.txt'
[3.880s] running build_ext
[3.881s] Creating /home/ubuntu/eco_marathon_ws/install/eco_planning/lib/python3.10/site-packages/eco-planning.egg-link (link to .)
[3.882s] 
[3.883s] Installed /home/ubuntu/eco_marathon_ws/build/eco_planning
[3.883s] running symlink_data
[3.883s] creating /home/ubuntu/eco_marathon_ws/install/eco_planning/share/ament_index
[3.883s] creating /home/ubuntu/eco_marathon_ws/install/eco_planning/share/ament_index/resource_index
[3.884s] creating /home/ubuntu/eco_marathon_ws/install/eco_planning/share/ament_index/resource_index/packages
[3.884s] symbolically linking /home/ubuntu/eco_marathon_ws/build/eco_planning/resource/eco_planning -> /home/ubuntu/eco_marathon_ws/install/eco_planning/share/ament_index/resource_index/packages
[3.884s] symbolically linking /home/ubuntu/eco_marathon_ws/build/eco_planning/package.xml -> /home/ubuntu/eco_marathon_ws/install/eco_planning/share/eco_planning
[3.994s] Invoked command in '/home/ubuntu/eco_marathon_ws/build/eco_planning' returned '0': PYTHONPATH=/home/ubuntu/eco_marathon_ws/build/eco_planning/prefix_override:/usr/lib/python3/dist-packages/colcon_core/task/python/colcon_distutils_commands:/home/ubuntu/eco_marathon_ws/install/eco_planning/lib/python3.10/site-packages:${PYTHONPATH} /usr/bin/python3 -W ignore:setup.py install is deprecated -W ignore:easy_install command is deprecated setup.py develop --editable --build-directory /home/ubuntu/eco_marathon_ws/build/eco_planning/build --no-deps symlink_data
