[0.237s] DEBUG:colcon:Command line arguments: ['/usr/bin/colcon', 'build']
[0.237s] DEBUG:colcon:Parsed command line arguments: Namespace(log_base=None, log_level=None, verb_name='build', build_base='build', install_base='install', merge_install=False, symlink_install=False, test_result_base=None, continue_on_error=False, executor='parallel', parallel_workers=8, event_handlers=None, ignore_user_meta=False, metas=['./colcon.meta'], base_paths=['.'], packages_ignore=None, packages_ignore_regex=None, paths=None, packages_up_to=None, packages_up_to_regex=None, packages_above=None, packages_above_and_dependencies=None, packages_above_depth=None, packages_select_by_dep=None, packages_skip_by_dep=None, packages_skip_up_to=None, packages_select_build_failed=False, packages_skip_build_finished=False, packages_select_test_failures=False, packages_skip_test_passed=False, packages_select=None, packages_skip=None, packages_select_regex=None, packages_skip_regex=None, packages_start=None, packages_end=None, allow_overriding=[], cmake_args=None, cmake_target=None, cmake_target_skip_unavailable=False, cmake_clean_cache=False, cmake_clean_first=False, cmake_force_configure=False, ament_cmake_args=None, catkin_cmake_args=None, catkin_skip_building_tests=False, mixin_files=None, mixin=None, verb_parser=<colcon_mixin.mixin.mixin_argument.MixinArgumentDecorator object at 0xffff95e0d210>, verb_extension=<colcon_core.verb.build.BuildVerb object at 0xffff95fc61d0>, main=<bound method BuildVerb.main of <colcon_core.verb.build.BuildVerb object at 0xffff95fc61d0>>, mixin_verb=('build',))
[0.595s] Level 1:colcon.colcon_core.package_discovery:discover_packages(colcon_meta) check parameters
[0.596s] Level 1:colcon.colcon_core.package_discovery:discover_packages(recursive) check parameters
[0.596s] Level 1:colcon.colcon_core.package_discovery:discover_packages(ignore) check parameters
[0.596s] Level 1:colcon.colcon_core.package_discovery:discover_packages(path) check parameters
[0.596s] Level 1:colcon.colcon_core.package_discovery:discover_packages(colcon_meta) discover
[0.596s] Level 1:colcon.colcon_core.package_discovery:discover_packages(recursive) discover
[0.596s] INFO:colcon.colcon_core.package_discovery:Crawling recursively for packages in '/home/ubuntu/eco_marathon_ws'
[0.597s] Level 1:colcon.colcon_core.package_identification:_identify(.) by extensions ['ignore', 'ignore_ament_install']
[0.597s] Level 1:colcon.colcon_core.package_identification:_identify(.) by extension 'ignore'
[0.597s] Level 1:colcon.colcon_core.package_identification:_identify(.) by extension 'ignore_ament_install'
[0.597s] Level 1:colcon.colcon_core.package_identification:_identify(.) by extensions ['colcon_pkg']
[0.597s] Level 1:colcon.colcon_core.package_identification:_identify(.) by extension 'colcon_pkg'
[0.597s] Level 1:colcon.colcon_core.package_identification:_identify(.) by extensions ['colcon_meta']
[0.598s] Level 1:colcon.colcon_core.package_identification:_identify(.) by extension 'colcon_meta'
[0.598s] Level 1:colcon.colcon_core.package_identification:_identify(.) by extensions ['ros']
[0.598s] Level 1:colcon.colcon_core.package_identification:_identify(.) by extension 'ros'
[0.620s] Level 1:colcon.colcon_core.package_identification:_identify(.) by extensions ['cmake', 'python']
[0.621s] Level 1:colcon.colcon_core.package_identification:_identify(.) by extension 'cmake'
[0.621s] Level 1:colcon.colcon_core.package_identification:_identify(.) by extension 'python'
[0.621s] Level 1:colcon.colcon_core.package_identification:_identify(.) by extensions ['python_setup_py']
[0.621s] Level 1:colcon.colcon_core.package_identification:_identify(.) by extension 'python_setup_py'
[0.621s] Level 1:colcon.colcon_core.package_identification:_identify(build) by extensions ['ignore', 'ignore_ament_install']
[0.622s] Level 1:colcon.colcon_core.package_identification:_identify(build) by extension 'ignore'
[0.622s] Level 1:colcon.colcon_core.package_identification:_identify(build) ignored
[0.622s] Level 1:colcon.colcon_core.package_identification:_identify(install) by extensions ['ignore', 'ignore_ament_install']
[0.622s] Level 1:colcon.colcon_core.package_identification:_identify(install) by extension 'ignore'
[0.622s] Level 1:colcon.colcon_core.package_identification:_identify(install) ignored
[0.623s] Level 1:colcon.colcon_core.package_identification:_identify(log) by extensions ['ignore', 'ignore_ament_install']
[0.623s] Level 1:colcon.colcon_core.package_identification:_identify(log) by extension 'ignore'
[0.623s] Level 1:colcon.colcon_core.package_identification:_identify(log) ignored
[0.623s] Level 1:colcon.colcon_core.package_identification:_identify(src) by extensions ['ignore', 'ignore_ament_install']
[0.623s] Level 1:colcon.colcon_core.package_identification:_identify(src) by extension 'ignore'
[0.624s] Level 1:colcon.colcon_core.package_identification:_identify(src) by extension 'ignore_ament_install'
[0.624s] Level 1:colcon.colcon_core.package_identification:_identify(src) by extensions ['colcon_pkg']
[0.624s] Level 1:colcon.colcon_core.package_identification:_identify(src) by extension 'colcon_pkg'
[0.624s] Level 1:colcon.colcon_core.package_identification:_identify(src) by extensions ['colcon_meta']
[0.624s] Level 1:colcon.colcon_core.package_identification:_identify(src) by extension 'colcon_meta'
[0.624s] Level 1:colcon.colcon_core.package_identification:_identify(src) by extensions ['ros']
[0.624s] Level 1:colcon.colcon_core.package_identification:_identify(src) by extension 'ros'
[0.624s] Level 1:colcon.colcon_core.package_identification:_identify(src) by extensions ['cmake', 'python']
[0.624s] Level 1:colcon.colcon_core.package_identification:_identify(src) by extension 'cmake'
[0.624s] Level 1:colcon.colcon_core.package_identification:_identify(src) by extension 'python'
[0.624s] Level 1:colcon.colcon_core.package_identification:_identify(src) by extensions ['python_setup_py']
[0.625s] Level 1:colcon.colcon_core.package_identification:_identify(src) by extension 'python_setup_py'
[0.625s] Level 1:colcon.colcon_core.package_identification:_identify(src/eco_control) by extensions ['ignore', 'ignore_ament_install']
[0.625s] Level 1:colcon.colcon_core.package_identification:_identify(src/eco_control) by extension 'ignore'
[0.625s] Level 1:colcon.colcon_core.package_identification:_identify(src/eco_control) by extension 'ignore_ament_install'
[0.625s] Level 1:colcon.colcon_core.package_identification:_identify(src/eco_control) by extensions ['colcon_pkg']
[0.625s] Level 1:colcon.colcon_core.package_identification:_identify(src/eco_control) by extension 'colcon_pkg'
[0.625s] Level 1:colcon.colcon_core.package_identification:_identify(src/eco_control) by extensions ['colcon_meta']
[0.625s] Level 1:colcon.colcon_core.package_identification:_identify(src/eco_control) by extension 'colcon_meta'
[0.625s] Level 1:colcon.colcon_core.package_identification:_identify(src/eco_control) by extensions ['ros']
[0.626s] Level 1:colcon.colcon_core.package_identification:_identify(src/eco_control) by extension 'ros'
[0.631s] DEBUG:colcon.colcon_core.package_identification:Package 'src/eco_control' with type 'ros.ament_python' and name 'eco_control'
[0.632s] Level 1:colcon.colcon_core.package_identification:_identify(src/eco_interfaces) by extensions ['ignore', 'ignore_ament_install']
[0.632s] Level 1:colcon.colcon_core.package_identification:_identify(src/eco_interfaces) by extension 'ignore'
[0.632s] Level 1:colcon.colcon_core.package_identification:_identify(src/eco_interfaces) by extension 'ignore_ament_install'
[0.632s] Level 1:colcon.colcon_core.package_identification:_identify(src/eco_interfaces) by extensions ['colcon_pkg']
[0.632s] Level 1:colcon.colcon_core.package_identification:_identify(src/eco_interfaces) by extension 'colcon_pkg'
[0.633s] Level 1:colcon.colcon_core.package_identification:_identify(src/eco_interfaces) by extensions ['colcon_meta']
[0.633s] Level 1:colcon.colcon_core.package_identification:_identify(src/eco_interfaces) by extension 'colcon_meta'
[0.633s] Level 1:colcon.colcon_core.package_identification:_identify(src/eco_interfaces) by extensions ['ros']
[0.633s] Level 1:colcon.colcon_core.package_identification:_identify(src/eco_interfaces) by extension 'ros'
[0.635s] DEBUG:colcon.colcon_core.package_identification:Package 'src/eco_interfaces' with type 'ros.ament_cmake' and name 'eco_interfaces'
[0.635s] Level 1:colcon.colcon_core.package_identification:_identify(src/eco_localization) by extensions ['ignore', 'ignore_ament_install']
[0.635s] Level 1:colcon.colcon_core.package_identification:_identify(src/eco_localization) by extension 'ignore'
[0.636s] Level 1:colcon.colcon_core.package_identification:_identify(src/eco_localization) by extension 'ignore_ament_install'
[0.636s] Level 1:colcon.colcon_core.package_identification:_identify(src/eco_localization) by extensions ['colcon_pkg']
[0.636s] Level 1:colcon.colcon_core.package_identification:_identify(src/eco_localization) by extension 'colcon_pkg'
[0.636s] Level 1:colcon.colcon_core.package_identification:_identify(src/eco_localization) by extensions ['colcon_meta']
[0.636s] Level 1:colcon.colcon_core.package_identification:_identify(src/eco_localization) by extension 'colcon_meta'
[0.636s] Level 1:colcon.colcon_core.package_identification:_identify(src/eco_localization) by extensions ['ros']
[0.636s] Level 1:colcon.colcon_core.package_identification:_identify(src/eco_localization) by extension 'ros'
[0.638s] DEBUG:colcon.colcon_core.package_identification:Package 'src/eco_localization' with type 'ros.ament_python' and name 'eco_localization'
[0.638s] Level 1:colcon.colcon_core.package_identification:_identify(src/eco_perception) by extensions ['ignore', 'ignore_ament_install']
[0.638s] Level 1:colcon.colcon_core.package_identification:_identify(src/eco_perception) by extension 'ignore'
[0.638s] Level 1:colcon.colcon_core.package_identification:_identify(src/eco_perception) by extension 'ignore_ament_install'
[0.638s] Level 1:colcon.colcon_core.package_identification:_identify(src/eco_perception) by extensions ['colcon_pkg']
[0.638s] Level 1:colcon.colcon_core.package_identification:_identify(src/eco_perception) by extension 'colcon_pkg'
[0.638s] Level 1:colcon.colcon_core.package_identification:_identify(src/eco_perception) by extensions ['colcon_meta']
[0.639s] Level 1:colcon.colcon_core.package_identification:_identify(src/eco_perception) by extension 'colcon_meta'
[0.639s] Level 1:colcon.colcon_core.package_identification:_identify(src/eco_perception) by extensions ['ros']
[0.639s] Level 1:colcon.colcon_core.package_identification:_identify(src/eco_perception) by extension 'ros'
[0.640s] DEBUG:colcon.colcon_core.package_identification:Package 'src/eco_perception' with type 'ros.ament_python' and name 'eco_perception'
[0.641s] Level 1:colcon.colcon_core.package_identification:_identify(src/eco_planning) by extensions ['ignore', 'ignore_ament_install']
[0.641s] Level 1:colcon.colcon_core.package_identification:_identify(src/eco_planning) by extension 'ignore'
[0.641s] Level 1:colcon.colcon_core.package_identification:_identify(src/eco_planning) by extension 'ignore_ament_install'
[0.641s] Level 1:colcon.colcon_core.package_identification:_identify(src/eco_planning) by extensions ['colcon_pkg']
[0.641s] Level 1:colcon.colcon_core.package_identification:_identify(src/eco_planning) by extension 'colcon_pkg'
[0.641s] Level 1:colcon.colcon_core.package_identification:_identify(src/eco_planning) by extensions ['colcon_meta']
[0.641s] Level 1:colcon.colcon_core.package_identification:_identify(src/eco_planning) by extension 'colcon_meta'
[0.642s] Level 1:colcon.colcon_core.package_identification:_identify(src/eco_planning) by extensions ['ros']
[0.642s] Level 1:colcon.colcon_core.package_identification:_identify(src/eco_planning) by extension 'ros'
[0.643s] DEBUG:colcon.colcon_core.package_identification:Package 'src/eco_planning' with type 'ros.ament_python' and name 'eco_planning'
[0.643s] Level 1:colcon.colcon_core.package_identification:_identify(src/sensors) by extensions ['ignore', 'ignore_ament_install']
[0.643s] Level 1:colcon.colcon_core.package_identification:_identify(src/sensors) by extension 'ignore'
[0.644s] Level 1:colcon.colcon_core.package_identification:_identify(src/sensors) by extension 'ignore_ament_install'
[0.644s] Level 1:colcon.colcon_core.package_identification:_identify(src/sensors) by extensions ['colcon_pkg']
[0.644s] Level 1:colcon.colcon_core.package_identification:_identify(src/sensors) by extension 'colcon_pkg'
[0.644s] Level 1:colcon.colcon_core.package_identification:_identify(src/sensors) by extensions ['colcon_meta']
[0.644s] Level 1:colcon.colcon_core.package_identification:_identify(src/sensors) by extension 'colcon_meta'
[0.644s] Level 1:colcon.colcon_core.package_identification:_identify(src/sensors) by extensions ['ros']
[0.644s] Level 1:colcon.colcon_core.package_identification:_identify(src/sensors) by extension 'ros'
[0.644s] Level 1:colcon.colcon_core.package_identification:_identify(src/sensors) by extensions ['cmake', 'python']
[0.644s] Level 1:colcon.colcon_core.package_identification:_identify(src/sensors) by extension 'cmake'
[0.644s] Level 1:colcon.colcon_core.package_identification:_identify(src/sensors) by extension 'python'
[0.644s] Level 1:colcon.colcon_core.package_identification:_identify(src/sensors) by extensions ['python_setup_py']
[0.645s] Level 1:colcon.colcon_core.package_identification:_identify(src/sensors) by extension 'python_setup_py'
[0.645s] Level 1:colcon.colcon_core.package_identification:_identify(src/sensors/ros2_astra_camera) by extensions ['ignore', 'ignore_ament_install']
[0.645s] Level 1:colcon.colcon_core.package_identification:_identify(src/sensors/ros2_astra_camera) by extension 'ignore'
[0.645s] Level 1:colcon.colcon_core.package_identification:_identify(src/sensors/ros2_astra_camera) by extension 'ignore_ament_install'
[0.645s] Level 1:colcon.colcon_core.package_identification:_identify(src/sensors/ros2_astra_camera) by extensions ['colcon_pkg']
[0.645s] Level 1:colcon.colcon_core.package_identification:_identify(src/sensors/ros2_astra_camera) by extension 'colcon_pkg'
[0.645s] Level 1:colcon.colcon_core.package_identification:_identify(src/sensors/ros2_astra_camera) by extensions ['colcon_meta']
[0.645s] Level 1:colcon.colcon_core.package_identification:_identify(src/sensors/ros2_astra_camera) by extension 'colcon_meta'
[0.645s] Level 1:colcon.colcon_core.package_identification:_identify(src/sensors/ros2_astra_camera) by extensions ['ros']
[0.646s] Level 1:colcon.colcon_core.package_identification:_identify(src/sensors/ros2_astra_camera) by extension 'ros'
[0.646s] Level 1:colcon.colcon_core.package_identification:_identify(src/sensors/ros2_astra_camera) by extensions ['cmake', 'python']
[0.646s] Level 1:colcon.colcon_core.package_identification:_identify(src/sensors/ros2_astra_camera) by extension 'cmake'
[0.646s] Level 1:colcon.colcon_core.package_identification:_identify(src/sensors/ros2_astra_camera) by extension 'python'
[0.646s] Level 1:colcon.colcon_core.package_identification:_identify(src/sensors/ros2_astra_camera) by extensions ['python_setup_py']
[0.646s] Level 1:colcon.colcon_core.package_identification:_identify(src/sensors/ros2_astra_camera) by extension 'python_setup_py'
[0.646s] Level 1:colcon.colcon_core.package_identification:_identify(src/sensors/ros2_astra_camera/astra_camera) by extensions ['ignore', 'ignore_ament_install']
[0.646s] Level 1:colcon.colcon_core.package_identification:_identify(src/sensors/ros2_astra_camera/astra_camera) by extension 'ignore'
[0.646s] Level 1:colcon.colcon_core.package_identification:_identify(src/sensors/ros2_astra_camera/astra_camera) by extension 'ignore_ament_install'
[0.647s] Level 1:colcon.colcon_core.package_identification:_identify(src/sensors/ros2_astra_camera/astra_camera) by extensions ['colcon_pkg']
[0.647s] Level 1:colcon.colcon_core.package_identification:_identify(src/sensors/ros2_astra_camera/astra_camera) by extension 'colcon_pkg'
[0.647s] Level 1:colcon.colcon_core.package_identification:_identify(src/sensors/ros2_astra_camera/astra_camera) by extensions ['colcon_meta']
[0.647s] Level 1:colcon.colcon_core.package_identification:_identify(src/sensors/ros2_astra_camera/astra_camera) by extension 'colcon_meta'
[0.647s] Level 1:colcon.colcon_core.package_identification:_identify(src/sensors/ros2_astra_camera/astra_camera) by extensions ['ros']
[0.647s] Level 1:colcon.colcon_core.package_identification:_identify(src/sensors/ros2_astra_camera/astra_camera) by extension 'ros'
[0.651s] DEBUG:colcon.colcon_core.package_identification:Package 'src/sensors/ros2_astra_camera/astra_camera' with type 'ros.ament_cmake' and name 'astra_camera'
[0.652s] Level 1:colcon.colcon_core.package_identification:_identify(src/sensors/ros2_astra_camera/astra_camera_msgs) by extensions ['ignore', 'ignore_ament_install']
[0.652s] Level 1:colcon.colcon_core.package_identification:_identify(src/sensors/ros2_astra_camera/astra_camera_msgs) by extension 'ignore'
[0.652s] Level 1:colcon.colcon_core.package_identification:_identify(src/sensors/ros2_astra_camera/astra_camera_msgs) by extension 'ignore_ament_install'
[0.652s] Level 1:colcon.colcon_core.package_identification:_identify(src/sensors/ros2_astra_camera/astra_camera_msgs) by extensions ['colcon_pkg']
[0.652s] Level 1:colcon.colcon_core.package_identification:_identify(src/sensors/ros2_astra_camera/astra_camera_msgs) by extension 'colcon_pkg'
[0.652s] Level 1:colcon.colcon_core.package_identification:_identify(src/sensors/ros2_astra_camera/astra_camera_msgs) by extensions ['colcon_meta']
[0.652s] Level 1:colcon.colcon_core.package_identification:_identify(src/sensors/ros2_astra_camera/astra_camera_msgs) by extension 'colcon_meta'
[0.652s] Level 1:colcon.colcon_core.package_identification:_identify(src/sensors/ros2_astra_camera/astra_camera_msgs) by extensions ['ros']
[0.653s] Level 1:colcon.colcon_core.package_identification:_identify(src/sensors/ros2_astra_camera/astra_camera_msgs) by extension 'ros'
[0.654s] DEBUG:colcon.colcon_core.package_identification:Package 'src/sensors/ros2_astra_camera/astra_camera_msgs' with type 'ros.ament_cmake' and name 'astra_camera_msgs'
[0.654s] Level 1:colcon.colcon_core.package_discovery:discover_packages(recursive) using defaults
[0.654s] Level 1:colcon.colcon_core.package_discovery:discover_packages(ignore) discover
[0.654s] Level 1:colcon.colcon_core.package_discovery:discover_packages(ignore) using defaults
[0.654s] Level 1:colcon.colcon_core.package_discovery:discover_packages(path) discover
[0.654s] Level 1:colcon.colcon_core.package_discovery:discover_packages(path) using defaults
[0.737s] Level 1:colcon.colcon_core.package_discovery:discover_packages(prefix_path) check parameters
[0.738s] Level 1:colcon.colcon_core.package_discovery:discover_packages(prefix_path) discover
[0.740s] WARNING:colcon.colcon_ros.prefix_path.ament:The path '/home/ubuntu/eco_marathon_ws/install/astra_camera' in the environment variable AMENT_PREFIX_PATH doesn't exist
[0.741s] WARNING:colcon.colcon_ros.prefix_path.ament:The path '/home/ubuntu/eco_marathon_ws/install/astra_camera_msgs' in the environment variable AMENT_PREFIX_PATH doesn't exist
[0.741s] WARNING:colcon.colcon_ros.prefix_path.catkin:The path '/home/ubuntu/eco_marathon_ws/install/astra_camera' in the environment variable CMAKE_PREFIX_PATH doesn't exist
[0.742s] WARNING:colcon.colcon_ros.prefix_path.catkin:The path '/home/ubuntu/eco_marathon_ws/install/astra_camera_msgs' in the environment variable CMAKE_PREFIX_PATH doesn't exist
[0.744s] DEBUG:colcon.colcon_installed_package_information.package_discovery:Found 5 installed packages in /home/ubuntu/eco_marathon_ws/install
[0.745s] DEBUG:colcon.colcon_installed_package_information.package_discovery:Found 8 installed packages in /home/ubuntu/ros2_ws/install
[0.747s] DEBUG:colcon.colcon_installed_package_information.package_discovery:Found 274 installed packages in /opt/ros/humble
[0.750s] Level 1:colcon.colcon_core.package_discovery:discover_packages(prefix_path) using defaults
[0.825s] Level 5:colcon.colcon_core.verb:set package 'astra_camera_msgs' build argument 'cmake_args' from command line to 'None'
[0.825s] Level 5:colcon.colcon_core.verb:set package 'astra_camera_msgs' build argument 'cmake_target' from command line to 'None'
[0.825s] Level 5:colcon.colcon_core.verb:set package 'astra_camera_msgs' build argument 'cmake_target_skip_unavailable' from command line to 'False'
[0.825s] Level 5:colcon.colcon_core.verb:set package 'astra_camera_msgs' build argument 'cmake_clean_cache' from command line to 'False'
[0.826s] Level 5:colcon.colcon_core.verb:set package 'astra_camera_msgs' build argument 'cmake_clean_first' from command line to 'False'
[0.826s] Level 5:colcon.colcon_core.verb:set package 'astra_camera_msgs' build argument 'cmake_force_configure' from command line to 'False'
[0.826s] Level 5:colcon.colcon_core.verb:set package 'astra_camera_msgs' build argument 'ament_cmake_args' from command line to 'None'
[0.826s] Level 5:colcon.colcon_core.verb:set package 'astra_camera_msgs' build argument 'catkin_cmake_args' from command line to 'None'
[0.826s] Level 5:colcon.colcon_core.verb:set package 'astra_camera_msgs' build argument 'catkin_skip_building_tests' from command line to 'False'
[0.826s] DEBUG:colcon.colcon_core.verb:Building package 'astra_camera_msgs' with the following arguments: {'ament_cmake_args': None, 'build_base': '/home/ubuntu/eco_marathon_ws/build/astra_camera_msgs', 'catkin_cmake_args': None, 'catkin_skip_building_tests': False, 'cmake_args': None, 'cmake_clean_cache': False, 'cmake_clean_first': False, 'cmake_force_configure': False, 'cmake_target': None, 'cmake_target_skip_unavailable': False, 'install_base': '/home/ubuntu/eco_marathon_ws/install/astra_camera_msgs', 'merge_install': False, 'path': '/home/ubuntu/eco_marathon_ws/src/sensors/ros2_astra_camera/astra_camera_msgs', 'symlink_install': False, 'test_result_base': None}
[0.827s] Level 5:colcon.colcon_core.verb:set package 'eco_control' build argument 'cmake_args' from command line to 'None'
[0.827s] Level 5:colcon.colcon_core.verb:set package 'eco_control' build argument 'cmake_target' from command line to 'None'
[0.827s] Level 5:colcon.colcon_core.verb:set package 'eco_control' build argument 'cmake_target_skip_unavailable' from command line to 'False'
[0.827s] Level 5:colcon.colcon_core.verb:set package 'eco_control' build argument 'cmake_clean_cache' from command line to 'False'
[0.827s] Level 5:colcon.colcon_core.verb:set package 'eco_control' build argument 'cmake_clean_first' from command line to 'False'
[0.827s] Level 5:colcon.colcon_core.verb:set package 'eco_control' build argument 'cmake_force_configure' from command line to 'False'
[0.827s] Level 5:colcon.colcon_core.verb:set package 'eco_control' build argument 'ament_cmake_args' from command line to 'None'
[0.827s] Level 5:colcon.colcon_core.verb:set package 'eco_control' build argument 'catkin_cmake_args' from command line to 'None'
[0.827s] Level 5:colcon.colcon_core.verb:set package 'eco_control' build argument 'catkin_skip_building_tests' from command line to 'False'
[0.827s] DEBUG:colcon.colcon_core.verb:Building package 'eco_control' with the following arguments: {'ament_cmake_args': None, 'build_base': '/home/ubuntu/eco_marathon_ws/build/eco_control', 'catkin_cmake_args': None, 'catkin_skip_building_tests': False, 'cmake_args': None, 'cmake_clean_cache': False, 'cmake_clean_first': False, 'cmake_force_configure': False, 'cmake_target': None, 'cmake_target_skip_unavailable': False, 'install_base': '/home/ubuntu/eco_marathon_ws/install/eco_control', 'merge_install': False, 'path': '/home/ubuntu/eco_marathon_ws/src/eco_control', 'symlink_install': False, 'test_result_base': None}
[0.828s] Level 5:colcon.colcon_core.verb:set package 'eco_interfaces' build argument 'cmake_args' from command line to 'None'
[0.828s] Level 5:colcon.colcon_core.verb:set package 'eco_interfaces' build argument 'cmake_target' from command line to 'None'
[0.828s] Level 5:colcon.colcon_core.verb:set package 'eco_interfaces' build argument 'cmake_target_skip_unavailable' from command line to 'False'
[0.828s] Level 5:colcon.colcon_core.verb:set package 'eco_interfaces' build argument 'cmake_clean_cache' from command line to 'False'
[0.828s] Level 5:colcon.colcon_core.verb:set package 'eco_interfaces' build argument 'cmake_clean_first' from command line to 'False'
[0.828s] Level 5:colcon.colcon_core.verb:set package 'eco_interfaces' build argument 'cmake_force_configure' from command line to 'False'
[0.828s] Level 5:colcon.colcon_core.verb:set package 'eco_interfaces' build argument 'ament_cmake_args' from command line to 'None'
[0.828s] Level 5:colcon.colcon_core.verb:set package 'eco_interfaces' build argument 'catkin_cmake_args' from command line to 'None'
[0.828s] Level 5:colcon.colcon_core.verb:set package 'eco_interfaces' build argument 'catkin_skip_building_tests' from command line to 'False'
[0.828s] DEBUG:colcon.colcon_core.verb:Building package 'eco_interfaces' with the following arguments: {'ament_cmake_args': None, 'build_base': '/home/ubuntu/eco_marathon_ws/build/eco_interfaces', 'catkin_cmake_args': None, 'catkin_skip_building_tests': False, 'cmake_args': None, 'cmake_clean_cache': False, 'cmake_clean_first': False, 'cmake_force_configure': False, 'cmake_target': None, 'cmake_target_skip_unavailable': False, 'install_base': '/home/ubuntu/eco_marathon_ws/install/eco_interfaces', 'merge_install': False, 'path': '/home/ubuntu/eco_marathon_ws/src/eco_interfaces', 'symlink_install': False, 'test_result_base': None}
[0.829s] Level 5:colcon.colcon_core.verb:set package 'eco_localization' build argument 'cmake_args' from command line to 'None'
[0.829s] Level 5:colcon.colcon_core.verb:set package 'eco_localization' build argument 'cmake_target' from command line to 'None'
[0.829s] Level 5:colcon.colcon_core.verb:set package 'eco_localization' build argument 'cmake_target_skip_unavailable' from command line to 'False'
[0.829s] Level 5:colcon.colcon_core.verb:set package 'eco_localization' build argument 'cmake_clean_cache' from command line to 'False'
[0.829s] Level 5:colcon.colcon_core.verb:set package 'eco_localization' build argument 'cmake_clean_first' from command line to 'False'
[0.829s] Level 5:colcon.colcon_core.verb:set package 'eco_localization' build argument 'cmake_force_configure' from command line to 'False'
[0.829s] Level 5:colcon.colcon_core.verb:set package 'eco_localization' build argument 'ament_cmake_args' from command line to 'None'
[0.829s] Level 5:colcon.colcon_core.verb:set package 'eco_localization' build argument 'catkin_cmake_args' from command line to 'None'
[0.829s] Level 5:colcon.colcon_core.verb:set package 'eco_localization' build argument 'catkin_skip_building_tests' from command line to 'False'
[0.829s] DEBUG:colcon.colcon_core.verb:Building package 'eco_localization' with the following arguments: {'ament_cmake_args': None, 'build_base': '/home/ubuntu/eco_marathon_ws/build/eco_localization', 'catkin_cmake_args': None, 'catkin_skip_building_tests': False, 'cmake_args': None, 'cmake_clean_cache': False, 'cmake_clean_first': False, 'cmake_force_configure': False, 'cmake_target': None, 'cmake_target_skip_unavailable': False, 'install_base': '/home/ubuntu/eco_marathon_ws/install/eco_localization', 'merge_install': False, 'path': '/home/ubuntu/eco_marathon_ws/src/eco_localization', 'symlink_install': False, 'test_result_base': None}
[0.830s] Level 5:colcon.colcon_core.verb:set package 'eco_perception' build argument 'cmake_args' from command line to 'None'
[0.830s] Level 5:colcon.colcon_core.verb:set package 'eco_perception' build argument 'cmake_target' from command line to 'None'
[0.830s] Level 5:colcon.colcon_core.verb:set package 'eco_perception' build argument 'cmake_target_skip_unavailable' from command line to 'False'
[0.830s] Level 5:colcon.colcon_core.verb:set package 'eco_perception' build argument 'cmake_clean_cache' from command line to 'False'
[0.830s] Level 5:colcon.colcon_core.verb:set package 'eco_perception' build argument 'cmake_clean_first' from command line to 'False'
[0.830s] Level 5:colcon.colcon_core.verb:set package 'eco_perception' build argument 'cmake_force_configure' from command line to 'False'
[0.830s] Level 5:colcon.colcon_core.verb:set package 'eco_perception' build argument 'ament_cmake_args' from command line to 'None'
[0.830s] Level 5:colcon.colcon_core.verb:set package 'eco_perception' build argument 'catkin_cmake_args' from command line to 'None'
[0.830s] Level 5:colcon.colcon_core.verb:set package 'eco_perception' build argument 'catkin_skip_building_tests' from command line to 'False'
[0.830s] DEBUG:colcon.colcon_core.verb:Building package 'eco_perception' with the following arguments: {'ament_cmake_args': None, 'build_base': '/home/ubuntu/eco_marathon_ws/build/eco_perception', 'catkin_cmake_args': None, 'catkin_skip_building_tests': False, 'cmake_args': None, 'cmake_clean_cache': False, 'cmake_clean_first': False, 'cmake_force_configure': False, 'cmake_target': None, 'cmake_target_skip_unavailable': False, 'install_base': '/home/ubuntu/eco_marathon_ws/install/eco_perception', 'merge_install': False, 'path': '/home/ubuntu/eco_marathon_ws/src/eco_perception', 'symlink_install': False, 'test_result_base': None}
[0.831s] Level 5:colcon.colcon_core.verb:set package 'eco_planning' build argument 'cmake_args' from command line to 'None'
[0.831s] Level 5:colcon.colcon_core.verb:set package 'eco_planning' build argument 'cmake_target' from command line to 'None'
[0.831s] Level 5:colcon.colcon_core.verb:set package 'eco_planning' build argument 'cmake_target_skip_unavailable' from command line to 'False'
[0.831s] Level 5:colcon.colcon_core.verb:set package 'eco_planning' build argument 'cmake_clean_cache' from command line to 'False'
[0.831s] Level 5:colcon.colcon_core.verb:set package 'eco_planning' build argument 'cmake_clean_first' from command line to 'False'
[0.831s] Level 5:colcon.colcon_core.verb:set package 'eco_planning' build argument 'cmake_force_configure' from command line to 'False'
[0.831s] Level 5:colcon.colcon_core.verb:set package 'eco_planning' build argument 'ament_cmake_args' from command line to 'None'
[0.831s] Level 5:colcon.colcon_core.verb:set package 'eco_planning' build argument 'catkin_cmake_args' from command line to 'None'
[0.831s] Level 5:colcon.colcon_core.verb:set package 'eco_planning' build argument 'catkin_skip_building_tests' from command line to 'False'
[0.831s] DEBUG:colcon.colcon_core.verb:Building package 'eco_planning' with the following arguments: {'ament_cmake_args': None, 'build_base': '/home/ubuntu/eco_marathon_ws/build/eco_planning', 'catkin_cmake_args': None, 'catkin_skip_building_tests': False, 'cmake_args': None, 'cmake_clean_cache': False, 'cmake_clean_first': False, 'cmake_force_configure': False, 'cmake_target': None, 'cmake_target_skip_unavailable': False, 'install_base': '/home/ubuntu/eco_marathon_ws/install/eco_planning', 'merge_install': False, 'path': '/home/ubuntu/eco_marathon_ws/src/eco_planning', 'symlink_install': False, 'test_result_base': None}
[0.832s] Level 5:colcon.colcon_core.verb:set package 'astra_camera' build argument 'cmake_args' from command line to 'None'
[0.832s] Level 5:colcon.colcon_core.verb:set package 'astra_camera' build argument 'cmake_target' from command line to 'None'
[0.832s] Level 5:colcon.colcon_core.verb:set package 'astra_camera' build argument 'cmake_target_skip_unavailable' from command line to 'False'
[0.832s] Level 5:colcon.colcon_core.verb:set package 'astra_camera' build argument 'cmake_clean_cache' from command line to 'False'
[0.832s] Level 5:colcon.colcon_core.verb:set package 'astra_camera' build argument 'cmake_clean_first' from command line to 'False'
[0.832s] Level 5:colcon.colcon_core.verb:set package 'astra_camera' build argument 'cmake_force_configure' from command line to 'False'
[0.832s] Level 5:colcon.colcon_core.verb:set package 'astra_camera' build argument 'ament_cmake_args' from command line to 'None'
[0.832s] Level 5:colcon.colcon_core.verb:set package 'astra_camera' build argument 'catkin_cmake_args' from command line to 'None'
[0.832s] Level 5:colcon.colcon_core.verb:set package 'astra_camera' build argument 'catkin_skip_building_tests' from command line to 'False'
[0.832s] DEBUG:colcon.colcon_core.verb:Building package 'astra_camera' with the following arguments: {'ament_cmake_args': None, 'build_base': '/home/ubuntu/eco_marathon_ws/build/astra_camera', 'catkin_cmake_args': None, 'catkin_skip_building_tests': False, 'cmake_args': None, 'cmake_clean_cache': False, 'cmake_clean_first': False, 'cmake_force_configure': False, 'cmake_target': None, 'cmake_target_skip_unavailable': False, 'install_base': '/home/ubuntu/eco_marathon_ws/install/astra_camera', 'merge_install': False, 'path': '/home/ubuntu/eco_marathon_ws/src/sensors/ros2_astra_camera/astra_camera', 'symlink_install': False, 'test_result_base': None}
[0.833s] INFO:colcon.colcon_core.executor:Executing jobs using 'parallel' executor
[0.835s] DEBUG:colcon.colcon_parallel_executor.executor.parallel:run_until_complete
[0.836s] INFO:colcon.colcon_ros.task.ament_cmake.build:Building ROS package in '/home/ubuntu/eco_marathon_ws/src/sensors/ros2_astra_camera/astra_camera_msgs' with build type 'ament_cmake'
[0.837s] INFO:colcon.colcon_cmake.task.cmake.build:Building CMake package in '/home/ubuntu/eco_marathon_ws/src/sensors/ros2_astra_camera/astra_camera_msgs'
[0.843s] INFO:colcon.colcon_core.plugin_system:Skipping extension 'colcon_core.shell.bat': Not used on non-Windows systems
[0.844s] INFO:colcon.colcon_core.shell:Skip shell extension 'powershell' for command environment: Not usable outside of PowerShell
[0.844s] DEBUG:colcon.colcon_core.shell:Skip shell extension 'dsv' for command environment
[0.853s] INFO:colcon.colcon_ros.task.ament_python.build:Building ROS package in '/home/ubuntu/eco_marathon_ws/src/eco_control' with build type 'ament_python'
[0.856s] Level 1:colcon.colcon_core.shell:create_environment_hook('eco_control', 'ament_prefix_path')
[0.857s] INFO:colcon.colcon_core.shell:Creating environment hook '/home/ubuntu/eco_marathon_ws/install/eco_control/share/eco_control/hook/ament_prefix_path.ps1'
[0.858s] INFO:colcon.colcon_core.shell:Creating environment descriptor '/home/ubuntu/eco_marathon_ws/install/eco_control/share/eco_control/hook/ament_prefix_path.dsv'
[0.859s] INFO:colcon.colcon_core.shell:Creating environment hook '/home/ubuntu/eco_marathon_ws/install/eco_control/share/eco_control/hook/ament_prefix_path.sh'
[0.861s] INFO:colcon.colcon_core.shell:Skip shell extension 'powershell' for command environment: Not usable outside of PowerShell
[0.861s] DEBUG:colcon.colcon_core.shell:Skip shell extension 'dsv' for command environment
[0.869s] INFO:colcon.colcon_ros.task.ament_cmake.build:Building ROS package in '/home/ubuntu/eco_marathon_ws/src/eco_interfaces' with build type 'ament_cmake'
[0.870s] INFO:colcon.colcon_cmake.task.cmake.build:Building CMake package in '/home/ubuntu/eco_marathon_ws/src/eco_interfaces'
[0.871s] INFO:colcon.colcon_core.shell:Skip shell extension 'powershell' for command environment: Not usable outside of PowerShell
[0.871s] DEBUG:colcon.colcon_core.shell:Skip shell extension 'dsv' for command environment
[0.879s] INFO:colcon.colcon_ros.task.ament_python.build:Building ROS package in '/home/ubuntu/eco_marathon_ws/src/eco_localization' with build type 'ament_python'
[0.880s] Level 1:colcon.colcon_core.shell:create_environment_hook('eco_localization', 'ament_prefix_path')
[0.881s] INFO:colcon.colcon_core.shell:Creating environment hook '/home/ubuntu/eco_marathon_ws/install/eco_localization/share/eco_localization/hook/ament_prefix_path.ps1'
[0.883s] INFO:colcon.colcon_core.shell:Creating environment descriptor '/home/ubuntu/eco_marathon_ws/install/eco_localization/share/eco_localization/hook/ament_prefix_path.dsv'
[0.885s] INFO:colcon.colcon_core.shell:Creating environment hook '/home/ubuntu/eco_marathon_ws/install/eco_localization/share/eco_localization/hook/ament_prefix_path.sh'
[0.886s] INFO:colcon.colcon_core.shell:Skip shell extension 'powershell' for command environment: Not usable outside of PowerShell
[0.887s] DEBUG:colcon.colcon_core.shell:Skip shell extension 'dsv' for command environment
[0.894s] INFO:colcon.colcon_ros.task.ament_python.build:Building ROS package in '/home/ubuntu/eco_marathon_ws/src/eco_perception' with build type 'ament_python'
[0.895s] Level 1:colcon.colcon_core.shell:create_environment_hook('eco_perception', 'ament_prefix_path')
[0.896s] INFO:colcon.colcon_core.shell:Creating environment hook '/home/ubuntu/eco_marathon_ws/install/eco_perception/share/eco_perception/hook/ament_prefix_path.ps1'
[0.897s] INFO:colcon.colcon_core.shell:Creating environment descriptor '/home/ubuntu/eco_marathon_ws/install/eco_perception/share/eco_perception/hook/ament_prefix_path.dsv'
[0.900s] INFO:colcon.colcon_core.shell:Creating environment hook '/home/ubuntu/eco_marathon_ws/install/eco_perception/share/eco_perception/hook/ament_prefix_path.sh'
[0.902s] INFO:colcon.colcon_core.shell:Skip shell extension 'powershell' for command environment: Not usable outside of PowerShell
[0.902s] DEBUG:colcon.colcon_core.shell:Skip shell extension 'dsv' for command environment
[0.910s] INFO:colcon.colcon_ros.task.ament_python.build:Building ROS package in '/home/ubuntu/eco_marathon_ws/src/eco_planning' with build type 'ament_python'
[0.911s] Level 1:colcon.colcon_core.shell:create_environment_hook('eco_planning', 'ament_prefix_path')
[0.911s] INFO:colcon.colcon_core.shell:Creating environment hook '/home/ubuntu/eco_marathon_ws/install/eco_planning/share/eco_planning/hook/ament_prefix_path.ps1'
[0.913s] INFO:colcon.colcon_core.shell:Creating environment descriptor '/home/ubuntu/eco_marathon_ws/install/eco_planning/share/eco_planning/hook/ament_prefix_path.dsv'
[0.914s] INFO:colcon.colcon_core.shell:Creating environment hook '/home/ubuntu/eco_marathon_ws/install/eco_planning/share/eco_planning/hook/ament_prefix_path.sh'
[0.916s] INFO:colcon.colcon_core.shell:Skip shell extension 'powershell' for command environment: Not usable outside of PowerShell
[0.916s] DEBUG:colcon.colcon_core.shell:Skip shell extension 'dsv' for command environment
[0.933s] DEBUG:colcon.colcon_core.event_handler.log_command:Invoking command in '/home/ubuntu/eco_marathon_ws/build/astra_camera_msgs': CMAKE_PREFIX_PATH=${CMAKE_PREFIX_PATH}:/home/ubuntu/eco_marathon_ws/install/eco_planning:/home/ubuntu/eco_marathon_ws/install/eco_perception:/home/ubuntu/eco_marathon_ws/install/eco_localization:/home/ubuntu/eco_marathon_ws/install/eco_control:/home/ubuntu/ros2_ws/install/vehicle_interface:/home/ubuntu/ros2_ws/install/stop_sign:/home/ubuntu/ros2_ws/install/my_robot_controller:/home/ubuntu/ros2_ws/install/lane_detection:/home/ubuntu/ros2_ws/install/control:/opt/ros/humble /home/ubuntu/.local/bin/cmake --build /home/ubuntu/eco_marathon_ws/build/astra_camera_msgs -- -j8 -l8
[1.515s] INFO:colcon.colcon_core.task.python.build:Building Python package in '/home/ubuntu/eco_marathon_ws/src/eco_control'
[1.516s] INFO:colcon.colcon_core.shell:Skip shell extension 'powershell' for command environment: Not usable outside of PowerShell
[1.516s] DEBUG:colcon.colcon_core.shell:Skip shell extension 'dsv' for command environment
[1.529s] DEBUG:colcon.colcon_core.event_handler.log_command:Invoking command in '/home/ubuntu/eco_marathon_ws/build/eco_interfaces': CMAKE_PREFIX_PATH=${CMAKE_PREFIX_PATH}:/home/ubuntu/eco_marathon_ws/install/eco_planning:/home/ubuntu/eco_marathon_ws/install/eco_perception:/home/ubuntu/eco_marathon_ws/install/eco_localization:/home/ubuntu/eco_marathon_ws/install/eco_control:/home/ubuntu/ros2_ws/install/vehicle_interface:/home/ubuntu/ros2_ws/install/stop_sign:/home/ubuntu/ros2_ws/install/my_robot_controller:/home/ubuntu/ros2_ws/install/lane_detection:/home/ubuntu/ros2_ws/install/control:/opt/ros/humble /home/ubuntu/.local/bin/cmake --build /home/ubuntu/eco_marathon_ws/build/eco_interfaces -- -j8 -l8
[2.105s] INFO:colcon.colcon_core.task.python.build:Building Python package in '/home/ubuntu/eco_marathon_ws/src/eco_localization'
[2.105s] INFO:colcon.colcon_core.shell:Skip shell extension 'powershell' for command environment: Not usable outside of PowerShell
[2.106s] DEBUG:colcon.colcon_core.shell:Skip shell extension 'dsv' for command environment
[2.695s] INFO:colcon.colcon_core.task.python.build:Building Python package in '/home/ubuntu/eco_marathon_ws/src/eco_perception'
[2.696s] INFO:colcon.colcon_core.shell:Skip shell extension 'powershell' for command environment: Not usable outside of PowerShell
[2.696s] DEBUG:colcon.colcon_core.shell:Skip shell extension 'dsv' for command environment
[3.319s] INFO:colcon.colcon_core.task.python.build:Building Python package in '/home/ubuntu/eco_marathon_ws/src/eco_planning'
[3.320s] INFO:colcon.colcon_core.shell:Skip shell extension 'powershell' for command environment: Not usable outside of PowerShell
[3.320s] DEBUG:colcon.colcon_core.shell:Skip shell extension 'dsv' for command environment
[3.333s] DEBUG:colcon.colcon_core.event_handler.log_command:Invoked command in '/home/ubuntu/eco_marathon_ws/build/astra_camera_msgs' returned '0': CMAKE_PREFIX_PATH=${CMAKE_PREFIX_PATH}:/home/ubuntu/eco_marathon_ws/install/eco_planning:/home/ubuntu/eco_marathon_ws/install/eco_perception:/home/ubuntu/eco_marathon_ws/install/eco_localization:/home/ubuntu/eco_marathon_ws/install/eco_control:/home/ubuntu/ros2_ws/install/vehicle_interface:/home/ubuntu/ros2_ws/install/stop_sign:/home/ubuntu/ros2_ws/install/my_robot_controller:/home/ubuntu/ros2_ws/install/lane_detection:/home/ubuntu/ros2_ws/install/control:/opt/ros/humble /home/ubuntu/.local/bin/cmake --build /home/ubuntu/eco_marathon_ws/build/astra_camera_msgs -- -j8 -l8
[3.505s] DEBUG:colcon.colcon_core.event_handler.log_command:Invoking command in '/home/ubuntu/eco_marathon_ws/build/astra_camera_msgs': CMAKE_PREFIX_PATH=${CMAKE_PREFIX_PATH}:/home/ubuntu/eco_marathon_ws/install/eco_planning:/home/ubuntu/eco_marathon_ws/install/eco_perception:/home/ubuntu/eco_marathon_ws/install/eco_localization:/home/ubuntu/eco_marathon_ws/install/eco_control:/home/ubuntu/ros2_ws/install/vehicle_interface:/home/ubuntu/ros2_ws/install/stop_sign:/home/ubuntu/ros2_ws/install/my_robot_controller:/home/ubuntu/ros2_ws/install/lane_detection:/home/ubuntu/ros2_ws/install/control:/opt/ros/humble /home/ubuntu/.local/bin/cmake --install /home/ubuntu/eco_marathon_ws/build/astra_camera_msgs
[3.934s] Level 1:colcon.colcon_core.environment:create_environment_scripts_only(astra_camera_msgs)
[3.944s] Level 1:colcon.colcon_core.environment:checking '/home/ubuntu/eco_marathon_ws/install/astra_camera_msgs' for CMake module files
[3.946s] DEBUG:colcon.colcon_core.event_handler.log_command:Invoked command in '/home/ubuntu/eco_marathon_ws/build/astra_camera_msgs' returned '0': CMAKE_PREFIX_PATH=${CMAKE_PREFIX_PATH}:/home/ubuntu/eco_marathon_ws/install/eco_planning:/home/ubuntu/eco_marathon_ws/install/eco_perception:/home/ubuntu/eco_marathon_ws/install/eco_localization:/home/ubuntu/eco_marathon_ws/install/eco_control:/home/ubuntu/ros2_ws/install/vehicle_interface:/home/ubuntu/ros2_ws/install/stop_sign:/home/ubuntu/ros2_ws/install/my_robot_controller:/home/ubuntu/ros2_ws/install/lane_detection:/home/ubuntu/ros2_ws/install/control:/opt/ros/humble /home/ubuntu/.local/bin/cmake --install /home/ubuntu/eco_marathon_ws/build/astra_camera_msgs
[3.947s] Level 1:colcon.colcon_core.environment:checking '/home/ubuntu/eco_marathon_ws/install/astra_camera_msgs' for CMake config files
[3.948s] Level 1:colcon.colcon_core.shell:create_environment_hook('astra_camera_msgs', 'cmake_prefix_path')
[3.949s] INFO:colcon.colcon_core.shell:Creating environment hook '/home/ubuntu/eco_marathon_ws/install/astra_camera_msgs/share/astra_camera_msgs/hook/cmake_prefix_path.ps1'
[3.951s] INFO:colcon.colcon_core.shell:Creating environment descriptor '/home/ubuntu/eco_marathon_ws/install/astra_camera_msgs/share/astra_camera_msgs/hook/cmake_prefix_path.dsv'
[3.951s] INFO:colcon.colcon_core.shell:Creating environment hook '/home/ubuntu/eco_marathon_ws/install/astra_camera_msgs/share/astra_camera_msgs/hook/cmake_prefix_path.sh'
[3.954s] Level 1:colcon.colcon_core.environment:checking '/home/ubuntu/eco_marathon_ws/install/astra_camera_msgs/lib'
[3.955s] Level 1:colcon.colcon_core.shell:create_environment_hook('astra_camera_msgs', 'ld_library_path_lib')
[3.956s] INFO:colcon.colcon_core.shell:Creating environment hook '/home/ubuntu/eco_marathon_ws/install/astra_camera_msgs/share/astra_camera_msgs/hook/ld_library_path_lib.ps1'
[3.957s] INFO:colcon.colcon_core.shell:Creating environment descriptor '/home/ubuntu/eco_marathon_ws/install/astra_camera_msgs/share/astra_camera_msgs/hook/ld_library_path_lib.dsv'
[3.958s] INFO:colcon.colcon_core.shell:Creating environment hook '/home/ubuntu/eco_marathon_ws/install/astra_camera_msgs/share/astra_camera_msgs/hook/ld_library_path_lib.sh'
[3.959s] Level 1:colcon.colcon_core.environment:checking '/home/ubuntu/eco_marathon_ws/install/astra_camera_msgs/bin'
[3.959s] Level 1:colcon.colcon_core.environment:checking '/home/ubuntu/eco_marathon_ws/install/astra_camera_msgs/lib/pkgconfig/astra_camera_msgs.pc'
[3.960s] Level 1:colcon.colcon_core.environment:checking '/home/ubuntu/eco_marathon_ws/install/astra_camera_msgs/lib/python3.10/site-packages'
[3.960s] Level 1:colcon.colcon_core.environment:checking '/home/ubuntu/eco_marathon_ws/install/astra_camera_msgs/bin'
[3.961s] INFO:colcon.colcon_core.shell:Creating package script '/home/ubuntu/eco_marathon_ws/install/astra_camera_msgs/share/astra_camera_msgs/package.ps1'
[3.963s] INFO:colcon.colcon_core.shell:Creating package descriptor '/home/ubuntu/eco_marathon_ws/install/astra_camera_msgs/share/astra_camera_msgs/package.dsv'
[3.965s] INFO:colcon.colcon_core.shell:Creating package script '/home/ubuntu/eco_marathon_ws/install/astra_camera_msgs/share/astra_camera_msgs/package.sh'
[3.967s] INFO:colcon.colcon_core.shell:Creating package script '/home/ubuntu/eco_marathon_ws/install/astra_camera_msgs/share/astra_camera_msgs/package.bash'
[3.968s] INFO:colcon.colcon_core.shell:Creating package script '/home/ubuntu/eco_marathon_ws/install/astra_camera_msgs/share/astra_camera_msgs/package.zsh'
[3.969s] Level 1:colcon.colcon_core.environment:create_file_with_runtime_dependencies(/home/ubuntu/eco_marathon_ws/install/astra_camera_msgs/share/colcon-core/packages/astra_camera_msgs)
[3.971s] Level 1:colcon.colcon_core.environment:create_environment_scripts_only(astra_camera_msgs)
[3.972s] Level 1:colcon.colcon_core.environment:checking '/home/ubuntu/eco_marathon_ws/install/astra_camera_msgs' for CMake module files
[3.973s] Level 1:colcon.colcon_core.environment:checking '/home/ubuntu/eco_marathon_ws/install/astra_camera_msgs' for CMake config files
[3.975s] Level 1:colcon.colcon_core.shell:create_environment_hook('astra_camera_msgs', 'cmake_prefix_path')
[3.975s] INFO:colcon.colcon_core.shell:Creating environment hook '/home/ubuntu/eco_marathon_ws/install/astra_camera_msgs/share/astra_camera_msgs/hook/cmake_prefix_path.ps1'
[3.976s] INFO:colcon.colcon_core.shell:Creating environment descriptor '/home/ubuntu/eco_marathon_ws/install/astra_camera_msgs/share/astra_camera_msgs/hook/cmake_prefix_path.dsv'
[3.977s] INFO:colcon.colcon_core.shell:Creating environment hook '/home/ubuntu/eco_marathon_ws/install/astra_camera_msgs/share/astra_camera_msgs/hook/cmake_prefix_path.sh'
[3.979s] Level 1:colcon.colcon_core.environment:checking '/home/ubuntu/eco_marathon_ws/install/astra_camera_msgs/lib'
[3.979s] Level 1:colcon.colcon_core.shell:create_environment_hook('astra_camera_msgs', 'ld_library_path_lib')
[3.983s] INFO:colcon.colcon_core.shell:Creating environment hook '/home/ubuntu/eco_marathon_ws/install/astra_camera_msgs/share/astra_camera_msgs/hook/ld_library_path_lib.ps1'
[3.984s] INFO:colcon.colcon_core.shell:Creating environment descriptor '/home/ubuntu/eco_marathon_ws/install/astra_camera_msgs/share/astra_camera_msgs/hook/ld_library_path_lib.dsv'
[3.986s] INFO:colcon.colcon_core.shell:Creating environment hook '/home/ubuntu/eco_marathon_ws/install/astra_camera_msgs/share/astra_camera_msgs/hook/ld_library_path_lib.sh'
[3.987s] Level 1:colcon.colcon_core.environment:checking '/home/ubuntu/eco_marathon_ws/install/astra_camera_msgs/bin'
[3.988s] Level 1:colcon.colcon_core.environment:checking '/home/ubuntu/eco_marathon_ws/install/astra_camera_msgs/lib/pkgconfig/astra_camera_msgs.pc'
[3.988s] Level 1:colcon.colcon_core.environment:checking '/home/ubuntu/eco_marathon_ws/install/astra_camera_msgs/lib/python3.10/site-packages'
[3.989s] Level 1:colcon.colcon_core.environment:checking '/home/ubuntu/eco_marathon_ws/install/astra_camera_msgs/bin'
[3.990s] INFO:colcon.colcon_core.shell:Creating package script '/home/ubuntu/eco_marathon_ws/install/astra_camera_msgs/share/astra_camera_msgs/package.ps1'
[3.992s] INFO:colcon.colcon_core.shell:Creating package descriptor '/home/ubuntu/eco_marathon_ws/install/astra_camera_msgs/share/astra_camera_msgs/package.dsv'
[3.993s] INFO:colcon.colcon_core.shell:Creating package script '/home/ubuntu/eco_marathon_ws/install/astra_camera_msgs/share/astra_camera_msgs/package.sh'
[3.994s] INFO:colcon.colcon_core.shell:Creating package script '/home/ubuntu/eco_marathon_ws/install/astra_camera_msgs/share/astra_camera_msgs/package.bash'
[3.996s] INFO:colcon.colcon_core.shell:Creating package script '/home/ubuntu/eco_marathon_ws/install/astra_camera_msgs/share/astra_camera_msgs/package.zsh'
[3.997s] Level 1:colcon.colcon_core.environment:create_file_with_runtime_dependencies(/home/ubuntu/eco_marathon_ws/install/astra_camera_msgs/share/colcon-core/packages/astra_camera_msgs)
[3.998s] INFO:colcon.colcon_ros.task.ament_cmake.build:Building ROS package in '/home/ubuntu/eco_marathon_ws/src/sensors/ros2_astra_camera/astra_camera' with build type 'ament_cmake'
[3.999s] INFO:colcon.colcon_cmake.task.cmake.build:Building CMake package in '/home/ubuntu/eco_marathon_ws/src/sensors/ros2_astra_camera/astra_camera'
[3.999s] INFO:colcon.colcon_core.shell:Skip shell extension 'powershell' for command environment: Not usable outside of PowerShell
[4.000s] DEBUG:colcon.colcon_core.shell:Skip shell extension 'dsv' for command environment
[4.070s] DEBUG:colcon.colcon_core.event_handler.log_command:Invoking command in '/home/ubuntu/eco_marathon_ws/build/astra_camera': CMAKE_PREFIX_PATH=/home/ubuntu/eco_marathon_ws/install/astra_camera_msgs:/home/ubuntu/eco_marathon_ws/install/eco_interfaces:/home/ubuntu/eco_marathon_ws/install/astra_camera:/home/ubuntu/ros2_ws/install/sn_interfaces:/home/ubuntu/ros2_ws/install/astra_camera:/home/ubuntu/ros2_ws/install/astra_camera_msgs:/home/ubuntu/eco_marathon_ws/install/eco_planning:/home/ubuntu/eco_marathon_ws/install/eco_perception:/home/ubuntu/eco_marathon_ws/install/eco_localization:/home/ubuntu/eco_marathon_ws/install/eco_control:/home/ubuntu/ros2_ws/install/vehicle_interface:/home/ubuntu/ros2_ws/install/stop_sign:/home/ubuntu/ros2_ws/install/my_robot_controller:/home/ubuntu/ros2_ws/install/lane_detection:/home/ubuntu/ros2_ws/install/control:/opt/ros/humble LD_LIBRARY_PATH=/home/ubuntu/eco_marathon_ws/install/astra_camera_msgs/lib:/home/ubuntu/eco_marathon_ws/install/astra_camera/lib:/home/ubuntu/ros2_ws/install/sn_interfaces/lib:/home/ubuntu/ros2_ws/install/astra_camera/lib:/home/ubuntu/ros2_ws/install/astra_camera_msgs/lib:/opt/ros/humble/opt/rviz_ogre_vendor/lib:/opt/ros/humble/lib/aarch64-linux-gnu:/opt/ros/humble/lib:/usr/local/cuda-12.6/lib64 /home/ubuntu/.local/bin/cmake /home/ubuntu/eco_marathon_ws/src/sensors/ros2_astra_camera/astra_camera -DCMAKE_INSTALL_PREFIX=/home/ubuntu/eco_marathon_ws/install/astra_camera
[4.499s] DEBUG:colcon.colcon_core.event_handler.log_command:Invoking command in '/home/ubuntu/eco_marathon_ws/src/eco_perception': PYTHONPATH=/home/ubuntu/eco_marathon_ws/build/eco_perception/prefix_override:/usr/lib/python3/dist-packages/colcon_core/task/python/colcon_distutils_commands:/home/ubuntu/eco_marathon_ws/install/eco_perception/lib/python3.10/site-packages:${PYTHONPATH} /usr/bin/python3 -W ignore:setup.py install is deprecated -W ignore:easy_install command is deprecated setup.py egg_info --egg-base ../../build/eco_perception build --build-base /home/ubuntu/eco_marathon_ws/build/eco_perception/build install --record /home/ubuntu/eco_marathon_ws/build/eco_perception/install.log --single-version-externally-managed install_data
[4.510s] DEBUG:colcon.colcon_core.event_handler.log_command:Invoking command in '/home/ubuntu/eco_marathon_ws/src/eco_control': PYTHONPATH=/home/ubuntu/eco_marathon_ws/build/eco_control/prefix_override:/usr/lib/python3/dist-packages/colcon_core/task/python/colcon_distutils_commands:/home/ubuntu/eco_marathon_ws/install/eco_control/lib/python3.10/site-packages:${PYTHONPATH} /usr/bin/python3 -W ignore:setup.py install is deprecated -W ignore:easy_install command is deprecated setup.py egg_info --egg-base ../../build/eco_control build --build-base /home/ubuntu/eco_marathon_ws/build/eco_control/build install --record /home/ubuntu/eco_marathon_ws/build/eco_control/install.log --single-version-externally-managed install_data
[4.517s] DEBUG:colcon.colcon_core.event_handler.log_command:Invoking command in '/home/ubuntu/eco_marathon_ws/src/eco_planning': PYTHONPATH=/home/ubuntu/eco_marathon_ws/build/eco_planning/prefix_override:/usr/lib/python3/dist-packages/colcon_core/task/python/colcon_distutils_commands:/home/ubuntu/eco_marathon_ws/install/eco_planning/lib/python3.10/site-packages:${PYTHONPATH} /usr/bin/python3 -W ignore:setup.py install is deprecated -W ignore:easy_install command is deprecated setup.py egg_info --egg-base ../../build/eco_planning build --build-base /home/ubuntu/eco_marathon_ws/build/eco_planning/build install --record /home/ubuntu/eco_marathon_ws/build/eco_planning/install.log --single-version-externally-managed install_data
[4.631s] DEBUG:colcon.colcon_core.event_handler.log_command:Invoking command in '/home/ubuntu/eco_marathon_ws/src/eco_localization': PYTHONPATH=/home/ubuntu/eco_marathon_ws/build/eco_localization/prefix_override:/usr/lib/python3/dist-packages/colcon_core/task/python/colcon_distutils_commands:/home/ubuntu/eco_marathon_ws/install/eco_localization/lib/python3.10/site-packages:${PYTHONPATH} /usr/bin/python3 -W ignore:setup.py install is deprecated -W ignore:easy_install command is deprecated setup.py egg_info --egg-base ../../build/eco_localization build --build-base /home/ubuntu/eco_marathon_ws/build/eco_localization/build install --record /home/ubuntu/eco_marathon_ws/build/eco_localization/install.log --single-version-externally-managed install_data
[5.231s] Level 1:colcon.colcon_core.environment:checking '/home/ubuntu/eco_marathon_ws/install/eco_perception' for CMake module files
[5.232s] Level 1:colcon.colcon_core.environment:checking '/home/ubuntu/eco_marathon_ws/install/eco_perception' for CMake config files
[5.233s] Level 1:colcon.colcon_core.environment:checking '/home/ubuntu/eco_marathon_ws/install/eco_perception/lib'
[5.234s] Level 1:colcon.colcon_core.environment:checking '/home/ubuntu/eco_marathon_ws/install/eco_perception/bin'
[5.234s] Level 1:colcon.colcon_core.environment:checking '/home/ubuntu/eco_marathon_ws/install/eco_perception/lib/pkgconfig/eco_perception.pc'
[5.234s] Level 1:colcon.colcon_core.environment:checking '/home/ubuntu/eco_marathon_ws/install/eco_perception/lib/python3.10/site-packages'
[5.235s] Level 1:colcon.colcon_core.shell:create_environment_hook('eco_perception', 'pythonpath')
[5.235s] INFO:colcon.colcon_core.shell:Creating environment hook '/home/ubuntu/eco_marathon_ws/install/eco_perception/share/eco_perception/hook/pythonpath.ps1'
[5.238s] DEBUG:colcon.colcon_core.event_handler.log_command:Invoked command in '/home/ubuntu/eco_marathon_ws/src/eco_perception' returned '0': PYTHONPATH=/home/ubuntu/eco_marathon_ws/build/eco_perception/prefix_override:/usr/lib/python3/dist-packages/colcon_core/task/python/colcon_distutils_commands:/home/ubuntu/eco_marathon_ws/install/eco_perception/lib/python3.10/site-packages:${PYTHONPATH} /usr/bin/python3 -W ignore:setup.py install is deprecated -W ignore:easy_install command is deprecated setup.py egg_info --egg-base ../../build/eco_perception build --build-base /home/ubuntu/eco_marathon_ws/build/eco_perception/build install --record /home/ubuntu/eco_marathon_ws/build/eco_perception/install.log --single-version-externally-managed install_data
[5.238s] INFO:colcon.colcon_core.shell:Creating environment descriptor '/home/ubuntu/eco_marathon_ws/install/eco_perception/share/eco_perception/hook/pythonpath.dsv'
[5.240s] INFO:colcon.colcon_core.shell:Creating environment hook '/home/ubuntu/eco_marathon_ws/install/eco_perception/share/eco_perception/hook/pythonpath.sh'
[5.241s] Level 1:colcon.colcon_core.environment:checking '/home/ubuntu/eco_marathon_ws/install/eco_perception/bin'
[5.241s] Level 1:colcon.colcon_core.environment:create_environment_scripts_only(eco_perception)
[5.242s] INFO:colcon.colcon_core.shell:Creating package script '/home/ubuntu/eco_marathon_ws/install/eco_perception/share/eco_perception/package.ps1'
[5.243s] INFO:colcon.colcon_core.shell:Creating package descriptor '/home/ubuntu/eco_marathon_ws/install/eco_perception/share/eco_perception/package.dsv'
[5.245s] INFO:colcon.colcon_core.shell:Creating package script '/home/ubuntu/eco_marathon_ws/install/eco_perception/share/eco_perception/package.sh'
[5.246s] INFO:colcon.colcon_core.shell:Creating package script '/home/ubuntu/eco_marathon_ws/install/eco_perception/share/eco_perception/package.bash'
[5.247s] INFO:colcon.colcon_core.shell:Creating package script '/home/ubuntu/eco_marathon_ws/install/eco_perception/share/eco_perception/package.zsh'
[5.248s] Level 1:colcon.colcon_core.environment:create_file_with_runtime_dependencies(/home/ubuntu/eco_marathon_ws/install/eco_perception/share/colcon-core/packages/eco_perception)
[5.254s] Level 1:colcon.colcon_core.environment:checking '/home/ubuntu/eco_marathon_ws/install/eco_control' for CMake module files
[5.256s] DEBUG:colcon.colcon_core.event_handler.log_command:Invoked command in '/home/ubuntu/eco_marathon_ws/src/eco_control' returned '0': PYTHONPATH=/home/ubuntu/eco_marathon_ws/build/eco_control/prefix_override:/usr/lib/python3/dist-packages/colcon_core/task/python/colcon_distutils_commands:/home/ubuntu/eco_marathon_ws/install/eco_control/lib/python3.10/site-packages:${PYTHONPATH} /usr/bin/python3 -W ignore:setup.py install is deprecated -W ignore:easy_install command is deprecated setup.py egg_info --egg-base ../../build/eco_control build --build-base /home/ubuntu/eco_marathon_ws/build/eco_control/build install --record /home/ubuntu/eco_marathon_ws/build/eco_control/install.log --single-version-externally-managed install_data
[5.257s] Level 1:colcon.colcon_core.environment:checking '/home/ubuntu/eco_marathon_ws/install/eco_control' for CMake config files
[5.259s] Level 1:colcon.colcon_core.environment:checking '/home/ubuntu/eco_marathon_ws/install/eco_control/lib'
[5.259s] Level 1:colcon.colcon_core.environment:checking '/home/ubuntu/eco_marathon_ws/install/eco_control/bin'
[5.259s] Level 1:colcon.colcon_core.environment:checking '/home/ubuntu/eco_marathon_ws/install/eco_control/lib/pkgconfig/eco_control.pc'
[5.260s] Level 1:colcon.colcon_core.environment:checking '/home/ubuntu/eco_marathon_ws/install/eco_control/lib/python3.10/site-packages'
[5.260s] Level 1:colcon.colcon_core.shell:create_environment_hook('eco_control', 'pythonpath')
[5.261s] INFO:colcon.colcon_core.shell:Creating environment hook '/home/ubuntu/eco_marathon_ws/install/eco_control/share/eco_control/hook/pythonpath.ps1'
[5.262s] INFO:colcon.colcon_core.shell:Creating environment descriptor '/home/ubuntu/eco_marathon_ws/install/eco_control/share/eco_control/hook/pythonpath.dsv'
[5.263s] INFO:colcon.colcon_core.shell:Creating environment hook '/home/ubuntu/eco_marathon_ws/install/eco_control/share/eco_control/hook/pythonpath.sh'
[5.265s] Level 1:colcon.colcon_core.environment:checking '/home/ubuntu/eco_marathon_ws/install/eco_control/bin'
[5.265s] Level 1:colcon.colcon_core.environment:create_environment_scripts_only(eco_control)
[5.266s] INFO:colcon.colcon_core.shell:Creating package script '/home/ubuntu/eco_marathon_ws/install/eco_control/share/eco_control/package.ps1'
[5.267s] INFO:colcon.colcon_core.shell:Creating package descriptor '/home/ubuntu/eco_marathon_ws/install/eco_control/share/eco_control/package.dsv'
[5.269s] INFO:colcon.colcon_core.shell:Creating package script '/home/ubuntu/eco_marathon_ws/install/eco_control/share/eco_control/package.sh'
[5.270s] INFO:colcon.colcon_core.shell:Creating package script '/home/ubuntu/eco_marathon_ws/install/eco_control/share/eco_control/package.bash'
[5.271s] INFO:colcon.colcon_core.shell:Creating package script '/home/ubuntu/eco_marathon_ws/install/eco_control/share/eco_control/package.zsh'
[5.272s] Level 1:colcon.colcon_core.environment:create_file_with_runtime_dependencies(/home/ubuntu/eco_marathon_ws/install/eco_control/share/colcon-core/packages/eco_control)
[5.273s] Level 1:colcon.colcon_core.environment:checking '/home/ubuntu/eco_marathon_ws/install/eco_planning' for CMake module files
[5.274s] Level 1:colcon.colcon_core.environment:checking '/home/ubuntu/eco_marathon_ws/install/eco_planning' for CMake config files
[5.276s] DEBUG:colcon.colcon_core.event_handler.log_command:Invoked command in '/home/ubuntu/eco_marathon_ws/src/eco_planning' returned '0': PYTHONPATH=/home/ubuntu/eco_marathon_ws/build/eco_planning/prefix_override:/usr/lib/python3/dist-packages/colcon_core/task/python/colcon_distutils_commands:/home/ubuntu/eco_marathon_ws/install/eco_planning/lib/python3.10/site-packages:${PYTHONPATH} /usr/bin/python3 -W ignore:setup.py install is deprecated -W ignore:easy_install command is deprecated setup.py egg_info --egg-base ../../build/eco_planning build --build-base /home/ubuntu/eco_marathon_ws/build/eco_planning/build install --record /home/ubuntu/eco_marathon_ws/build/eco_planning/install.log --single-version-externally-managed install_data
[5.278s] Level 1:colcon.colcon_core.environment:checking '/home/ubuntu/eco_marathon_ws/install/eco_planning/lib'
[5.278s] Level 1:colcon.colcon_core.environment:checking '/home/ubuntu/eco_marathon_ws/install/eco_planning/bin'
[5.278s] Level 1:colcon.colcon_core.environment:checking '/home/ubuntu/eco_marathon_ws/install/eco_planning/lib/pkgconfig/eco_planning.pc'
[5.279s] Level 1:colcon.colcon_core.environment:checking '/home/ubuntu/eco_marathon_ws/install/eco_planning/lib/python3.10/site-packages'
[5.280s] Level 1:colcon.colcon_core.shell:create_environment_hook('eco_planning', 'pythonpath')
[5.280s] INFO:colcon.colcon_core.shell:Creating environment hook '/home/ubuntu/eco_marathon_ws/install/eco_planning/share/eco_planning/hook/pythonpath.ps1'
[5.288s] INFO:colcon.colcon_core.shell:Creating environment descriptor '/home/ubuntu/eco_marathon_ws/install/eco_planning/share/eco_planning/hook/pythonpath.dsv'
[5.289s] INFO:colcon.colcon_core.shell:Creating environment hook '/home/ubuntu/eco_marathon_ws/install/eco_planning/share/eco_planning/hook/pythonpath.sh'
[5.291s] Level 1:colcon.colcon_core.environment:checking '/home/ubuntu/eco_marathon_ws/install/eco_planning/bin'
[5.291s] Level 1:colcon.colcon_core.environment:create_environment_scripts_only(eco_planning)
[5.292s] INFO:colcon.colcon_core.shell:Creating package script '/home/ubuntu/eco_marathon_ws/install/eco_planning/share/eco_planning/package.ps1'
[5.293s] INFO:colcon.colcon_core.shell:Creating package descriptor '/home/ubuntu/eco_marathon_ws/install/eco_planning/share/eco_planning/package.dsv'
[5.294s] INFO:colcon.colcon_core.shell:Creating package script '/home/ubuntu/eco_marathon_ws/install/eco_planning/share/eco_planning/package.sh'
[5.295s] INFO:colcon.colcon_core.shell:Creating package script '/home/ubuntu/eco_marathon_ws/install/eco_planning/share/eco_planning/package.bash'
[5.296s] INFO:colcon.colcon_core.shell:Creating package script '/home/ubuntu/eco_marathon_ws/install/eco_planning/share/eco_planning/package.zsh'
[5.296s] Level 1:colcon.colcon_core.environment:create_file_with_runtime_dependencies(/home/ubuntu/eco_marathon_ws/install/eco_planning/share/colcon-core/packages/eco_planning)
[5.473s] Level 1:colcon.colcon_core.environment:checking '/home/ubuntu/eco_marathon_ws/install/eco_localization' for CMake module files
[5.474s] DEBUG:colcon.colcon_core.event_handler.log_command:Invoked command in '/home/ubuntu/eco_marathon_ws/src/eco_localization' returned '0': PYTHONPATH=/home/ubuntu/eco_marathon_ws/build/eco_localization/prefix_override:/usr/lib/python3/dist-packages/colcon_core/task/python/colcon_distutils_commands:/home/ubuntu/eco_marathon_ws/install/eco_localization/lib/python3.10/site-packages:${PYTHONPATH} /usr/bin/python3 -W ignore:setup.py install is deprecated -W ignore:easy_install command is deprecated setup.py egg_info --egg-base ../../build/eco_localization build --build-base /home/ubuntu/eco_marathon_ws/build/eco_localization/build install --record /home/ubuntu/eco_marathon_ws/build/eco_localization/install.log --single-version-externally-managed install_data
[5.474s] Level 1:colcon.colcon_core.environment:checking '/home/ubuntu/eco_marathon_ws/install/eco_localization' for CMake config files
[5.475s] Level 1:colcon.colcon_core.environment:checking '/home/ubuntu/eco_marathon_ws/install/eco_localization/lib'
[5.476s] Level 1:colcon.colcon_core.environment:checking '/home/ubuntu/eco_marathon_ws/install/eco_localization/bin'
[5.476s] Level 1:colcon.colcon_core.environment:checking '/home/ubuntu/eco_marathon_ws/install/eco_localization/lib/pkgconfig/eco_localization.pc'
[5.476s] Level 1:colcon.colcon_core.environment:checking '/home/ubuntu/eco_marathon_ws/install/eco_localization/lib/python3.10/site-packages'
[5.476s] Level 1:colcon.colcon_core.shell:create_environment_hook('eco_localization', 'pythonpath')
[5.477s] INFO:colcon.colcon_core.shell:Creating environment hook '/home/ubuntu/eco_marathon_ws/install/eco_localization/share/eco_localization/hook/pythonpath.ps1'
[5.478s] INFO:colcon.colcon_core.shell:Creating environment descriptor '/home/ubuntu/eco_marathon_ws/install/eco_localization/share/eco_localization/hook/pythonpath.dsv'
[5.479s] INFO:colcon.colcon_core.shell:Creating environment hook '/home/ubuntu/eco_marathon_ws/install/eco_localization/share/eco_localization/hook/pythonpath.sh'
[5.480s] Level 1:colcon.colcon_core.environment:checking '/home/ubuntu/eco_marathon_ws/install/eco_localization/bin'
[5.480s] Level 1:colcon.colcon_core.environment:create_environment_scripts_only(eco_localization)
[5.481s] INFO:colcon.colcon_core.shell:Creating package script '/home/ubuntu/eco_marathon_ws/install/eco_localization/share/eco_localization/package.ps1'
[5.482s] INFO:colcon.colcon_core.shell:Creating package descriptor '/home/ubuntu/eco_marathon_ws/install/eco_localization/share/eco_localization/package.dsv'
[5.483s] INFO:colcon.colcon_core.shell:Creating package script '/home/ubuntu/eco_marathon_ws/install/eco_localization/share/eco_localization/package.sh'
[5.484s] INFO:colcon.colcon_core.shell:Creating package script '/home/ubuntu/eco_marathon_ws/install/eco_localization/share/eco_localization/package.bash'
[5.484s] INFO:colcon.colcon_core.shell:Creating package script '/home/ubuntu/eco_marathon_ws/install/eco_localization/share/eco_localization/package.zsh'
[5.485s] Level 1:colcon.colcon_core.environment:create_file_with_runtime_dependencies(/home/ubuntu/eco_marathon_ws/install/eco_localization/share/colcon-core/packages/eco_localization)
[7.681s] DEBUG:colcon.colcon_core.event_handler.log_command:Invoked command in '/home/ubuntu/eco_marathon_ws/build/eco_interfaces' returned '2': CMAKE_PREFIX_PATH=${CMAKE_PREFIX_PATH}:/home/ubuntu/eco_marathon_ws/install/eco_planning:/home/ubuntu/eco_marathon_ws/install/eco_perception:/home/ubuntu/eco_marathon_ws/install/eco_localization:/home/ubuntu/eco_marathon_ws/install/eco_control:/home/ubuntu/ros2_ws/install/vehicle_interface:/home/ubuntu/ros2_ws/install/stop_sign:/home/ubuntu/ros2_ws/install/my_robot_controller:/home/ubuntu/ros2_ws/install/lane_detection:/home/ubuntu/ros2_ws/install/control:/opt/ros/humble /home/ubuntu/.local/bin/cmake --build /home/ubuntu/eco_marathon_ws/build/eco_interfaces -- -j8 -l8
[7.682s] Level 1:colcon.colcon_core.environment:create_environment_scripts_only(eco_interfaces)
[7.682s] Level 1:colcon.colcon_core.environment:checking '/home/ubuntu/eco_marathon_ws/install/eco_interfaces' for CMake module files
[7.683s] Level 1:colcon.colcon_core.environment:checking '/home/ubuntu/eco_marathon_ws/install/eco_interfaces' for CMake config files
[7.684s] Level 1:colcon.colcon_core.environment:checking '/home/ubuntu/eco_marathon_ws/install/eco_interfaces/bin'
[7.685s] Level 1:colcon.colcon_core.environment:checking '/home/ubuntu/eco_marathon_ws/install/eco_interfaces/lib/pkgconfig/eco_interfaces.pc'
[7.685s] Level 1:colcon.colcon_core.environment:checking '/home/ubuntu/eco_marathon_ws/install/eco_interfaces/lib/python3.10/site-packages'
[7.685s] Level 1:colcon.colcon_core.environment:checking '/home/ubuntu/eco_marathon_ws/install/eco_interfaces/bin'
[7.686s] INFO:colcon.colcon_core.shell:Creating package script '/home/ubuntu/eco_marathon_ws/install/eco_interfaces/share/eco_interfaces/package.ps1'
[7.688s] INFO:colcon.colcon_core.shell:Creating package descriptor '/home/ubuntu/eco_marathon_ws/install/eco_interfaces/share/eco_interfaces/package.dsv'
[7.688s] INFO:colcon.colcon_core.shell:Creating package script '/home/ubuntu/eco_marathon_ws/install/eco_interfaces/share/eco_interfaces/package.sh'
[7.689s] INFO:colcon.colcon_core.shell:Creating package script '/home/ubuntu/eco_marathon_ws/install/eco_interfaces/share/eco_interfaces/package.bash'
[7.690s] INFO:colcon.colcon_core.shell:Creating package script '/home/ubuntu/eco_marathon_ws/install/eco_interfaces/share/eco_interfaces/package.zsh'
[7.691s] Level 1:colcon.colcon_core.environment:create_file_with_runtime_dependencies(/home/ubuntu/eco_marathon_ws/install/eco_interfaces/share/colcon-core/packages/eco_interfaces)
[9.286s] DEBUG:colcon.colcon_parallel_executor.executor.parallel:closing loop
[9.287s] DEBUG:colcon.colcon_parallel_executor.executor.parallel:loop closed
[9.287s] DEBUG:colcon.colcon_parallel_executor.executor.parallel:run_until_complete finished with '2'
[9.288s] DEBUG:colcon.colcon_core.event_reactor:joining thread
[9.314s] INFO:colcon.colcon_core.plugin_system:Skipping extension 'colcon_notification.desktop_notification.terminal_notifier': Not used on non-Darwin systems
[9.315s] INFO:colcon.colcon_core.plugin_system:Skipping extension 'colcon_notification.desktop_notification.win32': Not used on non-Windows systems
[9.315s] INFO:colcon.colcon_notification.desktop_notification:Sending desktop notification using 'notify2'
[9.378s] DEBUG:colcon.colcon_core.event_reactor:joined thread
[9.380s] INFO:colcon.colcon_core.shell:Creating prefix script '/home/ubuntu/eco_marathon_ws/install/local_setup.ps1'
[9.384s] INFO:colcon.colcon_core.shell:Creating prefix util module '/home/ubuntu/eco_marathon_ws/install/_local_setup_util_ps1.py'
[9.390s] INFO:colcon.colcon_core.shell:Creating prefix chain script '/home/ubuntu/eco_marathon_ws/install/setup.ps1'
[9.397s] INFO:colcon.colcon_core.shell:Creating prefix script '/home/ubuntu/eco_marathon_ws/install/local_setup.sh'
[9.399s] INFO:colcon.colcon_core.shell:Creating prefix util module '/home/ubuntu/eco_marathon_ws/install/_local_setup_util_sh.py'
[9.401s] INFO:colcon.colcon_core.shell:Creating prefix chain script '/home/ubuntu/eco_marathon_ws/install/setup.sh'
[9.408s] INFO:colcon.colcon_core.shell:Creating prefix script '/home/ubuntu/eco_marathon_ws/install/local_setup.bash'
[9.410s] INFO:colcon.colcon_core.shell:Creating prefix chain script '/home/ubuntu/eco_marathon_ws/install/setup.bash'
[9.416s] INFO:colcon.colcon_core.shell:Creating prefix script '/home/ubuntu/eco_marathon_ws/install/local_setup.zsh'
[9.419s] INFO:colcon.colcon_core.shell:Creating prefix chain script '/home/ubuntu/eco_marathon_ws/install/setup.zsh'
