-- The C compiler identification is GNU 11.4.0
-- The CXX compiler identification is GNU 11.4.0
-- Detecting C compiler ABI info
-- Detecting C compiler ABI info - done
-- Check for working C compiler: /usr/bin/cc - skipped
-- Detecting C compile features
-- Detecting C compile features - done
-- Detecting CXX compiler ABI info
[0mCMake Deprecation Warning at CMakeLists.txt:1 (cmake_minimum_required):
  Compatibility with CMake < 3.10 will be removed from a future version of
  CMake.

  Update the VERSION argument <min> value.  Or, use the <min>...<max> syntax
  to tell CMake that the project requires at least <min> but has been updated
  to work with policies introduced by <max> or earlier.

[0m
-- Detecting CXX compiler ABI info - done
-- Check for working CXX compiler: /usr/bin/c++ - skipped
-- Detecting CXX compile features
-- Detecting CXX compile features - done
-- Found ament_cmake: 1.3.11 (/opt/ros/humble/share/ament_cmake/cmake)
-- Found Python3: /usr/bin/python3 (found version "3.10.12") found components: Interpreter
-- Found std_msgs: 4.8.0 (/opt/ros/humble/share/std_msgs/cmake)
-- Found rosidl_generator_c: 3.1.6 (/opt/ros/humble/share/rosidl_generator_c/cmake)
-- Found rosidl_adapter: 3.1.6 (/opt/ros/humble/share/rosidl_adapter/cmake)
-- Found rosidl_generator_cpp: 3.1.6 (/opt/ros/humble/share/rosidl_generator_cpp/cmake)
-- Using all available rosidl_typesupport_c: rosidl_typesupport_fastrtps_c;rosidl_typesupport_introspection_c
-- Using all available rosidl_typesupport_cpp: rosidl_typesupport_fastrtps_cpp;rosidl_typesupport_introspection_cpp
-- Found geometry_msgs: 4.8.0 (/opt/ros/humble/share/geometry_msgs/cmake)
-- Found ament_lint_auto: 0.12.12 (/opt/ros/humble/share/ament_lint_auto/cmake)
-- Added test 'lint_cmake' to check CMake code style
-- Added test 'xmllint' to check XML markup files
-- Configuring done (2.4s)
-- Generating done (0.0s)
-- Build files have been written to: /home/ubuntu/eco_marathon_ws/build/eco_interfaces
-- Install configuration: ""
-- Installing: /home/ubuntu/eco_marathon_ws/install/eco_interfaces/share/ament_index/resource_index/package_run_dependencies/eco_interfaces
-- Installing: /home/ubuntu/eco_marathon_ws/install/eco_interfaces/share/ament_index/resource_index/parent_prefix_path/eco_interfaces
-- Installing: /home/ubuntu/eco_marathon_ws/install/eco_interfaces/share/eco_interfaces/environment/ament_prefix_path.sh
-- Installing: /home/ubuntu/eco_marathon_ws/install/eco_interfaces/share/eco_interfaces/environment/ament_prefix_path.dsv
-- Installing: /home/ubuntu/eco_marathon_ws/install/eco_interfaces/share/eco_interfaces/environment/path.sh
-- Installing: /home/ubuntu/eco_marathon_ws/install/eco_interfaces/share/eco_interfaces/environment/path.dsv
-- Installing: /home/ubuntu/eco_marathon_ws/install/eco_interfaces/share/eco_interfaces/local_setup.bash
-- Installing: /home/ubuntu/eco_marathon_ws/install/eco_interfaces/share/eco_interfaces/local_setup.sh
-- Installing: /home/ubuntu/eco_marathon_ws/install/eco_interfaces/share/eco_interfaces/local_setup.zsh
-- Installing: /home/ubuntu/eco_marathon_ws/install/eco_interfaces/share/eco_interfaces/local_setup.dsv
-- Installing: /home/ubuntu/eco_marathon_ws/install/eco_interfaces/share/eco_interfaces/package.dsv
-- Installing: /home/ubuntu/eco_marathon_ws/install/eco_interfaces/share/ament_index/resource_index/packages/eco_interfaces
-- Installing: /home/ubuntu/eco_marathon_ws/install/eco_interfaces/share/eco_interfaces/cmake/eco_interfacesConfig.cmake
-- Installing: /home/ubuntu/eco_marathon_ws/install/eco_interfaces/share/eco_interfaces/cmake/eco_interfacesConfig-version.cmake
-- Installing: /home/ubuntu/eco_marathon_ws/install/eco_interfaces/share/eco_interfaces/package.xml
