[3.852s] Invoking command in '/home/ubuntu/eco_marathon_ws/src/eco_control': PYTHONPATH=/home/ubuntu/eco_marathon_ws/build/eco_control/prefix_override:/usr/lib/python3/dist-packages/colcon_core/task/python/colcon_distutils_commands:/home/ubuntu/eco_marathon_ws/install/eco_control/lib/python3.10/site-packages:${PYTHONPATH} /usr/bin/python3 -W ignore:setup.py install is deprecated -W ignore:easy_install command is deprecated setup.py egg_info --egg-base ../../build/eco_control build --build-base /home/ubuntu/eco_marathon_ws/build/eco_control/build install --record /home/ubuntu/eco_marathon_ws/build/eco_control/install.log --single-version-externally-managed install_data
[4.901s] running egg_info
[4.902s] writing ../../build/eco_control/eco_control.egg-info/PKG-INFO
[4.903s] writing dependency_links to ../../build/eco_control/eco_control.egg-info/dependency_links.txt
[4.903s] writing entry points to ../../build/eco_control/eco_control.egg-info/entry_points.txt
[4.903s] writing requirements to ../../build/eco_control/eco_control.egg-info/requires.txt
[4.903s] writing top-level names to ../../build/eco_control/eco_control.egg-info/top_level.txt
[4.908s] reading manifest file '../../build/eco_control/eco_control.egg-info/SOURCES.txt'
[4.910s] writing manifest file '../../build/eco_control/eco_control.egg-info/SOURCES.txt'
[4.911s] running build
[4.911s] running build_py
[4.915s] running install
[4.916s] running install_lib
[4.919s] running install_data
[4.920s] running install_egg_info
[4.924s] removing '/home/ubuntu/eco_marathon_ws/install/eco_control/lib/python3.10/site-packages/eco_control-0.0.0-py3.10.egg-info' (and everything under it)
[4.925s] Copying ../../build/eco_control/eco_control.egg-info to /home/ubuntu/eco_marathon_ws/install/eco_control/lib/python3.10/site-packages/eco_control-0.0.0-py3.10.egg-info
[4.927s] running install_scripts
[4.977s] writing list of installed files to '/home/ubuntu/eco_marathon_ws/build/eco_control/install.log'
[5.079s] Invoked command in '/home/ubuntu/eco_marathon_ws/src/eco_control' returned '0': PYTHONPATH=/home/ubuntu/eco_marathon_ws/build/eco_control/prefix_override:/usr/lib/python3/dist-packages/colcon_core/task/python/colcon_distutils_commands:/home/ubuntu/eco_marathon_ws/install/eco_control/lib/python3.10/site-packages:${PYTHONPATH} /usr/bin/python3 -W ignore:setup.py install is deprecated -W ignore:easy_install command is deprecated setup.py egg_info --egg-base ../../build/eco_control build --build-base /home/ubuntu/eco_marathon_ws/build/eco_control/build install --record /home/ubuntu/eco_marathon_ws/build/eco_control/install.log --single-version-externally-managed install_data
