[1.411s] Invoking command in '/home/ubuntu/eco_marathon_ws/build/eco_perception': PYTHONPATH=/home/ubuntu/eco_marathon_ws/build/eco_perception/prefix_override:/usr/lib/python3/dist-packages/colcon_core/task/python/colcon_distutils_commands:/home/ubuntu/eco_marathon_ws/install/eco_perception/lib/python3.10/site-packages:${PYTHONPATH} /usr/bin/python3 -W ignore:setup.py install is deprecated -W ignore:easy_install command is deprecated setup.py develop --editable --build-directory /home/ubuntu/eco_marathon_ws/build/eco_perception/build --no-deps symlink_data --force
[1.959s] running develop
[2.304s] running egg_info
[2.305s] writing eco_perception.egg-info/PKG-INFO
[2.305s] writing dependency_links to eco_perception.egg-info/dependency_links.txt
[2.305s] writing entry points to eco_perception.egg-info/entry_points.txt
[2.306s] writing requirements to eco_perception.egg-info/requires.txt
[2.306s] writing top-level names to eco_perception.egg-info/top_level.txt
[2.310s] reading manifest file 'eco_perception.egg-info/SOURCES.txt'
[2.311s] writing manifest file 'eco_perception.egg-info/SOURCES.txt'
[2.401s] running build_ext
[2.401s] Creating /home/ubuntu/eco_marathon_ws/install/eco_perception/lib/python3.10/site-packages/eco-perception.egg-link (link to .)
[2.403s] Installing lane_detection script to /home/ubuntu/eco_marathon_ws/install/eco_perception/lib/eco_perception
[2.403s] 
[2.404s] Installed /home/ubuntu/eco_marathon_ws/build/eco_perception
[2.404s] running symlink_data
[2.404s] symbolically linking /home/ubuntu/eco_marathon_ws/build/eco_perception/resource/eco_perception -> /home/ubuntu/eco_marathon_ws/install/eco_perception/share/ament_index/resource_index/packages
[2.405s] symbolically linking /home/ubuntu/eco_marathon_ws/build/eco_perception/package.xml -> /home/ubuntu/eco_marathon_ws/install/eco_perception/share/eco_perception
[2.405s] symbolically linking /home/ubuntu/eco_marathon_ws/build/eco_perception/launch/eco_mar.launch.py -> /home/ubuntu/eco_marathon_ws/install/eco_perception/share/eco_perception
[2.491s] Invoked command in '/home/ubuntu/eco_marathon_ws/build/eco_perception' returned '0': PYTHONPATH=/home/ubuntu/eco_marathon_ws/build/eco_perception/prefix_override:/usr/lib/python3/dist-packages/colcon_core/task/python/colcon_distutils_commands:/home/ubuntu/eco_marathon_ws/install/eco_perception/lib/python3.10/site-packages:${PYTHONPATH} /usr/bin/python3 -W ignore:setup.py install is deprecated -W ignore:easy_install command is deprecated setup.py develop --editable --build-directory /home/ubuntu/eco_marathon_ws/build/eco_perception/build --no-deps symlink_data --force
