[3.528s] Invoking command in '/home/ubuntu/eco_marathon_ws/src/eco_perception': PYTHONPATH=/home/ubuntu/eco_marathon_ws/build/eco_perception/prefix_override:/usr/lib/python3/dist-packages/colcon_core/task/python/colcon_distutils_commands:/home/ubuntu/eco_marathon_ws/install/eco_perception/lib/python3.10/site-packages:${PYTHONPATH} /usr/bin/python3 -W ignore:setup.py install is deprecated -W ignore:easy_install command is deprecated setup.py egg_info --egg-base ../../build/eco_perception build --build-base /home/ubuntu/eco_marathon_ws/build/eco_perception/build install --record /home/ubuntu/eco_marathon_ws/build/eco_perception/install.log --single-version-externally-managed install_data
[4.104s] running egg_info
[4.104s] creating ../../build/eco_perception/eco_perception.egg-info
[4.105s] writing ../../build/eco_perception/eco_perception.egg-info/PKG-INFO
[4.106s] writing dependency_links to ../../build/eco_perception/eco_perception.egg-info/dependency_links.txt
[4.107s] writing entry points to ../../build/eco_perception/eco_perception.egg-info/entry_points.txt
[4.107s] writing requirements to ../../build/eco_perception/eco_perception.egg-info/requires.txt
[4.107s] writing top-level names to ../../build/eco_perception/eco_perception.egg-info/top_level.txt
[4.107s] writing manifest file '../../build/eco_perception/eco_perception.egg-info/SOURCES.txt'
[4.111s] reading manifest file '../../build/eco_perception/eco_perception.egg-info/SOURCES.txt'
[4.117s] writing manifest file '../../build/eco_perception/eco_perception.egg-info/SOURCES.txt'
[4.118s] running build
[4.118s] running build_py
[4.118s] creating /home/ubuntu/eco_marathon_ws/build/eco_perception/build
[4.118s] creating /home/ubuntu/eco_marathon_ws/build/eco_perception/build/lib
[4.119s] creating /home/ubuntu/eco_marathon_ws/build/eco_perception/build/lib/eco_perception
[4.119s] copying eco_perception/__init__.py -> /home/ubuntu/eco_marathon_ws/build/eco_perception/build/lib/eco_perception
[4.119s] copying eco_perception/lane_detection_node.py -> /home/ubuntu/eco_marathon_ws/build/eco_perception/build/lib/eco_perception
[4.120s] running install
[4.121s] running install_lib
[4.123s] creating /home/ubuntu/eco_marathon_ws/install/eco_perception/lib/python3.10/site-packages/eco_perception
[4.123s] copying /home/ubuntu/eco_marathon_ws/build/eco_perception/build/lib/eco_perception/__init__.py -> /home/ubuntu/eco_marathon_ws/install/eco_perception/lib/python3.10/site-packages/eco_perception
[4.127s] copying /home/ubuntu/eco_marathon_ws/build/eco_perception/build/lib/eco_perception/lane_detection_node.py -> /home/ubuntu/eco_marathon_ws/install/eco_perception/lib/python3.10/site-packages/eco_perception
[4.128s] byte-compiling /home/ubuntu/eco_marathon_ws/install/eco_perception/lib/python3.10/site-packages/eco_perception/__init__.py to __init__.cpython-310.pyc
[4.128s] byte-compiling /home/ubuntu/eco_marathon_ws/install/eco_perception/lib/python3.10/site-packages/eco_perception/lane_detection_node.py to lane_detection_node.cpython-310.pyc
[4.134s] running install_data
[4.135s] creating /home/ubuntu/eco_marathon_ws/install/eco_perception/share/ament_index
[4.135s] creating /home/ubuntu/eco_marathon_ws/install/eco_perception/share/ament_index/resource_index
[4.135s] creating /home/ubuntu/eco_marathon_ws/install/eco_perception/share/ament_index/resource_index/packages
[4.136s] copying resource/eco_perception -> /home/ubuntu/eco_marathon_ws/install/eco_perception/share/ament_index/resource_index/packages
[4.136s] copying package.xml -> /home/ubuntu/eco_marathon_ws/install/eco_perception/share/eco_perception
[4.136s] running install_egg_info
[4.140s] Copying ../../build/eco_perception/eco_perception.egg-info to /home/ubuntu/eco_marathon_ws/install/eco_perception/lib/python3.10/site-packages/eco_perception-0.0.0-py3.10.egg-info
[4.152s] running install_scripts
[4.194s] Installing lane_detection script to /home/ubuntu/eco_marathon_ws/install/eco_perception/lib/eco_perception
[4.195s] writing list of installed files to '/home/ubuntu/eco_marathon_ws/build/eco_perception/install.log'
[4.309s] Invoked command in '/home/ubuntu/eco_marathon_ws/src/eco_perception' returned '0': PYTHONPATH=/home/ubuntu/eco_marathon_ws/build/eco_perception/prefix_override:/usr/lib/python3/dist-packages/colcon_core/task/python/colcon_distutils_commands:/home/ubuntu/eco_marathon_ws/install/eco_perception/lib/python3.10/site-packages:${PYTHONPATH} /usr/bin/python3 -W ignore:setup.py install is deprecated -W ignore:easy_install command is deprecated setup.py egg_info --egg-base ../../build/eco_perception build --build-base /home/ubuntu/eco_marathon_ws/build/eco_perception/build install --record /home/ubuntu/eco_marathon_ws/build/eco_perception/install.log --single-version-externally-managed install_data
