[4.016s] Invoking command in '/home/ubuntu/eco_marathon_ws/src/eco_planning': PYTHONPATH=/home/ubuntu/eco_marathon_ws/build/eco_planning/prefix_override:/usr/lib/python3/dist-packages/colcon_core/task/python/colcon_distutils_commands:/home/ubuntu/eco_marathon_ws/install/eco_planning/lib/python3.10/site-packages:${PYTHONPATH} /usr/bin/python3 -W ignore:setup.py install is deprecated -W ignore:easy_install command is deprecated setup.py egg_info --egg-base ../../build/eco_planning build --build-base /home/ubuntu/eco_marathon_ws/build/eco_planning/build install --record /home/ubuntu/eco_marathon_ws/build/eco_planning/install.log --single-version-externally-managed install_data
[5.314s] running egg_info
[5.316s] writing ../../build/eco_planning/eco_planning.egg-info/PKG-INFO
[5.332s] writing dependency_links to ../../build/eco_planning/eco_planning.egg-info/dependency_links.txt
[5.332s] writing entry points to ../../build/eco_planning/eco_planning.egg-info/entry_points.txt
[5.333s] writing requirements to ../../build/eco_planning/eco_planning.egg-info/requires.txt
[5.333s] writing top-level names to ../../build/eco_planning/eco_planning.egg-info/top_level.txt
[5.339s] reading manifest file '../../build/eco_planning/eco_planning.egg-info/SOURCES.txt'
[5.340s] writing manifest file '../../build/eco_planning/eco_planning.egg-info/SOURCES.txt'
[5.340s] running build
[5.340s] running build_py
[5.350s] running install
[5.350s] running install_lib
[5.350s] running install_data
[5.350s] running install_egg_info
[5.368s] removing '/home/ubuntu/eco_marathon_ws/install/eco_planning/lib/python3.10/site-packages/eco_planning-0.0.0-py3.10.egg-info' (and everything under it)
[5.369s] Copying ../../build/eco_planning/eco_planning.egg-info to /home/ubuntu/eco_marathon_ws/install/eco_planning/lib/python3.10/site-packages/eco_planning-0.0.0-py3.10.egg-info
[5.370s] running install_scripts
[5.475s] writing list of installed files to '/home/ubuntu/eco_marathon_ws/build/eco_planning/install.log'
[5.690s] Invoked command in '/home/ubuntu/eco_marathon_ws/src/eco_planning' returned '0': PYTHONPATH=/home/ubuntu/eco_marathon_ws/build/eco_planning/prefix_override:/usr/lib/python3/dist-packages/colcon_core/task/python/colcon_distutils_commands:/home/ubuntu/eco_marathon_ws/install/eco_planning/lib/python3.10/site-packages:${PYTHONPATH} /usr/bin/python3 -W ignore:setup.py install is deprecated -W ignore:easy_install command is deprecated setup.py egg_info --egg-base ../../build/eco_planning build --build-base /home/ubuntu/eco_marathon_ws/build/eco_planning/build install --record /home/ubuntu/eco_marathon_ws/build/eco_planning/install.log --single-version-externally-managed install_data
