running egg_info
creating ../../build/eco_localization/eco_localization.egg-info
writing ../../build/eco_localization/eco_localization.egg-info/PKG-INFO
writing dependency_links to ../../build/eco_localization/eco_localization.egg-info/dependency_links.txt
writing entry points to ../../build/eco_localization/eco_localization.egg-info/entry_points.txt
writing requirements to ../../build/eco_localization/eco_localization.egg-info/requires.txt
writing top-level names to ../../build/eco_localization/eco_localization.egg-info/top_level.txt
writing manifest file '../../build/eco_localization/eco_localization.egg-info/SOURCES.txt'
reading manifest file '../../build/eco_localization/eco_localization.egg-info/SOURCES.txt'
writing manifest file '../../build/eco_localization/eco_localization.egg-info/SOURCES.txt'
running build
running build_py
creating /home/ubuntu/eco_marathon_ws/build/eco_localization/build
creating /home/ubuntu/eco_marathon_ws/build/eco_localization/build/lib
creating /home/ubuntu/eco_marathon_ws/build/eco_localization/build/lib/eco_localization
copying eco_localization/__init__.py -> /home/ubuntu/eco_marathon_ws/build/eco_localization/build/lib/eco_localization
running install
running install_lib
creating /home/ubuntu/eco_marathon_ws/install/eco_localization/lib/python3.10/site-packages/eco_localization
copying /home/ubuntu/eco_marathon_ws/build/eco_localization/build/lib/eco_localization/__init__.py -> /home/ubuntu/eco_marathon_ws/install/eco_localization/lib/python3.10/site-packages/eco_localization
byte-compiling /home/ubuntu/eco_marathon_ws/install/eco_localization/lib/python3.10/site-packages/eco_localization/__init__.py to __init__.cpython-310.pyc
running install_data
creating /home/ubuntu/eco_marathon_ws/install/eco_localization/share/ament_index
creating /home/ubuntu/eco_marathon_ws/install/eco_localization/share/ament_index/resource_index
creating /home/ubuntu/eco_marathon_ws/install/eco_localization/share/ament_index/resource_index/packages
copying resource/eco_localization -> /home/ubuntu/eco_marathon_ws/install/eco_localization/share/ament_index/resource_index/packages
copying package.xml -> /home/ubuntu/eco_marathon_ws/install/eco_localization/share/eco_localization
running install_egg_info
Copying ../../build/eco_localization/eco_localization.egg-info to /home/ubuntu/eco_marathon_ws/install/eco_localization/lib/python3.10/site-packages/eco_localization-0.0.0-py3.10.egg-info
running install_scripts
writing list of installed files to '/home/ubuntu/eco_marathon_ws/build/eco_localization/install.log'
