[0.196s] DEBUG:colcon:Command line arguments: ['/usr/bin/colcon', 'build', '--packages-select', 'eco_interfaces']
[0.196s] DEBUG:colcon:Parsed command line arguments: Namespace(log_base=None, log_level=None, verb_name='build', build_base='build', install_base='install', merge_install=False, symlink_install=False, test_result_base=None, continue_on_error=False, executor='parallel', parallel_workers=8, event_handlers=None, ignore_user_meta=False, metas=['./colcon.meta'], base_paths=['.'], packages_ignore=None, packages_ignore_regex=None, paths=None, packages_up_to=None, packages_up_to_regex=None, packages_above=None, packages_above_and_dependencies=None, packages_above_depth=None, packages_select_by_dep=None, packages_skip_by_dep=None, packages_skip_up_to=None, packages_select_build_failed=False, packages_skip_build_finished=False, packages_select_test_failures=False, packages_skip_test_passed=False, packages_select=['eco_interfaces'], packages_skip=None, packages_select_regex=None, packages_skip_regex=None, packages_start=None, packages_end=None, allow_overriding=[], cmake_args=None, cmake_target=None, cmake_target_skip_unavailable=False, cmake_clean_cache=False, cmake_clean_first=False, cmake_force_configure=False, ament_cmake_args=None, catkin_cmake_args=None, catkin_skip_building_tests=False, mixin_files=None, mixin=None, verb_parser=<colcon_mixin.mixin.mixin_argument.MixinArgumentDecorator object at 0xffffa854c6d0>, verb_extension=<colcon_core.verb.build.BuildVerb object at 0xffffa8679570>, main=<bound method BuildVerb.main of <colcon_core.verb.build.BuildVerb object at 0xffffa8679570>>, mixin_verb=('build',))
[0.441s] Level 1:colcon.colcon_core.package_discovery:discover_packages(colcon_meta) check parameters
[0.441s] Level 1:colcon.colcon_core.package_discovery:discover_packages(recursive) check parameters
[0.442s] Level 1:colcon.colcon_core.package_discovery:discover_packages(ignore) check parameters
[0.442s] Level 1:colcon.colcon_core.package_discovery:discover_packages(path) check parameters
[0.442s] Level 1:colcon.colcon_core.package_discovery:discover_packages(colcon_meta) discover
[0.442s] Level 1:colcon.colcon_core.package_discovery:discover_packages(recursive) discover
[0.442s] INFO:colcon.colcon_core.package_discovery:Crawling recursively for packages in '/home/ubuntu/eco_marathon_ws'
[0.442s] Level 1:colcon.colcon_core.package_identification:_identify(.) by extensions ['ignore', 'ignore_ament_install']
[0.442s] Level 1:colcon.colcon_core.package_identification:_identify(.) by extension 'ignore'
[0.443s] Level 1:colcon.colcon_core.package_identification:_identify(.) by extension 'ignore_ament_install'
[0.443s] Level 1:colcon.colcon_core.package_identification:_identify(.) by extensions ['colcon_pkg']
[0.443s] Level 1:colcon.colcon_core.package_identification:_identify(.) by extension 'colcon_pkg'
[0.443s] Level 1:colcon.colcon_core.package_identification:_identify(.) by extensions ['colcon_meta']
[0.443s] Level 1:colcon.colcon_core.package_identification:_identify(.) by extension 'colcon_meta'
[0.443s] Level 1:colcon.colcon_core.package_identification:_identify(.) by extensions ['ros']
[0.443s] Level 1:colcon.colcon_core.package_identification:_identify(.) by extension 'ros'
[0.467s] Level 1:colcon.colcon_core.package_identification:_identify(.) by extensions ['cmake', 'python']
[0.467s] Level 1:colcon.colcon_core.package_identification:_identify(.) by extension 'cmake'
[0.467s] Level 1:colcon.colcon_core.package_identification:_identify(.) by extension 'python'
[0.467s] Level 1:colcon.colcon_core.package_identification:_identify(.) by extensions ['python_setup_py']
[0.467s] Level 1:colcon.colcon_core.package_identification:_identify(.) by extension 'python_setup_py'
[0.468s] Level 1:colcon.colcon_core.package_identification:_identify(build) by extensions ['ignore', 'ignore_ament_install']
[0.468s] Level 1:colcon.colcon_core.package_identification:_identify(build) by extension 'ignore'
[0.468s] Level 1:colcon.colcon_core.package_identification:_identify(build) ignored
[0.468s] Level 1:colcon.colcon_core.package_identification:_identify(install) by extensions ['ignore', 'ignore_ament_install']
[0.469s] Level 1:colcon.colcon_core.package_identification:_identify(install) by extension 'ignore'
[0.469s] Level 1:colcon.colcon_core.package_identification:_identify(install) ignored
[0.469s] Level 1:colcon.colcon_core.package_identification:_identify(log) by extensions ['ignore', 'ignore_ament_install']
[0.469s] Level 1:colcon.colcon_core.package_identification:_identify(log) by extension 'ignore'
[0.469s] Level 1:colcon.colcon_core.package_identification:_identify(log) ignored
[0.469s] Level 1:colcon.colcon_core.package_identification:_identify(src) by extensions ['ignore', 'ignore_ament_install']
[0.469s] Level 1:colcon.colcon_core.package_identification:_identify(src) by extension 'ignore'
[0.470s] Level 1:colcon.colcon_core.package_identification:_identify(src) by extension 'ignore_ament_install'
[0.470s] Level 1:colcon.colcon_core.package_identification:_identify(src) by extensions ['colcon_pkg']
[0.470s] Level 1:colcon.colcon_core.package_identification:_identify(src) by extension 'colcon_pkg'
[0.470s] Level 1:colcon.colcon_core.package_identification:_identify(src) by extensions ['colcon_meta']
[0.470s] Level 1:colcon.colcon_core.package_identification:_identify(src) by extension 'colcon_meta'
[0.470s] Level 1:colcon.colcon_core.package_identification:_identify(src) by extensions ['ros']
[0.470s] Level 1:colcon.colcon_core.package_identification:_identify(src) by extension 'ros'
[0.470s] Level 1:colcon.colcon_core.package_identification:_identify(src) by extensions ['cmake', 'python']
[0.470s] Level 1:colcon.colcon_core.package_identification:_identify(src) by extension 'cmake'
[0.470s] Level 1:colcon.colcon_core.package_identification:_identify(src) by extension 'python'
[0.471s] Level 1:colcon.colcon_core.package_identification:_identify(src) by extensions ['python_setup_py']
[0.471s] Level 1:colcon.colcon_core.package_identification:_identify(src) by extension 'python_setup_py'
[0.471s] Level 1:colcon.colcon_core.package_identification:_identify(src/eco_control) by extensions ['ignore', 'ignore_ament_install']
[0.471s] Level 1:colcon.colcon_core.package_identification:_identify(src/eco_control) by extension 'ignore'
[0.471s] Level 1:colcon.colcon_core.package_identification:_identify(src/eco_control) by extension 'ignore_ament_install'
[0.471s] Level 1:colcon.colcon_core.package_identification:_identify(src/eco_control) by extensions ['colcon_pkg']
[0.471s] Level 1:colcon.colcon_core.package_identification:_identify(src/eco_control) by extension 'colcon_pkg'
[0.471s] Level 1:colcon.colcon_core.package_identification:_identify(src/eco_control) by extensions ['colcon_meta']
[0.471s] Level 1:colcon.colcon_core.package_identification:_identify(src/eco_control) by extension 'colcon_meta'
[0.471s] Level 1:colcon.colcon_core.package_identification:_identify(src/eco_control) by extensions ['ros']
[0.471s] Level 1:colcon.colcon_core.package_identification:_identify(src/eco_control) by extension 'ros'
[0.476s] DEBUG:colcon.colcon_core.package_identification:Package 'src/eco_control' with type 'ros.ament_python' and name 'eco_control'
[0.477s] Level 1:colcon.colcon_core.package_identification:_identify(src/eco_interfaces) by extensions ['ignore', 'ignore_ament_install']
[0.477s] Level 1:colcon.colcon_core.package_identification:_identify(src/eco_interfaces) by extension 'ignore'
[0.477s] Level 1:colcon.colcon_core.package_identification:_identify(src/eco_interfaces) by extension 'ignore_ament_install'
[0.477s] Level 1:colcon.colcon_core.package_identification:_identify(src/eco_interfaces) by extensions ['colcon_pkg']
[0.477s] Level 1:colcon.colcon_core.package_identification:_identify(src/eco_interfaces) by extension 'colcon_pkg'
[0.477s] Level 1:colcon.colcon_core.package_identification:_identify(src/eco_interfaces) by extensions ['colcon_meta']
[0.478s] Level 1:colcon.colcon_core.package_identification:_identify(src/eco_interfaces) by extension 'colcon_meta'
[0.478s] Level 1:colcon.colcon_core.package_identification:_identify(src/eco_interfaces) by extensions ['ros']
[0.478s] Level 1:colcon.colcon_core.package_identification:_identify(src/eco_interfaces) by extension 'ros'
[0.479s] DEBUG:colcon.colcon_core.package_identification:Package 'src/eco_interfaces' with type 'ros.ament_cmake' and name 'eco_interfaces'
[0.479s] Level 1:colcon.colcon_core.package_identification:_identify(src/eco_localization) by extensions ['ignore', 'ignore_ament_install']
[0.479s] Level 1:colcon.colcon_core.package_identification:_identify(src/eco_localization) by extension 'ignore'
[0.480s] Level 1:colcon.colcon_core.package_identification:_identify(src/eco_localization) by extension 'ignore_ament_install'
[0.480s] Level 1:colcon.colcon_core.package_identification:_identify(src/eco_localization) by extensions ['colcon_pkg']
[0.480s] Level 1:colcon.colcon_core.package_identification:_identify(src/eco_localization) by extension 'colcon_pkg'
[0.480s] Level 1:colcon.colcon_core.package_identification:_identify(src/eco_localization) by extensions ['colcon_meta']
[0.480s] Level 1:colcon.colcon_core.package_identification:_identify(src/eco_localization) by extension 'colcon_meta'
[0.480s] Level 1:colcon.colcon_core.package_identification:_identify(src/eco_localization) by extensions ['ros']
[0.480s] Level 1:colcon.colcon_core.package_identification:_identify(src/eco_localization) by extension 'ros'
[0.482s] DEBUG:colcon.colcon_core.package_identification:Package 'src/eco_localization' with type 'ros.ament_python' and name 'eco_localization'
[0.482s] Level 1:colcon.colcon_core.package_identification:_identify(src/eco_perception) by extensions ['ignore', 'ignore_ament_install']
[0.482s] Level 1:colcon.colcon_core.package_identification:_identify(src/eco_perception) by extension 'ignore'
[0.482s] Level 1:colcon.colcon_core.package_identification:_identify(src/eco_perception) by extension 'ignore_ament_install'
[0.483s] Level 1:colcon.colcon_core.package_identification:_identify(src/eco_perception) by extensions ['colcon_pkg']
[0.483s] Level 1:colcon.colcon_core.package_identification:_identify(src/eco_perception) by extension 'colcon_pkg'
[0.483s] Level 1:colcon.colcon_core.package_identification:_identify(src/eco_perception) by extensions ['colcon_meta']
[0.483s] Level 1:colcon.colcon_core.package_identification:_identify(src/eco_perception) by extension 'colcon_meta'
[0.483s] Level 1:colcon.colcon_core.package_identification:_identify(src/eco_perception) by extensions ['ros']
[0.483s] Level 1:colcon.colcon_core.package_identification:_identify(src/eco_perception) by extension 'ros'
[0.484s] DEBUG:colcon.colcon_core.package_identification:Package 'src/eco_perception' with type 'ros.ament_python' and name 'eco_perception'
[0.485s] Level 1:colcon.colcon_core.package_identification:_identify(src/eco_planning) by extensions ['ignore', 'ignore_ament_install']
[0.485s] Level 1:colcon.colcon_core.package_identification:_identify(src/eco_planning) by extension 'ignore'
[0.485s] Level 1:colcon.colcon_core.package_identification:_identify(src/eco_planning) by extension 'ignore_ament_install'
[0.485s] Level 1:colcon.colcon_core.package_identification:_identify(src/eco_planning) by extensions ['colcon_pkg']
[0.485s] Level 1:colcon.colcon_core.package_identification:_identify(src/eco_planning) by extension 'colcon_pkg'
[0.485s] Level 1:colcon.colcon_core.package_identification:_identify(src/eco_planning) by extensions ['colcon_meta']
[0.485s] Level 1:colcon.colcon_core.package_identification:_identify(src/eco_planning) by extension 'colcon_meta'
[0.485s] Level 1:colcon.colcon_core.package_identification:_identify(src/eco_planning) by extensions ['ros']
[0.485s] Level 1:colcon.colcon_core.package_identification:_identify(src/eco_planning) by extension 'ros'
[0.487s] DEBUG:colcon.colcon_core.package_identification:Package 'src/eco_planning' with type 'ros.ament_python' and name 'eco_planning'
[0.487s] Level 1:colcon.colcon_core.package_identification:_identify(src/sensors) by extensions ['ignore', 'ignore_ament_install']
[0.487s] Level 1:colcon.colcon_core.package_identification:_identify(src/sensors) by extension 'ignore'
[0.487s] Level 1:colcon.colcon_core.package_identification:_identify(src/sensors) by extension 'ignore_ament_install'
[0.487s] Level 1:colcon.colcon_core.package_identification:_identify(src/sensors) by extensions ['colcon_pkg']
[0.487s] Level 1:colcon.colcon_core.package_identification:_identify(src/sensors) by extension 'colcon_pkg'
[0.487s] Level 1:colcon.colcon_core.package_identification:_identify(src/sensors) by extensions ['colcon_meta']
[0.488s] Level 1:colcon.colcon_core.package_identification:_identify(src/sensors) by extension 'colcon_meta'
[0.488s] Level 1:colcon.colcon_core.package_identification:_identify(src/sensors) by extensions ['ros']
[0.488s] Level 1:colcon.colcon_core.package_identification:_identify(src/sensors) by extension 'ros'
[0.488s] Level 1:colcon.colcon_core.package_identification:_identify(src/sensors) by extensions ['cmake', 'python']
[0.488s] Level 1:colcon.colcon_core.package_identification:_identify(src/sensors) by extension 'cmake'
[0.488s] Level 1:colcon.colcon_core.package_identification:_identify(src/sensors) by extension 'python'
[0.488s] Level 1:colcon.colcon_core.package_identification:_identify(src/sensors) by extensions ['python_setup_py']
[0.488s] Level 1:colcon.colcon_core.package_identification:_identify(src/sensors) by extension 'python_setup_py'
[0.488s] Level 1:colcon.colcon_core.package_identification:_identify(src/sensors/ros2_astra_camera) by extensions ['ignore', 'ignore_ament_install']
[0.489s] Level 1:colcon.colcon_core.package_identification:_identify(src/sensors/ros2_astra_camera) by extension 'ignore'
[0.489s] Level 1:colcon.colcon_core.package_identification:_identify(src/sensors/ros2_astra_camera) by extension 'ignore_ament_install'
[0.489s] Level 1:colcon.colcon_core.package_identification:_identify(src/sensors/ros2_astra_camera) by extensions ['colcon_pkg']
[0.489s] Level 1:colcon.colcon_core.package_identification:_identify(src/sensors/ros2_astra_camera) by extension 'colcon_pkg'
[0.489s] Level 1:colcon.colcon_core.package_identification:_identify(src/sensors/ros2_astra_camera) by extensions ['colcon_meta']
[0.489s] Level 1:colcon.colcon_core.package_identification:_identify(src/sensors/ros2_astra_camera) by extension 'colcon_meta'
[0.489s] Level 1:colcon.colcon_core.package_identification:_identify(src/sensors/ros2_astra_camera) by extensions ['ros']
[0.489s] Level 1:colcon.colcon_core.package_identification:_identify(src/sensors/ros2_astra_camera) by extension 'ros'
[0.489s] Level 1:colcon.colcon_core.package_identification:_identify(src/sensors/ros2_astra_camera) by extensions ['cmake', 'python']
[0.489s] Level 1:colcon.colcon_core.package_identification:_identify(src/sensors/ros2_astra_camera) by extension 'cmake'
[0.489s] Level 1:colcon.colcon_core.package_identification:_identify(src/sensors/ros2_astra_camera) by extension 'python'
[0.490s] Level 1:colcon.colcon_core.package_identification:_identify(src/sensors/ros2_astra_camera) by extensions ['python_setup_py']
[0.490s] Level 1:colcon.colcon_core.package_identification:_identify(src/sensors/ros2_astra_camera) by extension 'python_setup_py'
[0.490s] Level 1:colcon.colcon_core.package_identification:_identify(src/sensors/ros2_astra_camera/astra_camera) by extensions ['ignore', 'ignore_ament_install']
[0.490s] Level 1:colcon.colcon_core.package_identification:_identify(src/sensors/ros2_astra_camera/astra_camera) by extension 'ignore'
[0.490s] Level 1:colcon.colcon_core.package_identification:_identify(src/sensors/ros2_astra_camera/astra_camera) by extension 'ignore_ament_install'
[0.490s] Level 1:colcon.colcon_core.package_identification:_identify(src/sensors/ros2_astra_camera/astra_camera) by extensions ['colcon_pkg']
[0.490s] Level 1:colcon.colcon_core.package_identification:_identify(src/sensors/ros2_astra_camera/astra_camera) by extension 'colcon_pkg'
[0.490s] Level 1:colcon.colcon_core.package_identification:_identify(src/sensors/ros2_astra_camera/astra_camera) by extensions ['colcon_meta']
[0.491s] Level 1:colcon.colcon_core.package_identification:_identify(src/sensors/ros2_astra_camera/astra_camera) by extension 'colcon_meta'
[0.491s] Level 1:colcon.colcon_core.package_identification:_identify(src/sensors/ros2_astra_camera/astra_camera) by extensions ['ros']
[0.491s] Level 1:colcon.colcon_core.package_identification:_identify(src/sensors/ros2_astra_camera/astra_camera) by extension 'ros'
[0.494s] DEBUG:colcon.colcon_core.package_identification:Package 'src/sensors/ros2_astra_camera/astra_camera' with type 'ros.ament_cmake' and name 'astra_camera'
[0.494s] Level 1:colcon.colcon_core.package_identification:_identify(src/sensors/ros2_astra_camera/astra_camera_msgs) by extensions ['ignore', 'ignore_ament_install']
[0.495s] Level 1:colcon.colcon_core.package_identification:_identify(src/sensors/ros2_astra_camera/astra_camera_msgs) by extension 'ignore'
[0.495s] Level 1:colcon.colcon_core.package_identification:_identify(src/sensors/ros2_astra_camera/astra_camera_msgs) by extension 'ignore_ament_install'
[0.495s] Level 1:colcon.colcon_core.package_identification:_identify(src/sensors/ros2_astra_camera/astra_camera_msgs) by extensions ['colcon_pkg']
[0.495s] Level 1:colcon.colcon_core.package_identification:_identify(src/sensors/ros2_astra_camera/astra_camera_msgs) by extension 'colcon_pkg'
[0.495s] Level 1:colcon.colcon_core.package_identification:_identify(src/sensors/ros2_astra_camera/astra_camera_msgs) by extensions ['colcon_meta']
[0.495s] Level 1:colcon.colcon_core.package_identification:_identify(src/sensors/ros2_astra_camera/astra_camera_msgs) by extension 'colcon_meta'
[0.495s] Level 1:colcon.colcon_core.package_identification:_identify(src/sensors/ros2_astra_camera/astra_camera_msgs) by extensions ['ros']
[0.495s] Level 1:colcon.colcon_core.package_identification:_identify(src/sensors/ros2_astra_camera/astra_camera_msgs) by extension 'ros'
[0.496s] DEBUG:colcon.colcon_core.package_identification:Package 'src/sensors/ros2_astra_camera/astra_camera_msgs' with type 'ros.ament_cmake' and name 'astra_camera_msgs'
[0.496s] Level 1:colcon.colcon_core.package_discovery:discover_packages(recursive) using defaults
[0.497s] Level 1:colcon.colcon_core.package_discovery:discover_packages(ignore) discover
[0.497s] Level 1:colcon.colcon_core.package_discovery:discover_packages(ignore) using defaults
[0.497s] Level 1:colcon.colcon_core.package_discovery:discover_packages(path) discover
[0.497s] Level 1:colcon.colcon_core.package_discovery:discover_packages(path) using defaults
[0.534s] INFO:colcon.colcon_core.package_selection:Skipping not selected package 'astra_camera_msgs' in 'src/sensors/ros2_astra_camera/astra_camera_msgs'
[0.535s] INFO:colcon.colcon_core.package_selection:Skipping not selected package 'eco_control' in 'src/eco_control'
[0.535s] INFO:colcon.colcon_core.package_selection:Skipping not selected package 'eco_localization' in 'src/eco_localization'
[0.535s] INFO:colcon.colcon_core.package_selection:Skipping not selected package 'eco_perception' in 'src/eco_perception'
[0.535s] INFO:colcon.colcon_core.package_selection:Skipping not selected package 'eco_planning' in 'src/eco_planning'
[0.535s] INFO:colcon.colcon_core.package_selection:Skipping not selected package 'astra_camera' in 'src/sensors/ros2_astra_camera/astra_camera'
[0.535s] Level 1:colcon.colcon_core.package_discovery:discover_packages(prefix_path) check parameters
[0.536s] Level 1:colcon.colcon_core.package_discovery:discover_packages(prefix_path) discover
[0.537s] Level 1:colcon.colcon_core.package_discovery:discover_packages(prefix_path) using defaults
[0.539s] Level 5:colcon.colcon_core.verb:set package 'eco_interfaces' build argument 'cmake_args' from command line to 'None'
[0.539s] Level 5:colcon.colcon_core.verb:set package 'eco_interfaces' build argument 'cmake_target' from command line to 'None'
[0.539s] Level 5:colcon.colcon_core.verb:set package 'eco_interfaces' build argument 'cmake_target_skip_unavailable' from command line to 'False'
[0.539s] Level 5:colcon.colcon_core.verb:set package 'eco_interfaces' build argument 'cmake_clean_cache' from command line to 'False'
[0.540s] Level 5:colcon.colcon_core.verb:set package 'eco_interfaces' build argument 'cmake_clean_first' from command line to 'False'
[0.540s] Level 5:colcon.colcon_core.verb:set package 'eco_interfaces' build argument 'cmake_force_configure' from command line to 'False'
[0.540s] Level 5:colcon.colcon_core.verb:set package 'eco_interfaces' build argument 'ament_cmake_args' from command line to 'None'
[0.540s] Level 5:colcon.colcon_core.verb:set package 'eco_interfaces' build argument 'catkin_cmake_args' from command line to 'None'
[0.540s] Level 5:colcon.colcon_core.verb:set package 'eco_interfaces' build argument 'catkin_skip_building_tests' from command line to 'False'
[0.540s] DEBUG:colcon.colcon_core.verb:Building package 'eco_interfaces' with the following arguments: {'ament_cmake_args': None, 'build_base': '/home/ubuntu/eco_marathon_ws/build/eco_interfaces', 'catkin_cmake_args': None, 'catkin_skip_building_tests': False, 'cmake_args': None, 'cmake_clean_cache': False, 'cmake_clean_first': False, 'cmake_force_configure': False, 'cmake_target': None, 'cmake_target_skip_unavailable': False, 'install_base': '/home/ubuntu/eco_marathon_ws/install/eco_interfaces', 'merge_install': False, 'path': '/home/ubuntu/eco_marathon_ws/src/eco_interfaces', 'symlink_install': False, 'test_result_base': None}
[0.540s] INFO:colcon.colcon_core.executor:Executing jobs using 'parallel' executor
[0.543s] DEBUG:colcon.colcon_parallel_executor.executor.parallel:run_until_complete
[0.544s] INFO:colcon.colcon_ros.task.ament_cmake.build:Building ROS package in '/home/ubuntu/eco_marathon_ws/src/eco_interfaces' with build type 'ament_cmake'
[0.544s] INFO:colcon.colcon_cmake.task.cmake.build:Building CMake package in '/home/ubuntu/eco_marathon_ws/src/eco_interfaces'
[0.548s] INFO:colcon.colcon_core.plugin_system:Skipping extension 'colcon_core.shell.bat': Not used on non-Windows systems
[0.548s] INFO:colcon.colcon_core.shell:Skip shell extension 'powershell' for command environment: Not usable outside of PowerShell
[0.549s] DEBUG:colcon.colcon_core.shell:Skip shell extension 'dsv' for command environment
[0.562s] DEBUG:colcon.colcon_core.event_handler.log_command:Invoking command in '/home/ubuntu/eco_marathon_ws/build/eco_interfaces': /usr/bin/cmake --build /home/ubuntu/eco_marathon_ws/build/eco_interfaces -- -j8 -l8
[1.066s] DEBUG:colcon.colcon_core.event_handler.log_command:Invoked command in '/home/ubuntu/eco_marathon_ws/build/eco_interfaces' returned '2': /usr/bin/cmake --build /home/ubuntu/eco_marathon_ws/build/eco_interfaces -- -j8 -l8
[1.068s] Level 1:colcon.colcon_core.environment:create_environment_scripts_only(eco_interfaces)
[1.074s] Level 1:colcon.colcon_core.environment:checking '/home/ubuntu/eco_marathon_ws/install/eco_interfaces' for CMake module files
[1.076s] Level 1:colcon.colcon_core.environment:checking '/home/ubuntu/eco_marathon_ws/install/eco_interfaces' for CMake config files
[1.077s] Level 1:colcon.colcon_core.environment:checking '/home/ubuntu/eco_marathon_ws/install/eco_interfaces/bin'
[1.078s] Level 1:colcon.colcon_core.environment:checking '/home/ubuntu/eco_marathon_ws/install/eco_interfaces/lib/pkgconfig/eco_interfaces.pc'
[1.083s] Level 1:colcon.colcon_core.environment:checking '/home/ubuntu/eco_marathon_ws/install/eco_interfaces/lib/python3.10/site-packages'
[1.084s] Level 1:colcon.colcon_core.environment:checking '/home/ubuntu/eco_marathon_ws/install/eco_interfaces/bin'
[1.085s] INFO:colcon.colcon_core.shell:Creating package script '/home/ubuntu/eco_marathon_ws/install/eco_interfaces/share/eco_interfaces/package.ps1'
[1.089s] INFO:colcon.colcon_core.shell:Creating package descriptor '/home/ubuntu/eco_marathon_ws/install/eco_interfaces/share/eco_interfaces/package.dsv'
[1.091s] INFO:colcon.colcon_core.shell:Creating package script '/home/ubuntu/eco_marathon_ws/install/eco_interfaces/share/eco_interfaces/package.sh'
[1.094s] INFO:colcon.colcon_core.shell:Creating package script '/home/ubuntu/eco_marathon_ws/install/eco_interfaces/share/eco_interfaces/package.bash'
[1.097s] INFO:colcon.colcon_core.shell:Creating package script '/home/ubuntu/eco_marathon_ws/install/eco_interfaces/share/eco_interfaces/package.zsh'
[1.099s] Level 1:colcon.colcon_core.environment:create_file_with_runtime_dependencies(/home/ubuntu/eco_marathon_ws/install/eco_interfaces/share/colcon-core/packages/eco_interfaces)
[1.111s] DEBUG:colcon.colcon_parallel_executor.executor.parallel:closing loop
[1.112s] DEBUG:colcon.colcon_parallel_executor.executor.parallel:loop closed
[1.112s] DEBUG:colcon.colcon_parallel_executor.executor.parallel:run_until_complete finished with '2'
[1.112s] DEBUG:colcon.colcon_core.event_reactor:joining thread
[1.184s] INFO:colcon.colcon_core.plugin_system:Skipping extension 'colcon_notification.desktop_notification.terminal_notifier': Not used on non-Darwin systems
[1.185s] INFO:colcon.colcon_core.plugin_system:Skipping extension 'colcon_notification.desktop_notification.win32': Not used on non-Windows systems
[1.185s] INFO:colcon.colcon_notification.desktop_notification:Sending desktop notification using 'notify2'
[1.420s] DEBUG:colcon.colcon_core.event_reactor:joined thread
[1.424s] INFO:colcon.colcon_core.shell:Creating prefix script '/home/ubuntu/eco_marathon_ws/install/local_setup.ps1'
[1.429s] INFO:colcon.colcon_core.shell:Creating prefix util module '/home/ubuntu/eco_marathon_ws/install/_local_setup_util_ps1.py'
[1.435s] INFO:colcon.colcon_core.shell:Creating prefix chain script '/home/ubuntu/eco_marathon_ws/install/setup.ps1'
[1.438s] INFO:colcon.colcon_core.shell:Creating prefix script '/home/ubuntu/eco_marathon_ws/install/local_setup.sh'
[1.442s] INFO:colcon.colcon_core.shell:Creating prefix util module '/home/ubuntu/eco_marathon_ws/install/_local_setup_util_sh.py'
[1.444s] INFO:colcon.colcon_core.shell:Creating prefix chain script '/home/ubuntu/eco_marathon_ws/install/setup.sh'
[1.448s] INFO:colcon.colcon_core.shell:Creating prefix script '/home/ubuntu/eco_marathon_ws/install/local_setup.bash'
[1.450s] INFO:colcon.colcon_core.shell:Creating prefix chain script '/home/ubuntu/eco_marathon_ws/install/setup.bash'
[1.453s] INFO:colcon.colcon_core.shell:Creating prefix script '/home/ubuntu/eco_marathon_ws/install/local_setup.zsh'
[1.456s] INFO:colcon.colcon_core.shell:Creating prefix chain script '/home/ubuntu/eco_marathon_ws/install/setup.zsh'
