[1.523s] Invoking command in '/home/ubuntu/eco_marathon_ws/src/eco_perception': PYTHONPATH=/home/ubuntu/eco_marathon_ws/build/eco_perception/prefix_override:/usr/lib/python3/dist-packages/colcon_core/task/python/colcon_distutils_commands:/home/ubuntu/eco_marathon_ws/install/eco_perception/lib/python3.10/site-packages:${PYTHONPATH} /usr/bin/python3 -W ignore:setup.py install is deprecated -W ignore:easy_install command is deprecated setup.py egg_info --egg-base ../../build/eco_perception build --build-base /home/ubuntu/eco_marathon_ws/build/eco_perception/build install --record /home/ubuntu/eco_marathon_ws/build/eco_perception/install.log --single-version-externally-managed install_data
[2.050s] running egg_info
[2.051s] writing ../../build/eco_perception/eco_perception.egg-info/PKG-INFO
[2.052s] writing dependency_links to ../../build/eco_perception/eco_perception.egg-info/dependency_links.txt
[2.052s] writing entry points to ../../build/eco_perception/eco_perception.egg-info/entry_points.txt
[2.053s] writing requirements to ../../build/eco_perception/eco_perception.egg-info/requires.txt
[2.053s] writing top-level names to ../../build/eco_perception/eco_perception.egg-info/top_level.txt
[2.057s] reading manifest file '../../build/eco_perception/eco_perception.egg-info/SOURCES.txt'
[2.059s] writing manifest file '../../build/eco_perception/eco_perception.egg-info/SOURCES.txt'
[2.059s] running build
[2.059s] running build_py
[2.062s] running install
[2.063s] running install_lib
[2.066s] running install_data
[2.066s] copying launch/eco_mar.launch.py -> /home/ubuntu/eco_marathon_ws/install/eco_perception/share/eco_perception
[2.066s] running install_egg_info
[2.071s] removing '/home/ubuntu/eco_marathon_ws/install/eco_perception/lib/python3.10/site-packages/eco_perception-0.0.0-py3.10.egg-info' (and everything under it)
[2.071s] Copying ../../build/eco_perception/eco_perception.egg-info to /home/ubuntu/eco_marathon_ws/install/eco_perception/lib/python3.10/site-packages/eco_perception-0.0.0-py3.10.egg-info
[2.073s] running install_scripts
[2.116s] Installing lane_detection script to /home/ubuntu/eco_marathon_ws/install/eco_perception/lib/eco_perception
[2.116s] writing list of installed files to '/home/ubuntu/eco_marathon_ws/build/eco_perception/install.log'
[2.186s] Invoked command in '/home/ubuntu/eco_marathon_ws/src/eco_perception' returned '0': PYTHONPATH=/home/ubuntu/eco_marathon_ws/build/eco_perception/prefix_override:/usr/lib/python3/dist-packages/colcon_core/task/python/colcon_distutils_commands:/home/ubuntu/eco_marathon_ws/install/eco_perception/lib/python3.10/site-packages:${PYTHONPATH} /usr/bin/python3 -W ignore:setup.py install is deprecated -W ignore:easy_install command is deprecated setup.py egg_info --egg-base ../../build/eco_perception build --build-base /home/ubuntu/eco_marathon_ws/build/eco_perception/build install --record /home/ubuntu/eco_marathon_ws/build/eco_perception/install.log --single-version-externally-managed install_data
