[0.067s] Invoking command in '/home/ubuntu/eco_marathon_ws/build/astra_camera': CMAKE_PREFIX_PATH=/home/ubuntu/eco_marathon_ws/install/astra_camera_msgs:/home/ubuntu/eco_marathon_ws/install/eco_interfaces:/home/ubuntu/eco_marathon_ws/install/astra_camera:/home/ubuntu/ros2_ws/install/sn_interfaces:/home/ubuntu/ros2_ws/install/astra_camera:/home/ubuntu/ros2_ws/install/astra_camera_msgs:/home/ubuntu/eco_marathon_ws/install/eco_planning:/home/ubuntu/eco_marathon_ws/install/eco_perception:/home/ubuntu/eco_marathon_ws/install/eco_localization:/home/ubuntu/eco_marathon_ws/install/eco_control:/home/ubuntu/ros2_ws/install/vehicle_interface:/home/ubuntu/ros2_ws/install/stop_sign:/home/ubuntu/ros2_ws/install/my_robot_controller:/home/ubuntu/ros2_ws/install/lane_detection:/home/ubuntu/ros2_ws/install/control:/opt/ros/humble LD_LIBRARY_PATH=/home/ubuntu/eco_marathon_ws/install/astra_camera_msgs/lib:/home/ubuntu/eco_marathon_ws/install/astra_camera/lib:/home/ubuntu/ros2_ws/install/sn_interfaces/lib:/home/ubuntu/ros2_ws/install/astra_camera/lib:/home/ubuntu/ros2_ws/install/astra_camera_msgs/lib:/opt/ros/humble/opt/rviz_ogre_vendor/lib:/opt/ros/humble/lib/aarch64-linux-gnu:/opt/ros/humble/lib:/usr/local/cuda-12.6/lib64 /home/ubuntu/.local/bin/cmake /home/ubuntu/eco_marathon_ws/src/sensors/ros2_astra_camera/astra_camera -DCMAKE_INSTALL_PREFIX=/home/ubuntu/eco_marathon_ws/install/astra_camera
[0.261s] [0mCMake Deprecation Warning at CMakeLists.txt:1 (cmake_minimum_required):
[0.261s]   Compatibility with CMake < 3.10 will be removed from a future version of
[0.262s]   CMake.
[0.262s] 
[0.262s]   Update the VERSION argument <min> value.  Or, use the <min>...<max> syntax
[0.262s]   to tell CMake that the project requires at least <min> but has been updated
[0.262s]   to work with policies introduced by <max> or earlier.
[0.262s] 
[0.262s] [0m
[0.403s] -- The C compiler identification is GNU 11.4.0
[0.562s] -- The CXX compiler identification is GNU 11.4.0
[0.580s] -- Detecting C compiler ABI info
[0.710s] -- Detecting C compiler ABI info - done
[0.740s] -- Check for working C compiler: /usr/bin/cc - skipped
[0.741s] -- Detecting C compile features
[0.741s] -- Detecting C compile features - done
[0.767s] -- Detecting CXX compiler ABI info
[0.935s] -- Detecting CXX compiler ABI info - done
[0.967s] -- Check for working CXX compiler: /usr/bin/c++ - skipped
[0.968s] -- Detecting CXX compile features
[0.969s] -- Detecting CXX compile features - done
[0.999s] -- Found ament_cmake: 1.3.11 (/opt/ros/humble/share/ament_cmake/cmake)
[1.373s] -- Found Python3: /usr/bin/python3 (found version "3.10.12") found components: Interpreter
[1.705s] -- Found ament_index_cpp: 1.4.0 (/opt/ros/humble/share/ament_index_cpp/cmake)
[1.708s] -- Found astra_camera_msgs: 1.0.1 (/home/ubuntu/eco_marathon_ws/install/astra_camera_msgs/share/astra_camera_msgs/cmake)
[1.860s] -- Found rosidl_generator_c: 3.1.6 (/opt/ros/humble/share/rosidl_generator_c/cmake)
[1.885s] -- Found rosidl_adapter: 3.1.6 (/opt/ros/humble/share/rosidl_adapter/cmake)
[1.921s] -- Found rosidl_generator_cpp: 3.1.6 (/opt/ros/humble/share/rosidl_generator_cpp/cmake)
[1.964s] -- Using all available rosidl_typesupport_c: rosidl_typesupport_fastrtps_c;rosidl_typesupport_introspection_c
[2.026s] -- Using all available rosidl_typesupport_cpp: rosidl_typesupport_fastrtps_cpp;rosidl_typesupport_introspection_cpp
[2.239s] -- Found camera_info_manager: 3.1.11 (/opt/ros/humble/share/camera_info_manager/cmake)
[2.414s] -- Found rmw_implementation_cmake: 6.1.2 (/opt/ros/humble/share/rmw_implementation_cmake/cmake)
[2.428s] -- Found rmw_fastrtps_cpp: 6.2.7 (/opt/ros/humble/share/rmw_fastrtps_cpp/cmake)
[2.756s] -- Found OpenSSL: /usr/lib/aarch64-linux-gnu/libcrypto.so (found version "3.0.2")
[2.923s] -- Found FastRTPS: /opt/ros/humble/include
[3.199s] -- Using RMW implementation 'rmw_fastrtps_cpp' as default
[3.257s] -- Performing Test CMAKE_HAVE_LIBC_PTHREAD
[3.469s] -- Performing Test CMAKE_HAVE_LIBC_PTHREAD - Success
[3.470s] -- Found Threads: TRUE
[3.658s] -- Found class_loader: 2.2.0 (/opt/ros/humble/share/class_loader/cmake)
[3.734s] -- Found cv_bridge: 3.2.1 (/opt/ros/humble/share/cv_bridge/cmake)
[3.778s] -- Found message_filters: 4.3.7 (/opt/ros/humble/share/message_filters/cmake)
[3.870s] -- Found image_geometry: 3.2.1 (/opt/ros/humble/share/image_geometry/cmake)
[3.886s] -- Found image_publisher: 3.0.7 (/opt/ros/humble/share/image_publisher/cmake)
[4.128s] -- Found OpenCV: /usr (found version "4.8.0")
[4.142s] -- Found std_srvs: 4.8.0 (/opt/ros/humble/share/std_srvs/cmake)
[4.176s] -- Found tf2: 0.25.12 (/opt/ros/humble/share/tf2/cmake)
[4.195s] -- Found tf2_eigen: 0.25.12 (/opt/ros/humble/share/tf2_eigen/cmake)
[4.433s] -- Found tf2_sensor_msgs: 0.25.12 (/opt/ros/humble/share/tf2_sensor_msgs/cmake)
[4.463s] -- Found PkgConfig: /usr/bin/pkg-config (found version "0.29.2")
[4.464s] -- Checking for one of the modules 'libuvc'
[4.574s] -- Checking for one of the modules 'libglog'
[4.710s] -- ORRBEC Machine : aarch64
[4.711s] 
[4.711s] -- ORRBEC Machine Bits : 64
[4.711s] 
[4.712s] -- ORRBEC : arm64
[4.876s] -- Found ament_lint_auto: 0.12.12 (/opt/ros/humble/share/ament_lint_auto/cmake)
[5.039s] -- Configuring done (4.8s)
[5.216s] -- Generating done (0.2s)
[5.236s] -- Build files have been written to: /home/ubuntu/eco_marathon_ws/build/astra_camera
