[3.606s] Invoking command in '/home/ubuntu/eco_marathon_ws/src/eco_planning': PYTHONPATH=/home/ubuntu/eco_marathon_ws/build/eco_planning/prefix_override:/usr/lib/python3/dist-packages/colcon_core/task/python/colcon_distutils_commands:/home/ubuntu/eco_marathon_ws/install/eco_planning/lib/python3.10/site-packages:${PYTHONPATH} /usr/bin/python3 -W ignore:setup.py install is deprecated -W ignore:easy_install command is deprecated setup.py egg_info --egg-base ../../build/eco_planning build --build-base /home/ubuntu/eco_marathon_ws/build/eco_planning/build install --record /home/ubuntu/eco_marathon_ws/build/eco_planning/install.log --single-version-externally-managed install_data
[4.159s] running egg_info
[4.160s] writing ../../build/eco_planning/eco_planning.egg-info/PKG-INFO
[4.160s] writing dependency_links to ../../build/eco_planning/eco_planning.egg-info/dependency_links.txt
[4.161s] writing entry points to ../../build/eco_planning/eco_planning.egg-info/entry_points.txt
[4.161s] writing requirements to ../../build/eco_planning/eco_planning.egg-info/requires.txt
[4.161s] writing top-level names to ../../build/eco_planning/eco_planning.egg-info/top_level.txt
[4.165s] reading manifest file '../../build/eco_planning/eco_planning.egg-info/SOURCES.txt'
[4.166s] writing manifest file '../../build/eco_planning/eco_planning.egg-info/SOURCES.txt'
[4.166s] running build
[4.167s] running build_py
[4.170s] running install
[4.171s] running install_lib
[4.175s] running install_data
[4.177s] running install_egg_info
[4.180s] removing '/home/ubuntu/eco_marathon_ws/install/eco_planning/lib/python3.10/site-packages/eco_planning-0.0.0-py3.10.egg-info' (and everything under it)
[4.183s] Copying ../../build/eco_planning/eco_planning.egg-info to /home/ubuntu/eco_marathon_ws/install/eco_planning/lib/python3.10/site-packages/eco_planning-0.0.0-py3.10.egg-info
[4.183s] running install_scripts
[4.232s] writing list of installed files to '/home/ubuntu/eco_marathon_ws/build/eco_planning/install.log'
[4.365s] Invoked command in '/home/ubuntu/eco_marathon_ws/src/eco_planning' returned '0': PYTHONPATH=/home/ubuntu/eco_marathon_ws/build/eco_planning/prefix_override:/usr/lib/python3/dist-packages/colcon_core/task/python/colcon_distutils_commands:/home/ubuntu/eco_marathon_ws/install/eco_planning/lib/python3.10/site-packages:${PYTHONPATH} /usr/bin/python3 -W ignore:setup.py install is deprecated -W ignore:easy_install command is deprecated setup.py egg_info --egg-base ../../build/eco_planning build --build-base /home/ubuntu/eco_marathon_ws/build/eco_planning/build install --record /home/ubuntu/eco_marathon_ws/build/eco_planning/install.log --single-version-externally-managed install_data
